TN:
SF:src/app.controller.ts
FN:6,(anonymous_2)
FN:9,(anonymous_3)
FNF:2
FNH:2
FNDA:1,(anonymous_2)
FNDA:1,(anonymous_3)
DA:1,1
DA:2,1
DA:5,1
DA:6,1
DA:9,1
DA:10,1
LF:6
LH:6
BRDA:6,0,0,1
BRDA:6,0,1,0
BRDA:6,1,0,1
BRDA:6,1,1,1
BRF:4
BRH:3
end_of_record
TN:
SF:src/app.module.ts
FNF:0
FNH:0
DA:1,0
DA:2,0
DA:3,0
DA:4,0
DA:5,0
DA:6,0
DA:7,0
DA:8,0
DA:9,0
DA:10,0
DA:11,0
DA:12,0
DA:13,0
DA:14,0
DA:15,0
DA:16,0
DA:17,0
DA:18,0
DA:19,0
DA:20,0
DA:47,0
LF:21
LH:0
BRF:0
BRH:0
end_of_record
TN:
SF:src/app.service.ts
FN:5,(anonymous_1)
FNF:1
FNH:1
FNDA:1,(anonymous_1)
DA:1,1
DA:4,1
DA:6,1
LF:3
LH:3
BRF:0
BRH:0
end_of_record
TN:
SF:src/main.ts
FN:4,bootstrap
FNF:1
FNH:0
FNDA:0,bootstrap
DA:1,0
DA:2,0
DA:5,0
DA:8,0
DA:11,0
DA:19,0
DA:21,0
DA:22,0
DA:24,0
LF:9
LH:0
BRDA:12,0,0,0
BRDA:12,0,1,0
BRDA:19,1,0,0
BRDA:19,1,1,0
BRF:4
BRH:0
end_of_record
TN:
SF:src/aco/aco.controller.ts
FN:24,(anonymous_4)
FN:32,(anonymous_5)
FN:45,(anonymous_6)
FNF:3
FNH:0
FNDA:0,(anonymous_4)
FNDA:0,(anonymous_5)
FNDA:0,(anonymous_6)
DA:1,0
DA:10,0
DA:11,0
DA:12,0
DA:17,0
DA:21,0
DA:22,0
DA:24,0
DA:32,0
DA:35,0
DA:36,0
DA:45,0
DA:48,0
DA:49,0
LF:14
LH:0
BRDA:33,0,0,0
BRDA:33,0,1,0
BRDA:33,1,0,0
BRDA:33,1,1,0
BRDA:34,2,0,0
BRDA:34,2,1,0
BRDA:34,3,0,0
BRDA:34,3,1,0
BRDA:46,4,0,0
BRDA:46,4,1,0
BRDA:46,5,0,0
BRDA:46,5,1,0
BRDA:47,6,0,0
BRDA:47,6,1,0
BRDA:47,7,0,0
BRDA:47,7,1,0
BRDA:24,8,0,0
BRDA:24,8,1,0
BRDA:24,9,0,0
BRDA:24,9,1,0
BRF:20
BRH:0
end_of_record
TN:
SF:src/aco/aco.module.ts
FNF:0
FNH:0
DA:1,0
DA:2,0
DA:3,0
DA:4,0
DA:12,0
LF:5
LH:0
BRF:0
BRH:0
end_of_record
TN:
SF:src/aco/aco.service.ts
FN:14,(anonymous_2)
FN:19,(anonymous_3)
FN:90,(anonymous_4)
FN:105,(anonymous_5)
FN:129,(anonymous_6)
FNF:5
FNH:0
FNDA:0,(anonymous_2)
FNDA:0,(anonymous_3)
FNDA:0,(anonymous_4)
FNDA:0,(anonymous_5)
FNDA:0,(anonymous_6)
DA:1,0
DA:2,0
DA:11,0
DA:12,0
DA:14,0
DA:20,0
DA:22,0
DA:30,0
DA:31,0
DA:32,0
DA:42,0
DA:43,0
DA:67,0
DA:68,0
DA:71,0
DA:79,0
DA:83,0
DA:93,0
DA:95,0
DA:102,0
DA:103,0
DA:104,0
DA:105,0
DA:113,0
DA:114,0
DA:125,0
DA:126,0
DA:129,0
DA:131,0
DA:138,0
DA:142,0
LF:31
LH:0
BRDA:30,0,0,0
BRDA:30,1,0,0
BRDA:30,1,1,0
BRDA:36,2,0,0
BRDA:36,2,1,0
BRDA:37,3,0,0
BRDA:37,3,1,0
BRDA:63,4,0,0
BRDA:63,4,1,0
BRDA:64,5,0,0
BRDA:64,5,1,0
BRDA:64,6,0,0
BRDA:64,6,1,0
BRDA:67,7,0,0
BRDA:73,8,0,0
BRDA:73,8,1,0
BRDA:74,9,0,0
BRDA:74,9,1,0
BRDA:75,10,0,0
BRDA:75,10,1,0
BRDA:76,11,0,0
BRDA:76,11,1,0
BRDA:102,12,0,0
BRDA:102,13,0,0
BRDA:102,13,1,0
BRDA:107,14,0,0
BRDA:107,14,1,0
BRDA:108,15,0,0
BRDA:108,15,1,0
BRDA:121,16,0,0
BRDA:121,16,1,0
BRDA:122,17,0,0
BRDA:122,17,1,0
BRDA:122,18,0,0
BRDA:122,18,1,0
BRDA:125,19,0,0
BRDA:129,20,0,0
BRDA:129,20,1,0
BRDA:133,21,0,0
BRDA:133,21,1,0
BRDA:134,22,0,0
BRDA:134,22,1,0
BRDA:135,23,0,0
BRDA:135,23,1,0
BRDA:14,24,0,0
BRDA:14,24,1,0
BRDA:14,25,0,0
BRDA:14,25,1,0
BRF:48
BRH:0
end_of_record
TN:
SF:src/aco/dto/aco-by-date-query.dto.ts
FN:11,(anonymous_2)
FN:19,(anonymous_3)
FN:26,(anonymous_4)
FNF:3
FNH:0
FNDA:0,(anonymous_2)
FNDA:0,(anonymous_3)
FNDA:0,(anonymous_4)
DA:1,0
DA:9,0
DA:11,0
DA:14,0
DA:19,0
DA:20,0
DA:26,0
DA:27,0
LF:8
LH:0
BRF:0
BRH:0
end_of_record
TN:
SF:src/aco/dto/aco-references-query.dto.ts
FN:4,(anonymous_2)
FN:8,(anonymous_3)
FN:15,(anonymous_4)
FNF:3
FNH:0
FNDA:0,(anonymous_2)
FNDA:0,(anonymous_3)
FNDA:0,(anonymous_4)
DA:1,0
DA:2,0
DA:4,0
DA:8,0
DA:9,0
DA:15,0
DA:16,0
LF:7
LH:0
BRF:0
BRH:0
end_of_record
TN:
SF:src/aco/dto/aco-responses.dto.ts
FNF:0
FNH:0
DA:1,0
DA:13,0
DA:21,0
LF:3
LH:0
BRF:0
BRH:0
end_of_record
TN:
SF:src/analysis/analysis.controller.ts
FN:21,(anonymous_4)
FN:24,(anonymous_5)
FN:43,(anonymous_6)
FN:62,(anonymous_7)
FNF:4
FNH:0
FNDA:0,(anonymous_4)
FNDA:0,(anonymous_5)
FNDA:0,(anonymous_6)
FNDA:0,(anonymous_7)
DA:1,0
DA:9,0
DA:10,0
DA:11,0
DA:13,0
DA:15,0
DA:20,0
DA:21,0
DA:24,0
DA:27,0
DA:28,0
DA:30,0
DA:43,0
DA:46,0
DA:47,0
DA:49,0
DA:62,0
DA:65,0
DA:66,0
DA:68,0
LF:20
LH:0
BRDA:25,0,0,0
BRDA:25,0,1,0
BRDA:25,1,0,0
BRDA:25,1,1,0
BRDA:26,2,0,0
BRDA:26,2,1,0
BRDA:26,3,0,0
BRDA:26,3,1,0
BRDA:44,4,0,0
BRDA:44,4,1,0
BRDA:44,5,0,0
BRDA:44,5,1,0
BRDA:45,6,0,0
BRDA:45,6,1,0
BRDA:45,7,0,0
BRDA:45,7,1,0
BRDA:63,8,0,0
BRDA:63,8,1,0
BRDA:63,9,0,0
BRDA:63,9,1,0
BRDA:64,10,0,0
BRDA:64,10,1,0
BRDA:64,11,0,0
BRDA:64,11,1,0
BRDA:21,12,0,0
BRDA:21,12,1,0
BRDA:21,13,0,0
BRDA:21,13,1,0
BRF:28
BRH:0
end_of_record
TN:
SF:src/analysis/analysis.module.ts
FNF:0
FNH:0
DA:1,0
DA:2,0
DA:3,0
DA:4,0
DA:5,0
DA:6,0
DA:25,0
LF:7
LH:0
BRF:0
BRH:0
end_of_record
TN:
SF:src/analysis/analysis.service.ts
FN:33,(anonymous_2)
FN:41,(anonymous_3)
FN:115,(anonymous_4)
FN:191,(anonymous_5)
FN:225,(anonymous_6)
FN:256,(anonymous_7)
FN:261,(anonymous_8)
FN:265,(anonymous_9)
FN:269,(anonymous_10)
FN:278,(anonymous_11)
FN:303,(anonymous_12)
FN:373,(anonymous_13)
FN:422,(anonymous_14)
FN:462,(anonymous_15)
FN:473,(anonymous_16)
FN:509,(anonymous_17)
FN:520,(anonymous_18)
FN:529,(anonymous_19)
FN:538,(anonymous_20)
FN:557,(anonymous_21)
FN:562,(anonymous_22)
FN:571,(anonymous_23)
FN:577,(anonymous_24)
FN:613,(anonymous_25)
FN:651,(anonymous_26)
FN:661,(anonymous_27)
FN:662,(anonymous_28)
FN:673,(anonymous_29)
FN:675,(anonymous_30)
FN:695,(anonymous_31)
FN:714,(anonymous_32)
FN:780,(anonymous_33)
FN:817,(anonymous_34)
FN:853,(anonymous_35)
FN:867,(anonymous_36)
FN:898,(anonymous_37)
FN:909,(anonymous_38)
FN:935,(anonymous_39)
FN:946,(anonymous_40)
FN:973,(anonymous_41)
FN:1019,(anonymous_42)
FN:1025,(anonymous_43)
FN:1039,(anonymous_44)
FN:1048,(anonymous_45)
FN:1054,(anonymous_46)
FN:1060,(anonymous_47)
FN:1088,(anonymous_48)
FN:1093,(anonymous_49)
FN:1099,(anonymous_50)
FN:1106,(anonymous_51)
FN:1120,(anonymous_52)
FN:1129,(anonymous_53)
FN:1136,(anonymous_54)
FN:1145,(anonymous_55)
FN:1160,(anonymous_56)
FN:1170,(anonymous_57)
FN:1176,(anonymous_58)
FN:1177,(anonymous_59)
FNF:58
FNH:0
FNDA:0,(anonymous_2)
FNDA:0,(anonymous_3)
FNDA:0,(anonymous_4)
FNDA:0,(anonymous_5)
FNDA:0,(anonymous_6)
FNDA:0,(anonymous_7)
FNDA:0,(anonymous_8)
FNDA:0,(anonymous_9)
FNDA:0,(anonymous_10)
FNDA:0,(anonymous_11)
FNDA:0,(anonymous_12)
FNDA:0,(anonymous_13)
FNDA:0,(anonymous_14)
FNDA:0,(anonymous_15)
FNDA:0,(anonymous_16)
FNDA:0,(anonymous_17)
FNDA:0,(anonymous_18)
FNDA:0,(anonymous_19)
FNDA:0,(anonymous_20)
FNDA:0,(anonymous_21)
FNDA:0,(anonymous_22)
FNDA:0,(anonymous_23)
FNDA:0,(anonymous_24)
FNDA:0,(anonymous_25)
FNDA:0,(anonymous_26)
FNDA:0,(anonymous_27)
FNDA:0,(anonymous_28)
FNDA:0,(anonymous_29)
FNDA:0,(anonymous_30)
FNDA:0,(anonymous_31)
FNDA:0,(anonymous_32)
FNDA:0,(anonymous_33)
FNDA:0,(anonymous_34)
FNDA:0,(anonymous_35)
FNDA:0,(anonymous_36)
FNDA:0,(anonymous_37)
FNDA:0,(anonymous_38)
FNDA:0,(anonymous_39)
FNDA:0,(anonymous_40)
FNDA:0,(anonymous_41)
FNDA:0,(anonymous_42)
FNDA:0,(anonymous_43)
FNDA:0,(anonymous_44)
FNDA:0,(anonymous_45)
FNDA:0,(anonymous_46)
FNDA:0,(anonymous_47)
FNDA:0,(anonymous_48)
FNDA:0,(anonymous_49)
FNDA:0,(anonymous_50)
FNDA:0,(anonymous_51)
FNDA:0,(anonymous_52)
FNDA:0,(anonymous_53)
FNDA:0,(anonymous_54)
FNDA:0,(anonymous_55)
FNDA:0,(anonymous_56)
FNDA:0,(anonymous_57)
FNDA:0,(anonymous_58)
FNDA:0,(anonymous_59)
DA:1,0
DA:2,0
DA:3,0
DA:9,0
DA:30,0
DA:31,0
DA:34,0
DA:35,0
DA:44,0
DA:51,0
DA:52,0
DA:53,0
DA:54,0
DA:57,0
DA:58,0
DA:61,0
DA:70,0
DA:79,0
DA:84,0
DA:97,0
DA:99,0
DA:100,0
DA:102,0
DA:106,0
DA:118,0
DA:125,0
DA:126,0
DA:127,0
DA:128,0
DA:131,0
DA:132,0
DA:133,0
DA:134,0
DA:137,0
DA:149,0
DA:152,0
DA:154,0
DA:171,0
DA:173,0
DA:176,0
DA:178,0
DA:182,0
DA:198,0
DA:200,0
DA:203,0
DA:204,0
DA:206,0
DA:207,0
DA:213,0
DA:215,0
DA:216,0
DA:219,0
DA:232,0
DA:233,0
DA:237,0
DA:238,0
DA:239,0
DA:241,0
DA:242,0
DA:244,0
DA:257,0
DA:260,0
DA:261,0
DA:264,0
DA:265,0
DA:268,0
DA:269,0
DA:273,0
DA:277,0
DA:280,0
DA:283,0
DA:287,0
DA:307,0
DA:310,0
DA:324,0
DA:338,0
DA:352,0
DA:367,0
DA:386,0
DA:387,0
DA:389,0
DA:390,0
DA:391,0
DA:392,0
DA:394,0
DA:398,0
DA:404,0
DA:405,0
DA:408,0
DA:409,0
DA:412,0
DA:413,0
DA:416,0
DA:432,0
DA:435,0
DA:446,0
DA:447,0
DA:450,0
DA:462,0
DA:483,0
DA:485,0
DA:490,0
DA:491,0
DA:494,0
DA:496,0
DA:498,0
DA:499,0
DA:503,0
DA:516,0
DA:519,0
DA:523,0
DA:525,0
DA:526,0
DA:528,0
DA:529,0
DA:531,0
DA:533,0
DA:536,0
DA:540,0
DA:543,0
DA:546,0
DA:548,0
DA:551,0
DA:557,0
DA:562,0
DA:565,0
DA:575,0
DA:577,0
DA:578,0
DA:579,0
DA:581,0
DA:583,0
DA:584,0
DA:586,0
DA:587,0
DA:588,0
DA:589,0
DA:591,0
DA:592,0
DA:594,0
DA:595,0
DA:596,0
DA:598,0
DA:601,0
DA:602,0
DA:604,0
DA:607,0
DA:617,0
DA:626,0
DA:628,0
DA:629,0
DA:630,0
DA:632,0
DA:633,0
DA:634,0
DA:636,0
DA:637,0
DA:638,0
DA:640,0
DA:641,0
DA:642,0
DA:645,0
DA:652,0
DA:653,0
DA:661,0
DA:662,0
DA:663,0
DA:664,0
DA:667,0
DA:668,0
DA:669,0
DA:670,0
DA:673,0
DA:675,0
DA:677,0
DA:679,0
DA:680,0
DA:684,0
DA:696,0
DA:697,0
DA:700,0
DA:701,0
DA:704,0
DA:705,0
DA:708,0
DA:717,0
DA:724,0
DA:725,0
DA:726,0
DA:727,0
DA:730,0
DA:732,0
DA:735,0
DA:737,0
DA:760,0
DA:762,0
DA:765,0
DA:767,0
DA:771,0
DA:783,0
DA:785,0
DA:787,0
DA:797,0
DA:798,0
DA:799,0
DA:802,0
DA:807,0
DA:809,0
DA:810,0
DA:820,0
DA:823,0
DA:829,0
DA:830,0
DA:832,0
DA:833,0
DA:837,0
DA:838,0
DA:841,0
DA:843,0
DA:844,0
DA:847,0
DA:848,0
DA:852,0
DA:853,0
DA:855,0
DA:860,0
DA:861,0
DA:865,0
DA:866,0
DA:867,0
DA:871,0
DA:889,0
DA:890,0
DA:896,0
DA:897,0
DA:898,0
DA:899,0
DA:900,0
DA:909,0
DA:910,0
DA:911,0
DA:914,0
DA:918,0
DA:934,0
DA:935,0
DA:936,0
DA:940,0
DA:959,0
DA:960,0
DA:972,0
DA:973,0
DA:976,0
DA:977,0
DA:980,0
DA:986,0
DA:992,0
DA:999,0
DA:1002,0
DA:1004,0
DA:1023,0
DA:1025,0
DA:1026,0
DA:1027,0
DA:1029,0
DA:1030,0
DA:1033,0
DA:1034,0
DA:1035,0
DA:1038,0
DA:1039,0
DA:1048,0
DA:1058,0
DA:1060,0
DA:1061,0
DA:1062,0
DA:1064,0
DA:1066,0
DA:1067,0
DA:1069,0
DA:1070,0
DA:1071,0
DA:1072,0
DA:1074,0
DA:1075,0
DA:1078,0
DA:1079,0
DA:1082,0
DA:1083,0
DA:1084,0
DA:1087,0
DA:1088,0
DA:1093,0
DA:1104,0
DA:1106,0
DA:1107,0
DA:1108,0
DA:1110,0
DA:1111,0
DA:1114,0
DA:1115,0
DA:1116,0
DA:1119,0
DA:1120,0
DA:1129,0
DA:1140,0
DA:1145,0
DA:1146,0
DA:1147,0
DA:1148,0
DA:1150,0
DA:1151,0
DA:1154,0
DA:1155,0
DA:1156,0
DA:1159,0
DA:1160,0
DA:1170,0
DA:1177,0
LF:318
LH:0
BRDA:52,0,0,0
BRDA:90,1,0,0
BRDA:90,1,1,0
BRDA:91,2,0,0
BRDA:91,2,1,0
BRDA:92,3,0,0
BRDA:92,3,1,0
BRDA:126,4,0,0
BRDA:132,5,0,0
BRDA:132,5,1,0
BRDA:133,6,0,0
BRDA:133,6,1,0
BRDA:134,7,0,0
BRDA:134,7,1,0
BRDA:164,8,0,0
BRDA:164,8,1,0
BRDA:165,9,0,0
BRDA:165,9,1,0
BRDA:166,10,0,0
BRDA:166,10,1,0
BRDA:203,11,0,0
BRDA:206,12,0,0
BRDA:215,13,0,0
BRDA:219,14,0,0
BRDA:219,14,1,0
BRDA:232,15,0,0
BRDA:232,16,0,0
BRDA:232,16,1,0
BRDA:265,17,0,0
BRDA:265,17,1,0
BRDA:269,18,0,0
BRDA:269,18,1,0
BRDA:273,19,0,0
BRDA:273,19,1,0
BRDA:277,20,0,0
BRDA:277,20,1,0
BRDA:280,21,0,0
BRDA:280,21,1,0
BRDA:281,22,0,0
BRDA:281,22,1,0
BRDA:343,23,0,0
BRDA:343,23,1,0
BRDA:357,24,0,0
BRDA:357,24,1,0
BRDA:386,25,0,0
BRDA:386,26,0,0
BRDA:386,26,1,0
BRDA:389,27,0,0
BRDA:389,27,1,0
BRDA:391,28,0,0
BRDA:391,28,1,0
BRDA:404,29,0,0
BRDA:408,30,0,0
BRDA:412,31,0,0
BRDA:425,32,0,0
BRDA:426,33,0,0
BRDA:430,34,0,0
BRDA:446,35,0,0
BRDA:462,36,0,0
BRDA:462,36,1,0
BRDA:476,37,0,0
BRDA:477,38,0,0
BRDA:481,39,0,0
BRDA:490,40,0,0
BRDA:491,41,0,0
BRDA:498,42,0,0
BRDA:503,43,0,0
BRDA:503,43,1,0
BRDA:523,44,0,0
BRDA:523,44,1,0
BRDA:523,44,2,0
BRDA:523,44,3,0
BRDA:529,45,0,0
BRDA:529,45,1,0
BRDA:529,46,0,0
BRDA:529,46,1,0
BRDA:532,47,0,0
BRDA:532,47,1,0
BRDA:537,48,0,0
BRDA:537,48,1,0
BRDA:540,49,0,0
BRDA:540,49,1,0
BRDA:541,50,0,0
BRDA:541,50,1,0
BRDA:557,51,0,0
BRDA:557,51,1,0
BRDA:557,52,0,0
BRDA:557,52,1,0
BRDA:581,53,0,0
BRDA:581,53,1,0
BRDA:581,53,2,0
BRDA:581,53,3,0
BRDA:581,53,4,0
BRDA:583,54,0,0
BRDA:583,54,1,0
BRDA:588,55,0,0
BRDA:588,55,1,0
BRDA:598,56,0,0
BRDA:598,56,1,0
BRDA:601,57,0,0
BRDA:626,58,0,0
BRDA:626,58,1,0
BRDA:626,58,2,0
BRDA:626,58,3,0
BRDA:652,59,0,0
BRDA:668,60,0,0
BRDA:679,61,0,0
BRDA:680,62,0,0
BRDA:680,62,1,0
BRDA:696,63,0,0
BRDA:696,64,0,0
BRDA:696,64,1,0
BRDA:700,65,0,0
BRDA:704,66,0,0
BRDA:725,67,0,0
BRDA:749,68,0,0
BRDA:749,68,1,0
BRDA:750,69,0,0
BRDA:750,69,1,0
BRDA:753,70,0,0
BRDA:753,70,1,0
BRDA:754,71,0,0
BRDA:754,71,1,0
BRDA:797,72,0,0
BRDA:797,73,0,0
BRDA:797,73,1,0
BRDA:829,74,0,0
BRDA:832,75,0,0
BRDA:837,76,0,0
BRDA:837,77,0,0
BRDA:837,77,1,0
BRDA:843,78,0,0
BRDA:847,79,0,0
BRDA:847,80,0,0
BRDA:847,80,1,0
BRDA:860,81,0,0
BRDA:866,82,0,0
BRDA:889,83,0,0
BRDA:897,84,0,0
BRDA:899,85,0,0
BRDA:914,86,0,0
BRDA:914,86,1,0
BRDA:914,87,0,0
BRDA:914,87,1,0
BRDA:916,88,0,0
BRDA:916,88,1,0
BRDA:924,89,0,0
BRDA:924,89,1,0
BRDA:925,90,0,0
BRDA:925,90,1,0
BRDA:926,91,0,0
BRDA:926,91,1,0
BRDA:927,92,0,0
BRDA:927,92,1,0
BRDA:928,93,0,0
BRDA:928,93,1,0
BRDA:934,94,0,0
BRDA:934,95,0,0
BRDA:934,95,1,0
BRDA:959,96,0,0
BRDA:973,97,0,0
BRDA:973,97,1,0
BRDA:977,98,0,0
BRDA:977,98,1,0
BRDA:988,99,0,0
BRDA:988,99,1,0
BRDA:995,100,0,0
BRDA:995,100,1,0
BRDA:1026,101,0,0
BRDA:1026,101,1,0
BRDA:1027,102,0,0
BRDA:1027,102,1,0
BRDA:1029,103,0,0
BRDA:1044,104,0,0
BRDA:1044,104,1,0
BRDA:1064,105,0,0
BRDA:1064,105,1,0
BRDA:1064,105,2,0
BRDA:1066,106,0,0
BRDA:1066,106,1,0
BRDA:1071,107,0,0
BRDA:1071,107,1,0
BRDA:1078,108,0,0
BRDA:1083,109,0,0
BRDA:1083,109,1,0
BRDA:1107,110,0,0
BRDA:1107,110,1,0
BRDA:1108,111,0,0
BRDA:1108,111,1,0
BRDA:1110,112,0,0
BRDA:1125,113,0,0
BRDA:1125,113,1,0
BRDA:1146,114,0,0
BRDA:1146,114,1,0
BRDA:1147,115,0,0
BRDA:1147,115,1,0
BRDA:1148,116,0,0
BRDA:1148,116,1,0
BRDA:1150,117,0,0
BRDA:1166,118,0,0
BRDA:1166,118,1,0
BRDA:1181,119,0,0
BRDA:1181,119,1,0
BRDA:1183,120,0,0
BRDA:1183,120,1,0
BRDA:1184,121,0,0
BRDA:1184,121,1,0
BRDA:1185,122,0,0
BRDA:1185,122,1,0
BRDA:1186,123,0,0
BRDA:1186,123,1,0
BRDA:1187,124,0,0
BRDA:1187,124,1,0
BRDA:1188,125,0,0
BRDA:1188,125,1,0
BRDA:34,126,0,0
BRDA:34,126,1,0
BRDA:34,127,0,0
BRDA:34,127,1,0
BRDA:34,128,0,0
BRDA:34,128,1,0
BRDA:34,129,0,0
BRDA:34,129,1,0
BRF:223
BRH:0
end_of_record
TN:
SF:src/analysis/dto/aco-order-progress-cards-query.dto.ts
FNF:0
FNH:0
DA:1,0
LF:1
LH:0
BRF:0
BRH:0
end_of_record
TN:
SF:src/analysis/dto/aco-order-progress-cards-response.dto.ts
FNF:0
FNH:0
DA:1,0
DA:14,0
LF:2
LH:0
BRF:0
BRH:0
end_of_record
TN:
SF:src/analysis/dto/aco-order-progress-chart-query.dto.ts
FN:1,(anonymous_0)
FN:8,(anonymous_1)
FNF:2
FNH:0
FNDA:0,(anonymous_0)
FNDA:0,(anonymous_1)
DA:1,0
DA:2,0
DA:3,0
DA:4,0
DA:5,0
DA:8,0
DA:9,0
DA:10,0
DA:11,0
DA:12,0
DA:15,0
LF:11
LH:0
BRDA:1,0,0,0
BRDA:1,0,1,0
BRDA:8,1,0,0
BRDA:8,1,1,0
BRF:4
BRH:0
end_of_record
TN:
SF:src/analysis/dto/aco-order-progress-chart-response.dto.ts
FNF:0
FNH:0
DA:1,0
DA:8,0
DA:17,0
LF:3
LH:0
BRF:0
BRH:0
end_of_record
TN:
SF:src/analysis/dto/void-records-analysis-query.dto.ts
FN:11,(anonymous_2)
FN:39,(anonymous_3)
FN:56,(anonymous_4)
FN:80,(anonymous_5)
FNF:4
FNH:0
FNDA:0,(anonymous_2)
FNDA:0,(anonymous_3)
FNDA:0,(anonymous_4)
FNDA:0,(anonymous_5)
DA:1,0
DA:2,0
DA:9,0
DA:11,0
DA:19,0
DA:28,0
DA:40,0
DA:41,0
DA:43,0
DA:45,0
DA:57,0
DA:58,0
DA:60,0
DA:62,0
DA:72,0
DA:80,0
DA:81,0
LF:17
LH:0
BRDA:40,0,0,0
BRDA:57,1,0,0
BRF:2
BRH:0
end_of_record
TN:
SF:src/analysis/dto/void-records-analysis-response.dto.ts
FNF:0
FNH:0
DA:1,0
DA:3,0
DA:8,0
DA:14,0
DA:20,0
DA:26,0
DA:33,0
DA:40,0
DA:47,0
DA:54,0
DA:61,0
DA:68,0
DA:74,0
DA:77,0
DA:82,0
DA:88,0
DA:94,0
DA:100,0
DA:103,0
DA:108,0
DA:114,0
DA:120,0
DA:123,0
DA:128,0
DA:134,0
DA:140,0
DA:146,0
DA:149,0
DA:154,0
DA:160,0
DA:166,0
DA:172,0
DA:178,0
DA:181,0
DA:186,0
DA:192,0
DA:198,0
DA:204,0
DA:210,0
DA:216,0
DA:222,0
DA:228,0
DA:244,0
LF:43
LH:0
BRF:0
BRH:0
end_of_record
TN:
SF:src/auth/auth.controller.ts
FN:28,(anonymous_4)
FN:49,(anonymous_5)
FN:67,(anonymous_6)
FN:99,(anonymous_7)
FN:134,(anonymous_8)
FN:162,(anonymous_9)
FN:188,(anonymous_10)
FNF:7
FNH:0
FNDA:0,(anonymous_4)
FNDA:0,(anonymous_5)
FNDA:0,(anonymous_6)
FNDA:0,(anonymous_7)
FNDA:0,(anonymous_8)
FNDA:0,(anonymous_9)
FNDA:0,(anonymous_10)
DA:1,0
DA:12,0
DA:19,0
DA:20,0
DA:21,0
DA:22,0
DA:23,0
DA:27,0
DA:28,0
DA:49,0
DA:50,0
DA:67,0
DA:70,0
DA:99,0
DA:102,0
DA:103,0
DA:105,0
DA:134,0
DA:135,0
DA:136,0
DA:137,0
DA:139,0
DA:162,0
DA:163,0
DA:164,0
DA:188,0
DA:189,0
LF:27
LH:0
BRDA:102,0,0,0
BRDA:136,1,0,0
BRDA:49,2,0,0
BRDA:49,2,1,0
BRDA:49,3,0,0
BRDA:49,3,1,0
BRDA:49,4,0,0
BRDA:49,4,1,0
BRDA:49,5,0,0
BRDA:49,5,1,0
BRDA:68,6,0,0
BRDA:68,6,1,0
BRDA:68,7,0,0
BRDA:68,7,1,0
BRDA:69,8,0,0
BRDA:69,8,1,0
BRDA:69,9,0,0
BRDA:69,9,1,0
BRDA:101,10,0,0
BRDA:101,10,1,0
BRDA:101,11,0,0
BRDA:101,11,1,0
BRDA:28,12,0,0
BRDA:28,12,1,0
BRDA:28,13,0,0
BRDA:28,13,1,0
BRF:26
BRH:0
end_of_record
TN:
SF:src/auth/auth.module.ts
FN:17,(anonymous_1)
FNF:1
FNH:0
FNDA:0,(anonymous_1)
DA:1,0
DA:2,0
DA:3,0
DA:4,0
DA:5,0
DA:6,0
DA:7,0
DA:8,0
DA:9,0
DA:17,0
DA:33,0
LF:11
LH:0
BRDA:20,0,0,0
BRDA:20,0,1,0
BRDA:23,1,0,0
BRDA:23,1,1,0
BRF:4
BRH:0
end_of_record
TN:
SF:src/auth/auth.service.ts
FN:19,(anonymous_2)
FN:25,(anonymous_3)
FN:89,(anonymous_4)
FN:195,(anonymous_5)
FN:238,(anonymous_6)
FN:242,(anonymous_7)
FN:264,(anonymous_8)
FN:273,(anonymous_9)
FN:279,(anonymous_10)
FN:330,(anonymous_11)
FN:336,(anonymous_12)
FN:392,(anonymous_13)
FN:411,(anonymous_14)
FN:423,(anonymous_15)
FN:446,(anonymous_16)
FNF:15
FNH:0
FNDA:0,(anonymous_2)
FNDA:0,(anonymous_3)
FNDA:0,(anonymous_4)
FNDA:0,(anonymous_5)
FNDA:0,(anonymous_6)
FNDA:0,(anonymous_7)
FNDA:0,(anonymous_8)
FNDA:0,(anonymous_9)
FNDA:0,(anonymous_10)
FNDA:0,(anonymous_11)
FNDA:0,(anonymous_12)
FNDA:0,(anonymous_13)
FNDA:0,(anonymous_14)
FNDA:0,(anonymous_15)
FNDA:0,(anonymous_16)
DA:1,0
DA:7,0
DA:8,0
DA:9,0
DA:16,0
DA:17,0
DA:20,0
DA:21,0
DA:22,0
DA:26,0
DA:27,0
DA:30,0
DA:37,0
DA:38,0
DA:39,0
DA:42,0
DA:43,0
DA:47,0
DA:50,0
DA:51,0
DA:55,0
DA:56,0
DA:60,0
DA:61,0
DA:63,0
DA:81,0
DA:82,0
DA:83,0
DA:85,0
DA:90,0
DA:91,0
DA:94,0
DA:101,0
DA:102,0
DA:108,0
DA:122,0
DA:123,0
DA:126,0
DA:129,0
DA:130,0
DA:135,0
DA:141,0
DA:155,0
DA:156,0
DA:158,0
DA:161,0
DA:165,0
DA:166,0
DA:167,0
DA:169,0
DA:187,0
DA:188,0
DA:189,0
DA:191,0
DA:196,0
DA:197,0
DA:203,0
DA:204,0
DA:207,0
DA:209,0
DA:210,0
DA:211,0
DA:215,0
DA:233,0
DA:234,0
DA:239,0
DA:241,0
DA:242,0
DA:243,0
DA:246,0
DA:247,0
DA:250,0
DA:256,0
DA:257,0
DA:259,0
DA:260,0
DA:268,0
DA:269,0
DA:270,0
DA:272,0
DA:273,0
DA:276,0
DA:280,0
DA:281,0
DA:288,0
DA:289,0
DA:294,0
DA:295,0
DA:298,0
DA:306,0
DA:309,0
DA:311,0
DA:316,0
DA:317,0
DA:318,0
DA:326,0
DA:332,0
DA:333,0
DA:338,0
DA:339,0
DA:340,0
DA:341,0
DA:343,0
DA:344,0
DA:351,0
DA:352,0
DA:353,0
DA:354,0
DA:355,0
DA:359,0
DA:362,0
DA:369,0
DA:370,0
DA:373,0
DA:374,0
DA:377,0
DA:378,0
DA:381,0
DA:382,0
DA:385,0
DA:386,0
DA:389,0
DA:393,0
DA:400,0
DA:401,0
DA:404,0
DA:405,0
DA:406,0
DA:408,0
DA:412,0
DA:413,0
DA:415,0
DA:416,0
DA:419,0
DA:424,0
DA:425,0
DA:432,0
DA:433,0
DA:436,0
DA:439,0
DA:441,0
DA:442,0
DA:447,0
DA:448,0
DA:455,0
DA:456,0
DA:459,0
DA:462,0
DA:471,0
DA:474,0
LF:150
LH:0
BRDA:37,0,0,0
BRDA:42,1,0,0
BRDA:57,2,0,0
BRDA:57,2,1,0
BRDA:70,3,0,0
BRDA:70,3,1,0
BRDA:71,4,0,0
BRDA:71,4,1,0
BRDA:71,4,2,0
BRDA:72,5,0,0
BRDA:72,5,1,0
BRDA:73,6,0,0
BRDA:73,6,1,0
BRDA:74,7,0,0
BRDA:74,7,1,0
BRDA:76,8,0,0
BRDA:76,8,1,0
BRDA:77,9,0,0
BRDA:77,9,1,0
BRDA:82,10,0,0
BRDA:101,11,0,0
BRDA:116,12,0,0
BRDA:116,12,1,0
BRDA:117,13,0,0
BRDA:117,13,1,0
BRDA:122,14,0,0
BRDA:129,15,0,0
BRDA:147,16,0,0
BRDA:147,16,1,0
BRDA:148,17,0,0
BRDA:148,17,1,0
BRDA:149,18,0,0
BRDA:149,18,1,0
BRDA:155,19,0,0
BRDA:176,20,0,0
BRDA:176,20,1,0
BRDA:177,21,0,0
BRDA:177,21,1,0
BRDA:178,22,0,0
BRDA:178,22,1,0
BRDA:179,23,0,0
BRDA:179,23,1,0
BRDA:180,24,0,0
BRDA:180,24,1,0
BRDA:182,25,0,0
BRDA:182,25,1,0
BRDA:183,26,0,0
BRDA:183,26,1,0
BRDA:188,27,0,0
BRDA:203,28,0,0
BRDA:203,29,0,0
BRDA:203,29,1,0
BRDA:222,30,0,0
BRDA:222,30,1,0
BRDA:223,31,0,0
BRDA:223,31,1,0
BRDA:224,32,0,0
BRDA:224,32,1,0
BRDA:225,33,0,0
BRDA:225,33,1,0
BRDA:226,34,0,0
BRDA:226,34,1,0
BRDA:228,35,0,0
BRDA:228,35,1,0
BRDA:229,36,0,0
BRDA:229,36,1,0
BRDA:246,37,0,0
BRDA:246,38,0,0
BRDA:246,38,1,0
BRDA:266,39,0,0
BRDA:272,40,0,0
BRDA:288,41,0,0
BRDA:294,42,0,0
BRDA:309,43,0,0
BRDA:309,43,1,0
BRDA:316,44,0,0
BRDA:338,45,0,0
BRDA:338,45,1,0
BRDA:351,46,0,0
BRDA:352,47,0,0
BRDA:352,47,1,0
BRDA:353,48,0,0
BRDA:353,48,1,0
BRDA:354,49,0,0
BRDA:354,49,1,0
BRDA:355,50,0,0
BRDA:355,50,1,0
BRDA:369,51,0,0
BRDA:373,52,0,0
BRDA:377,53,0,0
BRDA:381,54,0,0
BRDA:385,55,0,0
BRDA:400,56,0,0
BRDA:404,57,0,0
BRDA:404,57,1,0
BRDA:405,58,0,0
BRDA:405,58,1,0
BRDA:406,59,0,0
BRDA:406,59,1,0
BRDA:415,60,0,0
BRDA:432,61,0,0
BRDA:455,62,0,0
BRDA:465,63,0,0
BRDA:465,63,1,0
BRDA:20,64,0,0
BRDA:20,64,1,0
BRDA:20,65,0,0
BRDA:20,65,1,0
BRDA:20,66,0,0
BRDA:20,66,1,0
BRDA:20,67,0,0
BRDA:20,67,1,0
BRDA:21,68,0,0
BRDA:21,68,1,0
BRDA:21,69,0,0
BRDA:21,69,1,0
BRF:116
BRH:0
end_of_record
TN:
SF:src/auth/index.ts
FNF:0
FNH:0
DA:1,0
DA:2,0
DA:3,0
DA:4,0
DA:5,0
DA:6,0
DA:7,0
DA:8,0
DA:9,0
LF:9
LH:0
BRF:0
BRH:0
end_of_record
TN:
SF:src/auth/decorators/public.decorator.ts
FN:4,(anonymous_0)
FNF:1
FNH:0
FNDA:0,(anonymous_0)
DA:1,0
DA:3,0
DA:4,0
LF:3
LH:0
BRF:0
BRH:0
end_of_record
TN:
SF:src/auth/dto/auth-login.dto.ts
FNF:0
FNH:0
DA:1,0
DA:2,0
DA:4,0
DA:11,0
DA:21,0
LF:5
LH:0
BRF:0
BRH:0
end_of_record
TN:
SF:src/auth/dto/auth-register.dto.ts
FNF:0
FNH:0
DA:1,0
DA:2,0
DA:11,0
DA:18,0
DA:32,0
DA:41,0
DA:50,0
DA:60,0
LF:8
LH:0
BRF:0
BRH:0
end_of_record
TN:
SF:src/auth/dto/auth-response.dto.ts
FNF:0
FNH:0
DA:1,0
DA:3,0
DA:8,0
DA:14,0
DA:21,0
DA:28,0
DA:35,0
DA:42,0
DA:48,0
DA:54,0
DA:60,0
DA:63,0
DA:68,0
DA:74,0
DA:80,0
DA:86,0
DA:92,0
DA:95,0
DA:100,0
DA:106,0
DA:112,0
LF:21
LH:0
BRF:0
BRH:0
end_of_record
TN:
SF:src/auth/guards/jwt-auth.guard.ts
FN:11,(anonymous_2)
FN:15,(anonymous_3)
FN:21,(anonymous_4)
FNF:3
FNH:1
FNDA:6,(anonymous_2)
FNDA:0,(anonymous_3)
FNDA:0,(anonymous_4)
DA:1,1
DA:6,1
DA:10,1
DA:12,6
DA:18,0
DA:22,0
DA:23,0
DA:26,0
LF:8
LH:4
BRDA:22,0,0,0
BRDA:22,1,0,0
BRDA:22,1,1,0
BRDA:23,2,0,0
BRDA:23,2,1,0
BRF:5
BRH:0
end_of_record
TN:
SF:src/auth/strategies/jwt.strategy.ts
FN:21,(anonymous_2)
FN:43,(anonymous_3)
FNF:2
FNH:0
FNDA:0,(anonymous_2)
FNDA:0,(anonymous_3)
DA:1,0
DA:2,0
DA:3,0
DA:4,0
DA:5,0
DA:18,0
DA:19,0
DA:22,0
DA:23,0
DA:25,0
DA:27,0
DA:28,0
DA:31,0
DA:37,0
DA:38,0
DA:44,0
DA:48,0
DA:50,0
DA:52,0
DA:53,0
DA:54,0
DA:57,0
DA:58,0
DA:63,0
DA:64,0
LF:25
LH:0
BRDA:27,0,0,0
BRDA:52,1,0,0
BRDA:22,2,0,0
BRDA:22,2,1,0
BRDA:22,3,0,0
BRDA:22,3,1,0
BRDA:22,4,0,0
BRDA:22,4,1,0
BRDA:22,5,0,0
BRDA:22,5,1,0
BRF:10
BRH:0
end_of_record
TN:
SF:src/config/supabase.config.ts
FN:3,(anonymous_0)
FNF:1
FNH:0
FNDA:0,(anonymous_0)
DA:1,2
DA:3,2
LF:2
LH:2
BRF:0
BRH:0
end_of_record
TN:
SF:src/grn/grn.controller.ts
FN:27,(anonymous_4)
FN:35,(anonymous_5)
FN:48,(anonymous_6)
FN:63,(anonymous_7)
FNF:4
FNH:0
FNDA:0,(anonymous_4)
FNDA:0,(anonymous_5)
FNDA:0,(anonymous_6)
FNDA:0,(anonymous_7)
DA:1,0
DA:11,0
DA:12,0
DA:20,0
DA:24,0
DA:25,0
DA:27,0
DA:35,0
DA:38,0
DA:39,0
DA:48,0
DA:51,0
DA:53,0
DA:54,0
DA:63,0
DA:67,0
DA:71,0
DA:72,0
DA:73,0
DA:76,0
DA:77,0
DA:80,0
DA:85,0
DA:89,0
DA:90,0
DA:93,0
DA:95,0
LF:27
LH:0
BRDA:71,0,0,0
BRDA:72,1,0,0
BRDA:72,1,1,0
BRDA:89,2,0,0
BRDA:89,3,0,0
BRDA:89,3,1,0
BRDA:36,4,0,0
BRDA:36,4,1,0
BRDA:36,5,0,0
BRDA:36,5,1,0
BRDA:37,6,0,0
BRDA:37,6,1,0
BRDA:37,7,0,0
BRDA:37,7,1,0
BRDA:50,8,0,0
BRDA:50,8,1,0
BRDA:50,9,0,0
BRDA:50,9,1,0
BRDA:66,10,0,0
BRDA:66,10,1,0
BRDA:66,11,0,0
BRDA:66,11,1,0
BRDA:27,12,0,0
BRDA:27,12,1,0
BRDA:27,13,0,0
BRDA:27,13,1,0
BRF:26
BRH:0
end_of_record
TN:
SF:src/grn/grn.module.ts
FNF:0
FNH:0
DA:1,0
DA:2,0
DA:3,0
DA:4,0
DA:12,0
LF:5
LH:0
BRF:0
BRH:0
end_of_record
TN:
SF:src/grn/grn.service.ts
FN:16,(anonymous_2)
FN:21,(anonymous_3)
FN:36,(anonymous_4)
FN:60,(anonymous_5)
FN:80,(anonymous_6)
FN:95,(anonymous_7)
FN:119,(anonymous_8)
FN:138,(anonymous_9)
FN:159,(anonymous_10)
FN:211,(anonymous_11)
FNF:10
FNH:0
FNDA:0,(anonymous_2)
FNDA:0,(anonymous_3)
FNDA:0,(anonymous_4)
FNDA:0,(anonymous_5)
FNDA:0,(anonymous_6)
FNDA:0,(anonymous_7)
FNDA:0,(anonymous_8)
FNDA:0,(anonymous_9)
FNDA:0,(anonymous_10)
FNDA:0,(anonymous_11)
DA:1,0
DA:2,0
DA:13,0
DA:14,0
DA:16,0
DA:24,0
DA:26,0
DA:33,0
DA:34,0
DA:35,0
DA:36,0
DA:44,0
DA:45,0
DA:56,0
DA:57,0
DA:60,0
DA:62,0
DA:69,0
DA:73,0
DA:83,0
DA:85,0
DA:91,0
DA:92,0
DA:93,0
DA:95,0
DA:101,0
DA:102,0
DA:109,0
DA:110,0
DA:113,0
DA:114,0
DA:119,0
DA:121,0
DA:127,0
DA:131,0
DA:141,0
DA:143,0
DA:150,0
DA:151,0
DA:152,0
DA:154,0
DA:159,0
DA:172,0
DA:173,0
DA:191,0
DA:192,0
DA:195,0
DA:197,0
DA:198,0
DA:201,0
DA:202,0
DA:207,0
DA:209,0
DA:211,0
DA:222,0
DA:223,0
DA:224,0
DA:225,0
DA:228,0
DA:229,0
DA:230,0
DA:234,0
DA:236,0
DA:238,0
DA:242,0
LF:65
LH:0
BRDA:33,0,0,0
BRDA:33,1,0,0
BRDA:33,1,1,0
BRDA:38,2,0,0
BRDA:38,2,1,0
BRDA:39,3,0,0
BRDA:39,3,1,0
BRDA:52,4,0,0
BRDA:52,4,1,0
BRDA:53,5,0,0
BRDA:53,5,1,0
BRDA:53,6,0,0
BRDA:53,6,1,0
BRDA:56,7,0,0
BRDA:60,8,0,0
BRDA:60,8,1,0
BRDA:64,9,0,0
BRDA:64,9,1,0
BRDA:65,10,0,0
BRDA:65,10,1,0
BRDA:66,11,0,0
BRDA:66,11,1,0
BRDA:91,12,0,0
BRDA:91,13,0,0
BRDA:91,13,1,0
BRDA:109,14,0,0
BRDA:113,15,0,0
BRDA:113,16,0,0
BRDA:113,16,1,0
BRDA:147,17,0,0
BRDA:147,17,1,0
BRDA:150,18,0,0
BRDA:150,19,0,0
BRDA:150,19,1,0
BRDA:150,19,2,0
BRDA:191,20,0,0
BRDA:191,21,0,0
BRDA:191,21,1,0
BRDA:197,22,0,0
BRDA:201,23,0,0
BRDA:201,24,0,0
BRDA:201,24,1,0
BRDA:222,25,0,0
BRDA:224,26,0,0
BRDA:229,27,0,0
BRDA:16,28,0,0
BRDA:16,28,1,0
BRDA:16,29,0,0
BRDA:16,29,1,0
BRF:49
BRH:0
end_of_record
TN:
SF:src/grn/dto/grn-material-codes-query.dto.ts
FNF:0
FNH:0
DA:1,0
DA:3,0
DA:6,0
LF:3
LH:0
BRF:0
BRH:0
end_of_record
TN:
SF:src/grn/dto/grn-references-query.dto.ts
FN:4,(anonymous_2)
FN:9,(anonymous_3)
FN:15,(anonymous_4)
FNF:3
FNH:0
FNDA:0,(anonymous_2)
FNDA:0,(anonymous_3)
FNDA:0,(anonymous_4)
DA:1,0
DA:2,0
DA:4,0
DA:9,0
DA:10,0
DA:15,0
DA:16,0
LF:7
LH:0
BRF:0
BRH:0
end_of_record
TN:
SF:src/grn/dto/grn-report-data-query.dto.ts
FNF:0
FNH:0
DA:1,0
DA:3,0
DA:6,0
DA:11,0
LF:4
LH:0
BRF:0
BRH:0
end_of_record
TN:
SF:src/grn/dto/grn-responses.dto.ts
FNF:0
FNH:0
DA:1,0
DA:8,0
DA:14,0
DA:23,0
LF:4
LH:0
BRF:0
BRH:0
end_of_record
TN:
SF:src/health/health.controller.ts
FN:10,(anonymous_2)
FN:13,(anonymous_3)
FN:18,(anonymous_4)
FNF:3
FNH:0
FNDA:0,(anonymous_2)
FNDA:0,(anonymous_3)
FNDA:0,(anonymous_4)
DA:1,0
DA:2,0
DA:9,0
DA:10,0
DA:13,0
DA:14,0
DA:18,0
DA:19,0
LF:8
LH:0
BRDA:13,0,0,0
BRDA:13,0,1,0
BRDA:13,1,0,0
BRDA:13,1,1,0
BRDA:18,2,0,0
BRDA:18,2,1,0
BRDA:18,3,0,0
BRDA:18,3,1,0
BRDA:10,4,0,0
BRDA:10,4,1,0
BRDA:10,5,0,0
BRDA:10,5,1,0
BRF:12
BRH:0
end_of_record
TN:
SF:src/health/health.module.ts
FNF:0
FNH:0
DA:1,0
DA:2,0
DA:3,0
DA:4,0
DA:11,0
LF:5
LH:0
BRF:0
BRH:0
end_of_record
TN:
SF:src/health/health.service.ts
FN:13,(anonymous_2)
FN:17,(anonymous_3)
FN:26,(anonymous_4)
FNF:3
FNH:0
FNDA:0,(anonymous_2)
FNDA:0,(anonymous_3)
FNDA:0,(anonymous_4)
DA:1,0
DA:2,0
DA:10,0
DA:13,0
DA:14,0
DA:18,0
DA:27,0
DA:29,0
DA:30,0
DA:32,0
DA:33,0
DA:34,0
DA:35,0
DA:40,0
DA:41,0
DA:42,0
DA:44,0
DA:48,0
LF:18
LH:0
BRDA:22,0,0,0
BRDA:22,0,1,0
BRDA:32,1,0,0
BRDA:42,2,0,0
BRDA:42,2,1,0
BRDA:52,3,0,0
BRDA:52,3,1,0
BRDA:54,4,0,0
BRDA:54,4,1,0
BRDA:13,5,0,0
BRDA:13,5,1,0
BRDA:13,6,0,0
BRDA:13,6,1,0
BRF:13
BRH:0
end_of_record
TN:
SF:src/health/dto/health-response.dto.ts
FNF:0
FNH:0
DA:1,0
DA:8,0
LF:2
LH:0
BRF:0
BRH:0
end_of_record
TN:
SF:src/history/history.controller.ts
FN:35,(anonymous_4)
FN:60,(anonymous_5)
FN:100,(anonymous_6)
FN:143,(anonymous_7)
FN:178,(anonymous_8)
FNF:5
FNH:0
FNDA:0,(anonymous_4)
FNDA:0,(anonymous_5)
FNDA:0,(anonymous_6)
FNDA:0,(anonymous_7)
FNDA:0,(anonymous_8)
DA:1,0
DA:12,0
DA:20,0
DA:21,0
DA:22,0
DA:26,0
DA:32,0
DA:33,0
DA:35,0
DA:60,0
DA:63,0
DA:65,0
DA:66,0
DA:68,0
DA:69,0
DA:100,0
DA:103,0
DA:105,0
DA:106,0
DA:108,0
DA:112,0
DA:143,0
DA:146,0
DA:148,0
DA:149,0
DA:151,0
DA:152,0
DA:178,0
DA:195,0
DA:197,0
DA:198,0
DA:199,0
DA:205,0
DA:206,0
LF:34
LH:0
BRDA:61,0,0,0
BRDA:61,0,1,0
BRDA:61,1,0,0
BRDA:61,1,1,0
BRDA:62,2,0,0
BRDA:62,2,1,0
BRDA:62,3,0,0
BRDA:62,3,1,0
BRDA:102,4,0,0
BRDA:102,4,1,0
BRDA:102,5,0,0
BRDA:102,5,1,0
BRDA:145,6,0,0
BRDA:145,6,1,0
BRDA:145,7,0,0
BRDA:145,7,1,0
BRDA:194,8,0,0
BRDA:194,8,1,0
BRDA:194,9,0,0
BRDA:194,9,1,0
BRDA:35,10,0,0
BRDA:35,10,1,0
BRDA:35,11,0,0
BRDA:35,11,1,0
BRF:24
BRH:0
end_of_record
TN:
SF:src/history/history.module.ts
FNF:0
FNH:0
DA:1,0
DA:2,0
DA:3,0
DA:4,0
DA:12,0
LF:5
LH:0
BRF:0
BRH:0
end_of_record
TN:
SF:src/history/history.service.ts
FN:13,(anonymous_2)
FN:15,(anonymous_3)
FN:82,(anonymous_4)
FN:117,(anonymous_5)
FN:143,(anonymous_6)
FN:169,(anonymous_7)
FN:192,(anonymous_8)
FN:218,(anonymous_9)
FNF:8
FNH:0
FNDA:0,(anonymous_2)
FNDA:0,(anonymous_3)
FNDA:0,(anonymous_4)
FNDA:0,(anonymous_5)
FNDA:0,(anonymous_6)
FNDA:0,(anonymous_7)
FNDA:0,(anonymous_8)
FNDA:0,(anonymous_9)
DA:1,0
DA:2,0
DA:10,0
DA:11,0
DA:13,0
DA:16,0
DA:17,0
DA:19,0
DA:20,0
DA:23,0
DA:28,0
DA:29,0
DA:32,0
DA:33,0
DA:36,0
DA:37,0
DA:40,0
DA:41,0
DA:44,0
DA:45,0
DA:48,0
DA:49,0
DA:52,0
DA:53,0
DA:56,0
DA:57,0
DA:63,0
DA:66,0
DA:71,0
DA:72,0
DA:73,0
DA:76,0
DA:77,0
DA:78,0
DA:82,0
DA:102,0
DA:112,0
DA:113,0
DA:118,0
DA:119,0
DA:121,0
DA:134,0
DA:135,0
DA:139,0
DA:142,0
DA:143,0
DA:164,0
DA:165,0
DA:170,0
DA:171,0
DA:173,0
DA:186,0
DA:187,0
DA:188,0
DA:191,0
DA:192,0
DA:213,0
DA:214,0
DA:234,0
DA:235,0
DA:237,0
DA:264,0
DA:265,0
DA:266,0
DA:269,0
DA:289,0
DA:290,0
LF:67
LH:0
BRDA:16,0,0,0
BRDA:16,1,0,0
BRDA:16,2,0,0
BRDA:16,3,0,0
BRDA:28,4,0,0
BRDA:32,5,0,0
BRDA:36,6,0,0
BRDA:40,7,0,0
BRDA:44,8,0,0
BRDA:48,9,0,0
BRDA:52,10,0,0
BRDA:56,11,0,0
BRDA:71,12,0,0
BRDA:76,13,0,0
BRDA:76,13,1,0
BRDA:82,14,0,0
BRDA:82,14,1,0
BRDA:85,15,0,0
BRDA:85,15,1,0
BRDA:104,16,0,0
BRDA:104,16,1,0
BRDA:134,17,0,0
BRDA:143,18,0,0
BRDA:143,18,1,0
BRDA:146,19,0,0
BRDA:146,19,1,0
BRDA:186,20,0,0
BRDA:192,21,0,0
BRDA:192,21,1,0
BRDA:195,22,0,0
BRDA:195,22,1,0
BRDA:264,23,0,0
BRDA:272,24,0,0
BRDA:272,24,1,0
BRDA:13,25,0,0
BRDA:13,25,1,0
BRDA:13,26,0,0
BRDA:13,26,1,0
BRF:38
BRH:0
end_of_record
TN:
SF:src/history/dto/history-query.dto.ts
FN:11,(anonymous_2)
FN:21,(anonymous_3)
FN:28,(anonymous_4)
FN:38,(anonymous_5)
FNF:4
FNH:0
FNDA:0,(anonymous_2)
FNDA:0,(anonymous_3)
FNDA:0,(anonymous_4)
FNDA:0,(anonymous_5)
DA:1,0
DA:2,0
DA:9,0
DA:11,0
DA:12,0
DA:13,0
DA:14,0
DA:15,0
DA:16,0
DA:17,0
DA:18,0
DA:21,0
DA:28,0
DA:30,0
DA:38,0
DA:40,0
DA:49,0
DA:58,0
DA:67,0
DA:76,0
DA:85,0
DA:94,0
DA:103,0
DA:112,0
DA:121,0
DA:130,0
LF:26
LH:0
BRDA:11,0,0,0
BRDA:11,0,1,0
BRF:2
BRH:0
end_of_record
TN:
SF:src/history/dto/history-response.dto.ts
FNF:0
FNH:0
DA:1,0
DA:3,0
DA:8,0
DA:14,0
DA:21,0
DA:28,0
DA:35,0
DA:42,0
DA:48,0
DA:55,0
DA:62,0
DA:69,0
DA:76,0
DA:83,0
DA:90,0
DA:97,0
DA:103,0
DA:109,0
DA:115,0
DA:118,0
DA:123,0
DA:129,0
DA:135,0
DA:141,0
DA:147,0
DA:153,0
DA:159,0
LF:27
LH:0
BRF:0
BRH:0
end_of_record
TN:
SF:src/inventory/inventory.controller.ts
FN:36,(anonymous_4)
FN:39,(anonymous_5)
FN:70,(anonymous_6)
FN:96,(anonymous_7)
FN:124,(anonymous_8)
FN:142,(anonymous_9)
FNF:6
FNH:0
FNDA:0,(anonymous_4)
FNDA:0,(anonymous_5)
FNDA:0,(anonymous_6)
FNDA:0,(anonymous_7)
FNDA:0,(anonymous_8)
FNDA:0,(anonymous_9)
DA:1,0
DA:12,0
DA:18,0
DA:19,0
DA:20,0
DA:26,0
DA:27,0
DA:28,0
DA:29,0
DA:35,0
DA:36,0
DA:39,0
DA:42,0
DA:43,0
DA:44,0
DA:45,0
DA:47,0
DA:58,0
DA:70,0
DA:71,0
DA:72,0
DA:74,0
DA:96,0
DA:99,0
DA:100,0
DA:102,0
DA:124,0
DA:127,0
DA:128,0
DA:130,0
DA:142,0
DA:145,0
DA:146,0
DA:148,0
DA:149,0
DA:159,0
LF:36
LH:0
BRDA:43,0,0,0
BRDA:43,0,1,0
BRDA:44,1,0,0
BRDA:44,1,1,0
BRDA:45,2,0,0
BRDA:45,2,1,0
BRDA:148,3,0,0
BRDA:40,4,0,0
BRDA:40,4,1,0
BRDA:40,5,0,0
BRDA:40,5,1,0
BRDA:41,6,0,0
BRDA:41,6,1,0
BRDA:41,7,0,0
BRDA:41,7,1,0
BRDA:70,8,0,0
BRDA:70,8,1,0
BRDA:70,9,0,0
BRDA:70,9,1,0
BRDA:97,10,0,0
BRDA:97,10,1,0
BRDA:97,11,0,0
BRDA:97,11,1,0
BRDA:98,12,0,0
BRDA:98,12,1,0
BRDA:98,13,0,0
BRDA:98,13,1,0
BRDA:125,14,0,0
BRDA:125,14,1,0
BRDA:125,15,0,0
BRDA:125,15,1,0
BRDA:126,16,0,0
BRDA:126,16,1,0
BRDA:126,17,0,0
BRDA:126,17,1,0
BRDA:144,18,0,0
BRDA:144,18,1,0
BRDA:144,19,0,0
BRDA:144,19,1,0
BRDA:36,20,0,0
BRDA:36,20,1,0
BRDA:36,21,0,0
BRDA:36,21,1,0
BRF:43
BRH:0
end_of_record
TN:
SF:src/inventory/inventory.module.ts
FNF:0
FNH:0
DA:1,0
DA:2,0
DA:3,0
DA:4,0
DA:12,0
LF:5
LH:0
BRF:0
BRH:0
end_of_record
TN:
SF:src/inventory/inventory.service.ts
FN:24,(anonymous_2)
FN:28,(anonymous_3)
FN:108,(anonymous_4)
FN:150,(anonymous_5)
FN:236,(anonymous_6)
FN:270,(anonymous_7)
FN:295,(anonymous_8)
FN:319,(anonymous_9)
FN:386,(anonymous_10)
FN:415,(anonymous_11)
FN:486,(anonymous_12)
FNF:11
FNH:0
FNDA:0,(anonymous_2)
FNDA:0,(anonymous_3)
FNDA:0,(anonymous_4)
FNDA:0,(anonymous_5)
FNDA:0,(anonymous_6)
FNDA:0,(anonymous_7)
FNDA:0,(anonymous_8)
FNDA:0,(anonymous_9)
FNDA:0,(anonymous_10)
FNDA:0,(anonymous_11)
FNDA:0,(anonymous_12)
DA:1,0
DA:3,0
DA:11,0
DA:21,0
DA:24,0
DA:25,0
DA:38,0
DA:39,0
DA:40,0
DA:50,0
DA:76,0
DA:77,0
DA:79,0
DA:80,0
DA:84,0
DA:85,0
DA:86,0
DA:95,0
DA:100,0
DA:102,0
DA:103,0
DA:104,0
DA:108,0
DA:111,0
DA:120,0
DA:138,0
DA:145,0
DA:146,0
DA:151,0
DA:152,0
DA:153,0
DA:157,0
DA:177,0
DA:178,0
DA:179,0
DA:182,0
DA:183,0
DA:187,0
DA:194,0
DA:195,0
DA:199,0
DA:206,0
DA:207,0
DA:211,0
DA:231,0
DA:232,0
DA:237,0
DA:238,0
DA:239,0
DA:246,0
DA:250,0
DA:251,0
DA:252,0
DA:256,0
DA:258,0
DA:262,0
DA:263,0
DA:264,0
DA:268,0
DA:270,0
DA:271,0
DA:272,0
DA:273,0
DA:284,0
DA:285,0
DA:286,0
DA:287,0
DA:288,0
DA:289,0
DA:290,0
DA:293,0
DA:295,0
DA:305,0
DA:310,0
DA:314,0
DA:315,0
DA:322,0
DA:323,0
DA:324,0
DA:333,0
DA:341,0
DA:342,0
DA:343,0
DA:352,0
DA:353,0
DA:380,0
DA:381,0
DA:382,0
DA:386,0
DA:403,0
DA:410,0
DA:411,0
DA:418,0
DA:419,0
DA:420,0
DA:430,0
DA:451,0
DA:452,0
DA:455,0
DA:456,0
DA:460,0
DA:462,0
DA:465,0
DA:467,0
DA:471,0
DA:472,0
DA:474,0
DA:478,0
DA:480,0
DA:481,0
DA:482,0
DA:486,0
DA:488,0
DA:497,0
DA:507,0
DA:514,0
DA:515,0
LF:117
LH:0
BRDA:35,0,0,0
BRDA:36,1,0,0
BRDA:39,2,0,0
BRDA:76,3,0,0
BRDA:79,4,0,0
BRDA:84,5,0,0
BRDA:84,6,0,0
BRDA:84,6,1,0
BRDA:85,7,0,0
BRDA:102,8,0,0
BRDA:108,9,0,0
BRDA:108,9,1,0
BRDA:111,10,0,0
BRDA:111,10,1,0
BRDA:112,11,0,0
BRDA:112,11,1,0
BRDA:113,12,0,0
BRDA:113,12,1,0
BRDA:114,13,0,0
BRDA:114,13,1,0
BRDA:115,14,0,0
BRDA:115,14,1,0
BRDA:116,15,0,0
BRDA:116,15,1,0
BRDA:117,16,0,0
BRDA:117,16,1,0
BRDA:118,17,0,0
BRDA:118,17,1,0
BRDA:121,18,0,0
BRDA:121,18,1,0
BRDA:127,19,0,0
BRDA:127,19,1,0
BRDA:128,20,0,0
BRDA:128,20,1,0
BRDA:140,21,0,0
BRDA:140,21,1,0
BRDA:152,22,0,0
BRDA:177,23,0,0
BRDA:182,24,0,0
BRDA:194,25,0,0
BRDA:206,26,0,0
BRDA:217,27,0,0
BRDA:217,27,1,0
BRDA:218,28,0,0
BRDA:218,28,1,0
BRDA:219,29,0,0
BRDA:219,29,1,0
BRDA:219,30,0,0
BRDA:219,30,1,0
BRDA:226,31,0,0
BRDA:226,31,1,0
BRDA:227,32,0,0
BRDA:227,32,1,0
BRDA:228,33,0,0
BRDA:228,33,1,0
BRDA:238,34,0,0
BRDA:250,35,0,0
BRDA:256,36,0,0
BRDA:262,37,0,0
BRDA:272,38,0,0
BRDA:288,39,0,0
BRDA:288,39,1,0
BRDA:289,40,0,0
BRDA:289,40,1,0
BRDA:290,41,0,0
BRDA:290,41,1,0
BRDA:290,42,0,0
BRDA:290,42,1,0
BRDA:323,43,0,0
BRDA:327,44,0,0
BRDA:327,44,1,0
BRDA:328,45,0,0
BRDA:328,45,1,0
BRDA:341,46,0,0
BRDA:341,47,0,0
BRDA:341,47,1,0
BRDA:346,48,0,0
BRDA:346,48,1,0
BRDA:347,49,0,0
BRDA:347,49,1,0
BRDA:376,50,0,0
BRDA:376,50,1,0
BRDA:377,51,0,0
BRDA:377,51,1,0
BRDA:377,52,0,0
BRDA:377,52,1,0
BRDA:380,53,0,0
BRDA:386,54,0,0
BRDA:386,54,1,0
BRDA:388,55,0,0
BRDA:388,55,1,0
BRDA:389,56,0,0
BRDA:389,56,1,0
BRDA:390,57,0,0
BRDA:390,57,1,0
BRDA:391,58,0,0
BRDA:391,58,1,0
BRDA:392,59,0,0
BRDA:392,59,1,0
BRDA:393,60,0,0
BRDA:393,60,1,0
BRDA:394,61,0,0
BRDA:394,61,1,0
BRDA:395,62,0,0
BRDA:395,62,1,0
BRDA:405,63,0,0
BRDA:405,63,1,0
BRDA:406,64,0,0
BRDA:406,64,1,0
BRDA:407,65,0,0
BRDA:407,65,1,0
BRDA:419,66,0,0
BRDA:451,67,0,0
BRDA:455,68,0,0
BRDA:460,69,0,0
BRDA:465,70,0,0
BRDA:471,71,0,0
BRDA:471,71,1,0
BRDA:472,72,0,0
BRDA:472,72,1,0
BRDA:480,73,0,0
BRDA:486,74,0,0
BRDA:486,74,1,0
BRDA:488,75,0,0
BRDA:488,75,1,0
BRDA:489,76,0,0
BRDA:489,76,1,0
BRDA:490,77,0,0
BRDA:490,77,1,0
BRDA:491,78,0,0
BRDA:491,78,1,0
BRDA:492,79,0,0
BRDA:492,79,1,0
BRDA:493,80,0,0
BRDA:493,80,1,0
BRDA:494,81,0,0
BRDA:494,81,1,0
BRDA:495,82,0,0
BRDA:495,82,1,0
BRDA:509,83,0,0
BRDA:509,83,1,0
BRDA:24,84,0,0
BRDA:24,84,1,0
BRDA:24,85,0,0
BRDA:24,85,1,0
BRF:145
BRH:0
end_of_record
TN:
SF:src/inventory/dto/inventory-query.dto.ts
FN:3,(anonymous_2)
FNF:1
FNH:0
FNDA:0,(anonymous_2)
DA:1,0
DA:3,0
DA:4,0
DA:5,0
DA:6,0
DA:9,0
DA:12,0
DA:16,0
DA:20,0
DA:24,0
DA:28,0
DA:32,0
DA:36,0
DA:40,0
LF:14
LH:0
BRDA:3,0,0,0
BRDA:3,0,1,0
BRF:2
BRH:0
end_of_record
TN:
SF:src/inventory/dto/inventory-response.dto.ts
FNF:0
FNH:0
DA:1,0
DA:19,0
DA:27,0
DA:34,0
DA:44,0
LF:5
LH:0
BRF:0
BRH:0
end_of_record
TN:
SF:src/inventory/dto/stock-distribution-query.dto.ts
FN:4,(anonymous_2)
FN:8,(anonymous_3)
FN:15,(anonymous_4)
FNF:3
FNH:0
FNDA:0,(anonymous_2)
FNDA:0,(anonymous_3)
FNDA:0,(anonymous_4)
DA:1,1
DA:2,1
DA:4,1
DA:8,0
DA:9,1
DA:15,0
DA:16,1
LF:7
LH:5
BRF:0
BRH:0
end_of_record
TN:
SF:src/inventory/dto/stock-distribution-response.dto.ts
FNF:0
FNH:0
DA:1,1
DA:18,1
LF:2
LH:2
BRF:0
BRH:0
end_of_record
TN:
SF:src/inventory/dto/stock-levels-query.dto.ts
FN:27,(anonymous_2)
FN:37,(anonymous_3)
FN:48,(anonymous_4)
FN:60,(anonymous_5)
FNF:4
FNH:0
FNDA:0,(anonymous_2)
FNDA:0,(anonymous_3)
FNDA:0,(anonymous_4)
FNDA:0,(anonymous_5)
DA:1,0
DA:2,0
DA:3,0
DA:5,0
DA:12,0
DA:20,0
DA:27,0
DA:30,0
DA:37,0
DA:40,0
DA:48,0
DA:52,0
DA:60,0
DA:63,0
LF:14
LH:0
BRF:0
BRH:0
end_of_record
TN:
SF:src/inventory/dto/stock-levels-response.dto.ts
FNF:0
FNH:0
DA:1,0
DA:3,0
DA:8,0
DA:14,0
DA:20,0
DA:26,0
DA:32,0
DA:38,0
DA:41,0
DA:46,0
DA:52,0
DA:58,0
DA:64,0
DA:70,0
LF:14
LH:0
BRF:0
BRH:0
end_of_record
TN:
SF:src/orders/orders.controller.ts
FN:32,(anonymous_4)
FN:53,(anonymous_5)
FN:82,(anonymous_6)
FN:121,(anonymous_7)
FN:145,(anonymous_8)
FN:174,(anonymous_9)
FN:215,(anonymous_10)
FNF:7
FNH:0
FNDA:0,(anonymous_4)
FNDA:0,(anonymous_5)
FNDA:0,(anonymous_6)
FNDA:0,(anonymous_7)
FNDA:0,(anonymous_8)
FNDA:0,(anonymous_9)
FNDA:0,(anonymous_10)
DA:1,0
DA:10,0
DA:18,0
DA:19,0
DA:20,0
DA:21,0
DA:22,0
DA:23,0
DA:29,0
DA:30,0
DA:32,0
DA:53,0
DA:54,0
DA:55,0
DA:82,0
DA:83,0
DA:84,0
DA:121,0
DA:122,0
DA:123,0
DA:145,0
DA:146,0
DA:147,0
DA:174,0
DA:175,0
DA:176,0
DA:215,0
DA:216,0
DA:217,0
LF:29
LH:0
BRDA:53,0,0,0
BRDA:53,0,1,0
BRDA:53,1,0,0
BRDA:53,1,1,0
BRDA:53,2,0,0
BRDA:53,2,1,0
BRDA:53,3,0,0
BRDA:53,3,1,0
BRDA:82,4,0,0
BRDA:82,4,1,0
BRDA:82,5,0,0
BRDA:82,5,1,0
BRDA:121,6,0,0
BRDA:121,6,1,0
BRDA:121,7,0,0
BRDA:121,7,1,0
BRDA:145,8,0,0
BRDA:145,8,1,0
BRDA:145,9,0,0
BRDA:145,9,1,0
BRDA:145,10,0,0
BRDA:145,10,1,0
BRDA:145,11,0,0
BRDA:145,11,1,0
BRDA:174,12,0,0
BRDA:174,12,1,0
BRDA:174,13,0,0
BRDA:174,13,1,0
BRDA:215,14,0,0
BRDA:215,14,1,0
BRDA:215,15,0,0
BRDA:215,15,1,0
BRDA:32,16,0,0
BRDA:32,16,1,0
BRDA:32,17,0,0
BRDA:32,17,1,0
BRF:36
BRH:0
end_of_record
TN:
SF:src/orders/orders.module.ts
FNF:0
FNH:0
DA:1,0
DA:2,0
DA:3,0
DA:4,0
DA:12,0
LF:5
LH:0
BRF:0
BRH:0
end_of_record
TN:
SF:src/orders/orders.service.ts
FN:17,(anonymous_2)
FN:19,(anonymous_3)
FN:105,(anonymous_4)
FN:203,(anonymous_5)
FN:233,(anonymous_6)
FN:263,(anonymous_7)
FN:279,(anonymous_8)
FN:299,(anonymous_9)
FN:315,(anonymous_10)
FNF:9
FNH:0
FNDA:0,(anonymous_2)
FNDA:0,(anonymous_3)
FNDA:0,(anonymous_4)
FNDA:0,(anonymous_5)
FNDA:0,(anonymous_6)
FNDA:0,(anonymous_7)
FNDA:0,(anonymous_8)
FNDA:0,(anonymous_9)
FNDA:0,(anonymous_10)
DA:1,0
DA:7,0
DA:14,0
DA:15,0
DA:17,0
DA:20,0
DA:26,0
DA:27,0
DA:29,0
DA:35,0
DA:36,0
DA:39,0
DA:40,0
DA:43,0
DA:44,0
DA:47,0
DA:48,0
DA:51,0
DA:52,0
DA:55,0
DA:56,0
DA:59,0
DA:60,0
DA:66,0
DA:69,0
DA:71,0
DA:73,0
DA:74,0
DA:75,0
DA:78,0
DA:79,0
DA:81,0
DA:91,0
DA:95,0
DA:99,0
DA:101,0
DA:106,0
DA:112,0
DA:113,0
DA:115,0
DA:121,0
DA:122,0
DA:125,0
DA:126,0
DA:129,0
DA:130,0
DA:133,0
DA:134,0
DA:137,0
DA:138,0
DA:141,0
DA:142,0
DA:145,0
DA:146,0
DA:149,0
DA:150,0
DA:153,0
DA:154,0
DA:157,0
DA:158,0
DA:164,0
DA:167,0
DA:169,0
DA:171,0
DA:172,0
DA:173,0
DA:176,0
DA:177,0
DA:179,0
DA:189,0
DA:193,0
DA:197,0
DA:199,0
DA:204,0
DA:205,0
DA:212,0
DA:213,0
DA:217,0
DA:220,0
DA:222,0
DA:226,0
DA:227,0
DA:229,0
DA:234,0
DA:235,0
DA:242,0
DA:243,0
DA:247,0
DA:250,0
DA:252,0
DA:256,0
DA:257,0
DA:259,0
DA:264,0
DA:265,0
DA:271,0
DA:272,0
DA:273,0
DA:278,0
DA:280,0
DA:281,0
DA:286,0
DA:291,0
DA:295,0
DA:300,0
DA:301,0
DA:307,0
DA:308,0
DA:309,0
DA:314,0
DA:316,0
DA:317,0
DA:322,0
DA:327,0
DA:331,0
LF:115
LH:0
BRDA:22,0,0,0
BRDA:23,1,0,0
BRDA:24,2,0,0
BRDA:25,3,0,0
BRDA:35,4,0,0
BRDA:39,5,0,0
BRDA:43,6,0,0
BRDA:47,7,0,0
BRDA:51,8,0,0
BRDA:55,9,0,0
BRDA:59,10,0,0
BRDA:73,11,0,0
BRDA:78,12,0,0
BRDA:78,12,1,0
BRDA:95,13,0,0
BRDA:96,14,0,0
BRDA:96,14,1,0
BRDA:108,15,0,0
BRDA:109,16,0,0
BRDA:110,17,0,0
BRDA:111,18,0,0
BRDA:121,19,0,0
BRDA:125,20,0,0
BRDA:129,21,0,0
BRDA:133,22,0,0
BRDA:137,23,0,0
BRDA:141,24,0,0
BRDA:145,25,0,0
BRDA:149,26,0,0
BRDA:153,27,0,0
BRDA:157,28,0,0
BRDA:171,29,0,0
BRDA:176,30,0,0
BRDA:176,30,1,0
BRDA:193,31,0,0
BRDA:194,32,0,0
BRDA:194,32,1,0
BRDA:212,33,0,0
BRDA:226,34,0,0
BRDA:242,35,0,0
BRDA:256,36,0,0
BRDA:271,37,0,0
BRDA:280,38,0,0
BRDA:280,38,1,0
BRDA:307,39,0,0
BRDA:316,40,0,0
BRDA:316,40,1,0
BRDA:17,41,0,0
BRDA:17,41,1,0
BRDA:17,42,0,0
BRDA:17,42,1,0
BRF:51
BRH:0
end_of_record
TN:
SF:src/orders/dto/aco-query.dto.ts
FN:12,(anonymous_2)
FN:19,(anonymous_3)
FN:27,(anonymous_4)
FN:39,(anonymous_5)
FN:126,(anonymous_6)
FNF:5
FNH:0
FNDA:0,(anonymous_2)
FNDA:0,(anonymous_3)
FNDA:0,(anonymous_4)
FNDA:0,(anonymous_5)
FNDA:0,(anonymous_6)
DA:1,0
DA:9,0
DA:10,0
DA:12,0
DA:13,0
DA:14,0
DA:15,0
DA:16,0
DA:19,0
DA:27,0
DA:29,0
DA:39,0
DA:41,0
DA:49,0
DA:57,0
DA:65,0
DA:74,0
DA:82,0
DA:90,0
DA:98,0
DA:107,0
DA:117,0
DA:126,0
DA:127,0
LF:24
LH:0
BRDA:12,0,0,0
BRDA:12,0,1,0
BRDA:126,1,0,0
BRDA:126,1,1,0
BRF:4
BRH:0
end_of_record
TN:
SF:src/orders/dto/aco-response.dto.ts
FNF:0
FNH:0
DA:1,0
DA:2,0
DA:4,0
DA:9,0
DA:15,0
DA:21,0
DA:27,0
DA:33,0
DA:39,0
DA:45,0
DA:51,0
DA:58,0
DA:64,0
DA:70,0
DA:76,0
DA:82,0
DA:88,0
DA:94,0
DA:100,0
DA:103,0
DA:108,0
DA:114,0
DA:120,0
DA:126,0
DA:132,0
DA:138,0
DA:144,0
LF:27
LH:0
BRDA:58,0,0,0
BRDA:58,0,1,0
BRDA:58,1,0,0
BRDA:58,1,1,0
BRF:4
BRH:0
end_of_record
TN:
SF:src/orders/dto/grn-query.dto.ts
FN:13,(anonymous_2)
FN:22,(anonymous_3)
FN:30,(anonymous_4)
FN:42,(anonymous_5)
FN:100,(anonymous_6)
FN:109,(anonymous_7)
FN:155,(anonymous_8)
FNF:7
FNH:0
FNDA:0,(anonymous_2)
FNDA:0,(anonymous_3)
FNDA:0,(anonymous_4)
FNDA:0,(anonymous_5)
FNDA:0,(anonymous_6)
FNDA:0,(anonymous_7)
FNDA:0,(anonymous_8)
DA:1,0
DA:10,0
DA:11,0
DA:13,0
DA:14,0
DA:15,0
DA:16,0
DA:17,0
DA:18,0
DA:19,0
DA:22,0
DA:30,0
DA:32,0
DA:42,0
DA:44,0
DA:52,0
DA:60,0
DA:68,0
DA:77,0
DA:85,0
DA:93,0
DA:100,0
DA:102,0
DA:109,0
DA:111,0
DA:119,0
DA:127,0
DA:136,0
DA:146,0
DA:155,0
DA:156,0
LF:31
LH:0
BRDA:13,0,0,0
BRDA:13,0,1,0
BRDA:155,1,0,0
BRDA:155,1,1,0
BRF:4
BRH:0
end_of_record
TN:
SF:src/orders/dto/grn-response.dto.ts
FNF:0
FNH:0
DA:1,0
DA:2,0
DA:4,0
DA:9,0
DA:15,0
DA:21,0
DA:27,0
DA:33,0
DA:39,0
DA:45,0
DA:51,0
DA:57,0
DA:63,0
DA:70,0
DA:76,0
DA:82,0
DA:88,0
DA:94,0
DA:100,0
DA:106,0
DA:112,0
DA:118,0
DA:124,0
DA:130,0
DA:136,0
DA:142,0
DA:148,0
DA:154,0
DA:157,0
DA:162,0
DA:168,0
DA:174,0
DA:180,0
DA:186,0
DA:192,0
DA:198,0
LF:36
LH:0
BRDA:70,0,0,0
BRDA:70,0,1,0
BRDA:70,1,0,0
BRDA:70,1,1,0
BRF:4
BRH:0
end_of_record
TN:
SF:src/orders/dto/index.ts
FNF:0
FNH:0
DA:1,0
DA:2,0
DA:3,0
DA:4,0
LF:4
LH:0
BRF:0
BRH:0
end_of_record
TN:
SF:src/pallets/pallets.controller.ts
FN:30,(anonymous_4)
FN:33,(anonymous_5)
FN:60,(anonymous_6)
FNF:3
FNH:0
FNDA:0,(anonymous_4)
FNDA:0,(anonymous_5)
FNDA:0,(anonymous_6)
DA:1,0
DA:11,0
DA:17,0
DA:18,0
DA:19,0
DA:29,0
DA:30,0
DA:33,0
DA:36,0
DA:37,0
DA:38,0
DA:40,0
DA:48,0
DA:60,0
DA:63,0
DA:64,0
DA:66,0
DA:67,0
DA:77,0
LF:19
LH:0
BRDA:37,0,0,0
BRDA:37,0,1,0
BRDA:38,1,0,0
BRDA:38,1,1,0
BRDA:66,2,0,0
BRDA:34,3,0,0
BRDA:34,3,1,0
BRDA:34,4,0,0
BRDA:34,4,1,0
BRDA:35,5,0,0
BRDA:35,5,1,0
BRDA:35,6,0,0
BRDA:35,6,1,0
BRDA:62,7,0,0
BRDA:62,7,1,0
BRDA:62,8,0,0
BRDA:62,8,1,0
BRDA:30,9,0,0
BRDA:30,9,1,0
BRDA:30,10,0,0
BRDA:30,10,1,0
BRF:21
BRH:0
end_of_record
TN:
SF:src/pallets/pallets.module.ts
FNF:0
FNH:0
DA:1,0
DA:2,0
DA:3,0
DA:4,0
DA:12,0
LF:5
LH:0
BRF:0
BRH:0
end_of_record
TN:
SF:src/pallets/pallets.service.ts
FN:14,(anonymous_2)
FN:18,(anonymous_3)
FN:76,(anonymous_4)
FN:101,(anonymous_5)
FNF:4
FNH:0
FNDA:0,(anonymous_2)
FNDA:0,(anonymous_3)
FNDA:0,(anonymous_4)
FNDA:0,(anonymous_5)
DA:1,0
DA:3,0
DA:11,0
DA:14,0
DA:15,0
DA:25,0
DA:26,0
DA:27,0
DA:37,0
DA:54,0
DA:55,0
DA:57,0
DA:58,0
DA:64,0
DA:68,0
DA:70,0
DA:71,0
DA:72,0
DA:76,0
DA:89,0
DA:96,0
DA:97,0
DA:102,0
DA:103,0
DA:104,0
DA:108,0
DA:123,0
DA:124,0
DA:125,0
DA:128,0
DA:129,0
DA:133,0
DA:140,0
DA:141,0
DA:145,0
DA:152,0
DA:153,0
DA:157,0
DA:173,0
DA:174,0
LF:40
LH:0
BRDA:22,0,0,0
BRDA:23,1,0,0
BRDA:26,2,0,0
BRDA:54,3,0,0
BRDA:57,4,0,0
BRDA:70,5,0,0
BRDA:76,6,0,0
BRDA:76,6,1,0
BRDA:91,7,0,0
BRDA:91,7,1,0
BRDA:103,8,0,0
BRDA:123,9,0,0
BRDA:128,10,0,0
BRDA:140,11,0,0
BRDA:152,12,0,0
BRDA:166,13,0,0
BRDA:166,13,1,0
BRDA:166,14,0,0
BRDA:166,14,1,0
BRDA:168,15,0,0
BRDA:168,15,1,0
BRDA:169,16,0,0
BRDA:169,16,1,0
BRDA:14,17,0,0
BRDA:14,17,1,0
BRDA:14,18,0,0
BRDA:14,18,1,0
BRF:27
BRH:0
end_of_record
TN:
SF:src/pallets/dto/pallet-response.dto.ts
FNF:0
FNH:0
DA:1,0
DA:15,0
DA:23,0
LF:3
LH:0
BRF:0
BRH:0
end_of_record
TN:
SF:src/pallets/dto/pallets-query.dto.ts
FNF:0
FNH:0
DA:1,0
DA:3,0
DA:6,0
DA:10,0
DA:14,0
DA:18,0
DA:22,0
LF:7
LH:0
BRF:0
BRH:0
end_of_record
TN:
SF:src/products/products.controller.ts
FN:23,(anonymous_2)
FN:39,(anonymous_3)
FNF:2
FNH:0
FNDA:0,(anonymous_2)
FNDA:0,(anonymous_3)
DA:1,0
DA:8,0
DA:14,0
DA:15,0
DA:16,0
DA:22,0
DA:23,0
DA:39,0
DA:40,0
DA:41,0
DA:43,0
LF:11
LH:0
BRDA:39,0,0,0
BRDA:39,0,1,0
BRDA:39,1,0,0
BRDA:39,1,1,0
BRDA:23,2,0,0
BRDA:23,2,1,0
BRDA:23,3,0,0
BRDA:23,3,1,0
BRF:8
BRH:0
end_of_record
TN:
SF:src/products/products.module.ts
FNF:0
FNH:0
DA:1,0
DA:2,0
DA:3,0
DA:4,0
DA:12,0
LF:5
LH:0
BRF:0
BRH:0
end_of_record
TN:
SF:src/products/products.service.ts
FN:13,(anonymous_2)
FN:17,(anonymous_3)
FN:42,(anonymous_4)
FN:49,(anonymous_5)
FN:50,(anonymous_6)
FN:55,(anonymous_7)
FNF:6
FNH:0
FNDA:0,(anonymous_2)
FNDA:0,(anonymous_3)
FNDA:0,(anonymous_4)
FNDA:0,(anonymous_5)
FNDA:0,(anonymous_6)
FNDA:0,(anonymous_7)
DA:1,0
DA:2,0
DA:10,0
DA:13,0
DA:14,0
DA:18,0
DA:19,0
DA:28,0
DA:30,0
DA:36,0
DA:37,0
DA:41,0
DA:42,0
DA:43,0
DA:44,0
DA:48,0
DA:49,0
DA:50,0
DA:55,0
DA:57,0
DA:64,0
LF:21
LH:0
BRDA:18,0,0,0
BRDA:36,1,0,0
BRDA:44,2,0,0
BRDA:44,2,1,0
BRDA:49,3,0,0
BRDA:49,3,1,0
BRDA:13,4,0,0
BRDA:13,4,1,0
BRDA:13,5,0,0
BRDA:13,5,1,0
BRF:10
BRH:0
end_of_record
TN:
SF:src/products/dto/products-types-response.dto.ts
FNF:0
FNH:0
DA:1,0
DA:3,0
DA:8,0
DA:14,0
DA:20,0
DA:23,0
DA:28,0
DA:34,0
DA:40,0
DA:46,0
DA:52,0
LF:11
LH:0
BRF:0
BRH:0
end_of_record
TN:
SF:src/rpc/rpc.controller.ts
FN:36,(anonymous_4)
FN:55,(anonymous_5)
FN:125,(anonymous_6)
FNF:3
FNH:0
FNDA:0,(anonymous_4)
FNDA:0,(anonymous_5)
FNDA:0,(anonymous_6)
DA:1,0
DA:10,0
DA:17,0
DA:18,0
DA:19,0
DA:23,0
DA:33,0
DA:34,0
DA:36,0
DA:55,0
DA:58,0
DA:60,0
DA:61,0
DA:63,0
DA:64,0
DA:66,0
DA:76,0
DA:78,0
DA:125,0
DA:128,0
DA:130,0
DA:131,0
DA:133,0
DA:134,0
DA:136,0
DA:146,0
DA:148,0
LF:27
LH:0
BRDA:81,0,0,0
BRDA:81,0,1,0
BRDA:151,1,0,0
BRDA:151,1,1,0
BRDA:56,2,0,0
BRDA:56,2,1,0
BRDA:56,3,0,0
BRDA:56,3,1,0
BRDA:57,4,0,0
BRDA:57,4,1,0
BRDA:57,5,0,0
BRDA:57,5,1,0
BRDA:126,6,0,0
BRDA:126,6,1,0
BRDA:126,7,0,0
BRDA:126,7,1,0
BRDA:127,8,0,0
BRDA:127,8,1,0
BRDA:127,9,0,0
BRDA:127,9,1,0
BRDA:36,10,0,0
BRDA:36,10,1,0
BRDA:36,11,0,0
BRDA:36,11,1,0
BRF:24
BRH:0
end_of_record
TN:
SF:src/rpc/rpc.module.ts
FNF:0
FNH:0
DA:1,0
DA:2,0
DA:3,0
DA:4,0
DA:12,0
LF:5
LH:0
BRF:0
BRH:0
end_of_record
TN:
SF:src/rpc/rpc.service.ts
FN:16,(anonymous_2)
FN:18,(anonymous_3)
FN:52,(anonymous_4)
FN:95,(anonymous_5)
FN:109,(anonymous_6)
FN:110,(anonymous_7)
FN:115,(anonymous_8)
FN:119,(anonymous_9)
FN:120,(anonymous_10)
FN:125,(anonymous_11)
FNF:10
FNH:0
FNDA:0,(anonymous_2)
FNDA:0,(anonymous_3)
FNDA:0,(anonymous_4)
FNDA:0,(anonymous_5)
FNDA:0,(anonymous_6)
FNDA:0,(anonymous_7)
FNDA:0,(anonymous_8)
FNDA:0,(anonymous_9)
FNDA:0,(anonymous_10)
FNDA:0,(anonymous_11)
DA:1,0
DA:2,0
DA:13,0
DA:14,0
DA:16,0
DA:21,0
DA:23,0
DA:24,0
DA:26,0
DA:30,0
DA:31,0
DA:32,0
DA:35,0
DA:36,0
DA:39,0
DA:45,0
DA:47,0
DA:48,0
DA:55,0
DA:57,0
DA:58,0
DA:60,0
DA:70,0
DA:71,0
DA:72,0
DA:75,0
DA:76,0
DA:79,0
DA:80,0
DA:82,0
DA:88,0
DA:90,0
DA:91,0
DA:96,0
DA:97,0
DA:109,0
DA:110,0
DA:112,0
DA:115,0
DA:119,0
DA:120,0
DA:126,0
DA:128,0
DA:129,0
DA:131,0
DA:135,0
DA:136,0
DA:137,0
DA:140,0
DA:141,0
DA:143,0
DA:145,0
DA:146,0
LF:53
LH:0
BRDA:30,0,0,0
BRDA:40,1,0,0
BRDA:40,1,1,0
BRDA:42,2,0,0
BRDA:42,2,1,0
BRDA:63,3,0,0
BRDA:63,3,1,0
BRDA:64,4,0,0
BRDA:64,4,1,0
BRDA:65,5,0,0
BRDA:65,5,1,0
BRDA:66,6,0,0
BRDA:66,6,1,0
BRDA:67,7,0,0
BRDA:67,7,1,0
BRDA:70,8,0,0
BRDA:79,9,0,0
BRDA:79,9,1,0
BRDA:83,10,0,0
BRDA:83,10,1,0
BRDA:96,11,0,0
BRDA:96,12,0,0
BRDA:96,12,1,0
BRDA:125,13,0,0
BRDA:135,14,0,0
BRDA:16,15,0,0
BRDA:16,15,1,0
BRDA:16,16,0,0
BRDA:16,16,1,0
BRF:29
BRH:0
end_of_record
TN:
SF:src/rpc/dto/rpc-query.dto.ts
FNF:0
FNH:0
DA:1,0
DA:2,0
DA:4,0
DA:8,0
DA:15,0
DA:18,0
DA:22,0
DA:27,0
DA:30,0
DA:34,0
DA:39,0
DA:44,0
DA:49,0
DA:54,0
LF:14
LH:0
BRF:0
BRH:0
end_of_record
TN:
SF:src/rpc/dto/rpc-response.dto.ts
FNF:0
FNH:0
DA:1,0
DA:3,0
DA:5,0
DA:8,0
DA:11,0
DA:14,0
DA:21,0
DA:23,0
DA:26,0
DA:32,0
DA:35,0
DA:37,0
DA:40,0
DA:50,0
LF:14
LH:0
BRF:0
BRH:0
end_of_record
TN:
SF:src/supabase/supabase.module.ts
FNF:0
FNH:0
DA:1,0
DA:2,0
DA:3,0
DA:4,0
DA:11,0
LF:5
LH:0
BRF:0
BRH:0
end_of_record
TN:
SF:src/supabase/supabase.service.ts
FN:10,(anonymous_5)
FN:26,(anonymous_6)
FN:30,(anonymous_7)
FNF:3
FNH:0
FNDA:0,(anonymous_5)
FNDA:0,(anonymous_6)
FNDA:0,(anonymous_7)
DA:1,2
DA:2,2
DA:3,2
DA:4,2
DA:7,2
DA:12,0
DA:14,0
DA:15,0
DA:18,0
DA:27,0
DA:31,0
DA:32,0
DA:36,0
DA:38,0
DA:39,0
LF:15
LH:5
BRDA:14,0,0,0
BRDA:14,1,0,0
BRDA:14,1,1,0
BRDA:12,2,0,0
BRDA:12,2,1,2
BRDA:12,3,0,2
BRDA:12,3,1,0
BRF:7
BRH:2
end_of_record
TN:
SF:src/transfers/transfers.controller.ts
FN:20,(anonymous_4)
FN:33,(anonymous_5)
FNF:2
FNH:0
FNDA:0,(anonymous_4)
FNDA:0,(anonymous_5)
DA:1,0
DA:2,0
DA:8,0
DA:9,0
DA:10,0
DA:11,0
DA:17,0
DA:18,0
DA:20,0
DA:33,0
DA:36,0
DA:37,0
LF:12
LH:0
BRDA:34,0,0,0
BRDA:34,0,1,0
BRDA:34,1,0,0
BRDA:34,1,1,0
BRDA:35,2,0,0
BRDA:35,2,1,0
BRDA:35,3,0,0
BRDA:35,3,1,0
BRDA:20,4,0,0
BRDA:20,4,1,0
BRDA:20,5,0,0
BRDA:20,5,1,0
BRF:12
BRH:0
end_of_record
TN:
SF:src/transfers/transfers.module.ts
FNF:0
FNH:0
DA:1,0
DA:2,0
DA:3,0
DA:4,0
DA:12,0
LF:5
LH:0
BRF:0
BRH:0
end_of_record
TN:
SF:src/transfers/transfers.service.ts
FN:15,(anonymous_2)
FN:19,(anonymous_3)
FN:58,(anonymous_4)
FN:127,(anonymous_5)
FN:170,(anonymous_6)
FNF:5
FNH:0
FNDA:0,(anonymous_2)
FNDA:0,(anonymous_3)
FNDA:0,(anonymous_4)
FNDA:0,(anonymous_5)
FNDA:0,(anonymous_6)
DA:1,0
DA:3,0
DA:11,0
DA:12,0
DA:15,0
DA:16,0
DA:22,0
DA:23,0
DA:24,0
DA:41,0
DA:44,0
DA:48,0
DA:58,0
DA:59,0
DA:60,0
DA:66,0
DA:67,0
DA:70,0
DA:71,0
DA:76,0
DA:77,0
DA:80,0
DA:81,0
DA:84,0
DA:85,0
DA:88,0
DA:89,0
DA:92,0
DA:96,0
DA:97,0
DA:100,0
DA:101,0
DA:104,0
DA:105,0
DA:110,0
DA:111,0
DA:114,0
DA:116,0
DA:117,0
DA:118,0
DA:122,0
DA:123,0
DA:124,0
DA:127,0
DA:128,0
DA:144,0
DA:145,0
DA:148,0
DA:149,0
DA:152,0
DA:155,0
DA:165,0
DA:166,0
DA:171,0
DA:178,0
LF:55
LH:0
BRDA:23,0,0,0
BRDA:59,1,0,0
BRDA:66,2,0,0
BRDA:70,3,0,0
BRDA:76,4,0,0
BRDA:80,5,0,0
BRDA:84,6,0,0
BRDA:88,7,0,0
BRDA:101,8,0,0
BRDA:101,8,1,0
BRDA:116,9,0,0
BRDA:127,10,0,0
BRDA:127,10,1,0
BRDA:144,11,0,0
BRDA:148,12,0,0
BRDA:178,13,0,0
BRDA:178,13,1,0
BRDA:15,14,0,0
BRDA:15,14,1,0
BRDA:15,15,0,0
BRDA:15,15,1,0
BRF:21
BRH:0
end_of_record
TN:
SF:src/transfers/dto/index.ts
FNF:0
FNH:0
DA:1,0
DA:2,0
LF:2
LH:0
BRF:0
BRH:0
end_of_record
TN:
SF:src/transfers/dto/transfer-response.dto.ts
FNF:0
FNH:0
DA:1,0
DA:3,0
DA:5,0
DA:8,0
DA:11,0
DA:14,0
DA:17,0
DA:20,0
DA:23,0
DA:26,0
DA:29,0
DA:32,0
DA:35,0
DA:38,0
DA:41,0
DA:44,0
DA:47,0
DA:52,0
DA:55,0
DA:58,0
DA:61,0
DA:64,0
DA:67,0
DA:70,0
LF:24
LH:0
BRDA:35,0,0,0
BRDA:35,0,1,0
BRDA:35,1,0,0
BRDA:35,1,1,0
BRDA:41,2,0,0
BRDA:41,2,1,0
BRDA:41,3,0,0
BRDA:41,3,1,0
BRDA:44,4,0,0
BRDA:44,4,1,0
BRDA:44,5,0,0
BRDA:44,5,1,0
BRF:12
BRH:0
end_of_record
TN:
SF:src/transfers/dto/transfers-query.dto.ts
FN:13,(anonymous_2)
FN:20,(anonymous_3)
FN:27,(anonymous_4)
FN:32,(anonymous_5)
FN:96,(anonymous_6)
FN:109,(anonymous_7)
FNF:6
FNH:0
FNDA:0,(anonymous_2)
FNDA:0,(anonymous_3)
FNDA:0,(anonymous_4)
FNDA:0,(anonymous_5)
FNDA:0,(anonymous_6)
FNDA:0,(anonymous_7)
DA:1,0
DA:10,0
DA:11,0
DA:13,0
DA:14,0
DA:15,0
DA:16,0
DA:17,0
DA:20,0
DA:21,0
DA:22,0
DA:23,0
DA:24,0
DA:27,0
DA:28,0
DA:29,0
DA:32,0
DA:36,0
DA:41,0
DA:46,0
DA:54,0
DA:63,0
DA:71,0
DA:79,0
DA:87,0
DA:96,0
DA:99,0
DA:109,0
DA:113,0
DA:123,0
DA:133,0
DA:141,0
LF:32
LH:0
BRDA:13,0,0,0
BRDA:13,0,1,0
BRDA:20,1,0,0
BRDA:20,1,1,0
BRDA:27,2,0,0
BRDA:27,2,1,0
BRF:6
BRH:0
end_of_record
TN:
SF:src/types/class-transformer.d.ts
FNF:0
FNH:0
LF:0
LH:0
BRF:0
BRH:0
end_of_record
TN:
SF:src/types/class-validator.d.ts
FNF:0
FNH:0
LF:0
LH:0
BRF:0
BRH:0
end_of_record
TN:
SF:src/types/nestjs.d.ts
FNF:0
FNH:0
LF:0
LH:0
BRF:0
BRH:0
end_of_record
TN:
SF:src/warehouse-transfers/warehouse-transfers.controller.ts
FN:20,(anonymous_4)
FN:30,(anonymous_5)
FNF:2
FNH:0
FNDA:0,(anonymous_4)
FNDA:0,(anonymous_5)
DA:1,0
DA:10,0
DA:11,0
DA:13,0
DA:17,0
DA:18,0
DA:21,0
DA:30,0
DA:33,0
DA:34,0
LF:10
LH:0
BRDA:31,0,0,0
BRDA:31,0,1,0
BRDA:31,1,0,0
BRDA:31,1,1,0
BRDA:32,2,0,0
BRDA:32,2,1,0
BRDA:32,3,0,0
BRDA:32,3,1,0
BRDA:21,4,0,0
BRDA:21,4,1,0
BRDA:21,5,0,0
BRDA:21,5,1,0
BRF:12
BRH:0
end_of_record
TN:
SF:src/warehouse-transfers/warehouse-transfers.module.ts
FNF:0
FNH:0
DA:1,0
DA:2,0
DA:3,0
DA:4,0
DA:12,0
LF:5
LH:0
BRF:0
BRH:0
end_of_record
TN:
SF:src/warehouse-transfers/warehouse-transfers.service.ts
FN:10,(anonymous_2)
FN:15,(anonymous_3)
FNF:2
FNH:0
FNDA:0,(anonymous_2)
FNDA:0,(anonymous_3)
DA:1,0
DA:2,0
DA:7,0
DA:8,0
DA:10,0
DA:18,0
DA:20,0
DA:32,0
DA:33,0
DA:34,0
DA:50,0
DA:51,0
DA:75,0
DA:76,0
DA:79,0
DA:80,0
DA:83,0
DA:84,0
DA:87,0
DA:88,0
DA:91,0
DA:92,0
DA:96,0
DA:101,0
DA:103,0
DA:104,0
DA:109,0
DA:123,0
DA:127,0
LF:29
LH:0
BRDA:32,0,0,0
BRDA:32,1,0,0
BRDA:32,1,1,0
BRDA:37,2,0,0
BRDA:37,2,1,0
BRDA:38,3,0,0
BRDA:38,3,1,0
BRDA:40,4,0,0
BRDA:40,4,1,0
BRDA:41,5,0,0
BRDA:41,5,1,0
BRDA:42,6,0,0
BRDA:42,6,1,0
BRDA:43,7,0,0
BRDA:43,7,1,0
BRDA:44,8,0,0
BRDA:44,8,1,0
BRDA:75,9,0,0
BRDA:79,10,0,0
BRDA:83,11,0,0
BRDA:87,12,0,0
BRDA:91,13,0,0
BRDA:97,14,0,0
BRDA:97,14,1,0
BRDA:98,15,0,0
BRDA:98,15,1,0
BRDA:98,16,0,0
BRDA:98,16,1,0
BRDA:103,17,0,0
BRDA:110,18,0,0
BRDA:110,18,1,0
BRDA:111,19,0,0
BRDA:111,19,1,0
BRDA:112,20,0,0
BRDA:112,20,1,0
BRDA:113,21,0,0
BRDA:113,21,1,0
BRDA:115,22,0,0
BRDA:115,22,1,0
BRDA:116,23,0,0
BRDA:116,23,1,0
BRDA:117,24,0,0
BRDA:117,24,1,0
BRDA:118,25,0,0
BRDA:118,25,1,0
BRDA:119,26,0,0
BRDA:119,26,1,0
BRDA:10,27,0,0
BRDA:10,27,1,0
BRDA:10,28,0,0
BRDA:10,28,1,0
BRF:51
BRH:0
end_of_record
TN:
SF:src/warehouse-transfers/dto/transfer-list-query.dto.ts
FN:11,(anonymous_2)
FN:35,(anonymous_3)
FN:42,(anonymous_4)
FNF:3
FNH:0
FNDA:0,(anonymous_2)
FNDA:0,(anonymous_3)
FNDA:0,(anonymous_4)
DA:1,0
DA:9,0
DA:11,0
DA:14,0
DA:18,0
DA:22,0
DA:26,0
DA:30,0
DA:35,0
DA:36,0
DA:42,0
DA:43,0
LF:12
LH:0
BRF:0
BRH:0
end_of_record
TN:
SF:src/warehouse-transfers/dto/transfer-responses.dto.ts
FNF:0
FNH:0
DA:1,0
DA:17,0
LF:2
LH:0
BRF:0
BRH:0
end_of_record
TN:
SF:src/widgets/widgets.controller.ts
FN:48,(anonymous_4)
FN:57,(anonymous_5)
FN:81,(anonymous_6)
FN:112,(anonymous_7)
FN:139,(anonymous_8)
FN:164,(anonymous_9)
FN:189,(anonymous_10)
FN:214,(anonymous_11)
FN:239,(anonymous_12)
FN:264,(anonymous_13)
FN:289,(anonymous_14)
FN:314,(anonymous_15)
FN:341,(anonymous_16)
FNF:13
FNH:5
FNDA:6,(anonymous_4)
FNDA:2,(anonymous_5)
FNDA:2,(anonymous_6)
FNDA:1,(anonymous_7)
FNDA:1,(anonymous_8)
FNDA:0,(anonymous_9)
FNDA:0,(anonymous_10)
FNDA:0,(anonymous_11)
FNDA:0,(anonymous_12)
FNDA:0,(anonymous_13)
FNDA:0,(anonymous_14)
FNDA:0,(anonymous_15)
FNDA:0,(anonymous_16)
DA:1,1
DA:10,1
DA:16,1
DA:17,1
DA:18,1
DA:22,1
DA:23,1
DA:24,1
DA:28,1
DA:29,1
DA:30,1
DA:31,1
DA:32,1
DA:33,1
DA:34,1
DA:35,1
DA:36,1
DA:37,1
DA:38,1
DA:39,1
DA:40,1
DA:41,1
DA:47,1
DA:48,6
DA:57,1
DA:60,2
DA:61,2
DA:63,1
DA:81,1
DA:84,2
DA:85,2
DA:86,2
DA:88,2
DA:94,0
DA:112,1
DA:115,1
DA:116,1
DA:121,0
DA:139,1
DA:142,1
DA:143,1
DA:145,0
DA:164,1
DA:167,0
DA:168,0
DA:170,0
DA:189,1
DA:192,0
DA:193,0
DA:195,0
DA:214,1
DA:217,0
DA:218,0
DA:220,0
DA:239,1
DA:242,0
DA:243,0
DA:245,0
DA:264,1
DA:267,0
DA:268,0
DA:270,0
DA:289,1
DA:292,0
DA:293,0
DA:295,0
DA:314,1
DA:317,0
DA:318,0
DA:320,0
DA:341,1
DA:344,0
DA:345,0
DA:347,0
LF:74
LH:47
BRDA:85,0,0,1
BRDA:85,0,1,1
BRDA:86,1,0,1
BRDA:86,1,1,1
BRDA:58,2,0,1
BRDA:58,2,1,0
BRDA:58,3,0,1
BRDA:58,3,1,1
BRDA:59,4,0,1
BRDA:59,4,1,0
BRDA:59,5,0,1
BRDA:59,5,1,1
BRDA:82,6,0,1
BRDA:82,6,1,0
BRDA:82,7,0,1
BRDA:82,7,1,1
BRDA:83,8,0,1
BRDA:83,8,1,0
BRDA:83,9,0,1
BRDA:83,9,1,1
BRDA:113,10,0,1
BRDA:113,10,1,0
BRDA:113,11,0,1
BRDA:113,11,1,1
BRDA:114,12,0,1
BRDA:114,12,1,0
BRDA:114,13,0,1
BRDA:114,13,1,1
BRDA:140,14,0,1
BRDA:140,14,1,0
BRDA:140,15,0,1
BRDA:140,15,1,1
BRDA:141,16,0,1
BRDA:141,16,1,0
BRDA:141,17,0,1
BRDA:141,17,1,1
BRDA:165,18,0,1
BRDA:165,18,1,0
BRDA:165,19,0,1
BRDA:165,19,1,1
BRDA:166,20,0,1
BRDA:166,20,1,0
BRDA:166,21,0,1
BRDA:166,21,1,1
BRDA:190,22,0,1
BRDA:190,22,1,0
BRDA:190,23,0,1
BRDA:190,23,1,1
BRDA:191,24,0,1
BRDA:191,24,1,0
BRDA:191,25,0,1
BRDA:191,25,1,1
BRDA:215,26,0,1
BRDA:215,26,1,0
BRDA:215,27,0,1
BRDA:215,27,1,1
BRDA:216,28,0,1
BRDA:216,28,1,0
BRDA:216,29,0,1
BRDA:216,29,1,1
BRDA:240,30,0,1
BRDA:240,30,1,0
BRDA:240,31,0,1
BRDA:240,31,1,1
BRDA:241,32,0,1
BRDA:241,32,1,0
BRDA:241,33,0,1
BRDA:241,33,1,1
BRDA:265,34,0,1
BRDA:265,34,1,0
BRDA:265,35,0,1
BRDA:265,35,1,1
BRDA:266,36,0,1
BRDA:266,36,1,0
BRDA:266,37,0,1
BRDA:266,37,1,1
BRDA:290,38,0,1
BRDA:290,38,1,0
BRDA:290,39,0,1
BRDA:290,39,1,1
BRDA:291,40,0,1
BRDA:291,40,1,0
BRDA:291,41,0,1
BRDA:291,41,1,1
BRDA:315,42,0,1
BRDA:315,42,1,0
BRDA:315,43,0,1
BRDA:315,43,1,1
BRDA:316,44,0,1
BRDA:316,44,1,0
BRDA:316,45,0,1
BRDA:316,45,1,1
BRDA:342,46,0,1
BRDA:342,46,1,0
BRDA:342,47,0,1
BRDA:342,47,1,1
BRDA:343,48,0,1
BRDA:343,48,1,0
BRDA:343,49,0,1
BRDA:343,49,1,1
BRDA:48,50,0,1
BRDA:48,50,1,0
BRDA:48,51,0,1
BRDA:48,51,1,1
BRF:104
BRH:79
end_of_record
TN:
SF:src/widgets/widgets.module.ts
FNF:0
FNH:0
DA:1,0
DA:2,0
DA:3,0
DA:4,0
DA:5,0
DA:6,0
DA:14,0
LF:7
LH:0
BRF:0
BRH:0
end_of_record
TN:
SF:src/widgets/widgets.service.fixed.ts
FN:40,(anonymous_2)
FN:49,(anonymous_3)
FN:90,(anonymous_4)
FN:124,(anonymous_5)
FN:187,(anonymous_6)
FN:256,(anonymous_7)
FN:263,(anonymous_8)
FN:264,(anonymous_9)
FN:270,(anonymous_10)
FN:271,(anonymous_11)
FN:279,(anonymous_12)
FN:295,(anonymous_13)
FN:298,(anonymous_14)
FN:301,(anonymous_15)
FN:302,(anonymous_16)
FN:303,(anonymous_17)
FN:317,(anonymous_18)
FNF:17
FNH:0
FNDA:0,(anonymous_2)
FNDA:0,(anonymous_3)
FNDA:0,(anonymous_4)
FNDA:0,(anonymous_5)
FNDA:0,(anonymous_6)
FNDA:0,(anonymous_7)
FNDA:0,(anonymous_8)
FNDA:0,(anonymous_9)
FNDA:0,(anonymous_10)
FNDA:0,(anonymous_11)
FNDA:0,(anonymous_12)
FNDA:0,(anonymous_13)
FNDA:0,(anonymous_14)
FNDA:0,(anonymous_15)
FNDA:0,(anonymous_16)
FNDA:0,(anonymous_17)
FNDA:0,(anonymous_18)
DA:1,0
DA:2,0
DA:17,0
DA:37,0
DA:41,0
DA:42,0
DA:44,0
DA:54,0
DA:55,0
DA:64,0
DA:65,0
DA:78,0
DA:84,0
DA:86,0
DA:90,0
DA:112,0
DA:119,0
DA:120,0
DA:128,0
DA:132,0
DA:134,0
DA:135,0
DA:138,0
DA:139,0
DA:160,0
DA:162,0
DA:170,0
DA:172,0
DA:175,0
DA:177,0
DA:180,0
DA:181,0
DA:183,0
DA:184,0
DA:185,0
DA:187,0
DA:188,0
DA:189,0
DA:191,0
DA:200,0
DA:201,0
DA:202,0
DA:203,0
DA:205,0
DA:206,0
DA:207,0
DA:210,0
DA:211,0
DA:225,0
DA:226,0
DA:227,0
DA:229,0
DA:230,0
DA:233,0
DA:234,0
DA:238,0
DA:239,0
DA:249,0
DA:250,0
DA:251,0
DA:256,0
DA:257,0
DA:259,0
DA:262,0
DA:264,0
DA:265,0
DA:267,0
DA:269,0
DA:270,0
DA:271,0
DA:273,0
DA:278,0
DA:279,0
DA:289,0
DA:290,0
DA:291,0
DA:293,0
DA:295,0
DA:298,0
DA:301,0
DA:303,0
DA:308,0
DA:317,0
DA:326,0
DA:328,0
DA:330,0
DA:331,0
LF:87
LH:0
BRDA:51,0,0,0
BRDA:52,1,0,0
BRDA:54,2,0,0
BRDA:78,3,0,0
BRDA:86,4,0,0
BRDA:90,5,0,0
BRDA:90,5,1,0
BRDA:94,6,0,0
BRDA:94,6,1,0
BRDA:96,7,0,0
BRDA:96,7,1,0
BRDA:97,8,0,0
BRDA:97,8,1,0
BRDA:98,9,0,0
BRDA:98,9,1,0
BRDA:99,10,0,0
BRDA:99,10,1,0
BRDA:100,11,0,0
BRDA:100,11,1,0
BRDA:101,12,0,0
BRDA:101,12,1,0
BRDA:102,13,0,0
BRDA:102,13,1,0
BRDA:103,14,0,0
BRDA:103,14,1,0
BRDA:104,15,0,0
BRDA:104,15,1,0
BRDA:105,16,0,0
BRDA:105,16,1,0
BRDA:106,17,0,0
BRDA:106,17,1,0
BRDA:107,18,0,0
BRDA:107,18,1,0
BRDA:108,19,0,0
BRDA:108,19,1,0
BRDA:114,20,0,0
BRDA:114,20,1,0
BRDA:134,21,0,0
BRDA:138,22,0,0
BRDA:170,23,0,0
BRDA:177,24,0,0
BRDA:189,25,0,0
BRDA:189,25,1,0
BRDA:191,26,0,0
BRDA:191,26,1,0
BRDA:192,27,0,0
BRDA:192,27,1,0
BRDA:193,28,0,0
BRDA:193,28,1,0
BRDA:194,29,0,0
BRDA:194,29,1,0
BRDA:195,30,0,0
BRDA:195,30,1,0
BRDA:196,31,0,0
BRDA:196,31,1,0
BRDA:197,32,0,0
BRDA:197,32,1,0
BRDA:198,33,0,0
BRDA:198,33,1,0
BRDA:199,34,0,0
BRDA:199,34,1,0
BRDA:200,35,0,0
BRDA:200,35,1,0
BRDA:201,36,0,0
BRDA:201,36,1,0
BRDA:202,37,0,0
BRDA:202,37,1,0
BRDA:203,38,0,0
BRDA:203,38,1,0
BRDA:210,39,0,0
BRDA:229,40,0,0
BRDA:233,41,0,0
BRDA:238,42,0,0
BRDA:41,43,0,0
BRDA:41,43,1,0
BRDA:41,44,0,0
BRDA:41,44,1,0
BRDA:41,45,0,0
BRDA:41,45,1,0
BRDA:41,46,0,0
BRDA:41,46,1,0
BRF:81
BRH:0
end_of_record
TN:
SF:src/widgets/widgets.service.ts
FN:64,(anonymous_2)
FN:71,(anonymous_3)
FN:142,(anonymous_4)
FN:179,(anonymous_5)
FN:213,(anonymous_6)
FN:221,(anonymous_7)
FN:281,(anonymous_8)
FN:349,(anonymous_9)
FN:356,(anonymous_10)
FN:357,(anonymous_11)
FN:363,(anonymous_12)
FN:364,(anonymous_13)
FN:372,(anonymous_14)
FN:388,(anonymous_15)
FN:391,(anonymous_16)
FN:394,(anonymous_17)
FN:395,(anonymous_18)
FN:396,(anonymous_19)
FN:410,(anonymous_20)
FN:428,(anonymous_21)
FN:501,(anonymous_22)
FN:538,(anonymous_23)
FN:552,(anonymous_24)
FN:568,(anonymous_25)
FN:582,(anonymous_26)
FN:596,(anonymous_27)
FN:607,(anonymous_28)
FN:624,(anonymous_29)
FN:643,(anonymous_30)
FN:660,(anonymous_31)
FN:678,(anonymous_32)
FN:717,(anonymous_33)
FN:790,(anonymous_34)
FN:812,(anonymous_35)
FN:828,(anonymous_36)
FN:844,(anonymous_37)
FN:880,(anonymous_38)
FN:928,(anonymous_39)
FN:978,(anonymous_40)
FN:996,(anonymous_41)
FN:1000,(anonymous_42)
FN:1001,(anonymous_43)
FN:1006,(anonymous_44)
FN:1014,(anonymous_45)
FN:1016,(anonymous_46)
FN:1025,(anonymous_47)
FN:1029,(anonymous_48)
FN:1056,(anonymous_49)
FN:1091,(anonymous_50)
FN:1180,(anonymous_51)
FN:1202,(anonymous_52)
FN:1232,(anonymous_53)
FN:1285,(anonymous_54)
FN:1354,(anonymous_55)
FN:1376,(anonymous_56)
FN:1388,(anonymous_57)
FN:1412,(anonymous_58)
FN:1462,(anonymous_59)
FN:1463,(anonymous_60)
FN:1469,(anonymous_61)
FN:1497,(anonymous_62)
FN:1556,(anonymous_63)
FN:1578,(anonymous_64)
FN:1579,(anonymous_65)
FN:1584,(anonymous_66)
FN:1590,(anonymous_67)
FN:1597,(anonymous_68)
FN:1624,(anonymous_69)
FN:1685,(anonymous_70)
FN:1719,(anonymous_71)
FN:1771,(anonymous_72)
FNF:71
FNH:5
FNDA:6,(anonymous_2)
FNDA:2,(anonymous_3)
FNDA:1,(anonymous_4)
FNDA:0,(anonymous_5)
FNDA:1,(anonymous_6)
FNDA:2,(anonymous_7)
FNDA:0,(anonymous_8)
FNDA:0,(anonymous_9)
FNDA:0,(anonymous_10)
FNDA:0,(anonymous_11)
FNDA:0,(anonymous_12)
FNDA:0,(anonymous_13)
FNDA:0,(anonymous_14)
FNDA:0,(anonymous_15)
FNDA:0,(anonymous_16)
FNDA:0,(anonymous_17)
FNDA:0,(anonymous_18)
FNDA:0,(anonymous_19)
FNDA:0,(anonymous_20)
FNDA:0,(anonymous_21)
FNDA:0,(anonymous_22)
FNDA:0,(anonymous_23)
FNDA:0,(anonymous_24)
FNDA:0,(anonymous_25)
FNDA:0,(anonymous_26)
FNDA:0,(anonymous_27)
FNDA:0,(anonymous_28)
FNDA:0,(anonymous_29)
FNDA:0,(anonymous_30)
FNDA:0,(anonymous_31)
FNDA:0,(anonymous_32)
FNDA:0,(anonymous_33)
FNDA:0,(anonymous_34)
FNDA:0,(anonymous_35)
FNDA:0,(anonymous_36)
FNDA:0,(anonymous_37)
FNDA:0,(anonymous_38)
FNDA:0,(anonymous_39)
FNDA:0,(anonymous_40)
FNDA:0,(anonymous_41)
FNDA:0,(anonymous_42)
FNDA:0,(anonymous_43)
FNDA:0,(anonymous_44)
FNDA:0,(anonymous_45)
FNDA:0,(anonymous_46)
FNDA:0,(anonymous_47)
FNDA:0,(anonymous_48)
FNDA:0,(anonymous_49)
FNDA:0,(anonymous_50)
FNDA:0,(anonymous_51)
FNDA:0,(anonymous_52)
FNDA:0,(anonymous_53)
FNDA:0,(anonymous_54)
FNDA:0,(anonymous_55)
FNDA:0,(anonymous_56)
FNDA:0,(anonymous_57)
FNDA:0,(anonymous_58)
FNDA:0,(anonymous_59)
FNDA:0,(anonymous_60)
FNDA:0,(anonymous_61)
FNDA:0,(anonymous_62)
FNDA:0,(anonymous_63)
FNDA:0,(anonymous_64)
FNDA:0,(anonymous_65)
FNDA:0,(anonymous_66)
FNDA:0,(anonymous_67)
FNDA:0,(anonymous_68)
FNDA:0,(anonymous_69)
FNDA:0,(anonymous_70)
FNDA:0,(anonymous_71)
FNDA:0,(anonymous_72)
DA:1,2
DA:2,2
DA:12,2
DA:17,2
DA:61,2
DA:65,6
DA:66,6
DA:68,6
DA:76,2
DA:80,2
DA:82,2
DA:83,1
DA:86,1
DA:87,1
DA:97,0
DA:99,0
DA:105,0
DA:111,0
DA:112,0
DA:119,0
DA:124,0
DA:133,0
DA:135,0
DA:137,0
DA:138,0
DA:147,1
DA:148,1
DA:157,0
DA:158,0
DA:173,0
DA:175,0
DA:179,0
DA:201,0
DA:208,0
DA:209,0
DA:218,1
DA:225,2
DA:229,2
DA:231,2
DA:232,1
DA:235,1
DA:236,1
DA:257,0
DA:259,0
DA:269,0
DA:271,0
DA:274,0
DA:275,0
DA:277,0
DA:278,0
DA:279,0
DA:281,0
DA:282,0
DA:283,0
DA:285,0
DA:294,0
DA:295,0
DA:296,0
DA:297,0
DA:299,0
DA:300,0
DA:301,0
DA:304,0
DA:305,0
DA:319,0
DA:320,0
DA:321,0
DA:323,0
DA:324,0
DA:327,0
DA:328,0
DA:332,0
DA:333,0
DA:343,0
DA:344,0
DA:345,0
DA:349,0
DA:350,0
DA:352,0
DA:355,0
DA:357,0
DA:358,0
DA:360,0
DA:362,0
DA:363,0
DA:364,0
DA:366,0
DA:371,0
DA:372,0
DA:382,0
DA:383,0
DA:384,0
DA:386,0
DA:388,0
DA:391,0
DA:394,0
DA:396,0
DA:401,0
DA:410,0
DA:419,0
DA:421,0
DA:423,0
DA:424,0
DA:429,0
DA:432,0
DA:433,0
DA:435,0
DA:436,0
DA:439,0
DA:440,0
DA:448,0
DA:449,0
DA:451,0
DA:454,0
DA:458,0
DA:461,0
DA:462,0
DA:465,0
DA:467,0
DA:482,0
DA:483,0
DA:487,0
DA:489,0
DA:491,0
DA:492,0
DA:505,0
DA:507,0
DA:510,0
DA:513,0
DA:516,0
DA:519,0
DA:522,0
DA:525,0
DA:528,0
DA:531,0
DA:534,0
DA:539,0
DA:544,0
DA:545,0
DA:548,0
DA:549,0
DA:553,0
DA:554,0
DA:560,0
DA:561,0
DA:564,0
DA:565,0
DA:569,0
DA:574,0
DA:575,0
DA:578,0
DA:579,0
DA:583,0
DA:588,0
DA:589,0
DA:592,0
DA:593,0
DA:600,0
DA:601,0
DA:603,0
DA:604,0
DA:610,0
DA:616,0
DA:617,0
DA:620,0
DA:621,0
DA:625,0
DA:629,0
DA:630,0
DA:635,0
DA:636,0
DA:639,0
DA:640,0
DA:645,0
DA:646,0
DA:652,0
DA:653,0
DA:656,0
DA:657,0
DA:662,0
DA:665,0
DA:670,0
DA:671,0
DA:674,0
DA:675,0
DA:683,0
DA:686,0
DA:687,0
DA:688,0
DA:692,0
DA:693,0
DA:697,0
DA:705,0
DA:710,0
DA:713,0
DA:714,0
DA:720,0
DA:723,0
DA:728,0
DA:730,0
DA:731,0
DA:734,0
DA:735,0
DA:750,0
DA:752,0
DA:754,0
DA:755,0
DA:759,0
DA:760,0
DA:763,0
DA:765,0
DA:766,0
DA:769,0
DA:770,0
DA:773,0
DA:777,0
DA:778,0
DA:781,0
DA:782,0
DA:785,0
DA:786,0
DA:789,0
DA:790,0
DA:792,0
DA:802,0
DA:803,0
DA:806,0
DA:807,0
DA:811,0
DA:812,0
DA:813,0
DA:814,0
DA:816,0
DA:817,0
DA:822,0
DA:823,0
DA:827,0
DA:828,0
DA:829,0
DA:833,0
DA:834,0
DA:839,0
DA:840,0
DA:841,0
DA:842,0
DA:844,0
DA:845,0
DA:846,0
DA:847,0
DA:849,0
DA:850,0
DA:853,0
DA:855,0
DA:857,0
DA:858,0
DA:860,0
DA:870,0
DA:871,0
DA:872,0
DA:873,0
DA:875,0
DA:880,0
DA:881,0
DA:882,0
DA:883,0
DA:886,0
DA:888,0
DA:907,0
DA:909,0
DA:911,0
DA:912,0
DA:931,0
DA:934,0
DA:939,0
DA:941,0
DA:942,0
DA:945,0
DA:946,0
DA:953,0
DA:955,0
DA:962,0
DA:963,0
DA:967,0
DA:973,0
DA:976,0
DA:978,0
DA:980,0
DA:990,0
DA:991,0
DA:995,0
DA:996,0
DA:1000,0
DA:1001,0
DA:1005,0
DA:1006,0
DA:1007,0
DA:1012,0
DA:1013,0
DA:1014,0
DA:1016,0
DA:1024,0
DA:1025,0
DA:1028,0
DA:1029,0
DA:1036,0
DA:1038,0
DA:1049,0
DA:1051,0
DA:1055,0
DA:1056,0
DA:1064,0
DA:1066,0
DA:1078,0
DA:1080,0
DA:1082,0
DA:1083,0
DA:1094,0
DA:1097,0
DA:1099,0
DA:1101,0
DA:1102,0
DA:1105,0
DA:1106,0
DA:1127,0
DA:1129,0
DA:1142,0
DA:1143,0
DA:1148,0
DA:1149,0
DA:1152,0
DA:1164,0
DA:1165,0
DA:1170,0
DA:1171,0
DA:1174,0
DA:1175,0
DA:1176,0
DA:1177,0
DA:1180,0
DA:1181,0
DA:1195,0
DA:1196,0
DA:1197,0
DA:1202,0
DA:1204,0
DA:1209,0
DA:1223,0
DA:1224,0
DA:1225,0
DA:1231,0
DA:1232,0
DA:1236,0
DA:1238,0
DA:1258,0
DA:1260,0
DA:1262,0
DA:1263,0
DA:1288,0
DA:1290,0
DA:1291,0
DA:1294,0
DA:1305,0
DA:1306,0
DA:1310,0
DA:1311,0
DA:1314,0
DA:1316,0
DA:1317,0
DA:1319,0
DA:1320,0
DA:1322,0
DA:1323,0
DA:1325,0
DA:1328,0
DA:1334,0
DA:1336,0
DA:1337,0
DA:1341,0
DA:1354,0
DA:1355,0
DA:1356,0
DA:1358,0
DA:1359,0
DA:1360,0
DA:1362,0
DA:1375,0
DA:1377,0
DA:1378,0
DA:1380,0
DA:1385,0
DA:1387,0
DA:1388,0
DA:1407,0
DA:1408,0
DA:1415,0
DA:1417,0
DA:1418,0
DA:1420,0
DA:1445,0
DA:1446,0
DA:1450,0
DA:1451,0
DA:1454,0
DA:1456,0
DA:1457,0
DA:1462,0
DA:1463,0
DA:1465,0
DA:1467,0
DA:1469,0
DA:1492,0
DA:1493,0
DA:1500,0
DA:1502,0
DA:1509,0
DA:1511,0
DA:1530,0
DA:1531,0
DA:1534,0
DA:1535,0
DA:1538,0
DA:1540,0
DA:1541,0
DA:1545,0
DA:1556,0
DA:1558,0
DA:1560,0
DA:1562,0
DA:1563,0
DA:1565,0
DA:1575,0
DA:1578,0
DA:1579,0
DA:1580,0
DA:1583,0
DA:1584,0
DA:1585,0
DA:1588,0
DA:1589,0
DA:1590,0
DA:1591,0
DA:1592,0
DA:1593,0
DA:1597,0
DA:1599,0
DA:1601,0
DA:1619,0
DA:1620,0
DA:1627,0
DA:1630,0
DA:1632,0
DA:1634,0
DA:1635,0
DA:1638,0
DA:1639,0
DA:1648,0
DA:1650,0
DA:1677,0
DA:1678,0
DA:1679,0
DA:1683,0
DA:1685,0
DA:1686,0
DA:1688,0
DA:1689,0
DA:1707,0
DA:1708,0
DA:1709,0
DA:1710,0
DA:1711,0
DA:1712,0
DA:1713,0
DA:1714,0
DA:1715,0
DA:1719,0
DA:1721,0
DA:1730,0
DA:1738,0
DA:1741,0
DA:1743,0
DA:1756,0
DA:1758,0
DA:1760,0
DA:1761,0
DA:1772,0
DA:1784,0
LF:486
LH:23
BRDA:82,0,0,1
BRDA:86,1,0,1
BRDA:125,2,0,0
BRDA:125,2,1,0
BRDA:126,3,0,0
BRDA:126,3,1,0
BRDA:127,4,0,0
BRDA:127,4,1,0
BRDA:128,5,0,0
BRDA:128,5,1,0
BRDA:144,6,0,1
BRDA:145,7,0,1
BRDA:147,8,0,1
BRDA:175,9,0,0
BRDA:179,10,0,0
BRDA:179,10,1,0
BRDA:183,11,0,0
BRDA:183,11,1,0
BRDA:185,12,0,0
BRDA:185,12,1,0
BRDA:186,13,0,0
BRDA:186,13,1,0
BRDA:187,14,0,0
BRDA:187,14,1,0
BRDA:188,15,0,0
BRDA:188,15,1,0
BRDA:189,16,0,0
BRDA:189,16,1,0
BRDA:190,17,0,0
BRDA:190,17,1,0
BRDA:191,18,0,0
BRDA:191,18,1,0
BRDA:192,19,0,0
BRDA:192,19,1,0
BRDA:193,20,0,0
BRDA:193,20,1,0
BRDA:203,21,0,0
BRDA:203,21,1,0
BRDA:231,22,0,1
BRDA:235,23,0,1
BRDA:271,24,0,0
BRDA:283,25,0,0
BRDA:283,25,1,0
BRDA:285,26,0,0
BRDA:285,26,1,0
BRDA:286,27,0,0
BRDA:286,27,1,0
BRDA:287,28,0,0
BRDA:287,28,1,0
BRDA:288,29,0,0
BRDA:288,29,1,0
BRDA:289,30,0,0
BRDA:289,30,1,0
BRDA:290,31,0,0
BRDA:290,31,1,0
BRDA:291,32,0,0
BRDA:291,32,1,0
BRDA:292,33,0,0
BRDA:292,33,1,0
BRDA:293,34,0,0
BRDA:293,34,1,0
BRDA:304,35,0,0
BRDA:323,36,0,0
BRDA:327,37,0,0
BRDA:332,38,0,0
BRDA:435,39,0,0
BRDA:439,40,0,0
BRDA:442,41,0,0
BRDA:442,41,1,0
BRDA:451,42,0,0
BRDA:451,42,1,0
BRDA:461,43,0,0
BRDA:461,44,0,0
BRDA:461,44,1,0
BRDA:477,45,0,0
BRDA:477,45,1,0
BRDA:482,46,0,0
BRDA:494,47,0,0
BRDA:494,47,1,0
BRDA:505,48,0,0
BRDA:505,48,1,0
BRDA:505,48,2,0
BRDA:505,48,3,0
BRDA:505,48,4,0
BRDA:505,48,5,0
BRDA:505,48,6,0
BRDA:505,48,7,0
BRDA:505,48,8,0
BRDA:505,48,9,0
BRDA:544,49,0,0
BRDA:549,50,0,0
BRDA:549,50,1,0
BRDA:560,51,0,0
BRDA:565,52,0,0
BRDA:565,52,1,0
BRDA:574,53,0,0
BRDA:579,54,0,0
BRDA:579,54,1,0
BRDA:588,55,0,0
BRDA:593,56,0,0
BRDA:593,56,1,0
BRDA:603,57,0,0
BRDA:616,58,0,0
BRDA:621,59,0,0
BRDA:621,59,1,0
BRDA:629,60,0,0
BRDA:629,61,0,0
BRDA:629,61,1,0
BRDA:635,62,0,0
BRDA:640,63,0,0
BRDA:640,63,1,0
BRDA:652,64,0,0
BRDA:657,65,0,0
BRDA:657,65,1,0
BRDA:670,66,0,0
BRDA:675,67,0,0
BRDA:675,67,1,0
BRDA:699,68,0,0
BRDA:699,68,1,0
BRDA:700,69,0,0
BRDA:700,69,1,0
BRDA:701,70,0,0
BRDA:701,70,1,0
BRDA:702,71,0,0
BRDA:702,71,1,0
BRDA:710,72,0,0
BRDA:730,73,0,0
BRDA:734,74,0,0
BRDA:754,75,0,0
BRDA:754,76,0,0
BRDA:754,76,1,0
BRDA:760,77,0,0
BRDA:765,78,0,0
BRDA:765,79,0,0
BRDA:765,79,1,0
BRDA:770,80,0,0
BRDA:777,81,0,0
BRDA:781,82,0,0
BRDA:781,83,0,0
BRDA:781,83,1,0
BRDA:786,84,0,0
BRDA:792,85,0,0
BRDA:792,85,1,0
BRDA:793,86,0,0
BRDA:793,86,1,0
BRDA:794,87,0,0
BRDA:794,87,1,0
BRDA:795,88,0,0
BRDA:795,88,1,0
BRDA:796,89,0,0
BRDA:796,89,1,0
BRDA:797,90,0,0
BRDA:797,90,1,0
BRDA:798,91,0,0
BRDA:798,91,1,0
BRDA:799,92,0,0
BRDA:799,92,1,0
BRDA:800,93,0,0
BRDA:800,93,1,0
BRDA:802,94,0,0
BRDA:813,95,0,0
BRDA:813,95,1,0
BRDA:816,96,0,0
BRDA:849,97,0,0
BRDA:849,97,1,0
BRDA:850,98,0,0
BRDA:850,98,1,0
BRDA:853,99,0,0
BRDA:853,100,0,0
BRDA:853,100,1,0
BRDA:857,101,0,0
BRDA:857,101,1,0
BRDA:862,102,0,0
BRDA:862,102,1,0
BRDA:872,103,0,0
BRDA:872,103,1,0
BRDA:881,104,0,0
BRDA:881,105,0,0
BRDA:881,105,1,0
BRDA:882,106,0,0
BRDA:882,107,0,0
BRDA:882,107,1,0
BRDA:901,108,0,0
BRDA:901,108,1,0
BRDA:941,109,0,0
BRDA:945,110,0,0
BRDA:958,111,0,0
BRDA:958,111,1,0
BRDA:962,112,0,0
BRDA:973,113,0,0
BRDA:980,114,0,0
BRDA:980,114,1,0
BRDA:981,115,0,0
BRDA:981,115,1,0
BRDA:982,116,0,0
BRDA:982,116,1,0
BRDA:983,117,0,0
BRDA:983,117,1,0
BRDA:984,118,0,0
BRDA:984,118,1,0
BRDA:985,119,0,0
BRDA:985,119,1,0
BRDA:986,120,0,0
BRDA:986,120,1,0
BRDA:987,121,0,0
BRDA:987,121,1,0
BRDA:988,122,0,0
BRDA:988,122,1,0
BRDA:990,123,0,0
BRDA:990,123,1,0
BRDA:1002,124,0,0
BRDA:1002,124,1,0
BRDA:1005,125,0,0
BRDA:1012,126,0,0
BRDA:1012,127,0,0
BRDA:1012,127,1,0
BRDA:1018,128,0,0
BRDA:1018,128,1,0
BRDA:1032,129,0,0
BRDA:1032,129,1,0
BRDA:1055,130,0,0
BRDA:1055,130,1,0
BRDA:1059,131,0,0
BRDA:1059,131,1,0
BRDA:1060,132,0,0
BRDA:1060,132,1,0
BRDA:1101,133,0,0
BRDA:1105,134,0,0
BRDA:1120,135,0,0
BRDA:1120,135,1,0
BRDA:1142,136,0,0
BRDA:1149,137,0,0
BRDA:1164,138,0,0
BRDA:1171,139,0,0
BRDA:1186,140,0,0
BRDA:1186,140,1,0
BRDA:1191,141,0,0
BRDA:1191,141,1,0
BRDA:1196,142,0,0
BRDA:1198,143,0,0
BRDA:1198,143,1,0
BRDA:1204,144,0,0
BRDA:1212,145,0,0
BRDA:1212,145,1,0
BRDA:1213,146,0,0
BRDA:1213,146,1,0
BRDA:1214,147,0,0
BRDA:1214,147,1,0
BRDA:1214,147,2,0
BRDA:1215,148,0,0
BRDA:1215,148,1,0
BRDA:1219,149,0,0
BRDA:1219,149,1,0
BRDA:1223,150,0,0
BRDA:1224,151,0,0
BRDA:1226,152,0,0
BRDA:1226,152,1,0
BRDA:1252,153,0,0
BRDA:1252,153,1,0
BRDA:1277,154,0,0
BRDA:1277,154,1,0
BRDA:1291,155,0,0
BRDA:1291,156,0,0
BRDA:1305,157,0,0
BRDA:1310,158,0,0
BRDA:1314,159,0,0
BRDA:1314,159,1,0
BRDA:1314,159,2,0
BRDA:1314,159,3,0
BRDA:1336,160,0,0
BRDA:1358,161,0,0
BRDA:1358,161,1,0
BRDA:1359,162,0,0
BRDA:1359,162,1,0
BRDA:1364,163,0,0
BRDA:1364,163,1,0
BRDA:1365,164,0,0
BRDA:1365,164,1,0
BRDA:1366,165,0,0
BRDA:1366,165,1,0
BRDA:1367,166,0,0
BRDA:1367,166,1,0
BRDA:1377,167,0,0
BRDA:1377,167,1,0
BRDA:1392,168,0,0
BRDA:1392,168,1,0
BRDA:1393,169,0,0
BRDA:1393,169,1,0
BRDA:1418,170,0,0
BRDA:1445,171,0,0
BRDA:1450,172,0,0
BRDA:1456,173,0,0
BRDA:1462,174,0,0
BRDA:1462,174,1,0
BRDA:1462,175,0,0
BRDA:1462,175,1,0
BRDA:1469,176,0,0
BRDA:1469,176,1,0
BRDA:1472,177,0,0
BRDA:1472,177,1,0
BRDA:1482,178,0,0
BRDA:1482,178,1,0
BRDA:1508,179,0,0
BRDA:1530,180,0,0
BRDA:1534,181,0,0
BRDA:1540,182,0,0
BRDA:1558,183,0,0
BRDA:1558,183,1,0
BRDA:1558,184,0,0
BRDA:1558,184,1,0
BRDA:1562,185,0,0
BRDA:1562,185,1,0
BRDA:1567,186,0,0
BRDA:1567,186,1,0
BRDA:1570,187,0,0
BRDA:1570,187,1,0
BRDA:1580,188,0,0
BRDA:1580,188,1,0
BRDA:1585,189,0,0
BRDA:1585,189,1,0
BRDA:1591,190,0,0
BRDA:1634,191,0,0
BRDA:1638,192,0,0
BRDA:1642,193,0,0
BRDA:1642,193,1,0
BRDA:1643,194,0,0
BRDA:1643,194,1,0
BRDA:1673,195,0,0
BRDA:1673,195,1,0
BRDA:1674,196,0,0
BRDA:1674,196,1,0
BRDA:1674,197,0,0
BRDA:1674,197,1,0
BRDA:1677,198,0,0
BRDA:1688,199,0,0
BRDA:1708,200,0,0
BRDA:1708,200,1,0
BRDA:1709,201,0,0
BRDA:1709,201,1,0
BRDA:1710,202,0,0
BRDA:1710,202,1,0
BRDA:1711,203,0,0
BRDA:1711,203,1,0
BRDA:1712,204,0,0
BRDA:1712,204,1,0
BRDA:1713,205,0,0
BRDA:1713,205,1,0
BRDA:1714,206,0,0
BRDA:1714,206,1,0
BRDA:1715,207,0,0
BRDA:1715,207,1,0
BRDA:1721,208,0,0
BRDA:1721,208,1,0
BRDA:1722,209,0,0
BRDA:1722,209,1,0
BRDA:1723,210,0,0
BRDA:1723,210,1,0
BRDA:1724,211,0,0
BRDA:1724,211,1,0
BRDA:1725,212,0,0
BRDA:1725,212,1,0
BRDA:1726,213,0,0
BRDA:1726,213,1,0
BRDA:1727,214,0,0
BRDA:1727,214,1,0
BRDA:1728,215,0,0
BRDA:1728,215,1,0
BRDA:1730,216,0,0
BRDA:1730,216,1,0
BRDA:1731,217,0,0
BRDA:1731,217,1,0
BRDA:1732,218,0,0
BRDA:1732,218,1,0
BRDA:1733,219,0,0
BRDA:1733,219,1,0
BRDA:1734,220,0,0
BRDA:1734,220,1,0
BRDA:1735,221,0,0
BRDA:1735,221,1,0
BRDA:1736,222,0,0
BRDA:1736,222,1,0
BRDA:1737,223,0,0
BRDA:1737,223,1,0
BRDA:1745,224,0,0
BRDA:1745,224,1,0
BRDA:1746,225,0,0
BRDA:1746,225,1,0
BRDA:1747,226,0,0
BRDA:1747,226,1,0
BRDA:1764,227,0,0
BRDA:1764,227,1,0
BRDA:1765,228,0,0
BRDA:1765,228,1,0
BRDA:1784,229,0,0
BRDA:1784,229,1,0
BRDA:65,230,0,2
BRDA:65,230,1,0
BRDA:65,231,0,2
BRDA:65,231,1,2
BRDA:65,232,0,2
BRDA:65,232,1,0
BRDA:65,233,0,2
BRDA:65,233,1,2
BRF:403
BRH:13
end_of_record
TN:
SF:src/widgets/cache/widget-cache.service.ts
FN:10,(anonymous_1)
FN:17,(anonymous_2)
FN:36,(anonymous_3)
FN:47,(anonymous_4)
FN:54,(anonymous_5)
FN:61,(anonymous_6)
FN:85,(anonymous_7)
FN:97,(anonymous_8)
FN:105,(anonymous_9)
FN:112,(anonymous_10)
FNF:10
FNH:0
FNDA:0,(anonymous_1)
FNDA:0,(anonymous_2)
FNDA:0,(anonymous_3)
FNDA:0,(anonymous_4)
FNDA:0,(anonymous_5)
FNDA:0,(anonymous_6)
FNDA:0,(anonymous_7)
FNDA:0,(anonymous_8)
FNDA:0,(anonymous_9)
FNDA:0,(anonymous_10)
DA:1,2
DA:10,2
DA:11,0
DA:12,0
DA:18,0
DA:20,0
DA:21,0
DA:25,0
DA:26,0
DA:27,0
DA:30,0
DA:37,0
DA:48,0
DA:55,0
DA:62,0
DA:63,0
DA:64,0
DA:66,0
DA:67,0
DA:68,0
DA:70,0
DA:74,0
DA:86,0
DA:87,0
DA:88,0
DA:89,0
DA:99,0
DA:106,0
DA:107,0
DA:110,0
DA:112,0
DA:115,0
LF:32
LH:2
BRDA:20,0,0,0
BRDA:25,1,0,0
BRDA:36,2,0,0
BRDA:67,3,0,0
BRDA:67,3,1,0
BRDA:88,4,0,0
BRDA:99,5,0,0
BRDA:99,5,1,0
BRDA:106,6,0,0
BRF:9
BRH:0
end_of_record
TN:
SF:src/widgets/dto/inventory-analysis-response.dto.ts
FNF:0
FNH:0
DA:1,0
DA:14,0
DA:22,0
DA:31,0
LF:4
LH:0
BRF:0
BRH:0
end_of_record
TN:
SF:src/widgets/dto/inventory-ordered-analysis-query.dto.ts
FNF:0
FNH:0
DA:1,1
DA:2,1
DA:4,1
DA:10,1
DA:17,1
DA:25,1
DA:33,1
DA:43,1
LF:8
LH:8
BRF:0
BRH:0
end_of_record
TN:
SF:src/widgets/dto/inventory-ordered-analysis-response.dto.ts
FNF:0
FNH:0
DA:1,1
DA:3,1
DA:5,1
DA:11,1
DA:14,1
DA:17,1
DA:23,1
DA:26,1
DA:32,1
DA:35,1
DA:40,1
DA:46,1
DA:52,1
DA:58,1
DA:64,1
DA:70,1
DA:73,1
DA:78,1
DA:85,1
DA:88,1
DA:93,1
DA:99,1
DA:106,1
DA:112,1
DA:119,1
LF:25
LH:25
BRF:0
BRH:0
end_of_record
TN:
SF:src/widgets/dto/inventory-response.dto.ts
FNF:0
FNH:0
DA:1,0
DA:14,0
LF:2
LH:0
BRF:0
BRH:0
end_of_record
TN:
SF:src/widgets/dto/product-distribution-query.dto.ts
FN:4,(anonymous_2)
FN:9,(anonymous_3)
FNF:2
FNH:0
FNDA:0,(anonymous_2)
FNDA:0,(anonymous_3)
DA:1,1
DA:2,1
DA:4,1
DA:9,0
DA:10,1
LF:5
LH:4
BRF:0
BRH:0
end_of_record
TN:
SF:src/widgets/dto/product-distribution-response.dto.ts
FNF:0
FNH:0
DA:1,1
DA:3,1
DA:5,1
DA:8,1
DA:11,1
DA:14,1
DA:17,1
DA:19,1
DA:22,1
DA:25,1
DA:28,1
DA:31,1
DA:36,1
DA:39,1
DA:42,1
DA:45,1
LF:16
LH:16
BRF:0
BRH:0
end_of_record
TN:
SF:src/widgets/dto/production-details-query.dto.ts
FN:12,(anonymous_2)
FN:56,(anonymous_3)
FNF:2
FNH:0
FNDA:0,(anonymous_2)
FNDA:0,(anonymous_3)
DA:1,1
DA:9,1
DA:10,1
DA:12,1
DA:19,1
DA:27,1
DA:36,1
DA:45,1
DA:56,0
DA:59,1
LF:10
LH:9
BRF:0
BRH:0
end_of_record
TN:
SF:src/widgets/dto/production-details-response.dto.ts
FNF:0
FNH:0
DA:1,1
DA:3,1
DA:8,1
DA:14,1
DA:20,1
DA:26,1
DA:32,1
DA:38,1
DA:44,1
DA:50,1
DA:56,1
DA:62,1
DA:65,1
DA:70,1
DA:76,1
DA:82,1
DA:88,1
DA:94,1
DA:100,1
DA:103,1
DA:108,1
DA:114,1
DA:120,1
LF:23
LH:23
BRDA:88,0,0,0
BRDA:88,0,1,1
BRDA:88,1,0,1
BRDA:88,1,1,0
BRF:4
BRH:2
end_of_record
TN:
SF:src/widgets/dto/query.dto.ts
FNF:0
FNH:0
DA:1,1
DA:3,1
DA:6,1
DA:10,1
DA:13,1
DA:16,1
DA:20,1
DA:24,1
LF:8
LH:8
BRF:0
BRH:0
end_of_record
TN:
SF:src/widgets/dto/staff-workload-query.dto.ts
FNF:0
FNH:0
DA:1,1
DA:2,1
DA:4,1
DA:11,1
DA:19,1
DA:28,1
DA:37,1
DA:46,1
LF:8
LH:8
BRF:0
BRH:0
end_of_record
TN:
SF:src/widgets/dto/staff-workload-response.dto.ts
FNF:0
FNH:0
DA:1,1
DA:3,1
DA:8,1
DA:14,1
DA:20,1
DA:26,1
DA:32,1
DA:38,1
DA:41,1
DA:46,1
DA:52,1
DA:58,1
DA:64,1
DA:70,1
DA:76,1
DA:79,1
DA:84,1
DA:90,1
DA:96,1
DA:102,1
DA:105,1
DA:110,1
DA:116,1
DA:122,1
DA:128,1
LF:25
LH:25
BRDA:84,0,0,0
BRDA:84,0,1,1
BRDA:84,1,0,1
BRDA:84,1,1,0
BRF:4
BRH:2
end_of_record
TN:
SF:src/widgets/dto/stats-card-query.dto.ts
FN:4,(anonymous_2)
FNF:1
FNH:1
FNDA:2,(anonymous_2)
DA:1,2
DA:2,2
DA:4,2
DA:5,2
DA:6,2
DA:7,2
DA:8,2
DA:9,2
DA:10,2
DA:11,2
DA:12,2
DA:13,2
DA:16,2
DA:23,2
DA:32,2
DA:41,2
DA:50,2
DA:59,2
LF:18
LH:18
BRDA:4,0,0,2
BRDA:4,0,1,2
BRF:2
BRH:2
end_of_record
TN:
SF:src/widgets/dto/stats-card-response.dto.ts
FNF:0
FNH:0
DA:1,1
DA:3,1
DA:8,1
DA:14,1
DA:20,1
DA:26,1
DA:32,1
DA:35,1
DA:40,1
DA:47,1
DA:55,1
DA:62,1
DA:68,1
DA:74,1
LF:14
LH:14
BRF:0
BRH:0
end_of_record
TN:
SF:src/widgets/dto/stats-response.dto.ts
FNF:0
FNH:0
DA:1,0
LF:1
LH:0
BRF:0
BRH:0
end_of_record
TN:
SF:src/widgets/dto/stock-distribution-query.dto.ts
FN:5,(anonymous_2)
FN:37,(anonymous_3)
FN:49,(anonymous_4)
FN:61,(anonymous_5)
FNF:4
FNH:0
FNDA:0,(anonymous_2)
FNDA:0,(anonymous_3)
FNDA:0,(anonymous_4)
FNDA:0,(anonymous_5)
DA:1,0
DA:2,0
DA:3,0
DA:5,0
DA:24,0
DA:37,0
DA:38,0
DA:49,0
DA:50,0
DA:61,0
DA:62,0
DA:70,0
LF:12
LH:0
BRF:0
BRH:0
end_of_record
TN:
SF:src/widgets/dto/stock-distribution-response.dto.ts
FNF:0
FNH:0
DA:1,0
DA:3,0
DA:8,0
DA:14,0
DA:20,0
DA:26,0
DA:32,0
DA:38,0
DA:44,0
DA:50,0
DA:56,0
DA:62,0
DA:65,0
DA:70,0
DA:76,0
DA:82,0
DA:88,0
DA:94,0
DA:100,0
DA:106,0
DA:109,0
DA:129,0
DA:136,0
DA:142,0
DA:148,0
LF:25
LH:0
BRF:0
BRH:0
end_of_record
TN:
SF:src/widgets/dto/top-products-by-quantity-query.dto.ts
FN:5,(anonymous_2)
FN:15,(anonymous_3)
FNF:2
FNH:0
FNDA:0,(anonymous_2)
FNDA:0,(anonymous_3)
DA:1,1
DA:2,1
DA:3,1
DA:5,1
DA:15,0
DA:18,1
DA:27,1
DA:37,1
DA:46,1
LF:9
LH:8
BRF:0
BRH:0
end_of_record
TN:
SF:src/widgets/dto/top-products-by-quantity-response.dto.ts
FNF:0
FNH:0
DA:1,1
DA:3,1
DA:8,1
DA:14,1
DA:20,1
DA:27,1
DA:34,1
DA:40,1
DA:46,1
DA:49,1
DA:54,1
DA:60,1
DA:66,1
DA:72,1
DA:78,1
DA:81,1
DA:86,1
DA:92,1
DA:98,1
LF:19
LH:19
BRDA:60,0,0,0
BRDA:60,0,1,1
BRDA:60,1,0,1
BRDA:60,1,1,0
BRF:4
BRH:2
end_of_record
TN:
SF:src/widgets/dto/transaction-report-query.dto.ts
FNF:0
FNH:0
DA:1,1
DA:3,1
DA:5,1
DA:8,1
DA:11,1
LF:5
LH:5
BRF:0
BRH:0
end_of_record
TN:
SF:src/widgets/dto/transaction-report-response.dto.ts
FNF:0
FNH:0
DA:1,1
DA:3,1
DA:5,1
DA:8,1
DA:11,1
DA:14,1
DA:17,1
DA:20,1
DA:23,1
DA:26,1
DA:29,1
DA:32,1
DA:35,1
DA:38,1
DA:40,1
DA:43,1
DA:46,1
DA:49,1
DA:52,1
DA:55,1
DA:57,1
DA:60,1
DA:63,1
DA:66,1
DA:69,1
DA:72,1
DA:77,1
DA:80,1
DA:83,1
DA:86,1
DA:89,1
LF:31
LH:31
BRDA:52,0,0,0
BRDA:52,0,1,1
BRDA:52,1,0,1
BRDA:52,1,1,0
BRF:4
BRH:2
end_of_record
TN:
SF:src/widgets/guards/widget-permissions.guard.ts
FN:23,(anonymous_1)
FN:28,(anonymous_2)
FNF:2
FNH:1
FNDA:12,(anonymous_1)
FNDA:0,(anonymous_2)
DA:1,1
DA:21,1
DA:23,1
DA:24,12
DA:27,1
DA:31,0
DA:32,0
DA:34,0
DA:35,0
DA:38,0
DA:43,1
LF:11
LH:6
BRDA:34,0,0,0
BRF:1
BRH:0
end_of_record
