{"total": {"lines":{"total":32994,"covered":719,"skipped":0,"pct":2.17},"statements":{"total":35484,"covered":753,"skipped":0,"pct":2.12},"functions":{"total":6788,"covered":164,"skipped":0,"pct":2.41},"branches":{"total":17123,"covered":221,"skipped":0,"pct":1.29},"branchesTrue":{"total":0,"covered":0,"skipped":0,"pct":100}}
,"/Users/kwanchuncheong/NewPennine/app/ClientLayout.tsx": {"lines":{"total":8,"covered":0,"skipped":0,"pct":0},"functions":{"total":3,"covered":0,"skipped":0,"pct":0},"statements":{"total":8,"covered":0,"skipped":0,"pct":0},"branches":{"total":1,"covered":0,"skipped":0,"pct":0}}
,"/Users/kwanchuncheong/NewPennine/app/layout.tsx": {"lines":{"total":6,"covered":0,"skipped":0,"pct":0},"functions":{"total":1,"covered":0,"skipped":0,"pct":0},"statements":{"total":7,"covered":0,"skipped":0,"pct":0},"branches":{"total":0,"covered":0,"skipped":0,"pct":100}}
,"/Users/kwanchuncheong/NewPennine/app/not-found.tsx": {"lines":{"total":2,"covered":0,"skipped":0,"pct":0},"functions":{"total":1,"covered":0,"skipped":0,"pct":0},"statements":{"total":2,"covered":0,"skipped":0,"pct":0},"branches":{"total":0,"covered":0,"skipped":0,"pct":100}}
,"/Users/kwanchuncheong/NewPennine/app/page.tsx": {"lines":{"total":3,"covered":0,"skipped":0,"pct":0},"functions":{"total":1,"covered":0,"skipped":0,"pct":0},"statements":{"total":3,"covered":0,"skipped":0,"pct":0},"branches":{"total":0,"covered":0,"skipped":0,"pct":100}}
,"/Users/kwanchuncheong/NewPennine/app/access/page.tsx": {"lines":{"total":52,"covered":0,"skipped":0,"pct":0},"functions":{"total":9,"covered":0,"skipped":0,"pct":0},"statements":{"total":53,"covered":0,"skipped":0,"pct":0},"branches":{"total":18,"covered":0,"skipped":0,"pct":0}}
,"/Users/kwanchuncheong/NewPennine/app/actions/authActions.ts": {"lines":{"total":112,"covered":0,"skipped":0,"pct":0},"functions":{"total":4,"covered":0,"skipped":0,"pct":0},"statements":{"total":113,"covered":0,"skipped":0,"pct":0},"branches":{"total":110,"covered":0,"skipped":0,"pct":0}}
,"/Users/kwanchuncheong/NewPennine/app/actions/grnActions.ts": {"lines":{"total":173,"covered":0,"skipped":0,"pct":0},"functions":{"total":7,"covered":0,"skipped":0,"pct":0},"statements":{"total":174,"covered":0,"skipped":0,"pct":0},"branches":{"total":127,"covered":0,"skipped":0,"pct":0}}
,"/Users/kwanchuncheong/NewPennine/app/actions/newReportActions.ts": {"lines":{"total":27,"covered":0,"skipped":0,"pct":0},"functions":{"total":5,"covered":0,"skipped":0,"pct":0},"statements":{"total":34,"covered":0,"skipped":0,"pct":0},"branches":{"total":34,"covered":0,"skipped":0,"pct":0}}
,"/Users/kwanchuncheong/NewPennine/app/actions/orderLoadingActions.ts": {"lines":{"total":66,"covered":0,"skipped":0,"pct":0},"functions":{"total":3,"covered":0,"skipped":0,"pct":0},"statements":{"total":66,"covered":0,"skipped":0,"pct":0},"branches":{"total":47,"covered":0,"skipped":0,"pct":0}}
,"/Users/kwanchuncheong/NewPennine/app/actions/palletActions.ts": {"lines":{"total":10,"covered":0,"skipped":0,"pct":0},"functions":{"total":1,"covered":0,"skipped":0,"pct":0},"statements":{"total":10,"covered":0,"skipped":0,"pct":0},"branches":{"total":5,"covered":0,"skipped":0,"pct":0}}
,"/Users/kwanchuncheong/NewPennine/app/actions/productActions.ts": {"lines":{"total":137,"covered":0,"skipped":0,"pct":0},"functions":{"total":9,"covered":0,"skipped":0,"pct":0},"statements":{"total":138,"covered":0,"skipped":0,"pct":0},"branches":{"total":71,"covered":0,"skipped":0,"pct":0}}
,"/Users/kwanchuncheong/NewPennine/app/actions/qcActions.ts": {"lines":{"total":197,"covered":0,"skipped":0,"pct":0},"functions":{"total":19,"covered":0,"skipped":0,"pct":0},"statements":{"total":208,"covered":0,"skipped":0,"pct":0},"branches":{"total":97,"covered":0,"skipped":0,"pct":0}}
,"/Users/kwanchuncheong/NewPennine/app/actions/reportActions.ts": {"lines":{"total":271,"covered":0,"skipped":0,"pct":0},"functions":{"total":35,"covered":0,"skipped":0,"pct":0},"statements":{"total":283,"covered":0,"skipped":0,"pct":0},"branches":{"total":234,"covered":0,"skipped":0,"pct":0}}
,"/Users/kwanchuncheong/NewPennine/app/actions/schemas.ts": {"lines":{"total":4,"covered":0,"skipped":0,"pct":0},"functions":{"total":1,"covered":0,"skipped":0,"pct":0},"statements":{"total":6,"covered":0,"skipped":0,"pct":0},"branches":{"total":0,"covered":0,"skipped":0,"pct":100}}
,"/Users/kwanchuncheong/NewPennine/app/actions/storageActions.ts": {"lines":{"total":15,"covered":0,"skipped":0,"pct":0},"functions":{"total":1,"covered":0,"skipped":0,"pct":0},"statements":{"total":15,"covered":0,"skipped":0,"pct":0},"branches":{"total":8,"covered":0,"skipped":0,"pct":0}}
,"/Users/kwanchuncheong/NewPennine/app/admin/layout.tsx": {"lines":{"total":4,"covered":0,"skipped":0,"pct":0},"functions":{"total":1,"covered":0,"skipped":0,"pct":0},"statements":{"total":4,"covered":0,"skipped":0,"pct":0},"branches":{"total":0,"covered":0,"skipped":0,"pct":100}}
,"/Users/kwanchuncheong/NewPennine/app/admin/page.tsx": {"lines":{"total":3,"covered":0,"skipped":0,"pct":0},"functions":{"total":1,"covered":0,"skipped":0,"pct":0},"statements":{"total":3,"covered":0,"skipped":0,"pct":0},"branches":{"total":0,"covered":0,"skipped":0,"pct":100}}
,"/Users/kwanchuncheong/NewPennine/app/admin/[theme]/page.tsx": {"lines":{"total":6,"covered":0,"skipped":0,"pct":0},"functions":{"total":2,"covered":0,"skipped":0,"pct":0},"statements":{"total":6,"covered":0,"skipped":0,"pct":0},"branches":{"total":0,"covered":0,"skipped":0,"pct":100}}
,"/Users/kwanchuncheong/NewPennine/app/admin/components/AdminErrorBoundary.tsx": {"lines":{"total":11,"covered":0,"skipped":0,"pct":0},"functions":{"total":6,"covered":0,"skipped":0,"pct":0},"statements":{"total":11,"covered":0,"skipped":0,"pct":0},"branches":{"total":3,"covered":0,"skipped":0,"pct":0}}
,"/Users/kwanchuncheong/NewPennine/app/admin/components/AdminHeader.tsx": {"lines":{"total":13,"covered":0,"skipped":0,"pct":0},"functions":{"total":3,"covered":0,"skipped":0,"pct":0},"statements":{"total":13,"covered":0,"skipped":0,"pct":0},"branches":{"total":0,"covered":0,"skipped":0,"pct":100}}
,"/Users/kwanchuncheong/NewPennine/app/admin/components/NewAdminDashboard.tsx": {"lines":{"total":25,"covered":0,"skipped":0,"pct":0},"functions":{"total":2,"covered":0,"skipped":0,"pct":0},"statements":{"total":25,"covered":0,"skipped":0,"pct":0},"branches":{"total":19,"covered":0,"skipped":0,"pct":0}}
,"/Users/kwanchuncheong/NewPennine/app/admin/components/PerformanceMonitor.tsx": {"lines":{"total":21,"covered":0,"skipped":0,"pct":0},"functions":{"total":7,"covered":0,"skipped":0,"pct":0},"statements":{"total":23,"covered":0,"skipped":0,"pct":0},"branches":{"total":12,"covered":0,"skipped":0,"pct":0}}
,"/Users/kwanchuncheong/NewPennine/app/admin/components/AcoOrderProgress/index.tsx": {"lines":{"total":37,"covered":0,"skipped":0,"pct":0},"functions":{"total":12,"covered":0,"skipped":0,"pct":0},"statements":{"total":38,"covered":0,"skipped":0,"pct":0},"branches":{"total":32,"covered":0,"skipped":0,"pct":0}}
,"/Users/kwanchuncheong/NewPennine/app/admin/components/QuickSearch/index.tsx": {"lines":{"total":16,"covered":0,"skipped":0,"pct":0},"functions":{"total":4,"covered":0,"skipped":0,"pct":0},"statements":{"total":17,"covered":0,"skipped":0,"pct":0},"branches":{"total":8,"covered":0,"skipped":0,"pct":0}}
,"/Users/kwanchuncheong/NewPennine/app/admin/components/StatsCard/index.tsx": {"lines":{"total":21,"covered":0,"skipped":0,"pct":0},"functions":{"total":7,"covered":0,"skipped":0,"pct":0},"statements":{"total":22,"covered":0,"skipped":0,"pct":0},"branches":{"total":10,"covered":0,"skipped":0,"pct":0}}
,"/Users/kwanchuncheong/NewPennine/app/admin/components/dashboard/AdminDashboardContent.tsx": {"lines":{"total":36,"covered":0,"skipped":0,"pct":0},"functions":{"total":29,"covered":0,"skipped":0,"pct":0},"statements":{"total":54,"covered":0,"skipped":0,"pct":0},"branches":{"total":6,"covered":0,"skipped":0,"pct":0}}
,"/Users/kwanchuncheong/NewPennine/app/admin/components/dashboard/AdminWidgetRenderer.tsx": {"lines":{"total":626,"covered":0,"skipped":0,"pct":0},"functions":{"total":226,"covered":0,"skipped":0,"pct":0},"statements":{"total":752,"covered":0,"skipped":0,"pct":0},"branches":{"total":465,"covered":0,"skipped":0,"pct":0}}
,"/Users/kwanchuncheong/NewPennine/app/admin/components/dashboard/AnalysisLayout.tsx": {"lines":{"total":6,"covered":0,"skipped":0,"pct":0},"functions":{"total":1,"covered":0,"skipped":0,"pct":0},"statements":{"total":7,"covered":0,"skipped":0,"pct":0},"branches":{"total":0,"covered":0,"skipped":0,"pct":100}}
,"/Users/kwanchuncheong/NewPennine/app/admin/components/dashboard/ChartWrapper.tsx": {"lines":{"total":3,"covered":0,"skipped":0,"pct":0},"functions":{"total":1,"covered":0,"skipped":0,"pct":0},"statements":{"total":3,"covered":0,"skipped":0,"pct":0},"branches":{"total":1,"covered":0,"skipped":0,"pct":0}}
,"/Users/kwanchuncheong/NewPennine/app/admin/components/dashboard/CustomThemeLayout.tsx": {"lines":{"total":9,"covered":0,"skipped":0,"pct":0},"functions":{"total":1,"covered":0,"skipped":0,"pct":0},"statements":{"total":10,"covered":0,"skipped":0,"pct":0},"branches":{"total":4,"covered":0,"skipped":0,"pct":0}}
,"/Users/kwanchuncheong/NewPennine/app/admin/components/dashboard/LazyWidgetLoader.tsx": {"lines":{"total":18,"covered":0,"skipped":0,"pct":0},"functions":{"total":5,"covered":0,"skipped":0,"pct":0},"statements":{"total":20,"covered":0,"skipped":0,"pct":0},"branches":{"total":8,"covered":0,"skipped":0,"pct":0}}
,"/Users/kwanchuncheong/NewPennine/app/admin/components/dashboard/LazyWidgetRegistry.tsx": {"lines":{"total":153,"covered":0,"skipped":0,"pct":0},"functions":{"total":138,"covered":0,"skipped":0,"pct":0},"statements":{"total":229,"covered":0,"skipped":0,"pct":0},"branches":{"total":50,"covered":0,"skipped":0,"pct":0}}
,"/Users/kwanchuncheong/NewPennine/app/admin/components/dashboard/StockManagementLayout.tsx": {"lines":{"total":6,"covered":0,"skipped":0,"pct":0},"functions":{"total":1,"covered":0,"skipped":0,"pct":0},"statements":{"total":7,"covered":0,"skipped":0,"pct":0},"branches":{"total":0,"covered":0,"skipped":0,"pct":100}}
,"/Users/kwanchuncheong/NewPennine/app/admin/components/dashboard/SystemLayout.tsx": {"lines":{"total":6,"covered":0,"skipped":0,"pct":0},"functions":{"total":1,"covered":0,"skipped":0,"pct":0},"statements":{"total":7,"covered":0,"skipped":0,"pct":0},"branches":{"total":0,"covered":0,"skipped":0,"pct":100}}
,"/Users/kwanchuncheong/NewPennine/app/admin/components/dashboard/UnifiedWidgetLayout.tsx": {"lines":{"total":8,"covered":0,"skipped":0,"pct":0},"functions":{"total":4,"covered":0,"skipped":0,"pct":0},"statements":{"total":8,"covered":0,"skipped":0,"pct":0},"branches":{"total":9,"covered":0,"skipped":0,"pct":0}}
,"/Users/kwanchuncheong/NewPennine/app/admin/components/dashboard/UniversalWidgetCard.tsx": {"lines":{"total":6,"covered":0,"skipped":0,"pct":0},"functions":{"total":2,"covered":0,"skipped":0,"pct":0},"statements":{"total":6,"covered":0,"skipped":0,"pct":0},"branches":{"total":6,"covered":0,"skipped":0,"pct":0}}
,"/Users/kwanchuncheong/NewPennine/app/admin/components/dashboard/UploadLayout.tsx": {"lines":{"total":7,"covered":0,"skipped":0,"pct":0},"functions":{"total":2,"covered":0,"skipped":0,"pct":0},"statements":{"total":8,"covered":0,"skipped":0,"pct":0},"branches":{"total":0,"covered":0,"skipped":0,"pct":100}}
,"/Users/kwanchuncheong/NewPennine/app/admin/components/dashboard/UploadUpdateLayout.tsx": {"lines":{"total":7,"covered":0,"skipped":0,"pct":0},"functions":{"total":1,"covered":0,"skipped":0,"pct":0},"statements":{"total":8,"covered":0,"skipped":0,"pct":0},"branches":{"total":4,"covered":0,"skipped":0,"pct":0}}
,"/Users/kwanchuncheong/NewPennine/app/admin/components/dashboard/WidgetCard.tsx": {"lines":{"total":5,"covered":0,"skipped":0,"pct":0},"functions":{"total":1,"covered":0,"skipped":0,"pct":0},"statements":{"total":5,"covered":0,"skipped":0,"pct":0},"branches":{"total":6,"covered":0,"skipped":0,"pct":0}}
,"/Users/kwanchuncheong/NewPennine/app/admin/components/dashboard/WidgetTypography.tsx": {"lines":{"total":18,"covered":0,"skipped":0,"pct":0},"functions":{"total":6,"covered":0,"skipped":0,"pct":0},"statements":{"total":20,"covered":0,"skipped":0,"pct":0},"branches":{"total":22,"covered":0,"skipped":0,"pct":0}}
,"/Users/kwanchuncheong/NewPennine/app/admin/components/dashboard/adminDashboardLayouts.ts": {"lines":{"total":2,"covered":0,"skipped":0,"pct":0},"functions":{"total":0,"covered":0,"skipped":0,"pct":100},"statements":{"total":3,"covered":0,"skipped":0,"pct":0},"branches":{"total":0,"covered":0,"skipped":0,"pct":100}}
,"/Users/kwanchuncheong/NewPennine/app/admin/components/dashboard/charts/AcoOrderProgressCards.tsx": {"lines":{"total":32,"covered":0,"skipped":0,"pct":0},"functions":{"total":10,"covered":0,"skipped":0,"pct":0},"statements":{"total":35,"covered":0,"skipped":0,"pct":0},"branches":{"total":9,"covered":0,"skipped":0,"pct":0}}
,"/Users/kwanchuncheong/NewPennine/app/admin/components/dashboard/charts/AcoOrderProgressChart.tsx": {"lines":{"total":26,"covered":0,"skipped":0,"pct":0},"functions":{"total":6,"covered":0,"skipped":0,"pct":0},"statements":{"total":29,"covered":0,"skipped":0,"pct":0},"branches":{"total":13,"covered":0,"skipped":0,"pct":0}}
,"/Users/kwanchuncheong/NewPennine/app/admin/components/dashboard/charts/InventoryTurnoverAnalysis.tsx": {"lines":{"total":45,"covered":0,"skipped":0,"pct":0},"functions":{"total":11,"covered":0,"skipped":0,"pct":0},"statements":{"total":49,"covered":0,"skipped":0,"pct":0},"branches":{"total":72,"covered":0,"skipped":0,"pct":0}}
,"/Users/kwanchuncheong/NewPennine/app/admin/components/dashboard/charts/RealTimeInventoryMap.tsx": {"lines":{"total":44,"covered":0,"skipped":0,"pct":0},"functions":{"total":11,"covered":0,"skipped":0,"pct":0},"statements":{"total":50,"covered":0,"skipped":0,"pct":0},"branches":{"total":18,"covered":0,"skipped":0,"pct":0}}
,"/Users/kwanchuncheong/NewPennine/app/admin/components/dashboard/charts/StocktakeAccuracyTrend.tsx": {"lines":{"total":37,"covered":0,"skipped":0,"pct":0},"functions":{"total":13,"covered":0,"skipped":0,"pct":0},"statements":{"total":40,"covered":0,"skipped":0,"pct":0},"branches":{"total":29,"covered":0,"skipped":0,"pct":0}}
,"/Users/kwanchuncheong/NewPennine/app/admin/components/dashboard/charts/TopProductsInventoryChart.tsx": {"lines":{"total":38,"covered":0,"skipped":0,"pct":0},"functions":{"total":8,"covered":0,"skipped":0,"pct":0},"statements":{"total":39,"covered":0,"skipped":0,"pct":0},"branches":{"total":45,"covered":0,"skipped":0,"pct":0}}
,"/Users/kwanchuncheong/NewPennine/app/admin/components/dashboard/charts/UserActivityHeatmap.tsx": {"lines":{"total":47,"covered":0,"skipped":0,"pct":0},"functions":{"total":14,"covered":0,"skipped":0,"pct":0},"statements":{"total":56,"covered":0,"skipped":0,"pct":0},"branches":{"total":15,"covered":0,"skipped":0,"pct":0}}
,"/Users/kwanchuncheong/NewPennine/app/admin/components/dashboard/charts/VoidRecordsAnalysis.tsx": {"lines":{"total":40,"covered":0,"skipped":0,"pct":0},"functions":{"total":13,"covered":0,"skipped":0,"pct":0},"statements":{"total":42,"covered":0,"skipped":0,"pct":0},"branches":{"total":27,"covered":0,"skipped":0,"pct":0}}
,"/Users/kwanchuncheong/NewPennine/app/admin/components/dashboard/widgets/AcoOrderProgressWidget.tsx": {"lines":{"total":60,"covered":0,"skipped":0,"pct":0},"functions":{"total":15,"covered":0,"skipped":0,"pct":0},"statements":{"total":65,"covered":0,"skipped":0,"pct":0},"branches":{"total":37,"covered":0,"skipped":0,"pct":0}}
,"/Users/kwanchuncheong/NewPennine/app/admin/components/dashboard/widgets/AcoOrderReportWidget.tsx": {"lines":{"total":49,"covered":0,"skipped":0,"pct":0},"functions":{"total":7,"covered":0,"skipped":0,"pct":0},"statements":{"total":51,"covered":0,"skipped":0,"pct":0},"branches":{"total":23,"covered":0,"skipped":0,"pct":0}}
,"/Users/kwanchuncheong/NewPennine/app/admin/components/dashboard/widgets/AnalysisExpandableCards.tsx": {"lines":{"total":23,"covered":0,"skipped":0,"pct":0},"functions":{"total":5,"covered":0,"skipped":0,"pct":0},"statements":{"total":24,"covered":0,"skipped":0,"pct":0},"branches":{"total":29,"covered":0,"skipped":0,"pct":0}}
,"/Users/kwanchuncheong/NewPennine/app/admin/components/dashboard/widgets/AnalysisPagedWidget.tsx": {"lines":{"total":40,"covered":0,"skipped":0,"pct":0},"functions":{"total":10,"covered":0,"skipped":0,"pct":0},"statements":{"total":45,"covered":0,"skipped":0,"pct":0},"branches":{"total":25,"covered":0,"skipped":0,"pct":0}}
,"/Users/kwanchuncheong/NewPennine/app/admin/components/dashboard/widgets/AnalysisPagedWidgetV2.tsx": {"lines":{"total":27,"covered":0,"skipped":0,"pct":0},"functions":{"total":5,"covered":0,"skipped":0,"pct":0},"statements":{"total":29,"covered":0,"skipped":0,"pct":0},"branches":{"total":42,"covered":0,"skipped":0,"pct":0}}
,"/Users/kwanchuncheong/NewPennine/app/admin/components/dashboard/widgets/AnalyticsDashboardWidget.tsx": {"lines":{"total":4,"covered":0,"skipped":0,"pct":0},"functions":{"total":1,"covered":0,"skipped":0,"pct":0},"statements":{"total":5,"covered":0,"skipped":0,"pct":0},"branches":{"total":0,"covered":0,"skipped":0,"pct":100}}
,"/Users/kwanchuncheong/NewPennine/app/admin/components/dashboard/widgets/AvailableSoonWidget.tsx": {"lines":{"total":7,"covered":0,"skipped":0,"pct":0},"functions":{"total":1,"covered":0,"skipped":0,"pct":0},"statements":{"total":7,"covered":0,"skipped":0,"pct":0},"branches":{"total":3,"covered":0,"skipped":0,"pct":0}}
,"/Users/kwanchuncheong/NewPennine/app/admin/components/dashboard/widgets/AwaitLocationQtyWidget.tsx": {"lines":{"total":37,"covered":0,"skipped":0,"pct":0},"functions":{"total":5,"covered":0,"skipped":0,"pct":0},"statements":{"total":39,"covered":0,"skipped":0,"pct":0},"branches":{"total":20,"covered":0,"skipped":0,"pct":0}}
,"/Users/kwanchuncheong/NewPennine/app/admin/components/dashboard/widgets/EmptyPlaceholderWidget.tsx": {"lines":{"total":3,"covered":0,"skipped":0,"pct":0},"functions":{"total":1,"covered":0,"skipped":0,"pct":0},"statements":{"total":4,"covered":0,"skipped":0,"pct":0},"branches":{"total":1,"covered":0,"skipped":0,"pct":0}}
,"/Users/kwanchuncheong/NewPennine/app/admin/components/dashboard/widgets/Folder3D.tsx": {"lines":{"total":6,"covered":0,"skipped":0,"pct":0},"functions":{"total":2,"covered":0,"skipped":0,"pct":0},"statements":{"total":8,"covered":0,"skipped":0,"pct":0},"branches":{"total":7,"covered":0,"skipped":0,"pct":0}}
,"/Users/kwanchuncheong/NewPennine/app/admin/components/dashboard/widgets/GoogleDriveUploadToast.tsx": {"lines":{"total":10,"covered":0,"skipped":0,"pct":0},"functions":{"total":6,"covered":0,"skipped":0,"pct":0},"statements":{"total":15,"covered":0,"skipped":0,"pct":0},"branches":{"total":15,"covered":0,"skipped":0,"pct":0}}
,"/Users/kwanchuncheong/NewPennine/app/admin/components/dashboard/widgets/GrnReportWidget.tsx": {"lines":{"total":166,"covered":0,"skipped":0,"pct":0},"functions":{"total":20,"covered":0,"skipped":0,"pct":0},"statements":{"total":171,"covered":0,"skipped":0,"pct":0},"branches":{"total":73,"covered":0,"skipped":0,"pct":0}}
,"/Users/kwanchuncheong/NewPennine/app/admin/components/dashboard/widgets/HistoryTree.tsx": {"lines":{"total":123,"covered":0,"skipped":0,"pct":0},"functions":{"total":16,"covered":0,"skipped":0,"pct":0},"statements":{"total":129,"covered":0,"skipped":0,"pct":0},"branches":{"total":118,"covered":0,"skipped":0,"pct":0}}
,"/Users/kwanchuncheong/NewPennine/app/admin/components/dashboard/widgets/InventoryOrderedAnalysisWidget.tsx": {"lines":{"total":91,"covered":0,"skipped":0,"pct":0},"functions":{"total":15,"covered":0,"skipped":0,"pct":0},"statements":{"total":99,"covered":0,"skipped":0,"pct":0},"branches":{"total":53,"covered":0,"skipped":0,"pct":0}}
,"/Users/kwanchuncheong/NewPennine/app/admin/components/dashboard/widgets/InventorySearchWidget.tsx": {"lines":{"total":98,"covered":0,"skipped":0,"pct":0},"functions":{"total":13,"covered":0,"skipped":0,"pct":0},"statements":{"total":103,"covered":0,"skipped":0,"pct":0},"branches":{"total":86,"covered":0,"skipped":0,"pct":0}}
,"/Users/kwanchuncheong/NewPennine/app/admin/components/dashboard/widgets/OrderAnalysisResultDialog.tsx": {"lines":{"total":16,"covered":0,"skipped":0,"pct":0},"functions":{"total":3,"covered":0,"skipped":0,"pct":0},"statements":{"total":18,"covered":0,"skipped":0,"pct":0},"branches":{"total":53,"covered":0,"skipped":0,"pct":0}}
,"/Users/kwanchuncheong/NewPennine/app/admin/components/dashboard/widgets/OrderStateListWidget.tsx": {"lines":{"total":38,"covered":0,"skipped":0,"pct":0},"functions":{"total":8,"covered":0,"skipped":0,"pct":0},"statements":{"total":40,"covered":0,"skipped":0,"pct":0},"branches":{"total":40,"covered":0,"skipped":0,"pct":0}}
,"/Users/kwanchuncheong/NewPennine/app/admin/components/dashboard/widgets/OrdersListGraphQL.tsx": {"lines":{"total":77,"covered":0,"skipped":0,"pct":0},"functions":{"total":21,"covered":0,"skipped":0,"pct":0},"statements":{"total":86,"covered":0,"skipped":0,"pct":0},"branches":{"total":43,"covered":0,"skipped":0,"pct":0}}
,"/Users/kwanchuncheong/NewPennine/app/admin/components/dashboard/widgets/OrdersListWidget.tsx": {"lines":{"total":81,"covered":0,"skipped":0,"pct":0},"functions":{"total":18,"covered":0,"skipped":0,"pct":0},"statements":{"total":88,"covered":0,"skipped":0,"pct":0},"branches":{"total":53,"covered":0,"skipped":0,"pct":0}}
,"/Users/kwanchuncheong/NewPennine/app/admin/components/dashboard/widgets/OtherFilesListGraphQL.tsx": {"lines":{"total":80,"covered":0,"skipped":0,"pct":0},"functions":{"total":22,"covered":0,"skipped":0,"pct":0},"statements":{"total":89,"covered":0,"skipped":0,"pct":0},"branches":{"total":48,"covered":0,"skipped":0,"pct":0}}
,"/Users/kwanchuncheong/NewPennine/app/admin/components/dashboard/widgets/OtherFilesListWidget.tsx": {"lines":{"total":65,"covered":0,"skipped":0,"pct":0},"functions":{"total":16,"covered":0,"skipped":0,"pct":0},"statements":{"total":71,"covered":0,"skipped":0,"pct":0},"branches":{"total":42,"covered":0,"skipped":0,"pct":0}}
,"/Users/kwanchuncheong/NewPennine/app/admin/components/dashboard/widgets/ProductDistributionChartGraphQL.tsx": {"lines":{"total":29,"covered":0,"skipped":0,"pct":0},"functions":{"total":10,"covered":0,"skipped":0,"pct":0},"statements":{"total":32,"covered":0,"skipped":0,"pct":0},"branches":{"total":13,"covered":0,"skipped":0,"pct":0}}
,"/Users/kwanchuncheong/NewPennine/app/admin/components/dashboard/widgets/ProductMixChartWidget.tsx": {"lines":{"total":19,"covered":0,"skipped":0,"pct":0},"functions":{"total":5,"covered":0,"skipped":0,"pct":0},"statements":{"total":20,"covered":0,"skipped":0,"pct":0},"branches":{"total":0,"covered":0,"skipped":0,"pct":100}}
,"/Users/kwanchuncheong/NewPennine/app/admin/components/dashboard/widgets/ProductUpdateWidget.tsx": {"lines":{"total":104,"covered":0,"skipped":0,"pct":0},"functions":{"total":17,"covered":0,"skipped":0,"pct":0},"statements":{"total":107,"covered":0,"skipped":0,"pct":0},"branches":{"total":59,"covered":0,"skipped":0,"pct":0}}
,"/Users/kwanchuncheong/NewPennine/app/admin/components/dashboard/widgets/ProductionDetailsGraphQL.tsx": {"lines":{"total":30,"covered":0,"skipped":0,"pct":0},"functions":{"total":6,"covered":0,"skipped":0,"pct":0},"statements":{"total":32,"covered":0,"skipped":0,"pct":0},"branches":{"total":19,"covered":0,"skipped":0,"pct":0}}
,"/Users/kwanchuncheong/NewPennine/app/admin/components/dashboard/widgets/ProductionStatsGraphQL.tsx": {"lines":{"total":18,"covered":0,"skipped":0,"pct":0},"functions":{"total":3,"covered":0,"skipped":0,"pct":0},"statements":{"total":20,"covered":0,"skipped":0,"pct":0},"branches":{"total":15,"covered":0,"skipped":0,"pct":0}}
,"/Users/kwanchuncheong/NewPennine/app/admin/components/dashboard/widgets/ReportGeneratorWidget.tsx": {"lines":{"total":46,"covered":0,"skipped":0,"pct":0},"functions":{"total":6,"covered":0,"skipped":0,"pct":0},"statements":{"total":48,"covered":0,"skipped":0,"pct":0},"branches":{"total":17,"covered":0,"skipped":0,"pct":0}}
,"/Users/kwanchuncheong/NewPennine/app/admin/components/dashboard/widgets/ReportGeneratorWithDialogWidget.tsx": {"lines":{"total":68,"covered":0,"skipped":0,"pct":0},"functions":{"total":13,"covered":0,"skipped":0,"pct":0},"statements":{"total":72,"covered":0,"skipped":0,"pct":0},"branches":{"total":27,"covered":0,"skipped":0,"pct":0}}
,"/Users/kwanchuncheong/NewPennine/app/admin/components/dashboard/widgets/ReportsWidget.tsx": {"lines":{"total":15,"covered":0,"skipped":0,"pct":0},"functions":{"total":4,"covered":0,"skipped":0,"pct":0},"statements":{"total":16,"covered":0,"skipped":0,"pct":0},"branches":{"total":0,"covered":0,"skipped":0,"pct":100}}
,"/Users/kwanchuncheong/NewPennine/app/admin/components/dashboard/widgets/ReprintLabelWidget.tsx": {"lines":{"total":55,"covered":0,"skipped":0,"pct":0},"functions":{"total":7,"covered":0,"skipped":0,"pct":0},"statements":{"total":55,"covered":0,"skipped":0,"pct":0},"branches":{"total":13,"covered":0,"skipped":0,"pct":0}}
,"/Users/kwanchuncheong/NewPennine/app/admin/components/dashboard/widgets/StaffWorkloadGraphQL.tsx": {"lines":{"total":61,"covered":0,"skipped":0,"pct":0},"functions":{"total":15,"covered":0,"skipped":0,"pct":0},"statements":{"total":68,"covered":0,"skipped":0,"pct":0},"branches":{"total":27,"covered":0,"skipped":0,"pct":0}}
,"/Users/kwanchuncheong/NewPennine/app/admin/components/dashboard/widgets/StatsCardWidget.tsx": {"lines":{"total":34,"covered":0,"skipped":0,"pct":0},"functions":{"total":3,"covered":0,"skipped":0,"pct":0},"statements":{"total":35,"covered":0,"skipped":0,"pct":0},"branches":{"total":26,"covered":0,"skipped":0,"pct":0}}
,"/Users/kwanchuncheong/NewPennine/app/admin/components/dashboard/widgets/StillInAwaitPercentageWidget.tsx": {"lines":{"total":52,"covered":0,"skipped":0,"pct":0},"functions":{"total":7,"covered":0,"skipped":0,"pct":0},"statements":{"total":56,"covered":0,"skipped":0,"pct":0},"branches":{"total":16,"covered":0,"skipped":0,"pct":0}}
,"/Users/kwanchuncheong/NewPennine/app/admin/components/dashboard/widgets/StillInAwaitWidget.tsx": {"lines":{"total":44,"covered":0,"skipped":0,"pct":0},"functions":{"total":7,"covered":0,"skipped":0,"pct":0},"statements":{"total":48,"covered":0,"skipped":0,"pct":0},"branches":{"total":14,"covered":0,"skipped":0,"pct":0}}
,"/Users/kwanchuncheong/NewPennine/app/admin/components/dashboard/widgets/StillInAwaitWidgetGraphQL.tsx": {"lines":{"total":29,"covered":0,"skipped":0,"pct":0},"functions":{"total":5,"covered":0,"skipped":0,"pct":0},"statements":{"total":31,"covered":0,"skipped":0,"pct":0},"branches":{"total":17,"covered":0,"skipped":0,"pct":0}}
,"/Users/kwanchuncheong/NewPennine/app/admin/components/dashboard/widgets/StockDistributionChart.tsx": {"lines":{"total":78,"covered":0,"skipped":0,"pct":0},"functions":{"total":17,"covered":0,"skipped":0,"pct":0},"statements":{"total":85,"covered":0,"skipped":0,"pct":0},"branches":{"total":43,"covered":0,"skipped":0,"pct":0}}
,"/Users/kwanchuncheong/NewPennine/app/admin/components/dashboard/widgets/StockLevelHistoryChart.tsx": {"lines":{"total":170,"covered":0,"skipped":0,"pct":0},"functions":{"total":27,"covered":0,"skipped":0,"pct":0},"statements":{"total":177,"covered":0,"skipped":0,"pct":0},"branches":{"total":61,"covered":0,"skipped":0,"pct":0}}
,"/Users/kwanchuncheong/NewPennine/app/admin/components/dashboard/widgets/StockTypeSelector.tsx": {"lines":{"total":118,"covered":0,"skipped":0,"pct":0},"functions":{"total":26,"covered":0,"skipped":0,"pct":0},"statements":{"total":131,"covered":0,"skipped":0,"pct":0},"branches":{"total":66,"covered":0,"skipped":0,"pct":0}}
,"/Users/kwanchuncheong/NewPennine/app/admin/components/dashboard/widgets/SupplierUpdateWidget.tsx": {"lines":{"total":116,"covered":0,"skipped":0,"pct":0},"functions":{"total":16,"covered":0,"skipped":0,"pct":0},"statements":{"total":120,"covered":0,"skipped":0,"pct":0},"branches":{"total":61,"covered":0,"skipped":0,"pct":0}}
,"/Users/kwanchuncheong/NewPennine/app/admin/components/dashboard/widgets/TopProductsChartGraphQL.tsx": {"lines":{"total":23,"covered":0,"skipped":0,"pct":0},"functions":{"total":7,"covered":0,"skipped":0,"pct":0},"statements":{"total":25,"covered":0,"skipped":0,"pct":0},"branches":{"total":13,"covered":0,"skipped":0,"pct":0}}
,"/Users/kwanchuncheong/NewPennine/app/admin/components/dashboard/widgets/TransactionReportWidget.tsx": {"lines":{"total":88,"covered":0,"skipped":0,"pct":0},"functions":{"total":14,"covered":0,"skipped":0,"pct":0},"statements":{"total":91,"covered":0,"skipped":0,"pct":0},"branches":{"total":39,"covered":0,"skipped":0,"pct":0}}
,"/Users/kwanchuncheong/NewPennine/app/admin/components/dashboard/widgets/TransferTimeDistributionWidget.tsx": {"lines":{"total":33,"covered":0,"skipped":0,"pct":0},"functions":{"total":7,"covered":0,"skipped":0,"pct":0},"statements":{"total":37,"covered":0,"skipped":0,"pct":0},"branches":{"total":9,"covered":0,"skipped":0,"pct":0}}
,"/Users/kwanchuncheong/NewPennine/app/admin/components/dashboard/widgets/UploadFilesWidget.tsx": {"lines":{"total":98,"covered":0,"skipped":0,"pct":0},"functions":{"total":28,"covered":0,"skipped":0,"pct":0},"statements":{"total":110,"covered":0,"skipped":0,"pct":0},"branches":{"total":40,"covered":0,"skipped":0,"pct":0}}
,"/Users/kwanchuncheong/NewPennine/app/admin/components/dashboard/widgets/UploadOrdersWidget.tsx": {"lines":{"total":128,"covered":0,"skipped":0,"pct":0},"functions":{"total":27,"covered":0,"skipped":0,"pct":0},"statements":{"total":139,"covered":0,"skipped":0,"pct":0},"branches":{"total":75,"covered":0,"skipped":0,"pct":0}}
,"/Users/kwanchuncheong/NewPennine/app/admin/components/dashboard/widgets/UploadPhotoWidget.tsx": {"lines":{"total":110,"covered":0,"skipped":0,"pct":0},"functions":{"total":34,"covered":0,"skipped":0,"pct":0},"statements":{"total":126,"covered":0,"skipped":0,"pct":0},"branches":{"total":34,"covered":0,"skipped":0,"pct":0}}
,"/Users/kwanchuncheong/NewPennine/app/admin/components/dashboard/widgets/UploadProductSpecWidget.tsx": {"lines":{"total":94,"covered":0,"skipped":0,"pct":0},"functions":{"total":26,"covered":0,"skipped":0,"pct":0},"statements":{"total":106,"covered":0,"skipped":0,"pct":0},"branches":{"total":30,"covered":0,"skipped":0,"pct":0}}
,"/Users/kwanchuncheong/NewPennine/app/admin/components/dashboard/widgets/VoidPalletWidget.tsx": {"lines":{"total":163,"covered":0,"skipped":0,"pct":0},"functions":{"total":38,"covered":0,"skipped":0,"pct":0},"statements":{"total":170,"covered":0,"skipped":0,"pct":0},"branches":{"total":175,"covered":0,"skipped":0,"pct":0}}
,"/Users/kwanchuncheong/NewPennine/app/admin/components/dashboard/widgets/WarehouseTransferListWidget.tsx": {"lines":{"total":46,"covered":0,"skipped":0,"pct":0},"functions":{"total":11,"covered":0,"skipped":0,"pct":0},"statements":{"total":51,"covered":0,"skipped":0,"pct":0},"branches":{"total":16,"covered":0,"skipped":0,"pct":0}}
,"/Users/kwanchuncheong/NewPennine/app/admin/components/dashboard/widgets/WarehouseTransferListWidgetGraphQL.tsx": {"lines":{"total":24,"covered":0,"skipped":0,"pct":0},"functions":{"total":7,"covered":0,"skipped":0,"pct":0},"statements":{"total":26,"covered":0,"skipped":0,"pct":0},"branches":{"total":11,"covered":0,"skipped":0,"pct":0}}
,"/Users/kwanchuncheong/NewPennine/app/admin/components/dashboard/widgets/WarehouseWorkLevelAreaChart.tsx": {"lines":{"total":59,"covered":0,"skipped":0,"pct":0},"functions":{"total":13,"covered":0,"skipped":0,"pct":0},"statements":{"total":65,"covered":0,"skipped":0,"pct":0},"branches":{"total":21,"covered":0,"skipped":0,"pct":0}}
,"/Users/kwanchuncheong/NewPennine/app/admin/components/dashboard/widgets/YesterdayTransferCountWidget.tsx": {"lines":{"total":27,"covered":0,"skipped":0,"pct":0},"functions":{"total":4,"covered":0,"skipped":0,"pct":0},"statements":{"total":31,"covered":0,"skipped":0,"pct":0},"branches":{"total":17,"covered":0,"skipped":0,"pct":0}}
,"/Users/kwanchuncheong/NewPennine/app/admin/components/ui/GlowCard.tsx": {"lines":{"total":7,"covered":0,"skipped":0,"pct":0},"functions":{"total":1,"covered":0,"skipped":0,"pct":0},"statements":{"total":7,"covered":0,"skipped":0,"pct":0},"branches":{"total":14,"covered":0,"skipped":0,"pct":0}}
,"/Users/kwanchuncheong/NewPennine/app/admin/components/ui/StatCard.tsx": {"lines":{"total":7,"covered":0,"skipped":0,"pct":0},"functions":{"total":1,"covered":0,"skipped":0,"pct":0},"statements":{"total":7,"covered":0,"skipped":0,"pct":0},"branches":{"total":21,"covered":0,"skipped":0,"pct":0}}
,"/Users/kwanchuncheong/NewPennine/app/admin/components/ui/WidgetWrapper.tsx": {"lines":{"total":4,"covered":0,"skipped":0,"pct":0},"functions":{"total":1,"covered":0,"skipped":0,"pct":0},"statements":{"total":4,"covered":0,"skipped":0,"pct":0},"branches":{"total":14,"covered":0,"skipped":0,"pct":0}}
,"/Users/kwanchuncheong/NewPennine/app/admin/components/ui/admin-dialog.tsx": {"lines":{"total":24,"covered":0,"skipped":0,"pct":0},"functions":{"total":0,"covered":0,"skipped":0,"pct":100},"statements":{"total":24,"covered":0,"skipped":0,"pct":0},"branches":{"total":0,"covered":0,"skipped":0,"pct":100}}
,"/Users/kwanchuncheong/NewPennine/app/admin/components/widgets/BaseWidget.tsx": {"lines":{"total":5,"covered":0,"skipped":0,"pct":0},"functions":{"total":1,"covered":0,"skipped":0,"pct":0},"statements":{"total":6,"covered":0,"skipped":0,"pct":0},"branches":{"total":10,"covered":0,"skipped":0,"pct":0}}
,"/Users/kwanchuncheong/NewPennine/app/admin/config/animations.ts": {"lines":{"total":3,"covered":0,"skipped":0,"pct":0},"functions":{"total":0,"covered":0,"skipped":0,"pct":100},"statements":{"total":6,"covered":0,"skipped":0,"pct":0},"branches":{"total":0,"covered":0,"skipped":0,"pct":100}}
,"/Users/kwanchuncheong/NewPennine/app/admin/config/theme.ts": {"lines":{"total":1,"covered":0,"skipped":0,"pct":0},"functions":{"total":0,"covered":0,"skipped":0,"pct":100},"statements":{"total":2,"covered":0,"skipped":0,"pct":0},"branches":{"total":0,"covered":0,"skipped":0,"pct":100}}
,"/Users/kwanchuncheong/NewPennine/app/admin/contexts/AdminRefreshContext.tsx": {"lines":{"total":11,"covered":0,"skipped":0,"pct":0},"functions":{"total":5,"covered":0,"skipped":0,"pct":0},"statements":{"total":12,"covered":0,"skipped":0,"pct":0},"branches":{"total":1,"covered":0,"skipped":0,"pct":0}}
,"/Users/kwanchuncheong/NewPennine/app/admin/contexts/UploadRefreshContext.tsx": {"lines":{"total":15,"covered":0,"skipped":0,"pct":0},"functions":{"total":7,"covered":0,"skipped":0,"pct":0},"statements":{"total":20,"covered":0,"skipped":0,"pct":0},"branches":{"total":1,"covered":0,"skipped":0,"pct":0}}
,"/Users/kwanchuncheong/NewPennine/app/admin/graphql-monitor/page.tsx": {"lines":{"total":85,"covered":0,"skipped":0,"pct":0},"functions":{"total":26,"covered":0,"skipped":0,"pct":0},"statements":{"total":89,"covered":0,"skipped":0,"pct":0},"branches":{"total":48,"covered":0,"skipped":0,"pct":0}}
,"/Users/kwanchuncheong/NewPennine/app/admin/hooks/useAdminDashboard.ts": {"lines":{"total":142,"covered":0,"skipped":0,"pct":0},"functions":{"total":23,"covered":0,"skipped":0,"pct":0},"statements":{"total":145,"covered":0,"skipped":0,"pct":0},"branches":{"total":37,"covered":0,"skipped":0,"pct":0}}
,"/Users/kwanchuncheong/NewPennine/app/admin/hooks/useReportPrinting.ts": {"lines":{"total":98,"covered":0,"skipped":0,"pct":0},"functions":{"total":7,"covered":0,"skipped":0,"pct":0},"statements":{"total":100,"covered":0,"skipped":0,"pct":0},"branches":{"total":29,"covered":0,"skipped":0,"pct":0}}
,"/Users/kwanchuncheong/NewPennine/app/admin/hooks/useWidgetData.ts": {"lines":{"total":10,"covered":0,"skipped":0,"pct":0},"functions":{"total":3,"covered":0,"skipped":0,"pct":0},"statements":{"total":10,"covered":0,"skipped":0,"pct":0},"branches":{"total":3,"covered":0,"skipped":0,"pct":0}}
,"/Users/kwanchuncheong/NewPennine/app/admin/pallet-monitor/page.tsx": {"lines":{"total":3,"covered":0,"skipped":0,"pct":0},"functions":{"total":1,"covered":0,"skipped":0,"pct":0},"statements":{"total":3,"covered":0,"skipped":0,"pct":0},"branches":{"total":0,"covered":0,"skipped":0,"pct":100}}
,"/Users/kwanchuncheong/NewPennine/app/admin/performance-dashboard/page.tsx": {"lines":{"total":39,"covered":0,"skipped":0,"pct":0},"functions":{"total":10,"covered":0,"skipped":0,"pct":0},"statements":{"total":42,"covered":0,"skipped":0,"pct":0},"branches":{"total":27,"covered":0,"skipped":0,"pct":0}}
,"/Users/kwanchuncheong/NewPennine/app/admin/performance-test/page.tsx": {"lines":{"total":36,"covered":0,"skipped":0,"pct":0},"functions":{"total":9,"covered":0,"skipped":0,"pct":0},"statements":{"total":39,"covered":0,"skipped":0,"pct":0},"branches":{"total":6,"covered":0,"skipped":0,"pct":0}}
,"/Users/kwanchuncheong/NewPennine/app/admin/services/AdminDataService.ts": {"lines":{"total":70,"covered":0,"skipped":0,"pct":0},"functions":{"total":8,"covered":0,"skipped":0,"pct":0},"statements":{"total":78,"covered":0,"skipped":0,"pct":0},"branches":{"total":28,"covered":0,"skipped":0,"pct":0}}
,"/Users/kwanchuncheong/NewPennine/app/admin/stock-count/page.tsx": {"lines":{"total":180,"covered":0,"skipped":0,"pct":0},"functions":{"total":22,"covered":0,"skipped":0,"pct":0},"statements":{"total":188,"covered":0,"skipped":0,"pct":0},"branches":{"total":99,"covered":0,"skipped":0,"pct":0}}
,"/Users/kwanchuncheong/NewPennine/app/admin/stock-count/components/ErrorBoundary.tsx": {"lines":{"total":9,"covered":0,"skipped":0,"pct":0},"functions":{"total":5,"covered":0,"skipped":0,"pct":0},"statements":{"total":10,"covered":0,"skipped":0,"pct":0},"branches":{"total":1,"covered":0,"skipped":0,"pct":0}}
,"/Users/kwanchuncheong/NewPennine/app/admin/stock-count/components/ManualInput.tsx": {"lines":{"total":17,"covered":0,"skipped":0,"pct":0},"functions":{"total":3,"covered":0,"skipped":0,"pct":0},"statements":{"total":18,"covered":0,"skipped":0,"pct":0},"branches":{"total":6,"covered":0,"skipped":0,"pct":0}}
,"/Users/kwanchuncheong/NewPennine/app/admin/stock-count/components/NumberPad.tsx": {"lines":{"total":52,"covered":0,"skipped":0,"pct":0},"functions":{"total":16,"covered":0,"skipped":0,"pct":0},"statements":{"total":56,"covered":0,"skipped":0,"pct":0},"branches":{"total":27,"covered":0,"skipped":0,"pct":0}}
,"/Users/kwanchuncheong/NewPennine/app/admin/stock-count/components/RemainToCount.tsx": {"lines":{"total":5,"covered":0,"skipped":0,"pct":0},"functions":{"total":1,"covered":0,"skipped":0,"pct":0},"statements":{"total":6,"covered":0,"skipped":0,"pct":0},"branches":{"total":1,"covered":0,"skipped":0,"pct":0}}
,"/Users/kwanchuncheong/NewPennine/app/admin/stock-count/components/ScanToStart.tsx": {"lines":{"total":33,"covered":0,"skipped":0,"pct":0},"functions":{"total":9,"covered":0,"skipped":0,"pct":0},"statements":{"total":34,"covered":0,"skipped":0,"pct":0},"branches":{"total":10,"covered":0,"skipped":0,"pct":0}}
,"/Users/kwanchuncheong/NewPennine/app/admin/stock-count/components/index.ts": {"lines":{"total":3,"covered":0,"skipped":0,"pct":0},"functions":{"total":0,"covered":0,"skipped":0,"pct":100},"statements":{"total":6,"covered":0,"skipped":0,"pct":0},"branches":{"total":0,"covered":0,"skipped":0,"pct":100}}
,"/Users/kwanchuncheong/NewPennine/app/admin/test-ab-testing/page.tsx": {"lines":{"total":92,"covered":0,"skipped":0,"pct":0},"functions":{"total":20,"covered":0,"skipped":0,"pct":0},"statements":{"total":102,"covered":0,"skipped":0,"pct":0},"branches":{"total":50,"covered":0,"skipped":0,"pct":0}}
,"/Users/kwanchuncheong/NewPennine/app/admin/test-dual-run-verification/page.tsx": {"lines":{"total":77,"covered":0,"skipped":0,"pct":0},"functions":{"total":25,"covered":0,"skipped":0,"pct":0},"statements":{"total":83,"covered":0,"skipped":0,"pct":0},"branches":{"total":36,"covered":0,"skipped":0,"pct":0}}
,"/Users/kwanchuncheong/NewPennine/app/admin/test-optimizations/page.tsx": {"lines":{"total":58,"covered":0,"skipped":0,"pct":0},"functions":{"total":15,"covered":0,"skipped":0,"pct":0},"statements":{"total":61,"covered":0,"skipped":0,"pct":0},"branches":{"total":16,"covered":0,"skipped":0,"pct":0}}
,"/Users/kwanchuncheong/NewPennine/app/admin/test-widget-migration/page.tsx": {"lines":{"total":57,"covered":0,"skipped":0,"pct":0},"functions":{"total":12,"covered":0,"skipped":0,"pct":0},"statements":{"total":61,"covered":0,"skipped":0,"pct":0},"branches":{"total":35,"covered":0,"skipped":0,"pct":0}}
,"/Users/kwanchuncheong/NewPennine/app/admin/test-widget-registry/page.tsx": {"lines":{"total":142,"covered":0,"skipped":0,"pct":0},"functions":{"total":23,"covered":0,"skipped":0,"pct":0},"statements":{"total":144,"covered":0,"skipped":0,"pct":0},"branches":{"total":52,"covered":0,"skipped":0,"pct":0}}
,"/Users/kwanchuncheong/NewPennine/app/admin/utils/clearAdminDashboard.ts": {"lines":{"total":5,"covered":0,"skipped":0,"pct":0},"functions":{"total":1,"covered":0,"skipped":0,"pct":0},"statements":{"total":5,"covered":0,"skipped":0,"pct":0},"branches":{"total":5,"covered":0,"skipped":0,"pct":0}}
,"/Users/kwanchuncheong/NewPennine/app/admin/utils/fixWidgetHooks.ts": {"lines":{"total":41,"covered":0,"skipped":0,"pct":0},"functions":{"total":1,"covered":0,"skipped":0,"pct":0},"statements":{"total":42,"covered":0,"skipped":0,"pct":0},"branches":{"total":20,"covered":0,"skipped":0,"pct":0}}
,"/Users/kwanchuncheong/NewPennine/app/admin/utils/performance-test.ts": {"lines":{"total":36,"covered":0,"skipped":0,"pct":0},"functions":{"total":14,"covered":0,"skipped":0,"pct":0},"statements":{"total":39,"covered":0,"skipped":0,"pct":0},"branches":{"total":7,"covered":0,"skipped":0,"pct":0}}
,"/Users/kwanchuncheong/NewPennine/app/admin/utils/performanceBenchmark.ts": {"lines":{"total":76,"covered":0,"skipped":0,"pct":0},"functions":{"total":23,"covered":0,"skipped":0,"pct":0},"statements":{"total":80,"covered":0,"skipped":0,"pct":0},"branches":{"total":26,"covered":0,"skipped":0,"pct":0}}
,"/Users/kwanchuncheong/NewPennine/app/admin/utils/removeAutoRefresh.ts": {"lines":{"total":22,"covered":0,"skipped":0,"pct":0},"functions":{"total":3,"covered":0,"skipped":0,"pct":0},"statements":{"total":24,"covered":0,"skipped":0,"pct":0},"branches":{"total":14,"covered":0,"skipped":0,"pct":0}}
,"/Users/kwanchuncheong/NewPennine/app/admin/widget-migration-validation/page.tsx": {"lines":{"total":90,"covered":0,"skipped":0,"pct":0},"functions":{"total":27,"covered":0,"skipped":0,"pct":0},"statements":{"total":97,"covered":0,"skipped":0,"pct":0},"branches":{"total":35,"covered":0,"skipped":0,"pct":0}}
,"/Users/kwanchuncheong/NewPennine/app/api/aco-order-updates/route.ts": {"lines":{"total":58,"covered":0,"skipped":0,"pct":0},"functions":{"total":2,"covered":0,"skipped":0,"pct":0},"statements":{"total":58,"covered":0,"skipped":0,"pct":0},"branches":{"total":39,"covered":0,"skipped":0,"pct":0}}
,"/Users/kwanchuncheong/NewPennine/app/api/analytics/overview/route.ts": {"lines":{"total":7,"covered":0,"skipped":0,"pct":0},"functions":{"total":1,"covered":0,"skipped":0,"pct":0},"statements":{"total":7,"covered":0,"skipped":0,"pct":0},"branches":{"total":0,"covered":0,"skipped":0,"pct":100}}
,"/Users/kwanchuncheong/NewPennine/app/api/analytics/trends/route.ts": {"lines":{"total":7,"covered":0,"skipped":0,"pct":0},"functions":{"total":1,"covered":0,"skipped":0,"pct":0},"statements":{"total":7,"covered":0,"skipped":0,"pct":0},"branches":{"total":0,"covered":0,"skipped":0,"pct":100}}
,"/Users/kwanchuncheong/NewPennine/app/api/analyze-order-pdf-assistant/route.ts": {"lines":{"total":149,"covered":0,"skipped":0,"pct":0},"functions":{"total":23,"covered":0,"skipped":0,"pct":0},"statements":{"total":153,"covered":0,"skipped":0,"pct":0},"branches":{"total":66,"covered":0,"skipped":0,"pct":0}}
,"/Users/kwanchuncheong/NewPennine/app/api/analyze-order-pdf-new/route.ts": {"lines":{"total":369,"covered":0,"skipped":0,"pct":0},"functions":{"total":30,"covered":0,"skipped":0,"pct":0},"statements":{"total":380,"covered":0,"skipped":0,"pct":0},"branches":{"total":141,"covered":0,"skipped":0,"pct":0}}
,"/Users/kwanchuncheong/NewPennine/app/api/anomaly-detection/route.ts": {"lines":{"total":62,"covered":0,"skipped":0,"pct":0},"functions":{"total":10,"covered":0,"skipped":0,"pct":0},"statements":{"total":70,"covered":0,"skipped":0,"pct":0},"branches":{"total":28,"covered":0,"skipped":0,"pct":0}}
,"/Users/kwanchuncheong/NewPennine/app/api/ask-database/route.ts": {"lines":{"total":383,"covered":0,"skipped":0,"pct":0},"functions":{"total":27,"covered":0,"skipped":0,"pct":0},"statements":{"total":389,"covered":0,"skipped":0,"pct":0},"branches":{"total":286,"covered":0,"skipped":0,"pct":0}}
,"/Users/kwanchuncheong/NewPennine/app/api/ask-database/clear-cache/route.ts": {"lines":{"total":17,"covered":0,"skipped":0,"pct":0},"functions":{"total":1,"covered":0,"skipped":0,"pct":0},"statements":{"total":17,"covered":0,"skipped":0,"pct":0},"branches":{"total":5,"covered":0,"skipped":0,"pct":0}}
,"/Users/kwanchuncheong/NewPennine/app/api/auto-reprint-label/route.ts": {"lines":{"total":82,"covered":0,"skipped":0,"pct":0},"functions":{"total":4,"covered":0,"skipped":0,"pct":0},"statements":{"total":84,"covered":0,"skipped":0,"pct":0},"branches":{"total":108,"covered":0,"skipped":0,"pct":0}}
,"/Users/kwanchuncheong/NewPennine/app/api/auto-reprint-label-v2/route.ts": {"lines":{"total":83,"covered":0,"skipped":0,"pct":0},"functions":{"total":3,"covered":0,"skipped":0,"pct":0},"statements":{"total":84,"covered":0,"skipped":0,"pct":0},"branches":{"total":115,"covered":0,"skipped":0,"pct":0}}
,"/Users/kwanchuncheong/NewPennine/app/api/avatars/[filename]/route.ts": {"lines":{"total":9,"covered":0,"skipped":0,"pct":0},"functions":{"total":1,"covered":0,"skipped":0,"pct":0},"statements":{"total":9,"covered":0,"skipped":0,"pct":0},"branches":{"total":4,"covered":0,"skipped":0,"pct":0}}
,"/Users/kwanchuncheong/NewPennine/app/api/check-file-exists/route.ts": {"lines":{"total":27,"covered":0,"skipped":0,"pct":0},"functions":{"total":3,"covered":0,"skipped":0,"pct":0},"statements":{"total":28,"covered":0,"skipped":0,"pct":0},"branches":{"total":16,"covered":0,"skipped":0,"pct":0}}
,"/Users/kwanchuncheong/NewPennine/app/api/cleanup-pallet-buffer/route.ts": {"lines":{"total":28,"covered":0,"skipped":0,"pct":0},"functions":{"total":4,"covered":0,"skipped":0,"pct":0},"statements":{"total":28,"covered":0,"skipped":0,"pct":0},"branches":{"total":19,"covered":0,"skipped":0,"pct":0}}
,"/Users/kwanchuncheong/NewPennine/app/api/clear-cache/route.ts": {"lines":{"total":28,"covered":0,"skipped":0,"pct":0},"functions":{"total":2,"covered":0,"skipped":0,"pct":0},"statements":{"total":28,"covered":0,"skipped":0,"pct":0},"branches":{"total":25,"covered":0,"skipped":0,"pct":0}}
,"/Users/kwanchuncheong/NewPennine/app/api/convert-pdf-to-png/route.ts": {"lines":{"total":36,"covered":0,"skipped":0,"pct":0},"functions":{"total":2,"covered":0,"skipped":0,"pct":0},"statements":{"total":36,"covered":0,"skipped":0,"pct":0},"branches":{"total":17,"covered":0,"skipped":0,"pct":0}}
,"/Users/kwanchuncheong/NewPennine/app/api/debug-pallet-generation/route.ts": {"lines":{"total":54,"covered":0,"skipped":0,"pct":0},"functions":{"total":3,"covered":0,"skipped":0,"pct":0},"statements":{"total":55,"covered":0,"skipped":0,"pct":0},"branches":{"total":31,"covered":0,"skipped":0,"pct":0}}
,"/Users/kwanchuncheong/NewPennine/app/api/graphql-monitoring/route.ts": {"lines":{"total":102,"covered":0,"skipped":0,"pct":0},"functions":{"total":6,"covered":0,"skipped":0,"pct":0},"statements":{"total":105,"covered":0,"skipped":0,"pct":0},"branches":{"total":55,"covered":0,"skipped":0,"pct":0}}
,"/Users/kwanchuncheong/NewPennine/app/api/pdf-to-images/route.ts": {"lines":{"total":28,"covered":0,"skipped":0,"pct":0},"functions":{"total":2,"covered":0,"skipped":0,"pct":0},"statements":{"total":28,"covered":0,"skipped":0,"pct":0},"branches":{"total":21,"covered":0,"skipped":0,"pct":0}}
,"/Users/kwanchuncheong/NewPennine/app/api/print-label-html/route.ts": {"lines":{"total":19,"covered":0,"skipped":0,"pct":0},"functions":{"total":1,"covered":0,"skipped":0,"pct":0},"statements":{"total":19,"covered":0,"skipped":0,"pct":0},"branches":{"total":22,"covered":0,"skipped":0,"pct":0}}
,"/Users/kwanchuncheong/NewPennine/app/api/print-label-pdf/route.tsx": {"lines":{"total":21,"covered":0,"skipped":0,"pct":0},"functions":{"total":2,"covered":0,"skipped":0,"pct":0},"statements":{"total":23,"covered":0,"skipped":0,"pct":0},"branches":{"total":15,"covered":0,"skipped":0,"pct":0}}
,"/Users/kwanchuncheong/NewPennine/app/api/print-label-updates/route.ts": {"lines":{"total":24,"covered":0,"skipped":0,"pct":0},"functions":{"total":1,"covered":0,"skipped":0,"pct":0},"statements":{"total":24,"covered":0,"skipped":0,"pct":0},"branches":{"total":15,"covered":0,"skipped":0,"pct":0}}
,"/Users/kwanchuncheong/NewPennine/app/api/reports/aco-order/route.ts": {"lines":{"total":92,"covered":0,"skipped":0,"pct":0},"functions":{"total":8,"covered":0,"skipped":0,"pct":0},"statements":{"total":95,"covered":0,"skipped":0,"pct":0},"branches":{"total":15,"covered":0,"skipped":0,"pct":0}}
,"/Users/kwanchuncheong/NewPennine/app/api/reports/export-all/route-new.ts": {"lines":{"total":84,"covered":0,"skipped":0,"pct":0},"functions":{"total":5,"covered":0,"skipped":0,"pct":0},"statements":{"total":84,"covered":0,"skipped":0,"pct":0},"branches":{"total":30,"covered":0,"skipped":0,"pct":0}}
,"/Users/kwanchuncheong/NewPennine/app/api/reports/export-all/route.ts": {"lines":{"total":43,"covered":0,"skipped":0,"pct":0},"functions":{"total":5,"covered":0,"skipped":0,"pct":0},"statements":{"total":46,"covered":0,"skipped":0,"pct":0},"branches":{"total":21,"covered":0,"skipped":0,"pct":0}}
,"/Users/kwanchuncheong/NewPennine/app/api/reports/grn/route.ts": {"lines":{"total":134,"covered":0,"skipped":0,"pct":0},"functions":{"total":12,"covered":0,"skipped":0,"pct":0},"statements":{"total":140,"covered":0,"skipped":0,"pct":0},"branches":{"total":16,"covered":0,"skipped":0,"pct":0}}
,"/Users/kwanchuncheong/NewPennine/app/api/reports/order-loading/route.ts": {"lines":{"total":34,"covered":0,"skipped":0,"pct":0},"functions":{"total":2,"covered":0,"skipped":0,"pct":0},"statements":{"total":34,"covered":0,"skipped":0,"pct":0},"branches":{"total":4,"covered":0,"skipped":0,"pct":0}}
,"/Users/kwanchuncheong/NewPennine/app/api/reports/stock-take/route.ts": {"lines":{"total":19,"covered":0,"skipped":0,"pct":0},"functions":{"total":2,"covered":0,"skipped":0,"pct":0},"statements":{"total":20,"covered":0,"skipped":0,"pct":0},"branches":{"total":29,"covered":0,"skipped":0,"pct":0}}
,"/Users/kwanchuncheong/NewPennine/app/api/reports/transaction/route-backup.ts": {"lines":{"total":19,"covered":0,"skipped":0,"pct":0},"functions":{"total":2,"covered":0,"skipped":0,"pct":0},"statements":{"total":20,"covered":0,"skipped":0,"pct":0},"branches":{"total":23,"covered":0,"skipped":0,"pct":0}}
,"/Users/kwanchuncheong/NewPennine/app/api/reports/transaction/route.ts": {"lines":{"total":28,"covered":0,"skipped":0,"pct":0},"functions":{"total":7,"covered":0,"skipped":0,"pct":0},"statements":{"total":34,"covered":0,"skipped":0,"pct":0},"branches":{"total":32,"covered":0,"skipped":0,"pct":0}}
,"/Users/kwanchuncheong/NewPennine/app/api/reports/void-pallet/route.ts": {"lines":{"total":19,"covered":0,"skipped":0,"pct":0},"functions":{"total":2,"covered":0,"skipped":0,"pct":0},"statements":{"total":20,"covered":0,"skipped":0,"pct":0},"branches":{"total":15,"covered":0,"skipped":0,"pct":0}}
,"/Users/kwanchuncheong/NewPennine/app/api/send-order-email/route.ts": {"lines":{"total":71,"covered":0,"skipped":0,"pct":0},"functions":{"total":7,"covered":0,"skipped":0,"pct":0},"statements":{"total":75,"covered":0,"skipped":0,"pct":0},"branches":{"total":114,"covered":0,"skipped":0,"pct":0}}
,"/Users/kwanchuncheong/NewPennine/app/api/stock-count/batch-process/route.ts": {"lines":{"total":61,"covered":0,"skipped":0,"pct":0},"functions":{"total":1,"covered":0,"skipped":0,"pct":0},"statements":{"total":61,"covered":0,"skipped":0,"pct":0},"branches":{"total":23,"covered":0,"skipped":0,"pct":0}}
,"/Users/kwanchuncheong/NewPennine/app/api/stock-count/process/route.ts": {"lines":{"total":67,"covered":0,"skipped":0,"pct":0},"functions":{"total":3,"covered":0,"skipped":0,"pct":0},"statements":{"total":69,"covered":0,"skipped":0,"pct":0},"branches":{"total":40,"covered":0,"skipped":0,"pct":0}}
,"/Users/kwanchuncheong/NewPennine/app/api/stock-count/scan/route.ts": {"lines":{"total":27,"covered":0,"skipped":0,"pct":0},"functions":{"total":1,"covered":0,"skipped":0,"pct":0},"statements":{"total":27,"covered":0,"skipped":0,"pct":0},"branches":{"total":9,"covered":0,"skipped":0,"pct":0}}
,"/Users/kwanchuncheong/NewPennine/app/api/stock-count/validate/route.ts": {"lines":{"total":34,"covered":0,"skipped":0,"pct":0},"functions":{"total":1,"covered":0,"skipped":0,"pct":0},"statements":{"total":34,"covered":0,"skipped":0,"pct":0},"branches":{"total":12,"covered":0,"skipped":0,"pct":0}}
,"/Users/kwanchuncheong/NewPennine/app/api/tables/route.ts": {"lines":{"total":10,"covered":0,"skipped":0,"pct":0},"functions":{"total":1,"covered":0,"skipped":0,"pct":0},"statements":{"total":10,"covered":0,"skipped":0,"pct":0},"branches":{"total":3,"covered":0,"skipped":0,"pct":0}}
,"/Users/kwanchuncheong/NewPennine/app/api/test-redis/route.ts": {"lines":{"total":45,"covered":0,"skipped":0,"pct":0},"functions":{"total":4,"covered":0,"skipped":0,"pct":0},"statements":{"total":46,"covered":0,"skipped":0,"pct":0},"branches":{"total":13,"covered":0,"skipped":0,"pct":0}}
,"/Users/kwanchuncheong/NewPennine/app/api/upload-file/route.ts": {"lines":{"total":75,"covered":0,"skipped":0,"pct":0},"functions":{"total":2,"covered":0,"skipped":0,"pct":0},"statements":{"total":75,"covered":0,"skipped":0,"pct":0},"branches":{"total":49,"covered":0,"skipped":0,"pct":0}}
,"/Users/kwanchuncheong/NewPennine/app/api/upload-pdf/route.ts": {"lines":{"total":46,"covered":0,"skipped":0,"pct":0},"functions":{"total":2,"covered":0,"skipped":0,"pct":0},"statements":{"total":46,"covered":0,"skipped":0,"pct":0},"branches":{"total":29,"covered":0,"skipped":0,"pct":0}}
,"/Users/kwanchuncheong/NewPennine/app/api/warehouse/recent/route.ts": {"lines":{"total":12,"covered":0,"skipped":0,"pct":0},"functions":{"total":1,"covered":0,"skipped":0,"pct":0},"statements":{"total":12,"covered":0,"skipped":0,"pct":0},"branches":{"total":3,"covered":0,"skipped":0,"pct":0}}
,"/Users/kwanchuncheong/NewPennine/app/api/warehouse/summary/route.ts": {"lines":{"total":24,"covered":0,"skipped":0,"pct":0},"functions":{"total":5,"covered":0,"skipped":0,"pct":0},"statements":{"total":25,"covered":0,"skipped":0,"pct":0},"branches":{"total":4,"covered":0,"skipped":0,"pct":0}}
,"/Users/kwanchuncheong/NewPennine/app/camera-debug/page.tsx": {"lines":{"total":95,"covered":0,"skipped":0,"pct":0},"functions":{"total":14,"covered":0,"skipped":0,"pct":0},"statements":{"total":97,"covered":0,"skipped":0,"pct":0},"branches":{"total":46,"covered":0,"skipped":0,"pct":0}}
,"/Users/kwanchuncheong/NewPennine/app/change-password/actions.ts": {"lines":{"total":37,"covered":0,"skipped":0,"pct":0},"functions":{"total":1,"covered":0,"skipped":0,"pct":0},"statements":{"total":37,"covered":0,"skipped":0,"pct":0},"branches":{"total":33,"covered":0,"skipped":0,"pct":0}}
,"/Users/kwanchuncheong/NewPennine/app/change-password/page.tsx": {"lines":{"total":19,"covered":0,"skipped":0,"pct":0},"functions":{"total":4,"covered":0,"skipped":0,"pct":0},"statements":{"total":19,"covered":0,"skipped":0,"pct":0},"branches":{"total":8,"covered":0,"skipped":0,"pct":0}}
,"/Users/kwanchuncheong/NewPennine/app/components/AcoOrderStatus.tsx": {"lines":{"total":48,"covered":0,"skipped":0,"pct":0},"functions":{"total":11,"covered":0,"skipped":0,"pct":0},"statements":{"total":53,"covered":0,"skipped":0,"pct":0},"branches":{"total":20,"covered":0,"skipped":0,"pct":0}}
,"/Users/kwanchuncheong/NewPennine/app/components/AuthChecker.tsx": {"lines":{"total":40,"covered":0,"skipped":0,"pct":0},"functions":{"total":7,"covered":0,"skipped":0,"pct":0},"statements":{"total":42,"covered":0,"skipped":0,"pct":0},"branches":{"total":22,"covered":0,"skipped":0,"pct":0}}
,"/Users/kwanchuncheong/NewPennine/app/components/ClientLayout.tsx": {"lines":{"total":27,"covered":0,"skipped":0,"pct":0},"functions":{"total":2,"covered":0,"skipped":0,"pct":0},"statements":{"total":32,"covered":0,"skipped":0,"pct":0},"branches":{"total":18,"covered":0,"skipped":0,"pct":0}}
,"/Users/kwanchuncheong/NewPennine/app/components/ErrorBoundary.tsx": {"lines":{"total":8,"covered":0,"skipped":0,"pct":0},"functions":{"total":4,"covered":0,"skipped":0,"pct":0},"statements":{"total":9,"covered":0,"skipped":0,"pct":0},"branches":{"total":2,"covered":0,"skipped":0,"pct":0}}
,"/Users/kwanchuncheong/NewPennine/app/components/PalletDonutChart.tsx": {"lines":{"total":19,"covered":0,"skipped":0,"pct":0},"functions":{"total":2,"covered":0,"skipped":0,"pct":0},"statements":{"total":22,"covered":0,"skipped":0,"pct":0},"branches":{"total":9,"covered":0,"skipped":0,"pct":0}}
,"/Users/kwanchuncheong/NewPennine/app/components/PalletRatio.tsx": {"lines":{"total":3,"covered":0,"skipped":0,"pct":0},"functions":{"total":1,"covered":0,"skipped":0,"pct":0},"statements":{"total":3,"covered":0,"skipped":0,"pct":0},"branches":{"total":0,"covered":0,"skipped":0,"pct":100}}
,"/Users/kwanchuncheong/NewPennine/app/components/StarfieldBackground.tsx": {"lines":{"total":69,"covered":0,"skipped":0,"pct":0},"functions":{"total":6,"covered":0,"skipped":0,"pct":0},"statements":{"total":74,"covered":0,"skipped":0,"pct":0},"branches":{"total":14,"covered":0,"skipped":0,"pct":0}}
,"/Users/kwanchuncheong/NewPennine/app/components/UniversalBackground.tsx": {"lines":{"total":3,"covered":0,"skipped":0,"pct":0},"functions":{"total":1,"covered":0,"skipped":0,"pct":0},"statements":{"total":4,"covered":0,"skipped":0,"pct":0},"branches":{"total":1,"covered":0,"skipped":0,"pct":0}}
,"/Users/kwanchuncheong/NewPennine/app/components/admin/PalletBufferCleanup.tsx": {"lines":{"total":22,"covered":0,"skipped":0,"pct":0},"functions":{"total":3,"covered":0,"skipped":0,"pct":0},"statements":{"total":22,"covered":0,"skipped":0,"pct":0},"branches":{"total":18,"covered":0,"skipped":0,"pct":0}}
,"/Users/kwanchuncheong/NewPennine/app/components/admin/PalletGenerationMonitor.tsx": {"lines":{"total":65,"covered":0,"skipped":0,"pct":0},"functions":{"total":13,"covered":0,"skipped":0,"pct":0},"statements":{"total":71,"covered":0,"skipped":0,"pct":0},"branches":{"total":26,"covered":0,"skipped":0,"pct":0}}
,"/Users/kwanchuncheong/NewPennine/app/components/admin/UniversalTimeRangeSelector.tsx": {"lines":{"total":34,"covered":0,"skipped":0,"pct":0},"functions":{"total":7,"covered":0,"skipped":0,"pct":0},"statements":{"total":35,"covered":0,"skipped":0,"pct":0},"branches":{"total":17,"covered":0,"skipped":0,"pct":0}}
,"/Users/kwanchuncheong/NewPennine/app/components/admin/UniversalChatbot/ChatInput.tsx": {"lines":{"total":19,"covered":0,"skipped":0,"pct":0},"functions":{"total":4,"covered":0,"skipped":0,"pct":0},"statements":{"total":20,"covered":0,"skipped":0,"pct":0},"branches":{"total":10,"covered":0,"skipped":0,"pct":0}}
,"/Users/kwanchuncheong/NewPennine/app/components/admin/UniversalChatbot/ChatInterface.tsx": {"lines":{"total":43,"covered":0,"skipped":0,"pct":0},"functions":{"total":13,"covered":0,"skipped":0,"pct":0},"statements":{"total":48,"covered":0,"skipped":0,"pct":0},"branches":{"total":10,"covered":0,"skipped":0,"pct":0}}
,"/Users/kwanchuncheong/NewPennine/app/components/admin/UniversalChatbot/ChatMessage.tsx": {"lines":{"total":16,"covered":0,"skipped":0,"pct":0},"functions":{"total":3,"covered":0,"skipped":0,"pct":0},"statements":{"total":17,"covered":0,"skipped":0,"pct":0},"branches":{"total":25,"covered":0,"skipped":0,"pct":0}}
,"/Users/kwanchuncheong/NewPennine/app/components/admin/UniversalChatbot/EnhancedChatInterface.tsx": {"lines":{"total":91,"covered":0,"skipped":0,"pct":0},"functions":{"total":27,"covered":0,"skipped":0,"pct":0},"statements":{"total":103,"covered":0,"skipped":0,"pct":0},"branches":{"total":48,"covered":0,"skipped":0,"pct":0}}
,"/Users/kwanchuncheong/NewPennine/app/components/admin/UniversalChatbot/index.tsx": {"lines":{"total":25,"covered":0,"skipped":0,"pct":0},"functions":{"total":10,"covered":0,"skipped":0,"pct":0},"statements":{"total":27,"covered":0,"skipped":0,"pct":0},"branches":{"total":17,"covered":0,"skipped":0,"pct":0}}
,"/Users/kwanchuncheong/NewPennine/app/components/analytics/AnalyticsButton.tsx": {"lines":{"total":6,"covered":0,"skipped":0,"pct":0},"functions":{"total":1,"covered":0,"skipped":0,"pct":0},"statements":{"total":6,"covered":0,"skipped":0,"pct":0},"branches":{"total":2,"covered":0,"skipped":0,"pct":0}}
,"/Users/kwanchuncheong/NewPennine/app/components/analytics/AnalyticsDashboardDialog.tsx": {"lines":{"total":19,"covered":0,"skipped":0,"pct":0},"functions":{"total":6,"covered":0,"skipped":0,"pct":0},"statements":{"total":19,"covered":0,"skipped":0,"pct":0},"branches":{"total":10,"covered":0,"skipped":0,"pct":0}}
,"/Users/kwanchuncheong/NewPennine/app/components/analytics/FinishedTransferDialog.tsx": {"lines":{"total":14,"covered":0,"skipped":0,"pct":0},"functions":{"total":6,"covered":0,"skipped":0,"pct":0},"statements":{"total":14,"covered":0,"skipped":0,"pct":0},"branches":{"total":10,"covered":0,"skipped":0,"pct":0}}
,"/Users/kwanchuncheong/NewPennine/app/components/analytics/GlobalAnalyticsDialogs.tsx": {"lines":{"total":25,"covered":0,"skipped":0,"pct":0},"functions":{"total":14,"covered":0,"skipped":0,"pct":0},"statements":{"total":29,"covered":0,"skipped":0,"pct":0},"branches":{"total":0,"covered":0,"skipped":0,"pct":100}}
,"/Users/kwanchuncheong/NewPennine/app/components/analytics/OrderTrendDialog.tsx": {"lines":{"total":14,"covered":0,"skipped":0,"pct":0},"functions":{"total":6,"covered":0,"skipped":0,"pct":0},"statements":{"total":14,"covered":0,"skipped":0,"pct":0},"branches":{"total":10,"covered":0,"skipped":0,"pct":0}}
,"/Users/kwanchuncheong/NewPennine/app/components/analytics/StaffWorkloadDialog.tsx": {"lines":{"total":14,"covered":0,"skipped":0,"pct":0},"functions":{"total":6,"covered":0,"skipped":0,"pct":0},"statements":{"total":14,"covered":0,"skipped":0,"pct":0},"branches":{"total":10,"covered":0,"skipped":0,"pct":0}}
,"/Users/kwanchuncheong/NewPennine/app/components/analytics/useAnalyticsDashboard.tsx": {"lines":{"total":7,"covered":0,"skipped":0,"pct":0},"functions":{"total":4,"covered":0,"skipped":0,"pct":0},"statements":{"total":8,"covered":0,"skipped":0,"pct":0},"branches":{"total":0,"covered":0,"skipped":0,"pct":100}}
,"/Users/kwanchuncheong/NewPennine/app/components/analytics/charts/OutputRatioChart.tsx": {"lines":{"total":47,"covered":0,"skipped":0,"pct":0},"functions":{"total":5,"covered":0,"skipped":0,"pct":0},"statements":{"total":47,"covered":0,"skipped":0,"pct":0},"branches":{"total":37,"covered":0,"skipped":0,"pct":0}}
,"/Users/kwanchuncheong/NewPennine/app/components/analytics/charts/ProductTrendChart.tsx": {"lines":{"total":54,"covered":0,"skipped":0,"pct":0},"functions":{"total":15,"covered":0,"skipped":0,"pct":0},"statements":{"total":56,"covered":0,"skipped":0,"pct":0},"branches":{"total":31,"covered":0,"skipped":0,"pct":0}}
,"/Users/kwanchuncheong/NewPennine/app/components/analytics/charts/StaffWorkloadChart.tsx": {"lines":{"total":57,"covered":0,"skipped":0,"pct":0},"functions":{"total":16,"covered":0,"skipped":0,"pct":0},"statements":{"total":60,"covered":0,"skipped":0,"pct":0},"branches":{"total":25,"covered":0,"skipped":0,"pct":0}}
,"/Users/kwanchuncheong/NewPennine/app/components/grn-label-form/MaterialSupplierInput.tsx": {"lines":{"total":76,"covered":0,"skipped":0,"pct":0},"functions":{"total":8,"covered":0,"skipped":0,"pct":0},"statements":{"total":78,"covered":0,"skipped":0,"pct":0},"branches":{"total":64,"covered":0,"skipped":0,"pct":0}}
,"/Users/kwanchuncheong/NewPennine/app/components/grn-label-form/hooks/index.ts": {"lines":{"total":4,"covered":0,"skipped":0,"pct":0},"functions":{"total":0,"covered":0,"skipped":0,"pct":100},"statements":{"total":8,"covered":0,"skipped":0,"pct":0},"branches":{"total":0,"covered":0,"skipped":0,"pct":100}}
,"/Users/kwanchuncheong/NewPennine/app/components/grn-label-form/hooks/useDatabaseOperationsV2.tsx": {"lines":{"total":42,"covered":0,"skipped":0,"pct":0},"functions":{"total":4,"covered":0,"skipped":0,"pct":0},"statements":{"total":42,"covered":0,"skipped":0,"pct":0},"branches":{"total":20,"covered":0,"skipped":0,"pct":0}}
,"/Users/kwanchuncheong/NewPennine/app/components/grn-label-form/hooks/useFormPersistence.tsx": {"lines":{"total":44,"covered":0,"skipped":0,"pct":0},"functions":{"total":7,"covered":0,"skipped":0,"pct":0},"statements":{"total":47,"covered":0,"skipped":0,"pct":0},"branches":{"total":21,"covered":0,"skipped":0,"pct":0}}
,"/Users/kwanchuncheong/NewPennine/app/components/grn-label-form/hooks/useGrnLabelBusiness.tsx": {"lines":{"total":116,"covered":0,"skipped":0,"pct":0},"functions":{"total":7,"covered":0,"skipped":0,"pct":0},"statements":{"total":119,"covered":0,"skipped":0,"pct":0},"branches":{"total":68,"covered":0,"skipped":0,"pct":0}}
,"/Users/kwanchuncheong/NewPennine/app/components/grn-label-form/hooks/usePdfGeneration.tsx": {"lines":{"total":54,"covered":0,"skipped":0,"pct":0},"functions":{"total":17,"covered":0,"skipped":0,"pct":0},"statements":{"total":62,"covered":0,"skipped":0,"pct":0},"branches":{"total":19,"covered":0,"skipped":0,"pct":0}}
,"/Users/kwanchuncheong/NewPennine/app/components/print-label-pdf/PdfGenerator.tsx": {"lines":{"total":39,"covered":0,"skipped":0,"pct":0},"functions":{"total":3,"covered":0,"skipped":0,"pct":0},"statements":{"total":39,"covered":0,"skipped":0,"pct":0},"branches":{"total":35,"covered":0,"skipped":0,"pct":0}}
,"/Users/kwanchuncheong/NewPennine/app/components/print-label-pdf/ReviewTemplate.tsx": {"lines":{"total":3,"covered":0,"skipped":0,"pct":0},"functions":{"total":2,"covered":0,"skipped":0,"pct":0},"statements":{"total":3,"covered":0,"skipped":0,"pct":0},"branches":{"total":10,"covered":0,"skipped":0,"pct":0}}
,"/Users/kwanchuncheong/NewPennine/app/components/qc-label-form/Accordion.tsx": {"lines":{"total":53,"covered":0,"skipped":0,"pct":0},"functions":{"total":17,"covered":0,"skipped":0,"pct":0},"statements":{"total":59,"covered":0,"skipped":0,"pct":0},"branches":{"total":27,"covered":0,"skipped":0,"pct":0}}
,"/Users/kwanchuncheong/NewPennine/app/components/qc-label-form/AcoOrderForm.tsx": {"lines":{"total":6,"covered":0,"skipped":0,"pct":0},"functions":{"total":3,"covered":0,"skipped":0,"pct":0},"statements":{"total":8,"covered":0,"skipped":0,"pct":0},"branches":{"total":15,"covered":0,"skipped":0,"pct":0}}
,"/Users/kwanchuncheong/NewPennine/app/components/qc-label-form/BasicProductForm.tsx": {"lines":{"total":21,"covered":0,"skipped":0,"pct":0},"functions":{"total":4,"covered":0,"skipped":0,"pct":0},"statements":{"total":23,"covered":0,"skipped":0,"pct":0},"branches":{"total":47,"covered":0,"skipped":0,"pct":0}}
,"/Users/kwanchuncheong/NewPennine/app/components/qc-label-form/BatchProcessingDialog.tsx": {"lines":{"total":57,"covered":0,"skipped":0,"pct":0},"functions":{"total":29,"covered":0,"skipped":0,"pct":0},"statements":{"total":71,"covered":0,"skipped":0,"pct":0},"branches":{"total":32,"covered":0,"skipped":0,"pct":0}}
,"/Users/kwanchuncheong/NewPennine/app/components/qc-label-form/ClockNumberConfirmDialog.tsx": {"lines":{"total":83,"covered":0,"skipped":0,"pct":0},"functions":{"total":13,"covered":0,"skipped":0,"pct":0},"statements":{"total":87,"covered":0,"skipped":0,"pct":0},"branches":{"total":39,"covered":0,"skipped":0,"pct":0}}
,"/Users/kwanchuncheong/NewPennine/app/components/qc-label-form/EnhancedFormField.tsx": {"lines":{"total":18,"covered":0,"skipped":0,"pct":0},"functions":{"total":4,"covered":0,"skipped":0,"pct":0},"statements":{"total":22,"covered":0,"skipped":0,"pct":0},"branches":{"total":49,"covered":0,"skipped":0,"pct":0}}
,"/Users/kwanchuncheong/NewPennine/app/components/qc-label-form/EnhancedProgressBar.tsx": {"lines":{"total":38,"covered":0,"skipped":0,"pct":0},"functions":{"total":12,"covered":0,"skipped":0,"pct":0},"statements":{"total":47,"covered":0,"skipped":0,"pct":0},"branches":{"total":57,"covered":0,"skipped":0,"pct":0}}
,"/Users/kwanchuncheong/NewPennine/app/components/qc-label-form/ErrorBoundary.tsx": {"lines":{"total":17,"covered":0,"skipped":0,"pct":0},"functions":{"total":6,"covered":0,"skipped":0,"pct":0},"statements":{"total":18,"covered":0,"skipped":0,"pct":0},"branches":{"total":7,"covered":0,"skipped":0,"pct":0}}
,"/Users/kwanchuncheong/NewPennine/app/components/qc-label-form/ErrorStats.tsx": {"lines":{"total":29,"covered":0,"skipped":0,"pct":0},"functions":{"total":10,"covered":0,"skipped":0,"pct":0},"statements":{"total":32,"covered":0,"skipped":0,"pct":0},"branches":{"total":15,"covered":0,"skipped":0,"pct":0}}
,"/Users/kwanchuncheong/NewPennine/app/components/qc-label-form/FormField.tsx": {"lines":{"total":5,"covered":0,"skipped":0,"pct":0},"functions":{"total":1,"covered":0,"skipped":0,"pct":0},"statements":{"total":7,"covered":0,"skipped":0,"pct":0},"branches":{"total":6,"covered":0,"skipped":0,"pct":0}}
,"/Users/kwanchuncheong/NewPennine/app/components/qc-label-form/FormPersistenceIndicator.tsx": {"lines":{"total":18,"covered":0,"skipped":0,"pct":0},"functions":{"total":2,"covered":0,"skipped":0,"pct":0},"statements":{"total":19,"covered":0,"skipped":0,"pct":0},"branches":{"total":15,"covered":0,"skipped":0,"pct":0}}
,"/Users/kwanchuncheong/NewPennine/app/components/qc-label-form/GridBasicProductForm.tsx": {"lines":{"total":18,"covered":0,"skipped":0,"pct":0},"functions":{"total":4,"covered":0,"skipped":0,"pct":0},"statements":{"total":20,"covered":0,"skipped":0,"pct":0},"branches":{"total":41,"covered":0,"skipped":0,"pct":0}}
,"/Users/kwanchuncheong/NewPennine/app/components/qc-label-form/ImprovedQcLabelForm.tsx": {"lines":{"total":69,"covered":0,"skipped":0,"pct":0},"functions":{"total":22,"covered":0,"skipped":0,"pct":0},"statements":{"total":75,"covered":0,"skipped":0,"pct":0},"branches":{"total":47,"covered":0,"skipped":0,"pct":0}}
,"/Users/kwanchuncheong/NewPennine/app/components/qc-label-form/LazyComponents.tsx": {"lines":{"total":44,"covered":0,"skipped":0,"pct":0},"functions":{"total":27,"covered":0,"skipped":0,"pct":0},"statements":{"total":63,"covered":0,"skipped":0,"pct":0},"branches":{"total":6,"covered":0,"skipped":0,"pct":0}}
,"/Users/kwanchuncheong/NewPennine/app/components/qc-label-form/PerformanceDashboard.tsx": {"lines":{"total":40,"covered":0,"skipped":0,"pct":0},"functions":{"total":14,"covered":0,"skipped":0,"pct":0},"statements":{"total":46,"covered":0,"skipped":0,"pct":0},"branches":{"total":31,"covered":0,"skipped":0,"pct":0}}
,"/Users/kwanchuncheong/NewPennine/app/components/qc-label-form/PerformanceOptimizedForm.tsx": {"lines":{"total":103,"covered":0,"skipped":0,"pct":0},"functions":{"total":34,"covered":0,"skipped":0,"pct":0},"statements":{"total":110,"covered":0,"skipped":0,"pct":0},"branches":{"total":116,"covered":0,"skipped":0,"pct":0}}
,"/Users/kwanchuncheong/NewPennine/app/components/qc-label-form/PrintLabelGrid.tsx": {"lines":{"total":7,"covered":0,"skipped":0,"pct":0},"functions":{"total":2,"covered":0,"skipped":0,"pct":0},"statements":{"total":9,"covered":0,"skipped":0,"pct":0},"branches":{"total":0,"covered":0,"skipped":0,"pct":100}}
,"/Users/kwanchuncheong/NewPennine/app/components/qc-label-form/PrintProgressBar.tsx": {"lines":{"total":24,"covered":0,"skipped":0,"pct":0},"functions":{"total":8,"covered":0,"skipped":0,"pct":0},"statements":{"total":26,"covered":0,"skipped":0,"pct":0},"branches":{"total":11,"covered":0,"skipped":0,"pct":0}}
,"/Users/kwanchuncheong/NewPennine/app/components/qc-label-form/ProductCodeInput.tsx": {"lines":{"total":73,"covered":0,"skipped":0,"pct":0},"functions":{"total":7,"covered":0,"skipped":0,"pct":0},"statements":{"total":75,"covered":0,"skipped":0,"pct":0},"branches":{"total":63,"covered":0,"skipped":0,"pct":0}}
,"/Users/kwanchuncheong/NewPennine/app/components/qc-label-form/ProductInfoDisplay.tsx": {"lines":{"total":7,"covered":0,"skipped":0,"pct":0},"functions":{"total":1,"covered":0,"skipped":0,"pct":0},"statements":{"total":9,"covered":0,"skipped":0,"pct":0},"branches":{"total":6,"covered":0,"skipped":0,"pct":0}}
,"/Users/kwanchuncheong/NewPennine/app/components/qc-label-form/RemarkFormatter.tsx": {"lines":{"total":27,"covered":0,"skipped":0,"pct":0},"functions":{"total":5,"covered":0,"skipped":0,"pct":0},"statements":{"total":31,"covered":0,"skipped":0,"pct":0},"branches":{"total":11,"covered":0,"skipped":0,"pct":0}}
,"/Users/kwanchuncheong/NewPennine/app/components/qc-label-form/ResponsiveLayout.tsx": {"lines":{"total":24,"covered":0,"skipped":0,"pct":0},"functions":{"total":5,"covered":0,"skipped":0,"pct":0},"statements":{"total":28,"covered":0,"skipped":0,"pct":0},"branches":{"total":50,"covered":0,"skipped":0,"pct":0}}
,"/Users/kwanchuncheong/NewPennine/app/components/qc-label-form/SlateDetailsForm.tsx": {"lines":{"total":7,"covered":0,"skipped":0,"pct":0},"functions":{"total":3,"covered":0,"skipped":0,"pct":0},"statements":{"total":9,"covered":0,"skipped":0,"pct":0},"branches":{"total":1,"covered":0,"skipped":0,"pct":0}}
,"/Users/kwanchuncheong/NewPennine/app/components/qc-label-form/StreamingModeToggle.tsx": {"lines":{"total":5,"covered":0,"skipped":0,"pct":0},"functions":{"total":2,"covered":0,"skipped":0,"pct":0},"statements":{"total":6,"covered":0,"skipped":0,"pct":0},"branches":{"total":4,"covered":0,"skipped":0,"pct":0}}
,"/Users/kwanchuncheong/NewPennine/app/components/qc-label-form/TestHardwareButton.tsx": {"lines":{"total":15,"covered":0,"skipped":0,"pct":0},"functions":{"total":2,"covered":0,"skipped":0,"pct":0},"statements":{"total":15,"covered":0,"skipped":0,"pct":0},"branches":{"total":0,"covered":0,"skipped":0,"pct":100}}
,"/Users/kwanchuncheong/NewPennine/app/components/qc-label-form/TestPrintingFixes.tsx": {"lines":{"total":82,"covered":0,"skipped":0,"pct":0},"functions":{"total":8,"covered":0,"skipped":0,"pct":0},"statements":{"total":85,"covered":0,"skipped":0,"pct":0},"branches":{"total":11,"covered":0,"skipped":0,"pct":0}}
,"/Users/kwanchuncheong/NewPennine/app/components/qc-label-form/ValidationSummary.tsx": {"lines":{"total":9,"covered":0,"skipped":0,"pct":0},"functions":{"total":2,"covered":0,"skipped":0,"pct":0},"statements":{"total":11,"covered":0,"skipped":0,"pct":0},"branches":{"total":6,"covered":0,"skipped":0,"pct":0}}
,"/Users/kwanchuncheong/NewPennine/app/components/qc-label-form/constants.ts": {"lines":{"total":36,"covered":0,"skipped":0,"pct":0},"functions":{"total":0,"covered":0,"skipped":0,"pct":100},"statements":{"total":72,"covered":0,"skipped":0,"pct":0},"branches":{"total":0,"covered":0,"skipped":0,"pct":100}}
,"/Users/kwanchuncheong/NewPennine/app/components/qc-label-form/index.ts": {"lines":{"total":49,"covered":0,"skipped":0,"pct":0},"functions":{"total":0,"covered":0,"skipped":0,"pct":100},"statements":{"total":68,"covered":0,"skipped":0,"pct":0},"branches":{"total":0,"covered":0,"skipped":0,"pct":100}}
,"/Users/kwanchuncheong/NewPennine/app/components/qc-label-form/hooks/index.ts": {"lines":{"total":19,"covered":0,"skipped":0,"pct":0},"functions":{"total":0,"covered":0,"skipped":0,"pct":100},"statements":{"total":22,"covered":0,"skipped":0,"pct":0},"branches":{"total":0,"covered":0,"skipped":0,"pct":100}}
,"/Users/kwanchuncheong/NewPennine/app/components/qc-label-form/hooks/useErrorHandler.ts": {"lines":{"total":40,"covered":0,"skipped":0,"pct":0},"functions":{"total":13,"covered":0,"skipped":0,"pct":0},"statements":{"total":43,"covered":0,"skipped":0,"pct":0},"branches":{"total":16,"covered":0,"skipped":0,"pct":0}}
,"/Users/kwanchuncheong/NewPennine/app/components/qc-label-form/hooks/useFormValidation.ts": {"lines":{"total":56,"covered":0,"skipped":0,"pct":0},"functions":{"total":5,"covered":0,"skipped":0,"pct":0},"statements":{"total":60,"covered":0,"skipped":0,"pct":0},"branches":{"total":29,"covered":0,"skipped":0,"pct":0}}
,"/Users/kwanchuncheong/NewPennine/app/components/qc-label-form/hooks/useMediaQuery.ts": {"lines":{"total":19,"covered":0,"skipped":0,"pct":0},"functions":{"total":4,"covered":0,"skipped":0,"pct":0},"statements":{"total":21,"covered":0,"skipped":0,"pct":0},"branches":{"total":5,"covered":0,"skipped":0,"pct":0}}
,"/Users/kwanchuncheong/NewPennine/app/components/qc-label-form/hooks/useOptimizedCallback.ts": {"lines":{"total":79,"covered":0,"skipped":0,"pct":0},"functions":{"total":23,"covered":0,"skipped":0,"pct":0},"statements":{"total":91,"covered":0,"skipped":0,"pct":0},"branches":{"total":20,"covered":0,"skipped":0,"pct":0}}
,"/Users/kwanchuncheong/NewPennine/app/components/qc-label-form/hooks/usePerformanceMonitor.ts": {"lines":{"total":52,"covered":0,"skipped":0,"pct":0},"functions":{"total":16,"covered":0,"skipped":0,"pct":0},"statements":{"total":62,"covered":0,"skipped":0,"pct":0},"branches":{"total":26,"covered":0,"skipped":0,"pct":0}}
,"/Users/kwanchuncheong/NewPennine/app/components/qc-label-form/hooks/useQcLabelBusiness.tsx": {"lines":{"total":115,"covered":0,"skipped":0,"pct":0},"functions":{"total":14,"covered":0,"skipped":0,"pct":0},"statements":{"total":121,"covered":0,"skipped":0,"pct":0},"branches":{"total":41,"covered":0,"skipped":0,"pct":0}}
,"/Users/kwanchuncheong/NewPennine/app/components/qc-label-form/hooks/modules/useAcoManagement.tsx": {"lines":{"total":125,"covered":0,"skipped":0,"pct":0},"functions":{"total":30,"covered":0,"skipped":0,"pct":0},"statements":{"total":140,"covered":0,"skipped":0,"pct":0},"branches":{"total":47,"covered":0,"skipped":0,"pct":0}}
,"/Users/kwanchuncheong/NewPennine/app/components/qc-label-form/hooks/modules/useAuth.tsx": {"lines":{"total":38,"covered":0,"skipped":0,"pct":0},"functions":{"total":9,"covered":0,"skipped":0,"pct":0},"statements":{"total":39,"covered":0,"skipped":0,"pct":0},"branches":{"total":7,"covered":0,"skipped":0,"pct":0}}
,"/Users/kwanchuncheong/NewPennine/app/components/qc-label-form/hooks/modules/useBatchProcessing.tsx": {"lines":{"total":91,"covered":0,"skipped":0,"pct":0},"functions":{"total":10,"covered":0,"skipped":0,"pct":0},"statements":{"total":96,"covered":0,"skipped":0,"pct":0},"branches":{"total":38,"covered":0,"skipped":0,"pct":0}}
,"/Users/kwanchuncheong/NewPennine/app/components/qc-label-form/hooks/modules/useClockConfirmation.tsx": {"lines":{"total":24,"covered":0,"skipped":0,"pct":0},"functions":{"total":4,"covered":0,"skipped":0,"pct":0},"statements":{"total":25,"covered":0,"skipped":0,"pct":0},"branches":{"total":4,"covered":0,"skipped":0,"pct":0}}
,"/Users/kwanchuncheong/NewPennine/app/components/qc-label-form/hooks/modules/useDatabaseOperationsUnified.tsx": {"lines":{"total":52,"covered":0,"skipped":0,"pct":0},"functions":{"total":3,"covered":0,"skipped":0,"pct":0},"statements":{"total":54,"covered":0,"skipped":0,"pct":0},"branches":{"total":46,"covered":0,"skipped":0,"pct":0}}
,"/Users/kwanchuncheong/NewPennine/app/components/qc-label-form/hooks/modules/useDatabaseOperationsV2.tsx": {"lines":{"total":62,"covered":0,"skipped":0,"pct":0},"functions":{"total":5,"covered":0,"skipped":0,"pct":0},"statements":{"total":64,"covered":0,"skipped":0,"pct":0},"branches":{"total":43,"covered":0,"skipped":0,"pct":0}}
,"/Users/kwanchuncheong/NewPennine/app/components/qc-label-form/hooks/modules/useFormPersistence.tsx": {"lines":{"total":62,"covered":0,"skipped":0,"pct":0},"functions":{"total":12,"covered":0,"skipped":0,"pct":0},"statements":{"total":66,"covered":0,"skipped":0,"pct":0},"branches":{"total":13,"covered":0,"skipped":0,"pct":0}}
[...]
,"/Users/kwanchuncheong/NewPennine/lib/hardware/testing/hardware-simulator.ts": {"lines":{"total":54,"covered":0,"skipped":0,"pct":0},"functions":{"total":20,"covered":0,"skipped":0,"pct":0},"statements":{"total":56,"covered":0,"skipped":0,"pct":0},"branches":{"total":19,"covered":0,"skipped":0,"pct":0}}
,"/Users/kwanchuncheong/NewPennine/lib/hardware/testing/test-hardware-services.ts": {"lines":{"total":45,"covered":0,"skipped":0,"pct":0},"functions":{"total":2,"covered":0,"skipped":0,"pct":0},"statements":{"total":45,"covered":0,"skipped":0,"pct":0},"branches":{"total":6,"covered":0,"skipped":0,"pct":0}}
,"/Users/kwanchuncheong/NewPennine/lib/inventory/index.ts": {"lines":{"total":2,"covered":0,"skipped":0,"pct":0},"functions":{"total":0,"covered":0,"skipped":0,"pct":100},"statements":{"total":2,"covered":0,"skipped":0,"pct":0},"branches":{"total":0,"covered":0,"skipped":0,"pct":100}}
,"/Users/kwanchuncheong/NewPennine/lib/inventory/interfaces/index.ts": {"lines":{"total":3,"covered":0,"skipped":0,"pct":0},"functions":{"total":0,"covered":0,"skipped":0,"pct":100},"statements":{"total":3,"covered":0,"skipped":0,"pct":0},"branches":{"total":0,"covered":0,"skipped":0,"pct":100}}
,"/Users/kwanchuncheong/NewPennine/lib/inventory/services/PalletService.ts": {"lines":{"total":100,"covered":30,"skipped":0,"pct":30},"functions":{"total":19,"covered":6,"skipped":0,"pct":31.57},"statements":{"total":109,"covered":31,"skipped":0,"pct":28.44},"branches":{"total":53,"covered":18,"skipped":0,"pct":33.96}}
,"/Users/kwanchuncheong/NewPennine/lib/inventory/services/StockMovementService.ts": {"lines":{"total":154,"covered":105,"skipped":0,"pct":68.18},"functions":{"total":23,"covered":20,"skipped":0,"pct":86.95},"statements":{"total":159,"covered":108,"skipped":0,"pct":67.92},"branches":{"total":113,"covered":55,"skipped":0,"pct":48.67}}
,"/Users/kwanchuncheong/NewPennine/lib/inventory/services/TransactionService.ts": {"lines":{"total":126,"covered":48,"skipped":0,"pct":38.09},"functions":{"total":19,"covered":9,"skipped":0,"pct":47.36},"statements":{"total":128,"covered":48,"skipped":0,"pct":37.5},"branches":{"total":70,"covered":17,"skipped":0,"pct":24.28}}
,"/Users/kwanchuncheong/NewPennine/lib/inventory/services/UnifiedInventoryService.ts": {"lines":{"total":128,"covered":40,"skipped":0,"pct":31.25},"functions":{"total":23,"covered":10,"skipped":0,"pct":43.47},"statements":{"total":132,"covered":41,"skipped":0,"pct":31.06},"branches":{"total":58,"covered":7,"skipped":0,"pct":12.06}}
,"/Users/kwanchuncheong/NewPennine/lib/inventory/services/index.ts": {"lines":{"total":5,"covered":0,"skipped":0,"pct":0},"functions":{"total":1,"covered":0,"skipped":0,"pct":0},"statements":{"total":8,"covered":0,"skipped":0,"pct":0},"branches":{"total":0,"covered":0,"skipped":0,"pct":100}}
,"/Users/kwanchuncheong/NewPennine/lib/inventory/types/index.ts": {"lines":{"total":6,"covered":0,"skipped":0,"pct":0},"functions":{"total":0,"covered":0,"skipped":0,"pct":100},"statements":{"total":6,"covered":0,"skipped":0,"pct":0},"branches":{"total":0,"covered":0,"skipped":0,"pct":100}}
,"/Users/kwanchuncheong/NewPennine/lib/inventory/types/location.types.ts": {"lines":{"total":15,"covered":0,"skipped":0,"pct":0},"functions":{"total":5,"covered":0,"skipped":0,"pct":0},"statements":{"total":18,"covered":0,"skipped":0,"pct":0},"branches":{"total":6,"covered":0,"skipped":0,"pct":0}}
,"/Users/kwanchuncheong/NewPennine/lib/inventory/types/transaction.types.ts": {"lines":{"total":1,"covered":0,"skipped":0,"pct":0},"functions":{"total":0,"covered":0,"skipped":0,"pct":100},"statements":{"total":2,"covered":0,"skipped":0,"pct":0},"branches":{"total":0,"covered":0,"skipped":0,"pct":100}}
,"/Users/kwanchuncheong/NewPennine/lib/inventory/utils/authHelpers.ts": {"lines":{"total":32,"covered":5,"skipped":0,"pct":15.62},"functions":{"total":4,"covered":1,"skipped":0,"pct":25},"statements":{"total":34,"covered":5,"skipped":0,"pct":14.7},"branches":{"total":6,"covered":0,"skipped":0,"pct":0}}
,"/Users/kwanchuncheong/NewPennine/lib/inventory/utils/index.ts": {"lines":{"total":1,"covered":0,"skipped":0,"pct":0},"functions":{"total":0,"covered":0,"skipped":0,"pct":100},"statements":{"total":1,"covered":0,"skipped":0,"pct":0},"branches":{"total":0,"covered":0,"skipped":0,"pct":100}}
,"/Users/kwanchuncheong/NewPennine/lib/inventory/utils/locationMapper.ts": {"lines":{"total":30,"covered":29,"skipped":0,"pct":96.66},"functions":{"total":9,"covered":9,"skipped":0,"pct":100},"statements":{"total":37,"covered":36,"skipped":0,"pct":97.29},"branches":{"total":9,"covered":6,"skipped":0,"pct":66.66}}
,"/Users/kwanchuncheong/NewPennine/lib/inventory/utils/validators.ts": {"lines":{"total":64,"covered":19,"skipped":0,"pct":29.68},"functions":{"total":6,"covered":2,"skipped":0,"pct":33.33},"statements":{"total":66,"covered":19,"skipped":0,"pct":28.78},"branches":{"total":52,"covered":13,"skipped":0,"pct":25}}
,"/Users/kwanchuncheong/NewPennine/lib/logger/browser.ts": {"lines":{"total":17,"covered":0,"skipped":0,"pct":0},"functions":{"total":5,"covered":0,"skipped":0,"pct":0},"statements":{"total":25,"covered":0,"skipped":0,"pct":0},"branches":{"total":11,"covered":0,"skipped":0,"pct":0}}
,"/Users/kwanchuncheong/NewPennine/lib/logger/index.ts": {"lines":{"total":2,"covered":0,"skipped":0,"pct":0},"functions":{"total":0,"covered":0,"skipped":0,"pct":100},"statements":{"total":2,"covered":0,"skipped":0,"pct":0},"branches":{"total":0,"covered":0,"skipped":0,"pct":100}}
,"/Users/kwanchuncheong/NewPennine/lib/navigation/behavior-tracker.ts": {"lines":{"total":170,"covered":0,"skipped":0,"pct":0},"functions":{"total":47,"covered":0,"skipped":0,"pct":0},"statements":{"total":188,"covered":0,"skipped":0,"pct":0},"branches":{"total":74,"covered":0,"skipped":0,"pct":0}}
,"/Users/kwanchuncheong/NewPennine/lib/navigation/cache-manager.ts": {"lines":{"total":79,"covered":0,"skipped":0,"pct":0},"functions":{"total":28,"covered":0,"skipped":0,"pct":0},"statements":{"total":82,"covered":0,"skipped":0,"pct":0},"branches":{"total":21,"covered":0,"skipped":0,"pct":0}}
,"/Users/kwanchuncheong/NewPennine/lib/navigation/preloader.ts": {"lines":{"total":114,"covered":0,"skipped":0,"pct":0},"functions":{"total":28,"covered":0,"skipped":0,"pct":0},"statements":{"total":123,"covered":0,"skipped":0,"pct":0},"branches":{"total":46,"covered":0,"skipped":0,"pct":0}}
,"/Users/kwanchuncheong/NewPennine/lib/preload/unified-preload-service.ts": {"lines":{"total":116,"covered":0,"skipped":0,"pct":0},"functions":{"total":33,"covered":0,"skipped":0,"pct":0},"statements":{"total":127,"covered":0,"skipped":0,"pct":0},"branches":{"total":39,"covered":0,"skipped":0,"pct":0}}
,"/Users/kwanchuncheong/NewPennine/lib/printing/index.ts": {"lines":{"total":7,"covered":0,"skipped":0,"pct":0},"functions":{"total":0,"covered":0,"skipped":0,"pct":100},"statements":{"total":14,"covered":0,"skipped":0,"pct":0},"branches":{"total":0,"covered":0,"skipped":0,"pct":100}}
,"/Users/kwanchuncheong/NewPennine/lib/printing/components/PrintDialog.tsx": {"lines":{"total":30,"covered":0,"skipped":0,"pct":0},"functions":{"total":16,"covered":0,"skipped":0,"pct":0},"statements":{"total":36,"covered":0,"skipped":0,"pct":0},"branches":{"total":20,"covered":0,"skipped":0,"pct":0}}
,"/Users/kwanchuncheong/NewPennine/lib/printing/components/PrintPreview.tsx": {"lines":{"total":43,"covered":0,"skipped":0,"pct":0},"functions":{"total":18,"covered":0,"skipped":0,"pct":0},"statements":{"total":51,"covered":0,"skipped":0,"pct":0},"branches":{"total":41,"covered":0,"skipped":0,"pct":0}}
,"/Users/kwanchuncheong/NewPennine/lib/printing/components/PrintQueueMonitor.tsx": {"lines":{"total":50,"covered":0,"skipped":0,"pct":0},"functions":{"total":13,"covered":0,"skipped":0,"pct":0},"statements":{"total":52,"covered":0,"skipped":0,"pct":0},"branches":{"total":24,"covered":0,"skipped":0,"pct":0}}
,"/Users/kwanchuncheong/NewPennine/lib/printing/components/UnifiedPrintInterface.tsx": {"lines":{"total":37,"covered":0,"skipped":0,"pct":0},"functions":{"total":6,"covered":0,"skipped":0,"pct":0},"statements":{"total":37,"covered":0,"skipped":0,"pct":0},"branches":{"total":11,"covered":0,"skipped":0,"pct":0}}
,"/Users/kwanchuncheong/NewPennine/lib/printing/components/index.ts": {"lines":{"total":4,"covered":0,"skipped":0,"pct":0},"functions":{"total":0,"covered":0,"skipped":0,"pct":100},"statements":{"total":8,"covered":0,"skipped":0,"pct":0},"branches":{"total":0,"covered":0,"skipped":0,"pct":100}}
,"/Users/kwanchuncheong/NewPennine/lib/printing/hooks/usePrinting.ts": {"lines":{"total":116,"covered":0,"skipped":0,"pct":0},"functions":{"total":15,"covered":0,"skipped":0,"pct":0},"statements":{"total":118,"covered":0,"skipped":0,"pct":0},"branches":{"total":30,"covered":0,"skipped":0,"pct":0}}
,"/Users/kwanchuncheong/NewPennine/lib/printing/services/print-history-service.ts": {"lines":{"total":82,"covered":0,"skipped":0,"pct":0},"functions":{"total":12,"covered":0,"skipped":0,"pct":0},"statements":{"total":85,"covered":0,"skipped":0,"pct":0},"branches":{"total":40,"covered":0,"skipped":0,"pct":0}}
,"/Users/kwanchuncheong/NewPennine/lib/printing/services/print-status-monitor.ts": {"lines":{"total":91,"covered":0,"skipped":0,"pct":0},"functions":{"total":30,"covered":0,"skipped":0,"pct":0},"statements":{"total":93,"covered":0,"skipped":0,"pct":0},"branches":{"total":47,"covered":0,"skipped":0,"pct":0}}
,"/Users/kwanchuncheong/NewPennine/lib/printing/services/print-template-service.ts": {"lines":{"total":36,"covered":0,"skipped":0,"pct":0},"functions":{"total":12,"covered":0,"skipped":0,"pct":0},"statements":{"total":36,"covered":0,"skipped":0,"pct":0},"branches":{"total":122,"covered":0,"skipped":0,"pct":0}}
,"/Users/kwanchuncheong/NewPennine/lib/printing/services/unified-printing-service.ts": {"lines":{"total":123,"covered":0,"skipped":0,"pct":0},"functions":{"total":25,"covered":0,"skipped":0,"pct":0},"statements":{"total":129,"covered":0,"skipped":0,"pct":0},"branches":{"total":47,"covered":0,"skipped":0,"pct":0}}
,"/Users/kwanchuncheong/NewPennine/lib/printing/types/index.ts": {"lines":{"total":3,"covered":0,"skipped":0,"pct":0},"functions":{"total":0,"covered":0,"skipped":0,"pct":100},"statements":{"total":3,"covered":0,"skipped":0,"pct":0},"branches":{"total":0,"covered":0,"skipped":0,"pct":100}}
,"/Users/kwanchuncheong/NewPennine/lib/prompts/enhanced-system-prompt.ts": {"lines":{"total":36,"covered":0,"skipped":0,"pct":0},"functions":{"total":7,"covered":0,"skipped":0,"pct":0},"statements":{"total":38,"covered":0,"skipped":0,"pct":0},"branches":{"total":5,"covered":0,"skipped":0,"pct":0}}
,"/Users/kwanchuncheong/NewPennine/lib/services/assistantService.ts": {"lines":{"total":111,"covered":0,"skipped":0,"pct":0},"functions":{"total":13,"covered":0,"skipped":0,"pct":0},"statements":{"total":112,"covered":0,"skipped":0,"pct":0},"branches":{"total":37,"covered":0,"skipped":0,"pct":0}}
,"/Users/kwanchuncheong/NewPennine/lib/utils/exceljs-migration-helper.ts": {"lines":{"total":64,"covered":0,"skipped":0,"pct":0},"functions":{"total":18,"covered":0,"skipped":0,"pct":0},"statements":{"total":70,"covered":0,"skipped":0,"pct":0},"branches":{"total":23,"covered":0,"skipped":0,"pct":0}}
,"/Users/kwanchuncheong/NewPennine/lib/utils/getUserId.ts": {"lines":{"total":18,"covered":0,"skipped":0,"pct":0},"functions":{"total":1,"covered":0,"skipped":0,"pct":0},"statements":{"total":18,"covered":0,"skipped":0,"pct":0},"branches":{"total":6,"covered":0,"skipped":0,"pct":0}}
,"/Users/kwanchuncheong/NewPennine/lib/utils/getUserIdClient.ts": {"lines":{"total":18,"covered":0,"skipped":0,"pct":0},"functions":{"total":1,"covered":0,"skipped":0,"pct":0},"statements":{"total":18,"covered":0,"skipped":0,"pct":0},"branches":{"total":6,"covered":0,"skipped":0,"pct":0}}
,"/Users/kwanchuncheong/NewPennine/lib/widgets/ab-testing-framework.ts": {"lines":{"total":136,"covered":0,"skipped":0,"pct":0},"functions":{"total":35,"covered":0,"skipped":0,"pct":0},"statements":{"total":152,"covered":0,"skipped":0,"pct":0},"branches":{"total":46,"covered":0,"skipped":0,"pct":0}}
,"/Users/kwanchuncheong/NewPennine/lib/widgets/ab-testing-metrics.ts": {"lines":{"total":37,"covered":0,"skipped":0,"pct":0},"functions":{"total":8,"covered":0,"skipped":0,"pct":0},"statements":{"total":38,"covered":0,"skipped":0,"pct":0},"branches":{"total":11,"covered":0,"skipped":0,"pct":0}}
,"/Users/kwanchuncheong/NewPennine/lib/widgets/ab-testing-middleware.ts": {"lines":{"total":66,"covered":0,"skipped":0,"pct":0},"functions":{"total":13,"covered":0,"skipped":0,"pct":0},"statements":{"total":69,"covered":0,"skipped":0,"pct":0},"branches":{"total":22,"covered":0,"skipped":0,"pct":0}}
,"/Users/kwanchuncheong/NewPennine/lib/widgets/ab-testing-utils.ts": {"lines":{"total":28,"covered":0,"skipped":0,"pct":0},"functions":{"total":7,"covered":0,"skipped":0,"pct":0},"statements":{"total":31,"covered":0,"skipped":0,"pct":0},"branches":{"total":10,"covered":0,"skipped":0,"pct":0}}
,"/Users/kwanchuncheong/NewPennine/lib/widgets/admin-renderer-adapter.ts": {"lines":{"total":20,"covered":0,"skipped":0,"pct":0},"functions":{"total":8,"covered":0,"skipped":0,"pct":0},"statements":{"total":24,"covered":0,"skipped":0,"pct":0},"branches":{"total":4,"covered":0,"skipped":0,"pct":0}}
,"/Users/kwanchuncheong/NewPennine/lib/widgets/analysis-widget-adapter.ts": {"lines":{"total":34,"covered":4,"skipped":0,"pct":11.76},"functions":{"total":6,"covered":0,"skipped":0,"pct":0},"statements":{"total":35,"covered":4,"skipped":0,"pct":11.42},"branches":{"total":6,"covered":0,"skipped":0,"pct":0}}
,"/Users/kwanchuncheong/NewPennine/lib/widgets/charts-widget-adapter.ts": {"lines":{"total":34,"covered":4,"skipped":0,"pct":11.76},"functions":{"total":6,"covered":0,"skipped":0,"pct":0},"statements":{"total":35,"covered":4,"skipped":0,"pct":11.42},"branches":{"total":6,"covered":0,"skipped":0,"pct":0}}
,"/Users/kwanchuncheong/NewPennine/lib/widgets/dual-loading-adapter.ts": {"lines":{"total":95,"covered":0,"skipped":0,"pct":0},"functions":{"total":24,"covered":0,"skipped":0,"pct":0},"statements":{"total":98,"covered":0,"skipped":0,"pct":0},"branches":{"total":28,"covered":0,"skipped":0,"pct":0}}
,"/Users/kwanchuncheong/NewPennine/lib/widgets/dual-run-verification.ts": {"lines":{"total":124,"covered":0,"skipped":0,"pct":0},"functions":{"total":25,"covered":0,"skipped":0,"pct":0},"statements":{"total":128,"covered":0,"skipped":0,"pct":0},"branches":{"total":45,"covered":0,"skipped":0,"pct":0}}
,"/Users/kwanchuncheong/NewPennine/lib/widgets/dynamic-imports.ts": {"lines":{"total":66,"covered":11,"skipped":0,"pct":16.66},"functions":{"total":107,"covered":0,"skipped":0,"pct":0},"statements":{"total":77,"covered":11,"skipped":0,"pct":14.28},"branches":{"total":0,"covered":0,"skipped":0,"pct":100}}
,"/Users/kwanchuncheong/NewPennine/lib/widgets/enhanced-registry.ts": {"lines":{"total":381,"covered":114,"skipped":0,"pct":29.92},"functions":{"total":104,"covered":29,"skipped":0,"pct":27.88},"statements":{"total":399,"covered":115,"skipped":0,"pct":28.82},"branches":{"total":108,"covered":16,"skipped":0,"pct":14.81}}
,"/Users/kwanchuncheong/NewPennine/lib/widgets/index.ts": {"lines":{"total":61,"covered":0,"skipped":0,"pct":0},"functions":{"total":16,"covered":0,"skipped":0,"pct":0},"statements":{"total":72,"covered":0,"skipped":0,"pct":0},"branches":{"total":9,"covered":0,"skipped":0,"pct":0}}
,"/Users/kwanchuncheong/NewPennine/lib/widgets/layout-compatibility.ts": {"lines":{"total":77,"covered":0,"skipped":0,"pct":0},"functions":{"total":19,"covered":0,"skipped":0,"pct":0},"statements":{"total":88,"covered":0,"skipped":0,"pct":0},"branches":{"total":31,"covered":0,"skipped":0,"pct":0}}
,"/Users/kwanchuncheong/NewPennine/lib/widgets/layout-snapshot.ts": {"lines":{"total":73,"covered":0,"skipped":0,"pct":0},"functions":{"total":18,"covered":0,"skipped":0,"pct":0},"statements":{"total":74,"covered":0,"skipped":0,"pct":0},"branches":{"total":21,"covered":0,"skipped":0,"pct":0}}
,"/Users/kwanchuncheong/NewPennine/lib/widgets/lists-widget-adapter.ts": {"lines":{"total":37,"covered":4,"skipped":0,"pct":10.81},"functions":{"total":7,"covered":0,"skipped":0,"pct":0},"statements":{"total":38,"covered":4,"skipped":0,"pct":10.52},"branches":{"total":6,"covered":0,"skipped":0,"pct":0}}
,"/Users/kwanchuncheong/NewPennine/lib/widgets/migration-adapter.ts": {"lines":{"total":82,"covered":0,"skipped":0,"pct":0},"functions":{"total":22,"covered":0,"skipped":0,"pct":0},"statements":{"total":84,"covered":0,"skipped":0,"pct":0},"branches":{"total":35,"covered":0,"skipped":0,"pct":0}}
,"/Users/kwanchuncheong/NewPennine/lib/widgets/operations-widget-adapter.ts": {"lines":{"total":34,"covered":4,"skipped":0,"pct":11.76},"functions":{"total":6,"covered":0,"skipped":0,"pct":0},"statements":{"total":35,"covered":4,"skipped":0,"pct":11.42},"branches":{"total":6,"covered":0,"skipped":0,"pct":0}}
,"/Users/kwanchuncheong/NewPennine/lib/widgets/performance-integration.ts": {"lines":{"total":105,"covered":0,"skipped":0,"pct":0},"functions":{"total":31,"covered":0,"skipped":0,"pct":0},"statements":{"total":110,"covered":0,"skipped":0,"pct":0},"branches":{"total":22,"covered":0,"skipped":0,"pct":0}}
,"/Users/kwanchuncheong/NewPennine/lib/widgets/performance-monitor.ts": {"lines":{"total":150,"covered":18,"skipped":0,"pct":12},"functions":{"total":54,"covered":4,"skipped":0,"pct":7.4},"statements":{"total":172,"covered":19,"skipped":0,"pct":11.04},"branches":{"total":46,"covered":1,"skipped":0,"pct":2.17}}
,"/Users/kwanchuncheong/NewPennine/lib/widgets/reports-widget-adapter.ts": {"lines":{"total":34,"covered":4,"skipped":0,"pct":11.76},"functions":{"total":6,"covered":0,"skipped":0,"pct":0},"statements":{"total":35,"covered":4,"skipped":0,"pct":11.42},"branches":{"total":8,"covered":0,"skipped":0,"pct":0}}
,"/Users/kwanchuncheong/NewPennine/lib/widgets/stats-widget-adapter.ts": {"lines":{"total":34,"covered":4,"skipped":0,"pct":11.76},"functions":{"total":6,"covered":0,"skipped":0,"pct":0},"statements":{"total":35,"covered":4,"skipped":0,"pct":11.42},"branches":{"total":6,"covered":0,"skipped":0,"pct":0}}
,"/Users/kwanchuncheong/NewPennine/lib/widgets/widget-loader.ts": {"lines":{"total":38,"covered":31,"skipped":0,"pct":81.57},"functions":{"total":11,"covered":9,"skipped":0,"pct":81.81},"statements":{"total":40,"covered":33,"skipped":0,"pct":82.5},"branches":{"total":7,"covered":6,"skipped":0,"pct":85.71}}
,"/Users/kwanchuncheong/NewPennine/lib/widgets/widget-mappings.ts": {"lines":{"total":13,"covered":5,"skipped":0,"pct":38.46},"functions":{"total":4,"covered":0,"skipped":0,"pct":0},"statements":{"total":15,"covered":5,"skipped":0,"pct":33.33},"branches":{"total":6,"covered":0,"skipped":0,"pct":0}}
,"/Users/kwanchuncheong/NewPennine/lib/widgets/components/VirtualContainer.tsx": {"lines":{"total":25,"covered":13,"skipped":0,"pct":52},"functions":{"total":9,"covered":4,"skipped":0,"pct":44.44},"statements":{"total":28,"covered":16,"skipped":0,"pct":57.14},"branches":{"total":6,"covered":1,"skipped":0,"pct":16.66}}
,"/Users/kwanchuncheong/NewPennine/lib/widgets/optimized/lazy-widgets.ts": {"lines":{"total":36,"covered":0,"skipped":0,"pct":0},"functions":{"total":29,"covered":0,"skipped":0,"pct":0},"statements":{"total":49,"covered":0,"skipped":0,"pct":0},"branches":{"total":7,"covered":0,"skipped":0,"pct":0}}
,"/Users/kwanchuncheong/NewPennine/lib/widgets/optimized/memoized-widgets.tsx": {"lines":{"total":73,"covered":0,"skipped":0,"pct":0},"functions":{"total":22,"covered":0,"skipped":0,"pct":0},"statements":{"total":85,"covered":0,"skipped":0,"pct":0},"branches":{"total":65,"covered":0,"skipped":0,"pct":0}}
,"/Users/kwanchuncheong/NewPennine/lib/widgets/optimized/optimization-adapter.tsx": {"lines":{"total":77,"covered":0,"skipped":0,"pct":0},"functions":{"total":22,"covered":0,"skipped":0,"pct":0},"statements":{"total":79,"covered":0,"skipped":0,"pct":0},"branches":{"total":14,"covered":0,"skipped":0,"pct":0}}
}
