TN:
SF:app/ClientLayout.tsx
FN:7,LoadingSpinner
FN:18,ClientLayout
FN:21,(anonymous_4)
FNF:3
FNH:0
FNDA:0,LoadingSpinner
FNDA:0,ClientLayout
FNDA:0,(anonymous_4)
DA:3,0
DA:5,0
DA:18,0
DA:19,0
DA:21,0
DA:23,0
DA:26,0
DA:27,0
LF:8
LH:0
BRDA:26,0,0,0
BRF:1
BRH:0
end_of_record
TN:
SF:app/layout.tsx
FN:16,RootLayout
FNF:1
FNH:0
FNDA:0,RootLayout
DA:1,0
DA:3,0
DA:4,0
DA:6,0
DA:8,0
DA:16,0
LF:6
LH:0
BRF:0
BRH:0
end_of_record
TN:
SF:app/not-found.tsx
FN:3,NotFound
FNF:1
FNH:0
FNDA:0,NotFound
DA:1,0
DA:3,0
LF:2
LH:0
BRF:0
BRH:0
end_of_record
TN:
SF:app/page.tsx
FN:3,Home
FNF:1
FNH:0
FNDA:0,Home
DA:1,0
DA:3,0
DA:5,0
LF:3
LH:0
BRF:0
BRH:0
end_of_record
TN:
SF:app/access/page.tsx
FN:12,AccessPage
FN:22,(anonymous_6)
FN:23,(anonymous_7)
FN:67,(anonymous_8)
FN:69,(anonymous_9)
FN:70,(anonymous_10)
FN:74,(anonymous_11)
FN:83,(anonymous_12)
FN:266,(anonymous_13)
FNF:9
FNH:0
FNDA:0,AccessPage
FNDA:0,(anonymous_6)
FNDA:0,(anonymous_7)
FNDA:0,(anonymous_8)
FNDA:0,(anonymous_9)
FNDA:0,(anonymous_10)
FNDA:0,(anonymous_11)
FNDA:0,(anonymous_12)
FNDA:0,(anonymous_13)
DA:3,0
DA:4,0
DA:5,0
DA:6,0
DA:7,0
DA:8,0
DA:9,0
DA:12,0
DA:13,0
DA:14,0
DA:15,0
DA:16,0
DA:17,0
DA:18,0
DA:19,0
DA:20,0
DA:22,0
DA:23,0
DA:24,0
DA:26,0
DA:28,0
DA:30,0
DA:31,0
DA:35,0
DA:37,0
DA:38,0
DA:42,0
DA:43,0
DA:44,0
DA:47,0
DA:48,0
DA:52,0
DA:53,0
DA:54,0
DA:56,0
DA:57,0
DA:59,0
DA:63,0
DA:67,0
DA:68,0
DA:69,0
DA:70,0
DA:71,0
DA:72,0
DA:74,0
DA:75,0
DA:77,0
DA:79,0
DA:83,0
DA:88,0
DA:97,0
DA:267,0
LF:52
LH:0
BRDA:28,0,0,0
BRDA:28,1,0,0
BRDA:28,1,1,0
BRDA:35,2,0,0
BRDA:43,3,0,0
BRDA:43,3,1,0
BRDA:68,4,0,0
BRDA:68,5,0,0
BRDA:68,5,1,0
BRDA:71,6,0,0
BRDA:88,7,0,0
BRDA:97,8,0,0
BRDA:188,9,0,0
BRDA:195,10,0,0
BRDA:195,10,1,0
BRDA:209,11,0,0
BRDA:230,12,0,0
BRDA:230,12,1,0
BRF:18
BRH:0
end_of_record
TN:
SF:app/actions/authActions.ts
FN:27,(anonymous_5)
FN:46,verifyCurrentUserPasswordAction
FN:115,checkFirstLoginStatus
FN:167,customLoginAction
FNF:4
FNH:0
FNDA:0,(anonymous_5)
FNDA:0,verifyCurrentUserPasswordAction
FNDA:0,checkFirstLoginStatus
FNDA:0,customLoginAction
DA:5,0
DA:6,0
DA:7,0
DA:8,0
DA:10,0
DA:12,0
DA:27,0
DA:46,0
DA:54,0
DA:55,0
DA:56,0
DA:58,0
DA:59,0
DA:60,0
DA:63,0
DA:64,0
DA:66,0
DA:67,0
DA:69,0
DA:74,0
DA:76,0
DA:78,0
DA:79,0
DA:83,0
DA:86,0
DA:88,0
DA:89,0
DA:96,0
DA:97,0
DA:100,0
DA:101,0
DA:115,0
DA:116,0
DA:120,0
DA:121,0
DA:122,0
DA:125,0
DA:127,0
DA:128,0
DA:134,0
DA:135,0
DA:136,0
DA:137,0
DA:139,0
DA:140,0
DA:143,0
DA:145,0
DA:146,0
DA:149,0
DA:152,0
DA:153,0
DA:167,0
DA:168,0
DA:169,0
DA:174,0
DA:177,0
DA:178,0
DA:179,0
DA:180,0
DA:186,0
DA:188,0
DA:190,0
DA:192,0
DA:193,0
DA:194,0
DA:195,0
DA:197,0
DA:198,0
DA:199,0
DA:205,0
DA:207,0
DA:208,0
DA:215,0
DA:218,0
DA:224,0
DA:225,0
DA:226,0
DA:227,0
DA:229,0
DA:232,0
DA:233,0
DA:234,0
DA:237,0
DA:240,0
DA:241,0
DA:243,0
DA:244,0
DA:246,0
DA:251,0
DA:253,0
DA:259,0
DA:260,0
DA:262,0
DA:263,0
DA:264,0
DA:268,0
DA:269,0
DA:270,0
DA:274,0
DA:276,0
DA:277,0
DA:279,0
DA:284,0
DA:286,0
DA:292,0
DA:293,0
DA:296,0
DA:297,0
DA:298,0
DA:304,0
DA:309,0
DA:310,0
LF:112
LH:0
BRDA:54,0,0,0
BRDA:54,1,0,0
BRDA:54,1,1,0
BRDA:58,2,0,0
BRDA:59,3,0,0
BRDA:59,3,1,0
BRDA:59,3,2,0
BRDA:64,4,0,0
BRDA:64,4,1,0
BRDA:64,4,2,0
BRDA:74,5,0,0
BRDA:76,6,0,0
BRDA:76,6,1,0
BRDA:76,6,2,0
BRDA:78,7,0,0
BRDA:86,8,0,0
BRDA:86,9,0,0
BRDA:86,9,1,0
BRDA:96,10,0,0
BRDA:96,10,1,0
BRDA:96,10,2,0
BRDA:121,11,0,0
BRDA:122,12,0,0
BRDA:122,12,1,0
BRDA:134,13,0,0
BRDA:135,14,0,0
BRDA:136,15,0,0
BRDA:136,15,1,0
BRDA:136,15,2,0
BRDA:143,16,0,0
BRDA:143,17,0,0
BRDA:143,17,1,0
BRDA:153,18,0,0
BRDA:153,18,1,0
BRDA:174,19,0,0
BRDA:174,19,1,0
BRDA:174,19,2,0
BRDA:178,20,0,0
BRDA:182,21,0,0
BRDA:182,21,1,0
BRDA:192,22,0,0
BRDA:192,22,1,0
BRDA:193,23,0,0
BRDA:193,23,1,0
BRDA:193,23,2,0
BRDA:195,24,0,0
BRDA:195,24,1,0
BRDA:195,24,2,0
BRDA:197,25,0,0
BRDA:201,26,0,0
BRDA:201,26,1,0
BRDA:205,27,0,0
BRDA:205,28,0,0
BRDA:205,28,1,0
BRDA:207,29,0,0
BRDA:207,29,1,0
BRDA:207,29,2,0
BRDA:211,30,0,0
BRDA:211,30,1,0
BRDA:215,31,0,0
BRDA:215,31,1,0
BRDA:215,31,2,0
BRDA:224,32,0,0
BRDA:226,33,0,0
BRDA:232,34,0,0
BRDA:233,35,0,0
BRDA:233,35,1,0
BRDA:233,35,2,0
BRDA:240,36,0,0
BRDA:240,36,1,0
BRDA:241,37,0,0
BRDA:241,37,1,0
BRDA:241,37,2,0
BRDA:243,38,0,0
BRDA:243,38,1,0
BRDA:244,39,0,0
BRDA:244,39,1,0
BRDA:244,39,2,0
BRDA:251,40,0,0
BRDA:251,40,1,0
BRDA:251,40,2,0
BRDA:259,41,0,0
BRDA:259,41,1,0
BRDA:259,41,2,0
BRDA:262,42,0,0
BRDA:262,42,1,0
BRDA:262,42,2,0
BRDA:263,43,0,0
BRDA:263,43,1,0
BRDA:263,43,2,0
BRDA:268,44,0,0
BRDA:276,45,0,0
BRDA:276,45,1,0
BRDA:277,46,0,0
BRDA:277,46,1,0
BRDA:277,46,2,0
BRDA:284,47,0,0
BRDA:284,47,1,0
BRDA:284,47,2,0
BRDA:292,48,0,0
BRDA:292,48,1,0
BRDA:292,48,2,0
BRDA:296,49,0,0
BRDA:296,49,1,0
BRDA:296,49,2,0
BRDA:297,50,0,0
BRDA:297,50,1,0
BRDA:297,50,2,0
BRDA:310,51,0,0
BRDA:310,51,1,0
BRF:110
BRH:0
end_of_record
TN:
SF:app/actions/grnActions.ts
FN:10,createSupabaseAdmin
FN:53,(anonymous_6)
FN:85,createGrnDatabaseEntries
FN:184,createGrnDatabaseEntriesBatch
FN:299,createGrnDatabaseEntriesLegacy
FN:466,updatePalletPdfUrl
FN:494,uploadPdfToStorage
FNF:7
FNH:0
FNDA:0,createSupabaseAdmin
FNDA:0,(anonymous_6)
FNDA:0,createGrnDatabaseEntries
FNDA:0,createGrnDatabaseEntriesBatch
FNDA:0,createGrnDatabaseEntriesLegacy
FNDA:0,updatePalletPdfUrl
FNDA:0,uploadPdfToStorage
DA:3,0
DA:4,0
DA:12,0
DA:13,0
DA:15,0
DA:16,0
DA:19,0
DA:20,0
DA:25,0
DA:47,0
DA:53,0
DA:85,0
DA:91,0
DA:92,0
DA:93,0
DA:94,0
DA:96,0
DA:99,0
DA:101,0
DA:103,0
DA:112,0
DA:127,0
DA:128,0
DA:129,0
DA:130,0
DA:131,0
DA:132,0
DA:133,0
DA:134,0
DA:138,0
DA:139,0
DA:142,0
DA:145,0
DA:147,0
DA:148,0
DA:149,0
DA:152,0
DA:153,0
DA:154,0
DA:155,0
DA:158,0
DA:161,0
DA:162,0
DA:163,0
DA:165,0
DA:172,0
DA:175,0
DA:176,0
DA:184,0
DA:200,0
DA:201,0
DA:202,0
DA:203,0
DA:205,0
DA:207,0
DA:209,0
DA:211,0
DA:213,0
DA:222,0
DA:237,0
DA:238,0
DA:239,0
DA:240,0
DA:241,0
DA:242,0
DA:243,0
DA:244,0
DA:248,0
DA:249,0
DA:252,0
DA:255,0
DA:257,0
DA:258,0
DA:259,0
DA:262,0
DA:263,0
DA:264,0
DA:265,0
DA:268,0
DA:272,0
DA:273,0
DA:274,0
DA:276,0
DA:283,0
DA:291,0
DA:292,0
DA:305,0
DA:306,0
DA:307,0
DA:309,0
DA:311,0
DA:313,0
DA:317,0
DA:321,0
DA:322,0
DA:323,0
DA:327,0
DA:340,0
DA:344,0
DA:345,0
DA:346,0
DA:350,0
DA:357,0
DA:361,0
DA:362,0
DA:363,0
DA:367,0
DA:376,0
DA:380,0
DA:381,0
DA:383,0
DA:389,0
DA:390,0
DA:399,0
DA:409,0
DA:410,0
DA:411,0
DA:412,0
DA:413,0
DA:414,0
DA:415,0
DA:416,0
DA:419,0
DA:421,0
DA:422,0
DA:424,0
DA:430,0
DA:431,0
DA:432,0
DA:438,0
DA:444,0
DA:445,0
DA:448,0
DA:450,0
DA:457,0
DA:458,0
DA:466,0
DA:470,0
DA:471,0
DA:473,0
DA:478,0
DA:479,0
DA:480,0
DA:483,0
DA:484,0
DA:486,0
DA:487,0
DA:494,0
DA:499,0
DA:500,0
DA:507,0
DA:510,0
DA:511,0
DA:513,0
DA:518,0
DA:526,0
DA:527,0
DA:530,0
DA:531,0
DA:532,0
DA:535,0
DA:538,0
DA:539,0
DA:540,0
DA:543,0
DA:545,0
DA:549,0
DA:550,0
DA:551,0
DA:554,0
DA:555,0
DA:558,0
DA:559,0
LF:173
LH:0
BRDA:15,0,0,0
BRDA:19,1,0,0
BRDA:88,2,0,0
BRDA:92,3,0,0
BRDA:94,4,0,0
BRDA:94,4,1,0
BRDA:103,5,0,0
BRDA:103,5,1,0
BRDA:127,6,0,0
BRDA:127,6,1,0
BRDA:131,7,0,0
BRDA:138,8,0,0
BRDA:142,9,0,0
BRDA:142,9,1,0
BRDA:147,10,0,0
BRDA:152,11,0,0
BRDA:152,12,0,0
BRDA:152,12,1,0
BRDA:153,13,0,0
BRDA:153,13,1,0
BRDA:158,14,0,0
BRDA:158,14,1,0
BRDA:161,15,0,0
BRDA:161,15,1,0
BRDA:162,16,0,0
BRDA:162,16,1,0
BRDA:163,17,0,0
BRDA:163,17,1,0
BRDA:166,18,0,0
BRDA:166,18,1,0
BRDA:201,19,0,0
BRDA:203,20,0,0
BRDA:203,20,1,0
BRDA:213,21,0,0
BRDA:213,21,1,0
BRDA:237,22,0,0
BRDA:237,22,1,0
BRDA:241,23,0,0
BRDA:248,24,0,0
BRDA:248,25,0,0
BRDA:248,25,1,0
BRDA:252,26,0,0
BRDA:252,26,1,0
BRDA:257,27,0,0
BRDA:262,28,0,0
BRDA:262,29,0,0
BRDA:262,29,1,0
BRDA:263,30,0,0
BRDA:263,30,1,0
BRDA:268,31,0,0
BRDA:268,31,1,0
BRDA:272,32,0,0
BRDA:272,32,1,0
BRDA:273,33,0,0
BRDA:273,33,1,0
BRDA:274,34,0,0
BRDA:274,34,1,0
BRDA:276,35,0,0
BRDA:276,35,1,0
BRDA:302,36,0,0
BRDA:306,37,0,0
BRDA:307,38,0,0
BRDA:307,38,1,0
BRDA:321,39,0,0
BRDA:344,40,0,0
BRDA:361,41,0,0
BRDA:380,42,0,0
BRDA:383,43,0,0
BRDA:383,43,1,0
BRDA:383,43,2,0
BRDA:390,44,0,0
BRDA:390,44,1,0
BRDA:390,44,2,0
BRDA:409,45,0,0
BRDA:409,45,1,0
BRDA:413,46,0,0
BRDA:421,47,0,0
BRDA:430,48,0,0
BRDA:430,49,0,0
BRDA:430,49,1,0
BRDA:431,50,0,0
BRDA:431,50,1,0
BRDA:431,50,2,0
BRDA:433,51,0,0
BRDA:433,51,1,0
BRDA:434,52,0,0
BRDA:434,52,1,0
BRDA:435,53,0,0
BRDA:435,53,1,0
BRDA:440,54,0,0
BRDA:440,54,1,0
BRDA:440,54,2,0
BRDA:444,55,0,0
BRDA:444,55,1,0
BRDA:444,55,2,0
BRDA:458,56,0,0
BRDA:458,56,1,0
BRDA:478,57,0,0
BRDA:483,58,0,0
BRDA:483,58,1,0
BRDA:487,59,0,0
BRDA:487,59,1,0
BRDA:497,60,0,0
BRDA:500,61,0,0
BRDA:500,61,1,0
BRDA:500,61,2,0
BRDA:513,62,0,0
BRDA:513,62,1,0
BRDA:513,62,2,0
BRDA:526,63,0,0
BRDA:530,64,0,0
BRDA:530,65,0,0
BRDA:530,65,1,0
BRDA:538,66,0,0
BRDA:538,67,0,0
BRDA:538,67,1,0
BRDA:543,68,0,0
BRDA:543,68,1,0
BRDA:543,68,2,0
BRDA:549,69,0,0
BRDA:549,70,0,0
BRDA:549,70,1,0
BRDA:554,71,0,0
BRDA:554,71,1,0
BRDA:554,71,2,0
BRDA:559,72,0,0
BRDA:559,72,1,0
BRF:127
BRH:0
end_of_record
TN:
SF:app/actions/newReportActions.ts
FN:6,(anonymous_4)
FN:20,(anonymous_5)
FN:33,(anonymous_6)
FN:49,(anonymous_7)
FN:65,(anonymous_8)
FNF:5
FNH:0
FNDA:0,(anonymous_4)
FNDA:0,(anonymous_5)
FNDA:0,(anonymous_6)
FNDA:0,(anonymous_7)
FNDA:0,(anonymous_8)
DA:3,0
DA:6,0
DA:7,0
DA:9,0
DA:14,0
DA:15,0
DA:17,0
DA:18,0
DA:20,0
DA:29,0
DA:33,0
DA:34,0
DA:36,0
DA:43,0
DA:44,0
DA:46,0
DA:47,0
DA:49,0
DA:61,0
DA:65,0
DA:66,0
DA:68,0
DA:69,0
DA:71,0
DA:72,0
DA:73,0
DA:76,0
LF:27
LH:0
BRDA:14,0,0,0
BRDA:15,1,0,0
BRDA:15,2,0,0
BRDA:15,2,1,0
BRDA:21,3,0,0
BRDA:21,3,1,0
BRDA:22,4,0,0
BRDA:22,4,1,0
BRDA:23,5,0,0
BRDA:23,5,1,0
BRDA:24,6,0,0
BRDA:24,6,1,0
BRDA:25,7,0,0
BRDA:25,7,1,0
BRDA:43,8,0,0
BRDA:44,9,0,0
BRDA:44,10,0,0
BRDA:44,10,1,0
BRDA:52,11,0,0
BRDA:52,11,1,0
BRDA:53,12,0,0
BRDA:53,12,1,0
BRDA:54,13,0,0
BRDA:54,13,1,0
BRDA:55,14,0,0
BRDA:55,14,1,0
BRDA:56,15,0,0
BRDA:56,15,1,0
BRDA:57,16,0,0
BRDA:57,16,1,0
BRDA:73,17,0,0
BRDA:73,17,1,0
BRDA:73,18,0,0
BRDA:73,18,1,0
BRF:34
BRH:0
end_of_record
TN:
SF:app/actions/orderLoadingActions.ts
FN:32,undoLoadPallet
FN:102,loadPalletToOrder
FN:191,getOrderInfo
FNF:3
FNH:0
FNDA:0,undoLoadPallet
FNDA:0,loadPalletToOrder
FNDA:0,getOrderInfo
DA:3,0
DA:4,0
DA:5,0
DA:32,0
DA:38,0
DA:39,0
DA:41,0
DA:43,0
DA:44,0
DA:45,0
DA:47,0
DA:49,0
DA:51,0
DA:52,0
DA:55,0
DA:61,0
DA:62,0
DA:68,0
DA:69,0
DA:79,0
DA:80,0
DA:81,0
DA:87,0
DA:88,0
DA:91,0
DA:94,0
DA:95,0
DA:102,0
DA:106,0
DA:107,0
DA:109,0
DA:111,0
DA:112,0
DA:113,0
DA:115,0
DA:117,0
DA:119,0
DA:120,0
DA:123,0
DA:129,0
DA:130,0
DA:136,0
DA:137,0
DA:138,0
DA:146,0
DA:149,0
DA:150,0
DA:158,0
DA:159,0
DA:160,0
DA:161,0
DA:169,0
DA:171,0
DA:172,0
DA:173,0
DA:178,0
DA:179,0
DA:182,0
DA:183,0
DA:191,0
DA:192,0
DA:194,0
DA:200,0
DA:201,0
DA:202,0
DA:205,0
LF:66
LH:0
BRDA:39,0,0,0
BRDA:39,0,1,0
BRDA:39,0,2,0
BRDA:47,1,0,0
BRDA:47,2,0,0
BRDA:47,2,1,0
BRDA:51,3,0,0
BRDA:61,4,0,0
BRDA:62,5,0,0
BRDA:62,5,1,0
BRDA:68,6,0,0
BRDA:68,6,1,0
BRDA:68,6,2,0
BRDA:79,7,0,0
BRDA:87,8,0,0
BRDA:88,9,0,0
BRDA:88,9,1,0
BRDA:88,9,2,0
BRDA:107,10,0,0
BRDA:107,10,1,0
BRDA:107,10,2,0
BRDA:115,11,0,0
BRDA:115,12,0,0
BRDA:115,12,1,0
BRDA:119,13,0,0
BRDA:129,14,0,0
BRDA:130,15,0,0
BRDA:130,15,1,0
BRDA:137,16,0,0
BRDA:137,17,0,0
BRDA:137,17,1,0
BRDA:140,18,0,0
BRDA:140,18,1,0
BRDA:149,19,0,0
BRDA:149,19,1,0
BRDA:149,19,2,0
BRDA:158,20,0,0
BRDA:171,21,0,0
BRDA:171,21,1,0
BRDA:172,22,0,0
BRDA:172,22,1,0
BRDA:172,22,2,0
BRDA:175,23,0,0
BRDA:175,23,1,0
BRDA:186,24,0,0
BRDA:186,24,1,0
BRDA:200,25,0,0
BRF:47
BRH:0
end_of_record
TN:
SF:app/actions/palletActions.ts
FN:13,generatePalletNumbers
FNF:1
FNH:0
FNDA:0,generatePalletNumbers
DA:3,0
DA:13,0
DA:21,0
DA:22,0
DA:26,0
DA:28,0
DA:29,0
DA:36,0
DA:41,0
DA:42,0
LF:10
LH:0
BRDA:28,0,0,0
BRDA:32,1,0,0
BRDA:32,1,1,0
BRDA:45,2,0,0
BRDA:45,2,1,0
BRF:5
BRH:0
end_of_record
TN:
SF:app/actions/productActions.ts
FN:23,recordProductHistory
FN:69,getProductByCode
FN:128,updateProduct
FN:186,createProduct
FN:216,checkProductExists
FN:236,(anonymous_13)
FN:249,updateProductSQL
FN:311,getProductByCodeSQL
FN:342,updateProductOptimized
FNF:9
FNH:0
FNDA:0,recordProductHistory
FNDA:0,getProductByCode
FNDA:0,updateProduct
FNDA:0,createProduct
FNDA:0,checkProductExists
FNDA:0,(anonymous_13)
FNDA:0,updateProductSQL
FNDA:0,getProductByCodeSQL
FNDA:0,updateProductOptimized
DA:3,0
DA:4,0
DA:28,0
DA:29,0
DA:32,0
DA:33,0
DA:35,0
DA:38,0
DA:40,0
DA:43,0
DA:54,0
DA:55,0
DA:58,0
DA:61,0
DA:69,0
DA:70,0
DA:71,0
DA:74,0
DA:81,0
DA:82,0
DA:83,0
DA:90,0
DA:94,0
DA:100,0
DA:101,0
DA:102,0
DA:105,0
DA:106,0
DA:109,0
DA:110,0
DA:118,0
DA:120,0
DA:121,0
DA:128,0
DA:129,0
DA:130,0
DA:133,0
DA:138,0
DA:139,0
DA:140,0
DA:143,0
DA:144,0
DA:147,0
DA:148,0
DA:152,0
DA:155,0
DA:158,0
DA:164,0
DA:165,0
DA:166,0
DA:169,0
DA:170,0
DA:174,0
DA:176,0
DA:178,0
DA:179,0
DA:186,0
DA:187,0
DA:188,0
DA:189,0
DA:195,0
DA:196,0
DA:198,0
DA:200,0
DA:204,0
DA:206,0
DA:208,0
DA:209,0
DA:216,0
DA:217,0
DA:218,0
DA:221,0
DA:226,0
DA:227,0
DA:228,0
DA:231,0
DA:232,0
DA:235,0
DA:236,0
DA:239,0
DA:241,0
DA:242,0
DA:249,0
DA:250,0
DA:251,0
DA:254,0
DA:257,0
DA:263,0
DA:266,0
DA:267,0
DA:273,0
DA:274,0
DA:275,0
DA:279,0
DA:280,0
DA:286,0
DA:287,0
DA:288,0
DA:291,0
DA:292,0
DA:293,0
DA:296,0
DA:297,0
DA:300,0
DA:303,0
DA:304,0
DA:311,0
DA:312,0
DA:313,0
DA:316,0
DA:323,0
DA:324,0
DA:325,0
DA:327,0
DA:328,0
DA:331,0
DA:334,0
DA:335,0
DA:342,0
DA:343,0
DA:344,0
DA:347,0
DA:352,0
DA:353,0
DA:354,0
DA:357,0
DA:358,0
DA:362,0
DA:365,0
DA:371,0
DA:372,0
DA:373,0
DA:376,0
DA:377,0
DA:380,0
DA:383,0
DA:384,0
LF:137
LH:0
BRDA:33,0,0,0
BRDA:33,0,1,0
BRDA:33,0,2,0
BRDA:47,1,0,0
BRDA:47,1,1,0
BRDA:48,2,0,0
BRDA:48,2,1,0
BRDA:54,3,0,0
BRDA:54,3,1,0
BRDA:58,4,0,0
BRDA:58,4,1,0
BRDA:58,4,2,0
BRDA:81,5,0,0
BRDA:81,6,0,0
BRDA:81,6,1,0
BRDA:81,6,2,0
BRDA:86,7,0,0
BRDA:86,7,1,0
BRDA:87,8,0,0
BRDA:87,8,1,0
BRDA:100,9,0,0
BRDA:105,10,0,0
BRDA:105,11,0,0
BRDA:105,11,1,0
BRDA:105,11,2,0
BRDA:113,12,0,0
BRDA:113,12,1,0
BRDA:114,13,0,0
BRDA:114,13,1,0
BRDA:138,14,0,0
BRDA:143,15,0,0
BRDA:143,16,0,0
BRDA:143,16,1,0
BRDA:147,17,0,0
BRDA:148,18,0,0
BRDA:148,18,1,0
BRDA:148,18,2,0
BRDA:164,19,0,0
BRDA:169,20,0,0
BRDA:169,21,0,0
BRDA:169,21,1,0
BRDA:195,22,0,0
BRDA:196,23,0,0
BRDA:226,24,0,0
BRDA:231,25,0,0
BRDA:231,26,0,0
BRDA:231,26,1,0
BRDA:235,27,0,0
BRDA:236,28,0,0
BRDA:236,28,1,0
BRDA:236,28,2,0
BRDA:266,29,0,0
BRDA:266,30,0,0
BRDA:266,30,1,0
BRDA:279,31,0,0
BRDA:279,32,0,0
BRDA:279,32,1,0
BRDA:291,33,0,0
BRDA:296,34,0,0
BRDA:296,35,0,0
BRDA:296,35,1,0
BRDA:323,36,0,0
BRDA:324,37,0,0
BRDA:352,38,0,0
BRDA:357,39,0,0
BRDA:357,40,0,0
BRDA:357,40,1,0
BRDA:371,41,0,0
BRDA:376,42,0,0
BRDA:376,43,0,0
BRDA:376,43,1,0
BRF:71
BRH:0
end_of_record
TN:
SF:app/actions/qcActions.ts
FN:35,createSupabaseAdmin
FN:75,(anonymous_9)
FN:136,createQcDatabaseEntries
FN:217,updatePalletPdfUrl
FN:242,uploadPdfToStorage
FN:288,updateAcoOrderRemainQty
FN:344,createQcDatabaseEntriesWithTransaction
FN:392,(anonymous_15)
FN:512,generatePalletNumbersDirectQuery
FN:533,(anonymous_17)
FN:565,(anonymous_18)
FN:566,(anonymous_19)
FN:585,(anonymous_20)
FN:588,(anonymous_21)
FN:604,(anonymous_22)
FN:655,generatePalletNumbersAndSeries
FN:687,(anonymous_24)
FN:688,(anonymous_25)
FN:699,(anonymous_26)
FNF:19
FNH:0
FNDA:0,createSupabaseAdmin
FNDA:0,(anonymous_9)
FNDA:0,createQcDatabaseEntries
FNDA:0,updatePalletPdfUrl
FNDA:0,uploadPdfToStorage
FNDA:0,updateAcoOrderRemainQty
FNDA:0,createQcDatabaseEntriesWithTransaction
FNDA:0,(anonymous_15)
FNDA:0,generatePalletNumbersDirectQuery
FNDA:0,(anonymous_17)
FNDA:0,(anonymous_18)
FNDA:0,(anonymous_19)
FNDA:0,(anonymous_20)
FNDA:0,(anonymous_21)
FNDA:0,(anonymous_22)
FNDA:0,generatePalletNumbersAndSeries
FNDA:0,(anonymous_24)
FNDA:0,(anonymous_25)
FNDA:0,(anonymous_26)
DA:3,0
DA:4,0
DA:23,0
DA:26,0
DA:30,0
DA:37,0
DA:38,0
DA:40,0
DA:41,0
DA:44,0
DA:45,0
DA:49,0
DA:70,0
DA:75,0
DA:136,0
DA:141,0
DA:142,0
DA:144,0
DA:148,0
DA:150,0
DA:152,0
DA:156,0
DA:158,0
DA:162,0
DA:166,0
DA:173,0
DA:177,0
DA:179,0
DA:183,0
DA:184,0
DA:188,0
DA:190,0
DA:195,0
DA:196,0
DA:200,0
DA:202,0
DA:206,0
DA:210,0
DA:217,0
DA:221,0
DA:222,0
DA:224,0
DA:229,0
DA:230,0
DA:231,0
DA:235,0
DA:237,0
DA:238,0
DA:242,0
DA:247,0
DA:249,0
DA:252,0
DA:253,0
DA:255,0
DA:263,0
DA:265,0
DA:268,0
DA:269,0
DA:272,0
DA:276,0
DA:277,0
DA:280,0
DA:284,0
DA:288,0
DA:293,0
DA:295,0
DA:298,0
DA:305,0
DA:307,0
DA:310,0
DA:311,0
DA:314,0
DA:315,0
DA:316,0
DA:317,0
DA:320,0
DA:321,0
DA:325,0
DA:331,0
DA:333,0
DA:336,0
DA:340,0
DA:344,0
DA:349,0
DA:350,0
DA:352,0
DA:355,0
DA:357,0
DA:362,0
DA:363,0
DA:364,0
DA:366,0
DA:367,0
DA:373,0
DA:375,0
DA:378,0
DA:379,0
DA:385,0
DA:388,0
DA:391,0
DA:392,0
DA:396,0
DA:400,0
DA:405,0
DA:412,0
DA:417,0
DA:419,0
DA:423,0
DA:425,0
DA:428,0
DA:432,0
DA:436,0
DA:438,0
DA:442,0
DA:446,0
DA:448,0
DA:452,0
DA:453,0
DA:457,0
DA:459,0
DA:464,0
DA:465,0
DA:469,0
DA:471,0
DA:476,0
DA:477,0
DA:483,0
DA:485,0
DA:489,0
DA:498,0
DA:512,0
DA:517,0
DA:519,0
DA:520,0
DA:524,0
DA:525,0
DA:527,0
DA:528,0
DA:531,0
DA:532,0
DA:533,0
DA:537,0
DA:538,0
DA:539,0
DA:540,0
DA:541,0
DA:543,0
DA:551,0
DA:556,0
DA:557,0
DA:560,0
DA:561,0
DA:565,0
DA:566,0
DA:569,0
DA:571,0
DA:572,0
DA:578,0
DA:585,0
DA:586,0
DA:588,0
DA:592,0
DA:593,0
DA:598,0
DA:599,0
DA:602,0
DA:603,0
DA:604,0
DA:608,0
DA:609,0
DA:615,0
DA:635,0
DA:641,0
DA:655,0
DA:660,0
DA:662,0
DA:665,0
DA:666,0
DA:667,0
DA:668,0
DA:670,0
DA:671,0
DA:673,0
DA:678,0
DA:679,0
DA:682,0
DA:683,0
DA:687,0
DA:688,0
DA:689,0
DA:694,0
DA:695,0
DA:698,0
DA:699,0
DA:705,0
DA:708,0
DA:714,0
LF:197
LH:0
BRDA:26,0,0,0
BRDA:30,1,0,0
BRDA:40,2,0,0
BRDA:44,3,0,0
BRDA:142,4,0,0
BRDA:144,5,0,0
BRDA:144,5,1,0
BRDA:156,6,0,0
BRDA:166,7,0,0
BRDA:177,8,0,0
BRDA:183,9,0,0
BRDA:183,10,0,0
BRDA:183,10,1,0
BRDA:188,11,0,0
BRDA:195,12,0,0
BRDA:195,13,0,0
BRDA:195,13,1,0
BRDA:200,14,0,0
BRDA:210,15,0,0
BRDA:210,15,1,0
BRDA:229,16,0,0
BRDA:238,17,0,0
BRDA:238,17,1,0
BRDA:245,18,0,0
BRDA:263,19,0,0
BRDA:268,20,0,0
BRDA:268,21,0,0
BRDA:268,21,1,0
BRDA:276,22,0,0
BRDA:276,23,0,0
BRDA:276,23,1,0
BRDA:284,24,0,0
BRDA:284,24,1,0
BRDA:305,25,0,0
BRDA:310,26,0,0
BRDA:314,27,0,0
BRDA:314,27,1,0
BRDA:320,28,0,0
BRDA:331,29,0,0
BRDA:340,30,0,0
BRDA:340,30,1,0
BRDA:350,31,0,0
BRDA:352,32,0,0
BRDA:352,32,1,0
BRDA:373,33,0,0
BRDA:373,34,0,0
BRDA:373,34,1,0
BRDA:378,35,0,0
BRDA:391,36,0,0
BRDA:391,37,0,0
BRDA:391,37,1,0
BRDA:396,38,0,0
BRDA:412,39,0,0
BRDA:417,40,0,0
BRDA:417,41,0,0
BRDA:417,41,1,0
BRDA:423,42,0,0
BRDA:423,43,0,0
BRDA:423,43,1,0
BRDA:436,44,0,0
BRDA:446,45,0,0
BRDA:452,46,0,0
BRDA:452,47,0,0
BRDA:452,47,1,0
BRDA:457,48,0,0
BRDA:464,49,0,0
BRDA:464,50,0,0
BRDA:464,50,1,0
BRDA:469,51,0,0
BRDA:476,52,0,0
BRDA:483,53,0,0
BRDA:498,54,0,0
BRDA:498,54,1,0
BRDA:525,55,0,0
BRDA:525,55,1,0
BRDA:531,56,0,0
BRDA:531,57,0,0
BRDA:531,57,1,0
BRDA:556,58,0,0
BRDA:560,59,0,0
BRDA:560,60,0,0
BRDA:560,60,1,0
BRDA:560,60,2,0
BRDA:561,61,0,0
BRDA:561,61,1,0
BRDA:581,62,0,0
BRDA:581,62,1,0
BRDA:586,63,0,0
BRDA:598,64,0,0
BRDA:603,65,0,0
BRDA:603,65,1,0
BRDA:608,66,0,0
BRDA:678,67,0,0
BRDA:682,68,0,0
BRDA:682,69,0,0
BRDA:682,69,1,0
BRDA:694,70,0,0
BRF:97
BRH:0
end_of_record
TN:
SF:app/actions/reportActions.ts
FN:17,getUniqueAcoOrderRefs
FN:39,(anonymous_8)
FN:40,(anonymous_9)
FN:41,(anonymous_10)
FN:46,(anonymous_11)
FN:73,getAcoReportData
FN:116,(anonymous_13)
FN:151,(anonymous_14)
FN:163,(anonymous_15)
FN:186,(anonymous_16)
FN:201,(anonymous_17)
FN:203,(anonymous_18)
FN:213,getUniqueGrnRefs
FN:235,(anonymous_20)
FN:236,(anonymous_21)
FN:237,(anonymous_22)
FN:242,(anonymous_23)
FN:250,getMaterialCodesForGrnRef
FN:291,(anonymous_25)
FN:292,(anonymous_26)
FN:328,getGrnReportData
FN:401,(anonymous_28)
FN:451,(anonymous_29)
FN:456,(anonymous_30)
FN:527,getTransactionReportData
FN:601,(anonymous_32)
FN:614,(anonymous_33)
FN:625,(anonymous_34)
FN:625,(anonymous_35)
FN:637,(anonymous_36)
FN:640,(anonymous_37)
FN:644,(anonymous_38)
FN:666,(anonymous_39)
FN:671,(anonymous_40)
FN:684,(anonymous_41)
FNF:35
FNH:0
FNDA:0,getUniqueAcoOrderRefs
FNDA:0,(anonymous_8)
FNDA:0,(anonymous_9)
FNDA:0,(anonymous_10)
FNDA:0,(anonymous_11)
FNDA:0,getAcoReportData
FNDA:0,(anonymous_13)
FNDA:0,(anonymous_14)
FNDA:0,(anonymous_15)
FNDA:0,(anonymous_16)
FNDA:0,(anonymous_17)
FNDA:0,(anonymous_18)
FNDA:0,getUniqueGrnRefs
FNDA:0,(anonymous_20)
FNDA:0,(anonymous_21)
FNDA:0,(anonymous_22)
FNDA:0,(anonymous_23)
FNDA:0,getMaterialCodesForGrnRef
FNDA:0,(anonymous_25)
FNDA:0,(anonymous_26)
FNDA:0,getGrnReportData
FNDA:0,(anonymous_28)
FNDA:0,(anonymous_29)
FNDA:0,(anonymous_30)
FNDA:0,getTransactionReportData
FNDA:0,(anonymous_32)
FNDA:0,(anonymous_33)
FNDA:0,(anonymous_34)
FNDA:0,(anonymous_35)
FNDA:0,(anonymous_36)
FNDA:0,(anonymous_37)
FNDA:0,(anonymous_38)
FNDA:0,(anonymous_39)
FNDA:0,(anonymous_40)
FNDA:0,(anonymous_41)
DA:6,0
DA:7,0
DA:8,0
DA:17,0
DA:18,0
DA:20,0
DA:21,0
DA:25,0
DA:26,0
DA:27,0
DA:30,0
DA:31,0
DA:32,0
DA:36,0
DA:39,0
DA:40,0
DA:41,0
DA:46,0
DA:48,0
DA:49,0
DA:50,0
DA:73,0
DA:75,0
DA:76,0
DA:77,0
DA:80,0
DA:81,0
DA:82,0
DA:83,0
DA:87,0
DA:88,0
DA:89,0
DA:90,0
DA:93,0
DA:95,0
DA:97,0
DA:102,0
DA:103,0
DA:104,0
DA:107,0
DA:108,0
DA:109,0
DA:113,0
DA:114,0
DA:116,0
DA:117,0
DA:118,0
DA:119,0
DA:120,0
DA:123,0
DA:124,0
DA:129,0
DA:130,0
DA:131,0
DA:135,0
DA:141,0
DA:142,0
DA:143,0
DA:147,0
DA:148,0
DA:151,0
DA:152,0
DA:153,0
DA:154,0
DA:156,0
DA:160,0
DA:161,0
DA:163,0
DA:164,0
DA:165,0
DA:166,0
DA:167,0
DA:168,0
DA:169,0
DA:171,0
DA:174,0
DA:178,0
DA:186,0
DA:187,0
DA:188,0
DA:189,0
DA:190,0
DA:193,0
DA:201,0
DA:203,0
DA:204,0
DA:207,0
DA:208,0
DA:209,0
DA:213,0
DA:214,0
DA:216,0
DA:217,0
DA:221,0
DA:222,0
DA:223,0
DA:226,0
DA:227,0
DA:228,0
DA:232,0
DA:235,0
DA:236,0
DA:237,0
DA:242,0
DA:244,0
DA:245,0
DA:246,0
DA:250,0
DA:252,0
DA:253,0
DA:254,0
DA:257,0
DA:258,0
DA:259,0
DA:260,0
DA:264,0
DA:265,0
DA:266,0
DA:267,0
DA:270,0
DA:272,0
DA:273,0
DA:278,0
DA:279,0
DA:280,0
DA:283,0
DA:284,0
DA:285,0
DA:288,0
DA:291,0
DA:292,0
DA:296,0
DA:298,0
DA:299,0
DA:300,0
DA:328,0
DA:334,0
DA:335,0
DA:336,0
DA:339,0
DA:340,0
DA:341,0
DA:344,0
DA:345,0
DA:346,0
DA:349,0
DA:350,0
DA:351,0
DA:353,0
DA:354,0
DA:355,0
DA:359,0
DA:360,0
DA:361,0
DA:362,0
DA:365,0
DA:366,0
DA:367,0
DA:369,0
DA:371,0
DA:373,0
DA:374,0
DA:375,0
DA:378,0
DA:379,0
DA:382,0
DA:388,0
DA:389,0
DA:390,0
DA:393,0
DA:394,0
DA:395,0
DA:399,0
DA:401,0
DA:411,0
DA:412,0
DA:413,0
DA:417,0
DA:418,0
DA:424,0
DA:425,0
DA:427,0
DA:428,0
DA:432,0
DA:433,0
DA:434,0
DA:440,0
DA:441,0
DA:443,0
DA:444,0
DA:447,0
DA:451,0
DA:452,0
DA:453,0
DA:456,0
DA:457,0
DA:458,0
DA:461,0
DA:464,0
DA:466,0
DA:479,0
DA:480,0
DA:483,0
DA:484,0
DA:485,0
DA:527,0
DA:532,0
DA:533,0
DA:534,0
DA:538,0
DA:539,0
DA:541,0
DA:542,0
DA:543,0
DA:546,0
DA:547,0
DA:548,0
DA:551,0
DA:553,0
DA:555,0
DA:559,0
DA:560,0
DA:562,0
DA:564,0
DA:577,0
DA:583,0
DA:584,0
DA:585,0
DA:589,0
DA:590,0
DA:593,0
DA:594,0
DA:600,0
DA:601,0
DA:604,0
DA:614,0
DA:615,0
DA:620,0
DA:621,0
DA:625,0
DA:626,0
DA:631,0
DA:632,0
DA:636,0
DA:637,0
DA:639,0
DA:640,0
DA:644,0
DA:645,0
DA:646,0
DA:647,0
DA:649,0
DA:662,0
DA:663,0
DA:666,0
DA:667,0
DA:671,0
DA:672,0
DA:673,0
DA:675,0
DA:676,0
DA:678,0
DA:679,0
DA:684,0
DA:685,0
DA:688,0
DA:696,0
DA:697,0
DA:700,0
DA:701,0
DA:702,0
LF:271
LH:0
BRDA:25,0,0,0
BRDA:30,1,0,0
BRDA:30,2,0,0
BRDA:30,2,1,0
BRDA:31,3,0,0
BRDA:31,3,1,0
BRDA:31,3,2,0
BRDA:40,4,0,0
BRDA:40,4,1,0
BRDA:48,5,0,0
BRDA:48,5,1,0
BRDA:75,6,0,0
BRDA:75,7,0,0
BRDA:75,7,1,0
BRDA:81,8,0,0
BRDA:88,9,0,0
BRDA:88,10,0,0
BRDA:88,10,1,0
BRDA:102,11,0,0
BRDA:107,12,0,0
BRDA:107,13,0,0
BRDA:107,13,1,0
BRDA:108,14,0,0
BRDA:108,14,1,0
BRDA:108,14,2,0
BRDA:117,15,0,0
BRDA:117,16,0,0
BRDA:117,16,1,0
BRDA:117,16,2,0
BRDA:119,17,0,0
BRDA:123,18,0,0
BRDA:129,19,0,0
BRDA:130,20,0,0
BRDA:130,20,1,0
BRDA:130,20,2,0
BRDA:141,21,0,0
BRDA:151,22,0,0
BRDA:151,22,1,0
BRDA:153,23,0,0
BRDA:161,24,0,0
BRDA:161,24,1,0
BRDA:165,25,0,0
BRDA:168,26,0,0
BRDA:168,26,1,0
BRDA:171,27,0,0
BRDA:171,27,1,0
BRDA:171,27,2,0
BRDA:174,28,0,0
BRDA:174,28,1,0
BRDA:174,28,2,0
BRDA:179,29,0,0
BRDA:179,29,1,0
BRDA:180,30,0,0
BRDA:180,30,1,0
BRDA:187,31,0,0
BRDA:187,32,0,0
BRDA:187,32,1,0
BRDA:188,33,0,0
BRDA:189,34,0,0
BRDA:195,35,0,0
BRDA:195,35,1,0
BRDA:203,36,0,0
BRDA:203,36,1,0
BRDA:203,36,2,0
BRDA:207,37,0,0
BRDA:207,37,1,0
BRDA:221,38,0,0
BRDA:226,39,0,0
BRDA:226,40,0,0
BRDA:226,40,1,0
BRDA:227,41,0,0
BRDA:227,41,1,0
BRDA:227,41,2,0
BRDA:236,42,0,0
BRDA:236,42,1,0
BRDA:236,42,2,0
BRDA:244,43,0,0
BRDA:244,43,1,0
BRDA:252,44,0,0
BRDA:252,45,0,0
BRDA:252,45,1,0
BRDA:258,46,0,0
BRDA:265,47,0,0
BRDA:278,48,0,0
BRDA:283,49,0,0
BRDA:283,50,0,0
BRDA:283,50,1,0
BRDA:284,51,0,0
BRDA:284,51,1,0
BRDA:284,51,2,0
BRDA:292,52,0,0
BRDA:292,52,1,0
BRDA:292,52,2,0
BRDA:298,53,0,0
BRDA:298,53,1,0
BRDA:334,54,0,0
BRDA:334,55,0,0
BRDA:334,55,1,0
BRDA:339,56,0,0
BRDA:339,57,0,0
BRDA:339,57,1,0
BRDA:344,58,0,0
BRDA:344,59,0,0
BRDA:344,59,1,0
BRDA:353,60,0,0
BRDA:353,61,0,0
BRDA:353,61,1,0
BRDA:353,61,2,0
BRDA:360,62,0,0
BRDA:373,63,0,0
BRDA:379,64,0,0
BRDA:379,64,1,0
BRDA:379,64,2,0
BRDA:388,65,0,0
BRDA:393,66,0,0
BRDA:393,67,0,0
BRDA:393,67,1,0
BRDA:394,68,0,0
BRDA:394,68,1,0
BRDA:394,68,2,0
BRDA:402,69,0,0
BRDA:402,69,1,0
BRDA:403,70,0,0
BRDA:403,70,1,0
BRDA:404,71,0,0
BRDA:404,71,1,0
BRDA:405,72,0,0
BRDA:405,72,1,0
BRDA:406,73,0,0
BRDA:406,73,1,0
BRDA:407,74,0,0
BRDA:407,74,1,0
BRDA:411,75,0,0
BRDA:411,75,1,0
BRDA:411,75,2,0
BRDA:412,76,0,0
BRDA:412,76,1,0
BRDA:412,76,2,0
BRDA:413,77,0,0
BRDA:413,77,1,0
BRDA:413,77,2,0
BRDA:424,78,0,0
BRDA:425,79,0,0
BRDA:425,79,1,0
BRDA:425,79,2,0
BRDA:427,80,0,0
BRDA:427,81,0,0
BRDA:427,81,1,0
BRDA:433,82,0,0
BRDA:433,82,1,0
BRDA:433,83,0,0
BRDA:433,83,1,0
BRDA:440,84,0,0
BRDA:441,85,0,0
BRDA:441,85,1,0
BRDA:441,85,2,0
BRDA:443,86,0,0
BRDA:443,87,0,0
BRDA:443,87,1,0
BRDA:447,88,0,0
BRDA:447,88,1,0
BRDA:447,88,2,0
BRDA:453,89,0,0
BRDA:453,89,1,0
BRDA:453,90,0,0
BRDA:453,90,1,0
BRDA:458,91,0,0
BRDA:458,91,1,0
BRDA:458,92,0,0
BRDA:458,92,1,0
BRDA:479,93,0,0
BRDA:479,93,1,0
BRDA:479,93,2,0
BRDA:483,94,0,0
BRDA:483,94,1,0
BRDA:532,95,0,0
BRDA:532,96,0,0
BRDA:532,96,1,0
BRDA:541,97,0,0
BRDA:541,98,0,0
BRDA:541,98,1,0
BRDA:546,99,0,0
BRDA:555,100,0,0
BRDA:555,100,1,0
BRDA:555,100,2,0
BRDA:562,101,0,0
BRDA:562,101,1,0
BRDA:562,101,2,0
BRDA:577,102,0,0
BRDA:577,102,1,0
BRDA:577,102,2,0
BRDA:578,103,0,0
BRDA:578,103,1,0
BRDA:583,104,0,0
BRDA:589,105,0,0
BRDA:589,106,0,0
BRDA:589,106,1,0
BRDA:590,107,0,0
BRDA:590,107,1,0
BRDA:590,107,2,0
BRDA:593,108,0,0
BRDA:593,108,1,0
BRDA:593,108,2,0
BRDA:600,109,0,0
BRDA:600,110,0,0
BRDA:600,110,1,0
BRDA:601,111,0,0
BRDA:601,111,1,0
BRDA:601,111,2,0
BRDA:620,112,0,0
BRDA:621,113,0,0
BRDA:621,113,1,0
BRDA:621,113,2,0
BRDA:631,114,0,0
BRDA:632,115,0,0
BRDA:632,115,1,0
BRDA:632,115,2,0
BRDA:637,116,0,0
BRDA:637,116,1,0
BRDA:640,117,0,0
BRDA:640,117,1,0
BRDA:647,118,0,0
BRDA:647,118,1,0
BRDA:652,119,0,0
BRDA:652,119,1,0
BRDA:653,120,0,0
BRDA:653,120,1,0
BRDA:675,121,0,0
BRDA:678,122,0,0
BRDA:696,123,0,0
BRDA:696,123,1,0
BRDA:696,123,2,0
BRDA:700,124,0,0
BRDA:700,124,1,0
BRF:234
BRH:0
end_of_record
TN:
SF:app/actions/schemas.ts
FN:5,(anonymous_3)
FNF:1
FNH:0
FNDA:0,(anonymous_3)
DA:1,0
DA:3,0
DA:5,0
DA:7,0
LF:4
LH:0
BRF:0
BRH:0
end_of_record
TN:
SF:app/actions/storageActions.ts
FN:12,uploadPalletLabelPdfAction
FNF:1
FNH:0
FNDA:0,uploadPalletLabelPdfAction
DA:3,0
DA:12,0
DA:17,0
DA:18,0
DA:22,0
DA:24,0
DA:26,0
DA:27,0
DA:34,0
DA:35,0
DA:36,0
DA:39,0
DA:40,0
DA:43,0
DA:44,0
LF:15
LH:0
BRDA:15,0,0,0
BRDA:24,1,0,0
BRDA:24,1,1,0
BRDA:24,1,2,0
BRDA:34,2,0,0
BRDA:39,3,0,0
BRDA:39,3,1,0
BRDA:39,3,2,0
BRF:8
BRH:0
end_of_record
TN:
SF:app/admin/layout.tsx
FN:12,AdminLayout
FNF:1
FNH:0
FNDA:0,AdminLayout
DA:8,0
DA:9,0
DA:10,0
DA:12,0
LF:4
LH:0
BRF:0
BRH:0
end_of_record
TN:
SF:app/admin/page.tsx
FN:8,AdminDashboardPage
FNF:1
FNH:0
FNDA:0,AdminDashboardPage
DA:6,0
DA:8,0
DA:9,0
LF:3
LH:0
BRF:0
BRH:0
end_of_record
TN:
SF:app/admin/[theme]/page.tsx
FN:10,AdminThemePage
FN:21,generateStaticParams
FNF:2
FNH:0
FNDA:0,AdminThemePage
FNDA:0,generateStaticParams
DA:6,0
DA:7,0
DA:8,0
DA:10,0
DA:21,0
DA:22,0
LF:6
LH:0
BRF:0
BRH:0
end_of_record
TN:
SF:app/admin/components/AdminErrorBoundary.tsx
FN:20,(anonymous_2)
FN:25,(anonymous_3)
FN:29,(anonymous_4)
FN:33,(anonymous_5)
FN:44,(anonymous_6)
FN:50,(anonymous_7)
FNF:6
FNH:0
FNDA:0,(anonymous_2)
FNDA:0,(anonymous_3)
FNDA:0,(anonymous_4)
FNDA:0,(anonymous_5)
FNDA:0,(anonymous_6)
FNDA:0,(anonymous_7)
DA:7,0
DA:8,0
DA:19,0
DA:21,0
DA:22,0
DA:26,0
DA:30,0
DA:34,0
DA:44,0
DA:50,0
DA:70,0
LF:11
LH:0
BRDA:34,0,0,0
BRDA:57,1,0,0
BRDA:57,1,1,0
BRF:3
BRH:0
end_of_record
TN:
SF:app/admin/components/AdminHeader.tsx
FN:9,AdminHeader
FN:12,(anonymous_3)
FN:18,(anonymous_4)
FNF:3
FNH:0
FNDA:0,AdminHeader
FNDA:0,(anonymous_3)
FNDA:0,(anonymous_4)
DA:3,0
DA:4,0
DA:5,0
DA:6,0
DA:7,0
DA:9,0
DA:10,0
DA:12,0
DA:13,0
DA:14,0
DA:15,0
DA:18,0
DA:19,0
LF:13
LH:0
BRF:0
BRH:0
end_of_record
TN:
SF:app/admin/components/NewAdminDashboard.tsx
FN:108,NewAdminDashboard
FN:159,(anonymous_5)
FNF:2
FNH:0
FNDA:0,NewAdminDashboard
FNDA:0,(anonymous_5)
DA:8,0
DA:9,0
DA:16,0
DA:17,0
DA:19,0
DA:20,0
DA:21,0
DA:22,0
DA:23,0
DA:37,0
DA:40,0
DA:108,0
DA:109,0
DA:110,0
DA:111,0
DA:112,0
DA:113,0
DA:121,0
DA:122,0
DA:124,0
DA:134,0
DA:139,0
DA:143,0
DA:152,0
DA:159,0
LF:25
LH:0
BRDA:124,0,0,0
BRDA:124,0,1,0
BRDA:124,1,0,0
BRDA:124,1,1,0
BRDA:124,2,0,0
BRDA:124,2,1,0
BRDA:143,3,0,0
BRDA:152,4,0,0
BRDA:180,5,0,0
BRDA:190,6,0,0
BRDA:190,6,1,0
BRDA:190,7,0,0
BRDA:190,7,1,0
BRDA:190,7,2,0
BRDA:191,8,0,0
BRDA:191,8,1,0
BRDA:191,9,0,0
BRDA:191,9,1,0
BRDA:191,9,2,0
BRF:19
BRH:0
end_of_record
TN:
SF:app/admin/components/PerformanceMonitor.tsx
FN:14,(anonymous_4)
FN:19,(anonymous_5)
FN:24,(anonymous_6)
FN:31,(anonymous_7)
FN:51,(anonymous_8)
FN:58,(anonymous_9)
FN:69,(anonymous_10)
FNF:7
FNH:0
FNDA:0,(anonymous_4)
FNDA:0,(anonymous_5)
FNDA:0,(anonymous_6)
FNDA:0,(anonymous_7)
FNDA:0,(anonymous_8)
FNDA:0,(anonymous_9)
FNDA:0,(anonymous_10)
DA:8,0
DA:9,0
DA:10,0
DA:11,0
DA:12,0
DA:14,0
DA:15,0
DA:16,0
DA:17,0
DA:19,0
DA:20,0
DA:21,0
DA:24,0
DA:25,0
DA:26,0
DA:27,0
DA:31,0
DA:35,0
DA:51,0
DA:58,0
DA:70,0
LF:21
LH:0
BRDA:20,0,0,0
BRDA:26,1,0,0
BRDA:52,2,0,0
BRDA:52,2,1,0
BRDA:55,3,0,0
BRDA:55,3,1,0
BRDA:62,4,0,0
BRDA:62,4,1,0
BRDA:67,5,0,0
BRDA:91,6,0,0
BRDA:91,6,1,0
BRDA:127,7,0,0
BRF:12
BRH:0
end_of_record
TN:
SF:app/admin/components/AcoOrderProgress/index.tsx
FN:10,AcoOrderProgress
FN:19,(anonymous_5)
FN:20,(anonymous_6)
FN:27,(anonymous_7)
FN:31,(anonymous_8)
FN:40,(anonymous_9)
FN:46,(anonymous_10)
FN:76,(anonymous_11)
FN:97,(anonymous_12)
FN:100,(anonymous_13)
FN:137,(anonymous_14)
FN:183,(anonymous_15)
FNF:12
FNH:0
FNDA:0,AcoOrderProgress
FNDA:0,(anonymous_5)
FNDA:0,(anonymous_6)
FNDA:0,(anonymous_7)
FNDA:0,(anonymous_8)
FNDA:0,(anonymous_9)
FNDA:0,(anonymous_10)
FNDA:0,(anonymous_11)
FNDA:0,(anonymous_12)
FNDA:0,(anonymous_13)
FNDA:0,(anonymous_14)
FNDA:0,(anonymous_15)
DA:3,0
DA:4,0
DA:5,0
DA:6,0
DA:7,0
DA:8,0
DA:10,0
DA:11,0
DA:12,0
DA:13,0
DA:15,0
DA:16,0
DA:19,0
DA:20,0
DA:21,0
DA:22,0
DA:26,0
DA:27,0
DA:31,0
DA:32,0
DA:33,0
DA:38,0
DA:40,0
DA:41,0
DA:42,0
DA:46,0
DA:47,0
DA:48,0
DA:49,0
DA:50,0
DA:52,0
DA:76,0
DA:98,0
DA:101,0
DA:102,0
DA:138,0
DA:183,0
LF:37
LH:0
BRDA:21,0,0,0
BRDA:21,1,0,0
BRDA:21,1,1,0
BRDA:32,2,0,0
BRDA:32,3,0,0
BRDA:32,3,1,0
BRDA:41,4,0,0
BRDA:48,5,0,0
BRDA:50,6,0,0
BRDA:50,6,1,0
BRDA:81,7,0,0
BRDA:81,7,1,0
BRDA:82,8,0,0
BRDA:82,8,1,0
BRDA:86,9,0,0
BRDA:94,10,0,0
BRDA:94,10,1,0
BRDA:107,11,0,0
BRDA:107,11,1,0
BRDA:113,12,0,0
BRDA:113,12,1,0
BRDA:127,13,0,0
BRDA:127,13,1,0
BRDA:132,14,0,0
BRDA:132,14,1,0
BRDA:134,15,0,0
BRDA:134,15,1,0
BRDA:146,16,0,0
BRDA:146,16,1,0
BRDA:162,17,0,0
BRDA:162,17,1,0
BRDA:176,18,0,0
BRF:32
BRH:0
end_of_record
TN:
SF:app/admin/components/QuickSearch/index.tsx
FN:9,QuickSearch
FN:13,(anonymous_5)
FN:49,(anonymous_6)
FN:80,(anonymous_7)
FNF:4
FNH:0
FNDA:0,QuickSearch
FNDA:0,(anonymous_5)
FNDA:0,(anonymous_6)
FNDA:0,(anonymous_7)
DA:3,0
DA:4,0
DA:5,0
DA:6,0
DA:7,0
DA:9,0
DA:10,0
DA:11,0
DA:13,0
DA:14,0
DA:15,0
DA:18,0
DA:49,0
DA:81,0
DA:82,0
DA:84,0
LF:16
LH:0
BRDA:55,0,0,0
BRDA:55,0,1,0
BRDA:59,1,0,0
BRDA:67,2,0,0
BRDA:82,3,0,0
BRDA:103,4,0,0
BRDA:103,4,1,0
BRDA:103,4,2,0
BRF:8
BRH:0
end_of_record
TN:
SF:app/admin/components/StatsCard/index.tsx
FN:23,StatsCard
FN:42,(anonymous_3)
FN:43,(anonymous_4)
FN:50,(anonymous_5)
FN:81,(anonymous_6)
FN:101,(anonymous_7)
FN:104,(anonymous_8)
FNF:7
FNH:0
FNDA:0,StatsCard
FNDA:0,(anonymous_3)
FNDA:0,(anonymous_4)
FNDA:0,(anonymous_5)
FNDA:0,(anonymous_6)
FNDA:0,(anonymous_7)
FNDA:0,(anonymous_8)
DA:3,0
DA:4,0
DA:5,0
DA:6,0
DA:8,0
DA:23,0
DA:37,0
DA:39,0
DA:42,0
DA:43,0
DA:44,0
DA:45,0
DA:49,0
DA:50,0
DA:53,0
DA:54,0
DA:82,0
DA:83,0
DA:102,0
DA:105,0
DA:106,0
LF:21
LH:0
BRDA:29,0,0,0
BRDA:44,1,0,0
BRDA:44,2,0,0
BRDA:44,2,1,0
BRDA:89,3,0,0
BRDA:89,3,1,0
BRDA:93,4,0,0
BRDA:109,5,0,0
BRDA:109,5,1,0
BRDA:128,6,0,0
BRF:10
BRH:0
end_of_record
TN:
SF:app/admin/components/dashboard/AdminDashboardContent.tsx
FN:20,(anonymous_4)
FN:20,(anonymous_5)
FN:20,(anonymous_6)
FN:21,(anonymous_7)
FN:21,(anonymous_8)
FN:21,(anonymous_9)
FN:22,(anonymous_10)
FN:22,(anonymous_11)
FN:22,(anonymous_12)
FN:23,(anonymous_13)
FN:23,(anonymous_14)
FN:23,(anonymous_15)
FN:24,(anonymous_16)
FN:24,(anonymous_17)
FN:24,(anonymous_18)
FN:25,(anonymous_19)
FN:25,(anonymous_20)
FN:25,(anonymous_21)
FN:26,(anonymous_22)
FN:26,(anonymous_23)
FN:26,(anonymous_24)
FN:27,(anonymous_25)
FN:27,(anonymous_26)
FN:27,(anonymous_27)
FN:34,(anonymous_29)
FN:50,(anonymous_30)
FN:58,(anonymous_31)
FN:74,(anonymous_32)
FN:116,(anonymous_34)
FNF:29
FNH:0
FNDA:0,(anonymous_4)
FNDA:0,(anonymous_5)
FNDA:0,(anonymous_6)
FNDA:0,(anonymous_7)
FNDA:0,(anonymous_8)
FNDA:0,(anonymous_9)
FNDA:0,(anonymous_10)
FNDA:0,(anonymous_11)
FNDA:0,(anonymous_12)
FNDA:0,(anonymous_13)
FNDA:0,(anonymous_14)
FNDA:0,(anonymous_15)
FNDA:0,(anonymous_16)
FNDA:0,(anonymous_17)
FNDA:0,(anonymous_18)
FNDA:0,(anonymous_19)
FNDA:0,(anonymous_20)
FNDA:0,(anonymous_21)
FNDA:0,(anonymous_22)
FNDA:0,(anonymous_23)
FNDA:0,(anonymous_24)
FNDA:0,(anonymous_25)
FNDA:0,(anonymous_26)
FNDA:0,(anonymous_27)
FNDA:0,(anonymous_29)
FNDA:0,(anonymous_30)
FNDA:0,(anonymous_31)
FNDA:0,(anonymous_32)
FNDA:0,(anonymous_34)
DA:9,0
DA:11,0
DA:12,0
DA:13,0
DA:14,0
DA:15,0
DA:16,0
DA:19,0
DA:20,0
DA:21,0
DA:22,0
DA:23,0
DA:24,0
DA:25,0
DA:26,0
DA:27,0
DA:35,0
DA:50,0
DA:55,0
DA:58,0
DA:59,0
DA:61,0
DA:64,0
DA:67,0
DA:70,0
DA:74,0
DA:75,0
DA:76,0
DA:78,0
DA:82,0
DA:85,0
DA:86,0
DA:90,0
DA:102,0
DA:117,0
DA:129,0
LF:36
LH:0
BRDA:59,0,0,0
BRDA:75,1,0,0
BRDA:85,2,0,0
BRDA:90,3,0,0
BRDA:102,4,0,0
BRDA:129,5,0,0
BRF:6
BRH:0
end_of_record
TN:
SF:app/admin/components/dashboard/AdminWidgetRenderer.tsx
FN:61,(anonymous_4)
FN:146,(anonymous_5)
FN:181,(anonymous_6)
FN:212,(anonymous_7)
FN:212,(anonymous_8)
FN:212,(anonymous_9)
FN:213,(anonymous_10)
FN:213,(anonymous_11)
FN:213,(anonymous_12)
FN:214,(anonymous_13)
FN:214,(anonymous_14)
FN:214,(anonymous_15)
FN:217,(anonymous_16)
FN:217,(anonymous_17)
FN:217,(anonymous_18)
FN:218,(anonymous_19)
FN:218,(anonymous_20)
FN:218,(anonymous_21)
FN:219,(anonymous_22)
FN:219,(anonymous_23)
FN:219,(anonymous_24)
FN:220,(anonymous_25)
FN:220,(anonymous_26)
FN:220,(anonymous_27)
FN:221,(anonymous_28)
FN:221,(anonymous_29)
FN:221,(anonymous_30)
FN:222,(anonymous_31)
FN:222,(anonymous_32)
FN:222,(anonymous_33)
FN:223,(anonymous_34)
FN:223,(anonymous_35)
FN:223,(anonymous_36)
FN:224,(anonymous_37)
FN:224,(anonymous_38)
FN:224,(anonymous_39)
FN:225,(anonymous_40)
FN:225,(anonymous_41)
FN:225,(anonymous_42)
FN:226,(anonymous_43)
FN:226,(anonymous_44)
FN:226,(anonymous_45)
FN:227,(anonymous_46)
FN:227,(anonymous_47)
FN:227,(anonymous_48)
FN:228,(anonymous_49)
FN:228,(anonymous_50)
FN:229,(anonymous_51)
FN:229,(anonymous_52)
FN:229,(anonymous_53)
FN:232,(anonymous_54)
FN:232,(anonymous_55)
FN:232,(anonymous_56)
FN:233,(anonymous_57)
FN:233,(anonymous_58)
FN:233,(anonymous_59)
FN:234,(anonymous_60)
FN:234,(anonymous_61)
FN:234,(anonymous_62)
FN:235,(anonymous_63)
FN:235,(anonymous_64)
FN:235,(anonymous_65)
FN:236,(anonymous_66)
FN:236,(anonymous_67)
FN:236,(anonymous_68)
FN:237,(anonymous_69)
FN:237,(anonymous_70)
FN:237,(anonymous_71)
FN:238,(anonymous_72)
FN:238,(anonymous_73)
FN:238,(anonymous_74)
FN:241,(anonymous_75)
FN:241,(anonymous_76)
FN:241,(anonymous_77)
FN:242,(anonymous_78)
FN:242,(anonymous_79)
FN:242,(anonymous_80)
FN:243,(anonymous_81)
FN:243,(anonymous_82)
FN:243,(anonymous_83)
FN:246,(anonymous_84)
FN:246,(anonymous_85)
FN:246,(anonymous_86)
FN:247,(anonymous_87)
FN:247,(anonymous_88)
FN:247,(anonymous_89)
FN:248,(anonymous_90)
FN:248,(anonymous_91)
FN:248,(anonymous_92)
FN:249,(anonymous_93)
FN:249,(anonymous_94)
FN:249,(anonymous_95)
FN:250,(anonymous_96)
FN:250,(anonymous_97)
FN:250,(anonymous_98)
FN:251,(anonymous_99)
FN:251,(anonymous_100)
FN:251,(anonymous_101)
FN:252,(anonymous_102)
FN:252,(anonymous_103)
FN:252,(anonymous_104)
FN:253,(anonymous_105)
FN:253,(anonymous_106)
FN:253,(anonymous_107)
FN:254,(anonymous_108)
FN:254,(anonymous_109)
FN:254,(anonymous_110)
FN:255,(anonymous_111)
FN:255,(anonymous_112)
FN:255,(anonymous_113)
FN:261,(anonymous_114)
FN:322,(anonymous_115)
FN:339,(anonymous_116)
FN:344,(anonymous_117)
FN:354,(anonymous_118)
FN:364,(anonymous_119)
FN:371,(anonymous_120)
FN:372,(anonymous_121)
FN:389,(anonymous_122)
FN:446,(anonymous_124)
FN:463,(anonymous_125)
FN:475,(anonymous_126)
FN:476,(anonymous_127)
FN:552,(anonymous_128)
FN:572,(anonymous_129)
FN:595,(anonymous_130)
FN:618,(anonymous_131)
FN:641,(anonymous_132)
FN:676,(anonymous_133)
FN:682,(anonymous_134)
FN:684,(anonymous_135)
FN:715,(anonymous_136)
FN:721,(anonymous_137)
FN:723,(anonymous_138)
FN:730,(anonymous_139)
FN:746,(anonymous_140)
FN:747,(anonymous_141)
FN:753,(anonymous_142)
FN:754,(anonymous_143)
FN:757,(anonymous_144)
FN:765,(anonymous_145)
FN:777,(anonymous_146)
FN:788,(anonymous_147)
FN:794,(anonymous_148)
FN:799,(anonymous_149)
FN:803,(anonymous_150)
FN:812,(anonymous_151)
FN:822,(anonymous_152)
FN:833,(anonymous_153)
FN:844,(anonymous_154)
FN:850,(anonymous_155)
FN:852,(anonymous_156)
FN:863,(anonymous_157)
FN:873,(anonymous_158)
FN:885,(anonymous_159)
FN:901,(anonymous_160)
FN:912,(anonymous_161)
FN:924,(anonymous_162)
FN:941,(anonymous_163)
FN:949,(anonymous_164)
FN:960,(anonymous_165)
FN:995,(anonymous_166)
FN:1004,(anonymous_167)
FN:1010,(anonymous_168)
FN:1017,(anonymous_169)
FN:1036,(anonymous_170)
FN:1123,(anonymous_171)
FN:1191,(anonymous_172)
FN:1192,(anonymous_173)
FN:1216,(anonymous_174)
FN:1226,(anonymous_175)
FN:1281,(anonymous_176)
FN:1282,(anonymous_177)
FN:1297,(anonymous_178)
FN:1300,(anonymous_179)
FN:1310,(anonymous_180)
FN:1356,(anonymous_181)
FN:1371,(anonymous_182)
FN:1389,(anonymous_183)
FN:1393,(anonymous_184)
FN:1404,(anonymous_185)
FN:1426,(anonymous_186)
FN:1434,(anonymous_187)
FN:1454,(anonymous_188)
FN:1469,(anonymous_189)
FN:1477,(anonymous_190)
FN:1479,(anonymous_191)
FN:1493,(anonymous_192)
FN:1640,(anonymous_193)
FN:1793,(anonymous_194)
FN:2000,getMockData
FN:2012,(anonymous_196)
FN:2021,(anonymous_197)
FN:2032,(anonymous_198)
FN:2051,ProductUpdateComponent
FN:2071,(anonymous_200)
FN:2088,(anonymous_201)
FN:2136,(anonymous_202)
FN:2146,(anonymous_203)
FN:2164,(anonymous_204)
FN:2172,(anonymous_205)
FN:2234,(anonymous_206)
FN:2235,(anonymous_207)
FN:2242,(anonymous_208)
FN:2272,(anonymous_209)
FN:2421,(anonymous_210)
FN:2436,(anonymous_211)
FN:2450,(anonymous_212)
FN:2464,(anonymous_213)
FN:2477,(anonymous_214)
FN:2530,ProductInfoRow
FN:2545,SupplierUpdateComponent
FN:2564,(anonymous_217)
FN:2578,(anonymous_218)
FN:2635,(anonymous_219)
FN:2645,(anonymous_220)
FN:2660,(anonymous_221)
FN:2668,(anonymous_222)
FN:2723,(anonymous_223)
FN:2724,(anonymous_224)
FN:2731,(anonymous_225)
FN:2761,(anonymous_226)
FN:2907,(anonymous_227)
FN:2922,(anonymous_228)
FN:2974,SupplierInfoRow
FN:2984,(anonymous_230)
FNF:226
FNH:0
FNDA:0,(anonymous_4)
FNDA:0,(anonymous_5)
FNDA:0,(anonymous_6)
FNDA:0,(anonymous_7)
FNDA:0,(anonymous_8)
FNDA:0,(anonymous_9)
FNDA:0,(anonymous_10)
FNDA:0,(anonymous_11)
FNDA:0,(anonymous_12)
FNDA:0,(anonymous_13)
FNDA:0,(anonymous_14)
FNDA:0,(anonymous_15)
FNDA:0,(anonymous_16)
FNDA:0,(anonymous_17)
FNDA:0,(anonymous_18)
FNDA:0,(anonymous_19)
FNDA:0,(anonymous_20)
FNDA:0,(anonymous_21)
FNDA:0,(anonymous_22)
FNDA:0,(anonymous_23)
FNDA:0,(anonymous_24)
FNDA:0,(anonymous_25)
FNDA:0,(anonymous_26)
FNDA:0,(anonymous_27)
FNDA:0,(anonymous_28)
FNDA:0,(anonymous_29)
FNDA:0,(anonymous_30)
FNDA:0,(anonymous_31)
FNDA:0,(anonymous_32)
FNDA:0,(anonymous_33)
FNDA:0,(anonymous_34)
FNDA:0,(anonymous_35)
FNDA:0,(anonymous_36)
FNDA:0,(anonymous_37)
FNDA:0,(anonymous_38)
FNDA:0,(anonymous_39)
FNDA:0,(anonymous_40)
FNDA:0,(anonymous_41)
FNDA:0,(anonymous_42)
FNDA:0,(anonymous_43)
FNDA:0,(anonymous_44)
FNDA:0,(anonymous_45)
FNDA:0,(anonymous_46)
FNDA:0,(anonymous_47)
FNDA:0,(anonymous_48)
FNDA:0,(anonymous_49)
FNDA:0,(anonymous_50)
FNDA:0,(anonymous_51)
FNDA:0,(anonymous_52)
FNDA:0,(anonymous_53)
FNDA:0,(anonymous_54)
FNDA:0,(anonymous_55)
FNDA:0,(anonymous_56)
FNDA:0,(anonymous_57)
FNDA:0,(anonymous_58)
FNDA:0,(anonymous_59)
FNDA:0,(anonymous_60)
FNDA:0,(anonymous_61)
FNDA:0,(anonymous_62)
FNDA:0,(anonymous_63)
FNDA:0,(anonymous_64)
FNDA:0,(anonymous_65)
FNDA:0,(anonymous_66)
FNDA:0,(anonymous_67)
FNDA:0,(anonymous_68)
FNDA:0,(anonymous_69)
FNDA:0,(anonymous_70)
FNDA:0,(anonymous_71)
FNDA:0,(anonymous_72)
FNDA:0,(anonymous_73)
FNDA:0,(anonymous_74)
FNDA:0,(anonymous_75)
FNDA:0,(anonymous_76)
FNDA:0,(anonymous_77)
FNDA:0,(anonymous_78)
FNDA:0,(anonymous_79)
FNDA:0,(anonymous_80)
FNDA:0,(anonymous_81)
FNDA:0,(anonymous_82)
FNDA:0,(anonymous_83)
FNDA:0,(anonymous_84)
FNDA:0,(anonymous_85)
FNDA:0,(anonymous_86)
FNDA:0,(anonymous_87)
FNDA:0,(anonymous_88)
FNDA:0,(anonymous_89)
FNDA:0,(anonymous_90)
FNDA:0,(anonymous_91)
FNDA:0,(anonymous_92)
FNDA:0,(anonymous_93)
FNDA:0,(anonymous_94)
FNDA:0,(anonymous_95)
FNDA:0,(anonymous_96)
FNDA:0,(anonymous_97)
FNDA:0,(anonymous_98)
FNDA:0,(anonymous_99)
FNDA:0,(anonymous_100)
FNDA:0,(anonymous_101)
FNDA:0,(anonymous_102)
FNDA:0,(anonymous_103)
FNDA:0,(anonymous_104)
FNDA:0,(anonymous_105)
FNDA:0,(anonymous_106)
FNDA:0,(anonymous_107)
FNDA:0,(anonymous_108)
FNDA:0,(anonymous_109)
FNDA:0,(anonymous_110)
FNDA:0,(anonymous_111)
FNDA:0,(anonymous_112)
FNDA:0,(anonymous_113)
FNDA:0,(anonymous_114)
FNDA:0,(anonymous_115)
FNDA:0,(anonymous_116)
FNDA:0,(anonymous_117)
FNDA:0,(anonymous_118)
FNDA:0,(anonymous_119)
FNDA:0,(anonymous_120)
FNDA:0,(anonymous_121)
FNDA:0,(anonymous_122)
FNDA:0,(anonymous_124)
FNDA:0,(anonymous_125)
FNDA:0,(anonymous_126)
FNDA:0,(anonymous_127)
FNDA:0,(anonymous_128)
FNDA:0,(anonymous_129)
FNDA:0,(anonymous_130)
FNDA:0,(anonymous_131)
FNDA:0,(anonymous_132)
FNDA:0,(anonymous_133)
FNDA:0,(anonymous_134)
FNDA:0,(anonymous_135)
FNDA:0,(anonymous_136)
FNDA:0,(anonymous_137)
FNDA:0,(anonymous_138)
FNDA:0,(anonymous_139)
FNDA:0,(anonymous_140)
FNDA:0,(anonymous_141)
FNDA:0,(anonymous_142)
FNDA:0,(anonymous_143)
FNDA:0,(anonymous_144)
FNDA:0,(anonymous_145)
FNDA:0,(anonymous_146)
FNDA:0,(anonymous_147)
FNDA:0,(anonymous_148)
FNDA:0,(anonymous_149)
FNDA:0,(anonymous_150)
FNDA:0,(anonymous_151)
FNDA:0,(anonymous_152)
FNDA:0,(anonymous_153)
FNDA:0,(anonymous_154)
FNDA:0,(anonymous_155)
FNDA:0,(anonymous_156)
FNDA:0,(anonymous_157)
FNDA:0,(anonymous_158)
FNDA:0,(anonymous_159)
FNDA:0,(anonymous_160)
FNDA:0,(anonymous_161)
FNDA:0,(anonymous_162)
FNDA:0,(anonymous_163)
FNDA:0,(anonymous_164)
FNDA:0,(anonymous_165)
FNDA:0,(anonymous_166)
FNDA:0,(anonymous_167)
FNDA:0,(anonymous_168)
FNDA:0,(anonymous_169)
FNDA:0,(anonymous_170)
FNDA:0,(anonymous_171)
FNDA:0,(anonymous_172)
FNDA:0,(anonymous_173)
FNDA:0,(anonymous_174)
FNDA:0,(anonymous_175)
FNDA:0,(anonymous_176)
FNDA:0,(anonymous_177)
FNDA:0,(anonymous_178)
FNDA:0,(anonymous_179)
FNDA:0,(anonymous_180)
FNDA:0,(anonymous_181)
FNDA:0,(anonymous_182)
FNDA:0,(anonymous_183)
FNDA:0,(anonymous_184)
FNDA:0,(anonymous_185)
FNDA:0,(anonymous_186)
FNDA:0,(anonymous_187)
FNDA:0,(anonymous_188)
FNDA:0,(anonymous_189)
FNDA:0,(anonymous_190)
FNDA:0,(anonymous_191)
FNDA:0,(anonymous_192)
FNDA:0,(anonymous_193)
FNDA:0,(anonymous_194)
FNDA:0,getMockData
FNDA:0,(anonymous_196)
FNDA:0,(anonymous_197)
FNDA:0,(anonymous_198)
FNDA:0,ProductUpdateComponent
FNDA:0,(anonymous_200)
FNDA:0,(anonymous_201)
FNDA:0,(anonymous_202)
FNDA:0,(anonymous_203)
FNDA:0,(anonymous_204)
FNDA:0,(anonymous_205)
FNDA:0,(anonymous_206)
FNDA:0,(anonymous_207)
FNDA:0,(anonymous_208)
FNDA:0,(anonymous_209)
FNDA:0,(anonymous_210)
FNDA:0,(anonymous_211)
FNDA:0,(anonymous_212)
FNDA:0,(anonymous_213)
FNDA:0,(anonymous_214)
FNDA:0,ProductInfoRow
FNDA:0,SupplierUpdateComponent
FNDA:0,(anonymous_217)
FNDA:0,(anonymous_218)
FNDA:0,(anonymous_219)
FNDA:0,(anonymous_220)
FNDA:0,(anonymous_221)
FNDA:0,(anonymous_222)
FNDA:0,(anonymous_223)
FNDA:0,(anonymous_224)
FNDA:0,(anonymous_225)
FNDA:0,(anonymous_226)
FNDA:0,(anonymous_227)
FNDA:0,(anonymous_228)
FNDA:0,SupplierInfoRow
FNDA:0,(anonymous_230)
DA:8,0
DA:9,0
DA:12,0
DA:13,0
DA:14,0
DA:15,0
DA:32,0
DA:33,0
DA:34,0
DA:35,0
DA:36,0
DA:42,0
DA:49,0
DA:50,0
DA:51,0
DA:61,0
DA:62,0
DA:64,0
DA:72,0
DA:80,0
DA:88,0
DA:96,0
DA:104,0
DA:112,0
DA:120,0
DA:128,0
DA:139,0
DA:147,0
DA:150,0
DA:163,0
DA:165,0
DA:183,0
DA:193,0
DA:196,0
DA:212,0
DA:213,0
DA:214,0
DA:217,0
DA:218,0
DA:219,0
DA:220,0
DA:221,0
DA:222,0
DA:223,0
DA:224,0
DA:225,0
DA:226,0
DA:227,0
DA:228,0
DA:229,0
DA:232,0
DA:233,0
DA:234,0
DA:235,0
DA:236,0
DA:237,0
DA:238,0
DA:241,0
DA:242,0
DA:243,0
DA:246,0
DA:247,0
DA:248,0
DA:249,0
DA:250,0
DA:251,0
DA:252,0
DA:253,0
DA:254,0
DA:255,0
DA:258,0
DA:261,0
DA:262,0
DA:303,0
DA:313,0
DA:322,0
DA:323,0
DA:326,0
DA:330,0
DA:340,0
DA:341,0
DA:342,0
DA:344,0
DA:345,0
DA:346,0
DA:349,0
DA:350,0
DA:351,0
DA:355,0
DA:356,0
DA:357,0
DA:359,0
DA:364,0
DA:365,0
DA:370,0
DA:372,0
DA:373,0
DA:374,0
DA:375,0
DA:376,0
DA:377,0
DA:387,0
DA:389,0
DA:390,0
DA:403,0
DA:408,0
DA:409,0
DA:410,0
DA:414,0
DA:415,0
DA:417,0
DA:418,0
DA:420,0
DA:421,0
DA:423,0
DA:424,0
DA:426,0
DA:427,0
DA:429,0
DA:430,0
DA:448,0
DA:460,0
DA:463,0
DA:469,0
DA:470,0
DA:471,0
DA:472,0
DA:475,0
DA:476,0
DA:477,0
DA:478,0
DA:479,0
DA:481,0
DA:484,0
DA:486,0
DA:487,0
DA:489,0
DA:490,0
DA:492,0
DA:493,0
DA:495,0
DA:496,0
DA:498,0
DA:499,0
DA:501,0
DA:502,0
DA:504,0
DA:505,0
DA:507,0
DA:508,0
DA:510,0
DA:511,0
DA:513,0
DA:514,0
DA:516,0
DA:517,0
DA:519,0
DA:520,0
DA:522,0
DA:527,0
DA:530,0
DA:531,0
DA:535,0
DA:537,0
DA:538,0
DA:540,0
DA:543,0
DA:547,0
DA:552,0
DA:554,0
DA:556,0
DA:558,0
DA:566,0
DA:567,0
DA:568,0
DA:569,0
DA:572,0
DA:574,0
DA:579,0
DA:581,0
DA:589,0
DA:590,0
DA:591,0
DA:592,0
DA:595,0
DA:597,0
DA:602,0
DA:604,0
DA:612,0
DA:613,0
DA:614,0
DA:615,0
DA:618,0
DA:620,0
DA:625,0
DA:627,0
DA:635,0
DA:636,0
DA:637,0
DA:638,0
DA:641,0
DA:643,0
DA:648,0
DA:650,0
DA:653,0
DA:660,0
DA:661,0
DA:663,0
DA:666,0
DA:668,0
DA:669,0
DA:670,0
DA:671,0
DA:675,0
DA:676,0
DA:677,0
DA:681,0
DA:682,0
DA:684,0
DA:686,0
DA:687,0
DA:689,0
DA:692,0
DA:699,0
DA:700,0
DA:702,0
DA:705,0
DA:707,0
DA:708,0
DA:709,0
DA:710,0
DA:714,0
DA:715,0
DA:716,0
DA:720,0
DA:721,0
DA:723,0
DA:725,0
DA:730,0
DA:731,0
DA:736,0
DA:746,0
DA:747,0
DA:748,0
DA:752,0
DA:753,0
DA:754,0
DA:756,0
DA:757,0
DA:765,0
DA:766,0
DA:773,0
DA:777,0
DA:788,0
DA:789,0
DA:794,0
DA:796,0
DA:799,0
DA:803,0
DA:812,0
DA:813,0
DA:821,0
DA:822,0
DA:833,0
DA:834,0
DA:843,0
DA:844,0
DA:845,0
DA:848,0
DA:849,0
DA:850,0
DA:852,0
DA:859,0
DA:863,0
DA:864,0
DA:872,0
DA:873,0
DA:881,0
DA:885,0
DA:886,0
DA:893,0
DA:895,0
DA:901,0
DA:902,0
DA:911,0
DA:912,0
DA:920,0
DA:924,0
DA:925,0
DA:933,0
DA:935,0
DA:941,0
DA:942,0
DA:948,0
DA:949,0
DA:956,0
DA:960,0
DA:961,0
DA:963,0
DA:967,0
DA:968,0
DA:969,0
DA:972,0
DA:976,0
DA:977,0
DA:978,0
DA:981,0
DA:989,0
DA:990,0
DA:995,0
DA:996,0
DA:999,0
DA:1000,0
DA:1004,0
DA:1005,0
DA:1006,0
DA:1007,0
DA:1010,0
DA:1017,0
DA:1018,0
DA:1020,0
DA:1023,0
DA:1026,0
DA:1029,0
DA:1036,0
DA:1038,0
DA:1039,0
DA:1048,0
DA:1069,0
DA:1079,0
DA:1123,0
DA:1125,0
DA:1127,0
DA:1143,0
DA:1159,0
DA:1175,0
DA:1181,0
DA:1183,0
DA:1184,0
DA:1186,0
DA:1188,0
DA:1190,0
DA:1191,0
DA:1192,0
DA:1193,0
DA:1194,0
DA:1200,0
DA:1216,0
DA:1227,0
DA:1263,0
DA:1279,0
DA:1281,0
DA:1282,0
DA:1297,0
DA:1301,0
DA:1310,0
DA:1317,0
DA:1357,0
DA:1372,0
DA:1389,0
DA:1390,0
DA:1394,0
DA:1400,0
DA:1405,0
DA:1426,0
DA:1428,0
DA:1435,0
DA:1449,0
DA:1455,0
DA:1462,0
DA:1470,0
DA:1478,0
DA:1480,0
DA:1493,0
DA:1494,0
DA:1497,0
DA:1498,0
DA:1500,0
DA:1501,0
DA:1511,0
DA:1512,0
DA:1514,0
DA:1515,0
DA:1521,0
DA:1550,0
DA:1551,0
DA:1564,0
DA:1566,0
DA:1567,0
DA:1580,0
DA:1582,0
DA:1583,0
DA:1596,0
DA:1641,0
DA:1793,0
DA:1795,0
DA:1796,0
DA:1799,0
DA:1801,0
DA:1803,0
DA:1806,0
DA:1808,0
DA:1817,0
DA:1886,0
DA:1888,0
DA:1899,0
DA:1902,0
DA:1905,0
DA:1908,0
DA:1909,0
DA:1910,0
DA:1911,0
DA:1912,0
DA:1916,0
DA:1917,0
DA:1920,0
DA:1924,0
DA:1926,0
DA:1952,0
DA:1953,0
DA:1954,0
DA:1958,0
DA:1959,0
DA:1961,0
DA:1962,0
DA:1964,0
DA:1965,0
DA:1967,0
DA:1968,0
DA:1970,0
DA:1971,0
DA:1973,0
DA:1974,0
DA:2001,0
DA:2003,0
DA:2011,0
DA:2012,0
DA:2020,0
DA:2021,0
DA:2030,0
DA:2032,0
DA:2041,0
DA:2053,0
DA:2054,0
DA:2055,0
DA:2056,0
DA:2057,0
DA:2058,0
DA:2059,0
DA:2062,0
DA:2071,0
DA:2072,0
DA:2073,0
DA:2074,0
DA:2075,0
DA:2076,0
DA:2077,0
DA:2078,0
DA:2088,0
DA:2089,0
DA:2090,0
DA:2094,0
DA:2097,0
DA:2098,0
DA:2099,0
DA:2101,0
DA:2102,0
DA:2104,0
DA:2106,0
DA:2107,0
DA:2108,0
DA:2109,0
DA:2110,0
DA:2116,0
DA:2117,0
DA:2118,0
DA:2119,0
DA:2120,0
DA:2126,0
DA:2131,0
DA:2136,0
DA:2137,0
DA:2138,0
DA:2139,0
DA:2140,0
DA:2141,0
DA:2146,0
DA:2147,0
DA:2154,0
DA:2155,0
DA:2156,0
DA:2157,0
DA:2164,0
DA:2165,0
DA:2166,0
DA:2167,0
DA:2168,0
DA:2172,0
DA:2173,0
DA:2174,0
DA:2176,0
DA:2179,0
DA:2181,0
DA:2184,0
DA:2185,0
DA:2188,0
DA:2190,0
DA:2191,0
DA:2192,0
DA:2199,0
DA:2200,0
DA:2201,0
DA:2202,0
DA:2209,0
DA:2210,0
DA:2214,0
DA:2218,0
DA:2219,0
DA:2220,0
DA:2223,0
DA:2224,0
DA:2229,0
DA:2234,0
DA:2235,0
DA:2242,0
DA:2243,0
DA:2244,0
DA:2245,0
DA:2273,0
DA:2274,0
DA:2421,0
DA:2436,0
DA:2450,0
DA:2464,0
DA:2477,0
DA:2547,0
DA:2548,0
DA:2549,0
DA:2550,0
DA:2551,0
DA:2552,0
DA:2553,0
DA:2556,0
DA:2561,0
DA:2564,0
DA:2565,0
DA:2566,0
DA:2567,0
DA:2568,0
DA:2569,0
DA:2570,0
DA:2571,0
DA:2578,0
DA:2579,0
DA:2580,0
DA:2584,0
DA:2587,0
DA:2588,0
DA:2589,0
DA:2591,0
DA:2592,0
DA:2598,0
DA:2599,0
DA:2602,0
DA:2604,0
DA:2605,0
DA:2606,0
DA:2607,0
DA:2608,0
DA:2614,0
DA:2615,0
DA:2616,0
DA:2617,0
DA:2618,0
DA:2624,0
DA:2625,0
DA:2630,0
DA:2635,0
DA:2636,0
DA:2637,0
DA:2638,0
DA:2639,0
DA:2640,0
DA:2645,0
DA:2646,0
DA:2650,0
DA:2651,0
DA:2652,0
DA:2653,0
DA:2660,0
DA:2661,0
DA:2662,0
DA:2663,0
DA:2664,0
DA:2668,0
DA:2669,0
DA:2670,0
DA:2672,0
DA:2673,0
DA:2675,0
DA:2682,0
DA:2684,0
DA:2685,0
DA:2691,0
DA:2697,0
DA:2699,0
DA:2700,0
DA:2707,0
DA:2708,0
DA:2709,0
DA:2712,0
DA:2713,0
DA:2718,0
DA:2723,0
DA:2724,0
DA:2731,0
DA:2732,0
DA:2733,0
DA:2734,0
DA:2762,0
DA:2763,0
DA:2907,0
DA:2922,0
DA:2984,0
DA:2986,0
DA:2994,0
LF:626
LH:0
BRDA:62,0,0,0
BRDA:62,0,1,0
BRDA:62,0,2,0
BRDA:62,0,3,0
BRDA:62,0,4,0
BRDA:62,0,5,0
BRDA:62,0,6,0
BRDA:62,0,7,0
BRDA:62,0,8,0
BRDA:165,1,0,0
BRDA:184,2,0,0
BRDA:184,2,1,0
BRDA:184,2,2,0
BRDA:184,2,3,0
BRDA:184,2,4,0
BRDA:184,2,5,0
BRDA:268,3,0,0
BRDA:268,3,1,0
BRDA:280,4,0,0
BRDA:280,4,1,0
BRDA:286,5,0,0
BRDA:286,5,1,0
BRDA:289,6,0,0
BRDA:289,6,1,0
BRDA:290,7,0,0
BRDA:290,7,1,0
BRDA:291,8,0,0
BRDA:291,8,1,0
BRDA:292,9,0,0
BRDA:292,9,1,0
BRDA:293,10,0,0
BRDA:293,10,1,0
BRDA:339,11,0,0
BRDA:346,12,0,0
BRDA:350,13,0,0
BRDA:356,14,0,0
BRDA:356,15,0,0
BRDA:356,15,1,0
BRDA:375,16,0,0
BRDA:375,17,0,0
BRDA:375,17,1,0
BRDA:403,18,0,0
BRDA:403,18,1,0
BRDA:409,19,0,0
BRDA:410,20,0,0
BRDA:410,20,1,0
BRDA:410,20,2,0
BRDA:410,20,3,0
BRDA:410,20,4,0
BRDA:410,20,5,0
BRDA:410,20,6,0
BRDA:410,20,7,0
BRDA:443,21,0,0
BRDA:443,21,1,0
BRDA:443,22,0,0
BRDA:443,22,1,0
BRDA:449,23,0,0
BRDA:449,23,1,0
BRDA:449,23,2,0
BRDA:449,23,3,0
BRDA:449,23,4,0
BRDA:449,23,5,0
BRDA:449,23,6,0
BRDA:449,23,7,0
BRDA:467,24,0,0
BRDA:484,25,0,0
BRDA:484,25,1,0
BRDA:484,25,2,0
BRDA:484,25,3,0
BRDA:484,25,4,0
BRDA:484,25,5,0
BRDA:484,25,6,0
BRDA:484,25,7,0
BRDA:484,25,8,0
BRDA:484,25,9,0
BRDA:484,25,10,0
BRDA:484,25,11,0
BRDA:484,25,12,0
BRDA:484,25,13,0
BRDA:537,26,0,0
BRDA:537,26,1,0
BRDA:537,27,0,0
BRDA:537,27,1,0
BRDA:540,28,0,0
BRDA:540,28,1,0
BRDA:556,29,0,0
BRDA:556,29,1,0
BRDA:566,30,0,0
BRDA:572,31,0,0
BRDA:572,31,1,0
BRDA:579,32,0,0
BRDA:579,32,1,0
BRDA:589,33,0,0
BRDA:595,34,0,0
BRDA:595,34,1,0
BRDA:602,35,0,0
BRDA:602,35,1,0
BRDA:612,36,0,0
BRDA:618,37,0,0
BRDA:618,37,1,0
BRDA:618,38,0,0
BRDA:618,38,1,0
BRDA:625,39,0,0
BRDA:625,39,1,0
BRDA:635,40,0,0
BRDA:641,41,0,0
BRDA:641,41,1,0
BRDA:641,42,0,0
BRDA:641,42,1,0
BRDA:648,43,0,0
BRDA:648,43,1,0
BRDA:660,44,0,0
BRDA:660,44,1,0
BRDA:668,45,0,0
BRDA:677,46,0,0
BRDA:677,46,1,0
BRDA:677,47,0,0
BRDA:677,47,1,0
BRDA:687,48,0,0
BRDA:699,49,0,0
BRDA:699,49,1,0
BRDA:707,50,0,0
BRDA:716,51,0,0
BRDA:716,51,1,0
BRDA:716,52,0,0
BRDA:716,52,1,0
BRDA:748,53,0,0
BRDA:748,53,1,0
BRDA:774,54,0,0
BRDA:774,54,1,0
BRDA:794,55,0,0
BRDA:794,55,1,0
BRDA:794,56,0,0
BRDA:794,56,1,0
BRDA:800,57,0,0
BRDA:800,57,1,0
BRDA:800,57,2,0
BRDA:801,58,0,0
BRDA:801,58,1,0
BRDA:804,59,0,0
BRDA:804,59,1,0
BRDA:804,59,2,0
BRDA:806,60,0,0
BRDA:806,60,1,0
BRDA:824,61,0,0
BRDA:824,61,1,0
BRDA:825,62,0,0
BRDA:825,62,1,0
BRDA:845,63,0,0
BRDA:845,63,1,0
BRDA:854,64,0,0
BRDA:854,64,1,0
BRDA:873,65,0,0
BRDA:873,65,1,0
BRDA:876,66,0,0
BRDA:876,66,1,0
BRDA:877,67,0,0
BRDA:877,67,1,0
BRDA:893,68,0,0
BRDA:893,68,1,0
BRDA:912,69,0,0
BRDA:912,69,1,0
BRDA:915,70,0,0
BRDA:915,70,1,0
BRDA:916,71,0,0
BRDA:916,71,1,0
BRDA:933,72,0,0
BRDA:933,72,1,0
BRDA:949,73,0,0
BRDA:949,73,1,0
BRDA:967,74,0,0
BRDA:976,75,0,0
BRDA:982,76,0,0
BRDA:982,76,1,0
BRDA:984,77,0,0
BRDA:984,77,1,0
BRDA:1020,78,0,0
BRDA:1020,79,0,0
BRDA:1020,79,1,0
BRDA:1023,80,0,0
BRDA:1023,81,0,0
BRDA:1023,81,1,0
BRDA:1026,82,0,0
BRDA:1026,83,0,0
BRDA:1026,83,1,0
BRDA:1029,84,0,0
BRDA:1029,85,0,0
BRDA:1029,85,1,0
BRDA:1039,86,0,0
BRDA:1048,87,0,0
BRDA:1048,88,0,0
BRDA:1048,88,1,0
BRDA:1048,88,2,0
BRDA:1048,88,3,0
BRDA:1069,89,0,0
BRDA:1079,90,0,0
BRDA:1079,90,1,0
BRDA:1086,91,0,0
BRDA:1086,91,1,0
BRDA:1100,92,0,0
BRDA:1100,92,1,0
BRDA:1100,93,0,0
BRDA:1100,93,1,0
BRDA:1104,94,0,0
BRDA:1107,95,0,0
BRDA:1107,95,1,0
BRDA:1110,96,0,0
BRDA:1113,97,0,0
BRDA:1113,97,1,0
BRDA:1125,98,0,0
BRDA:1127,99,0,0
BRDA:1127,100,0,0
BRDA:1127,100,1,0
BRDA:1143,101,0,0
BRDA:1143,102,0,0
BRDA:1143,102,1,0
BRDA:1159,103,0,0
BRDA:1159,104,0,0
BRDA:1159,104,1,0
BRDA:1175,105,0,0
BRDA:1181,106,0,0
BRDA:1181,106,1,0
BRDA:1184,107,0,0
BRDA:1184,107,1,0
BRDA:1186,108,0,0
BRDA:1186,108,1,0
BRDA:1188,109,0,0
BRDA:1188,109,1,0
BRDA:1193,110,0,0
BRDA:1215,111,0,0
BRDA:1215,111,1,0
BRDA:1263,112,0,0
BRDA:1263,112,1,0
BRDA:1279,113,0,0
BRDA:1279,113,1,0
BRDA:1279,114,0,0
BRDA:1279,114,1,0
BRDA:1293,115,0,0
BRDA:1293,115,1,0
BRDA:1311,116,0,0
BRDA:1311,116,1,0
BRDA:1311,117,0,0
BRDA:1311,117,1,0
BRDA:1317,118,0,0
BRDA:1346,119,0,0
BRDA:1346,119,1,0
BRDA:1346,120,0,0
BRDA:1346,120,1,0
BRDA:1347,121,0,0
BRDA:1347,121,1,0
BRDA:1347,122,0,0
BRDA:1347,122,1,0
BRDA:1347,122,2,0
BRDA:1354,123,0,0
BRDA:1354,123,1,0
BRDA:1354,123,2,0
BRDA:1369,124,0,0
BRDA:1369,124,1,0
BRDA:1369,124,2,0
BRDA:1390,125,0,0
BRDA:1400,126,0,0
BRDA:1400,126,1,0
BRDA:1408,127,0,0
BRDA:1428,128,0,0
BRDA:1428,129,0,0
BRDA:1428,129,1,0
BRDA:1449,130,0,0
BRDA:1462,131,0,0
BRDA:1462,131,1,0
BRDA:1494,132,0,0
BRDA:1494,132,1,0
BRDA:1498,133,0,0
BRDA:1501,134,0,0
BRDA:1501,134,1,0
BRDA:1512,135,0,0
BRDA:1515,136,0,0
BRDA:1515,136,1,0
BRDA:1521,137,0,0
BRDA:1521,137,1,0
BRDA:1521,137,2,0
BRDA:1551,138,0,0
BRDA:1567,139,0,0
BRDA:1583,140,0,0
BRDA:1633,141,0,0
BRDA:1633,141,1,0
BRDA:1649,142,0,0
BRDA:1649,142,1,0
BRDA:1651,143,0,0
BRDA:1651,143,1,0
BRDA:1795,144,0,0
BRDA:1799,145,0,0
BRDA:1799,145,1,0
BRDA:1799,145,2,0
BRDA:1799,145,3,0
BRDA:1799,145,4,0
BRDA:1799,145,5,0
BRDA:1799,145,6,0
BRDA:1799,145,7,0
BRDA:1823,146,0,0
BRDA:1823,146,1,0
BRDA:1834,147,0,0
BRDA:1834,147,1,0
BRDA:1845,148,0,0
BRDA:1845,148,1,0
BRDA:1862,149,0,0
BRDA:1862,149,1,0
BRDA:1865,150,0,0
BRDA:1865,150,1,0
BRDA:1866,151,0,0
BRDA:1866,151,1,0
BRDA:1867,152,0,0
BRDA:1867,152,1,0
BRDA:1868,153,0,0
BRDA:1868,153,1,0
BRDA:1869,154,0,0
BRDA:1869,154,1,0
BRDA:1899,155,0,0
BRDA:1899,155,1,0
BRDA:1899,155,2,0
BRDA:1899,155,3,0
BRDA:1899,155,4,0
BRDA:1899,155,5,0
BRDA:1899,155,6,0
BRDA:1909,156,0,0
BRDA:1909,156,1,0
BRDA:1911,157,0,0
BRDA:1911,158,0,0
BRDA:1911,158,1,0
BRDA:1917,159,0,0
BRDA:1917,159,1,0
BRDA:1926,160,0,0
BRDA:1941,161,0,0
BRDA:1941,161,1,0
BRDA:1944,162,0,0
BRDA:1944,162,1,0
BRDA:1953,163,0,0
BRDA:1954,164,0,0
BRDA:1954,164,1,0
BRDA:1954,164,2,0
BRDA:1954,164,3,0
BRDA:1954,164,4,0
BRDA:1954,164,5,0
BRDA:1954,164,6,0
BRDA:1954,164,7,0
BRDA:1982,165,0,0
BRDA:1982,165,1,0
BRDA:1990,166,0,0
BRDA:1990,166,1,0
BRDA:1993,167,0,0
BRDA:1993,167,1,0
BRDA:2001,168,0,0
BRDA:2001,168,1,0
BRDA:2001,168,2,0
BRDA:2001,168,3,0
BRDA:2001,168,4,0
BRDA:2001,168,5,0
BRDA:2089,169,0,0
BRDA:2104,170,0,0
BRDA:2104,170,1,0
BRDA:2104,171,0,0
BRDA:2104,171,1,0
BRDA:2137,172,0,0
BRDA:2179,173,0,0
BRDA:2179,173,1,0
BRDA:2179,174,0,0
BRDA:2179,174,1,0
BRDA:2184,175,0,0
BRDA:2185,176,0,0
BRDA:2185,176,1,0
BRDA:2190,177,0,0
BRDA:2200,178,0,0
BRDA:2209,179,0,0
BRDA:2212,180,0,0
BRDA:2212,180,1,0
BRDA:2243,181,0,0
BRDA:2243,182,0,0
BRDA:2243,182,1,0
BRDA:2253,183,0,0
BRDA:2269,184,0,0
BRDA:2269,184,1,0
BRDA:2274,185,0,0
BRDA:2280,186,0,0
BRDA:2300,187,0,0
BRDA:2303,188,0,0
BRDA:2303,188,1,0
BRDA:2317,189,0,0
BRDA:2319,190,0,0
BRDA:2319,190,1,0
BRDA:2320,191,0,0
BRDA:2320,191,1,0
BRDA:2321,192,0,0
BRDA:2321,192,1,0
BRDA:2325,193,0,0
BRDA:2325,193,1,0
BRDA:2326,194,0,0
BRDA:2326,194,1,0
BRDA:2327,195,0,0
BRDA:2327,195,1,0
BRDA:2336,196,0,0
BRDA:2374,197,0,0
BRDA:2374,197,1,0
BRDA:2406,198,0,0
BRDA:2477,199,0,0
BRDA:2477,199,1,0
BRDA:2501,200,0,0
BRDA:2503,201,0,0
BRDA:2503,201,1,0
BRDA:2508,202,0,0
BRDA:2508,202,1,0
BRDA:2534,203,0,0
BRDA:2534,203,1,0
BRDA:2579,204,0,0
BRDA:2598,205,0,0
BRDA:2598,206,0,0
BRDA:2598,206,1,0
BRDA:2602,207,0,0
BRDA:2602,207,1,0
BRDA:2636,208,0,0
BRDA:2673,209,0,0
BRDA:2673,209,1,0
BRDA:2673,210,0,0
BRDA:2673,210,1,0
BRDA:2682,211,0,0
BRDA:2697,212,0,0
BRDA:2715,213,0,0
BRDA:2715,213,1,0
BRDA:2732,214,0,0
BRDA:2732,215,0,0
BRDA:2732,215,1,0
BRDA:2742,216,0,0
BRDA:2758,217,0,0
BRDA:2758,217,1,0
BRDA:2763,218,0,0
BRDA:2769,219,0,0
BRDA:2789,220,0,0
BRDA:2792,221,0,0
BRDA:2792,221,1,0
BRDA:2806,222,0,0
BRDA:2808,223,0,0
BRDA:2808,223,1,0
BRDA:2809,224,0,0
BRDA:2809,224,1,0
BRDA:2810,225,0,0
BRDA:2810,225,1,0
BRDA:2814,226,0,0
BRDA:2814,226,1,0
BRDA:2815,227,0,0
BRDA:2815,227,1,0
BRDA:2816,228,0,0
BRDA:2816,228,1,0
BRDA:2825,229,0,0
BRDA:2863,230,0,0
BRDA:2863,230,1,0
BRDA:2892,231,0,0
BRDA:2945,232,0,0
BRDA:2947,233,0,0
BRDA:2947,233,1,0
BRDA:2952,234,0,0
BRDA:2952,234,1,0
BRDA:2978,235,0,0
BRDA:2978,235,1,0
BRDA:2987,236,0,0
BRDA:2987,236,1,0
BRDA:2987,236,2,0
BRDA:2987,236,3,0
BRF:465
BRH:0
end_of_record
TN:
SF:app/admin/components/dashboard/AnalysisLayout.tsx
FN:13,(anonymous_2)
FNF:1
FNH:0
FNDA:0,(anonymous_2)
DA:3,0
DA:5,0
DA:13,0
DA:19,0
DA:22,0
DA:29,0
LF:6
LH:0
BRF:0
BRH:0
end_of_record
TN:
SF:app/admin/components/dashboard/ChartWrapper.tsx
FN:17,ChartWrapper
FNF:1
FNH:0
FNDA:0,ChartWrapper
DA:8,0
DA:9,0
DA:17,0
LF:3
LH:0
BRDA:20,0,0,0
BRF:1
BRH:0
end_of_record
TN:
SF:app/admin/components/dashboard/CustomThemeLayout.tsx
FN:15,(anonymous_2)
FNF:1
FNH:0
FNDA:0,(anonymous_2)
DA:3,0
DA:6,0
DA:7,0
DA:15,0
DA:21,0
DA:24,0
DA:31,0
DA:38,0
DA:50,0
LF:9
LH:0
BRDA:31,0,0,0
BRDA:31,0,1,0
BRDA:31,1,0,0
BRDA:31,1,1,0
BRF:4
BRH:0
end_of_record
TN:
SF:app/admin/components/dashboard/LazyWidgetLoader.tsx
FN:15,(anonymous_4)
FN:24,(anonymous_5)
FN:28,(anonymous_6)
FN:29,(anonymous_7)
FN:46,(anonymous_8)
FNF:5
FNH:0
FNDA:0,(anonymous_4)
FNDA:0,(anonymous_5)
FNDA:0,(anonymous_6)
FNDA:0,(anonymous_7)
FNDA:0,(anonymous_8)
DA:6,0
DA:7,0
DA:15,0
DA:20,0
DA:21,0
DA:22,0
DA:24,0
DA:25,0
DA:27,0
DA:29,0
DA:30,0
DA:31,0
DA:32,0
DA:33,0
DA:44,0
DA:46,0
DA:47,0
DA:68,0
LF:18
LH:0
BRDA:25,0,0,0
BRDA:25,1,0,0
BRDA:25,1,1,0
BRDA:30,2,0,0
BRDA:30,3,0,0
BRDA:30,3,1,0
BRDA:54,4,0,0
BRDA:56,5,0,0
BRF:8
BRH:0
end_of_record
TN:
SF:app/admin/components/dashboard/LazyWidgetRegistry.tsx
FN:23,createLazyWidget
FN:29,LazyWidget
FN:43,(anonymous_18)
FN:43,(anonymous_19)
FN:43,(anonymous_20)
FN:47,(anonymous_21)
FN:47,(anonymous_22)
FN:47,(anonymous_23)
FN:51,(anonymous_24)
FN:51,(anonymous_25)
FN:51,(anonymous_26)
FN:56,(anonymous_27)
FN:56,(anonymous_28)
FN:56,(anonymous_29)
FN:65,(anonymous_30)
FN:65,(anonymous_31)
FN:65,(anonymous_32)
FN:68,(anonymous_33)
FN:68,(anonymous_34)
FN:68,(anonymous_35)
FN:71,(anonymous_36)
FN:71,(anonymous_37)
FN:71,(anonymous_38)
FN:74,(anonymous_39)
FN:74,(anonymous_40)
FN:74,(anonymous_41)
FN:77,(anonymous_42)
FN:77,(anonymous_43)
FN:77,(anonymous_44)
FN:82,(anonymous_45)
FN:82,(anonymous_46)
FN:82,(anonymous_47)
FN:85,(anonymous_48)
FN:85,(anonymous_49)
FN:85,(anonymous_50)
FN:88,(anonymous_51)
FN:88,(anonymous_52)
FN:88,(anonymous_53)
FN:91,(anonymous_54)
FN:91,(anonymous_55)
FN:91,(anonymous_56)
FN:96,(anonymous_57)
FN:96,(anonymous_58)
FN:96,(anonymous_59)
FN:99,(anonymous_60)
FN:99,(anonymous_61)
FN:99,(anonymous_62)
FN:104,(anonymous_63)
FN:104,(anonymous_64)
FN:104,(anonymous_65)
FN:107,(anonymous_66)
FN:107,(anonymous_67)
FN:107,(anonymous_68)
FN:110,(anonymous_69)
FN:110,(anonymous_70)
FN:110,(anonymous_71)
FN:115,(anonymous_72)
FN:115,(anonymous_73)
FN:115,(anonymous_74)
FN:118,(anonymous_75)
FN:118,(anonymous_76)
FN:118,(anonymous_77)
FN:123,(anonymous_78)
FN:123,(anonymous_79)
FN:123,(anonymous_80)
FN:128,(anonymous_81)
FN:128,(anonymous_82)
FN:128,(anonymous_83)
FN:131,(anonymous_84)
FN:131,(anonymous_85)
FN:131,(anonymous_86)
FN:134,(anonymous_87)
FN:134,(anonymous_88)
FN:134,(anonymous_89)
FN:137,(anonymous_90)
FN:137,(anonymous_91)
FN:137,(anonymous_92)
FN:140,(anonymous_93)
FN:140,(anonymous_94)
FN:140,(anonymous_95)
FN:143,(anonymous_96)
FN:143,(anonymous_97)
FN:143,(anonymous_98)
FN:148,(anonymous_99)
FN:148,(anonymous_100)
FN:148,(anonymous_101)
FN:153,(anonymous_102)
FN:153,(anonymous_103)
FN:153,(anonymous_104)
FN:158,(anonymous_105)
FN:158,(anonymous_106)
FN:158,(anonymous_107)
FN:163,(anonymous_108)
FN:163,(anonymous_109)
FN:163,(anonymous_110)
FN:168,(anonymous_111)
FN:168,(anonymous_112)
FN:168,(anonymous_113)
FN:173,(anonymous_114)
FN:173,(anonymous_115)
FN:173,(anonymous_116)
FN:178,(anonymous_117)
FN:178,(anonymous_118)
FN:178,(anonymous_119)
FN:183,shouldLazyLoad
FN:188,getWidgetComponent
FN:196,initializeEnhancedRegistry
FN:202,(anonymous_123)
FN:221,preloadRouteWidgets
FN:230,getEnhancedWidgetComponent
FN:245,withPerformanceTracking
FN:249,TrackedWidget
FN:250,(anonymous_128)
FN:267,(anonymous_129)
FN:270,(anonymous_130)
FN:276,(anonymous_131)
FN:284,(anonymous_132)
FN:292,(anonymous_133)
FN:300,(anonymous_134)
FN:301,(anonymous_135)
FN:304,(anonymous_136)
FN:305,(anonymous_137)
FN:311,(anonymous_138)
FN:342,(anonymous_139)
FN:362,(anonymous_140)
FN:376,(anonymous_141)
FN:378,(anonymous_142)
FN:384,(anonymous_143)
FN:387,(anonymous_144)
FN:393,(anonymous_145)
FN:399,(anonymous_146)
FN:414,(anonymous_147)
FN:428,(anonymous_148)
FN:440,(anonymous_149)
FN:458,(anonymous_150)
FN:463,(anonymous_151)
FN:468,(anonymous_152)
FN:476,(anonymous_153)
FNF:138
FNH:0
FNDA:0,createLazyWidget
FNDA:0,LazyWidget
FNDA:0,(anonymous_18)
FNDA:0,(anonymous_19)
FNDA:0,(anonymous_20)
FNDA:0,(anonymous_21)
FNDA:0,(anonymous_22)
FNDA:0,(anonymous_23)
FNDA:0,(anonymous_24)
FNDA:0,(anonymous_25)
FNDA:0,(anonymous_26)
FNDA:0,(anonymous_27)
FNDA:0,(anonymous_28)
FNDA:0,(anonymous_29)
FNDA:0,(anonymous_30)
FNDA:0,(anonymous_31)
FNDA:0,(anonymous_32)
FNDA:0,(anonymous_33)
FNDA:0,(anonymous_34)
FNDA:0,(anonymous_35)
FNDA:0,(anonymous_36)
FNDA:0,(anonymous_37)
FNDA:0,(anonymous_38)
FNDA:0,(anonymous_39)
FNDA:0,(anonymous_40)
FNDA:0,(anonymous_41)
FNDA:0,(anonymous_42)
FNDA:0,(anonymous_43)
FNDA:0,(anonymous_44)
FNDA:0,(anonymous_45)
FNDA:0,(anonymous_46)
FNDA:0,(anonymous_47)
FNDA:0,(anonymous_48)
FNDA:0,(anonymous_49)
FNDA:0,(anonymous_50)
FNDA:0,(anonymous_51)
FNDA:0,(anonymous_52)
FNDA:0,(anonymous_53)
FNDA:0,(anonymous_54)
FNDA:0,(anonymous_55)
FNDA:0,(anonymous_56)
FNDA:0,(anonymous_57)
FNDA:0,(anonymous_58)
FNDA:0,(anonymous_59)
FNDA:0,(anonymous_60)
FNDA:0,(anonymous_61)
FNDA:0,(anonymous_62)
FNDA:0,(anonymous_63)
FNDA:0,(anonymous_64)
FNDA:0,(anonymous_65)
FNDA:0,(anonymous_66)
FNDA:0,(anonymous_67)
FNDA:0,(anonymous_68)
FNDA:0,(anonymous_69)
FNDA:0,(anonymous_70)
FNDA:0,(anonymous_71)
FNDA:0,(anonymous_72)
FNDA:0,(anonymous_73)
FNDA:0,(anonymous_74)
FNDA:0,(anonymous_75)
FNDA:0,(anonymous_76)
FNDA:0,(anonymous_77)
FNDA:0,(anonymous_78)
FNDA:0,(anonymous_79)
FNDA:0,(anonymous_80)
FNDA:0,(anonymous_81)
FNDA:0,(anonymous_82)
FNDA:0,(anonymous_83)
FNDA:0,(anonymous_84)
FNDA:0,(anonymous_85)
FNDA:0,(anonymous_86)
FNDA:0,(anonymous_87)
FNDA:0,(anonymous_88)
FNDA:0,(anonymous_89)
FNDA:0,(anonymous_90)
FNDA:0,(anonymous_91)
FNDA:0,(anonymous_92)
FNDA:0,(anonymous_93)
FNDA:0,(anonymous_94)
FNDA:0,(anonymous_95)
FNDA:0,(anonymous_96)
FNDA:0,(anonymous_97)
FNDA:0,(anonymous_98)
FNDA:0,(anonymous_99)
FNDA:0,(anonymous_100)
FNDA:0,(anonymous_101)
FNDA:0,(anonymous_102)
FNDA:0,(anonymous_103)
FNDA:0,(anonymous_104)
FNDA:0,(anonymous_105)
FNDA:0,(anonymous_106)
FNDA:0,(anonymous_107)
FNDA:0,(anonymous_108)
FNDA:0,(anonymous_109)
FNDA:0,(anonymous_110)
FNDA:0,(anonymous_111)
FNDA:0,(anonymous_112)
FNDA:0,(anonymous_113)
FNDA:0,(anonymous_114)
FNDA:0,(anonymous_115)
FNDA:0,(anonymous_116)
FNDA:0,(anonymous_117)
FNDA:0,(anonymous_118)
FNDA:0,(anonymous_119)
FNDA:0,shouldLazyLoad
FNDA:0,getWidgetComponent
FNDA:0,initializeEnhancedRegistry
FNDA:0,(anonymous_123)
FNDA:0,preloadRouteWidgets
FNDA:0,getEnhancedWidgetComponent
FNDA:0,withPerformanceTracking
FNDA:0,TrackedWidget
FNDA:0,(anonymous_128)
FNDA:0,(anonymous_129)
FNDA:0,(anonymous_130)
FNDA:0,(anonymous_131)
FNDA:0,(anonymous_132)
FNDA:0,(anonymous_133)
FNDA:0,(anonymous_134)
FNDA:0,(anonymous_135)
FNDA:0,(anonymous_136)
FNDA:0,(anonymous_137)
FNDA:0,(anonymous_138)
FNDA:0,(anonymous_139)
FNDA:0,(anonymous_140)
FNDA:0,(anonymous_141)
FNDA:0,(anonymous_142)
FNDA:0,(anonymous_143)
FNDA:0,(anonymous_144)
FNDA:0,(anonymous_145)
FNDA:0,(anonymous_146)
FNDA:0,(anonymous_147)
FNDA:0,(anonymous_148)
FNDA:0,(anonymous_149)
FNDA:0,(anonymous_150)
FNDA:0,(anonymous_151)
FNDA:0,(anonymous_152)
FNDA:0,(anonymous_153)
DA:7,0
DA:8,0
DA:9,0
DA:10,0
DA:11,0
DA:23,0
DA:27,0
DA:29,0
DA:39,0
DA:43,0
DA:47,0
DA:51,0
DA:56,0
DA:62,0
DA:65,0
DA:68,0
DA:71,0
DA:74,0
DA:77,0
DA:82,0
DA:85,0
DA:88,0
DA:91,0
DA:96,0
DA:99,0
DA:104,0
DA:107,0
DA:110,0
DA:115,0
DA:118,0
DA:123,0
DA:128,0
DA:131,0
DA:134,0
DA:137,0
DA:140,0
DA:143,0
DA:148,0
DA:153,0
DA:158,0
DA:163,0
DA:168,0
DA:173,0
DA:178,0
DA:183,0
DA:184,0
DA:188,0
DA:192,0
DA:196,0
DA:197,0
DA:199,0
DA:202,0
DA:203,0
DA:204,0
DA:206,0
DA:214,0
DA:216,0
DA:221,0
DA:222,0
DA:223,0
DA:224,0
DA:225,0
DA:230,0
DA:235,0
DA:236,0
DA:237,0
DA:241,0
DA:245,0
DA:249,0
DA:250,0
DA:252,0
DA:260,0
DA:262,0
DA:263,0
DA:264,0
DA:265,0
DA:269,0
DA:270,0
DA:271,0
DA:277,0
DA:278,0
DA:280,0
DA:285,0
DA:288,0
DA:289,0
DA:292,0
DA:293,0
DA:296,0
DA:299,0
DA:300,0
DA:301,0
DA:304,0
DA:305,0
DA:316,0
DA:317,0
DA:321,0
DA:322,0
DA:326,0
DA:327,0
DA:329,0
DA:330,0
DA:331,0
DA:332,0
DA:333,0
DA:335,0
DA:336,0
DA:337,0
DA:347,0
DA:349,0
DA:351,0
DA:352,0
DA:353,0
DA:355,0
DA:358,0
DA:363,0
DA:365,0
DA:366,0
DA:368,0
DA:371,0
DA:378,0
DA:379,0
DA:386,0
DA:387,0
DA:388,0
DA:395,0
DA:400,0
DA:402,0
DA:403,0
DA:405,0
DA:406,0
DA:407,0
DA:408,0
DA:410,0
DA:419,0
DA:425,0
DA:426,0
DA:428,0
DA:429,0
DA:430,0
DA:432,0
DA:436,0
DA:441,0
DA:442,0
DA:459,0
DA:460,0
DA:464,0
DA:465,0
DA:468,0
DA:469,0
DA:473,0
DA:477,0
DA:478,0
DA:488,0
LF:153
LH:0
BRDA:25,0,0,0
BRDA:192,1,0,0
BRDA:192,1,1,0
BRDA:204,2,0,0
BRDA:223,3,0,0
BRDA:232,4,0,0
BRDA:236,5,0,0
BRDA:269,6,0,0
BRDA:269,7,0,0
BRDA:269,7,1,0
BRDA:277,8,0,0
BRDA:299,9,0,0
BRDA:299,9,1,0
BRDA:313,10,0,0
BRDA:316,11,0,0
BRDA:321,12,0,0
BRDA:349,13,0,0
BRDA:352,14,0,0
BRDA:352,15,0,0
BRDA:352,15,1,0
BRDA:363,16,0,0
BRDA:363,16,1,0
BRDA:363,17,0,0
BRDA:363,17,1,0
BRDA:366,18,0,0
BRDA:366,18,1,0
BRDA:366,19,0,0
BRDA:366,19,1,0
BRDA:400,20,0,0
BRDA:403,21,0,0
BRDA:405,22,0,0
BRDA:405,22,1,0
BRDA:405,23,0,0
BRDA:405,23,1,0
BRDA:407,24,0,0
BRDA:407,25,0,0
BRDA:407,25,1,0
BRDA:429,26,0,0
BRDA:429,26,1,0
BRDA:429,27,0,0
BRDA:429,27,1,0
BRDA:465,28,0,0
BRDA:479,29,0,0
BRDA:479,29,1,0
BRDA:480,30,0,0
BRDA:480,30,1,0
BRDA:481,31,0,0
BRDA:481,31,1,0
BRDA:482,32,0,0
BRDA:482,32,1,0
BRF:50
BRH:0
end_of_record
TN:
SF:app/admin/components/dashboard/StockManagementLayout.tsx
FN:13,(anonymous_2)
FNF:1
FNH:0
FNDA:0,(anonymous_2)
DA:3,0
DA:5,0
DA:13,0
DA:19,0
DA:22,0
DA:29,0
LF:6
LH:0
BRF:0
BRH:0
end_of_record
TN:
SF:app/admin/components/dashboard/SystemLayout.tsx
FN:13,(anonymous_2)
FNF:1
FNH:0
FNDA:0,(anonymous_2)
DA:3,0
DA:5,0
DA:13,0
DA:19,0
DA:22,0
DA:29,0
LF:6
LH:0
BRF:0
BRH:0
end_of_record
TN:
SF:app/admin/components/dashboard/UnifiedWidgetLayout.tsx
FN:25,UnifiedWidgetLayout
FN:56,(anonymous_6)
FN:84,TableRow
FN:102,ChartContainer
FNF:4
FNH:0
FNDA:0,UnifiedWidgetLayout
FNDA:0,(anonymous_6)
FNDA:0,TableRow
FNDA:0,ChartContainer
DA:8,0
DA:9,0
DA:25,0
DA:37,0
DA:46,0
DA:57,0
DA:84,0
DA:102,0
LF:8
LH:0
BRDA:37,0,0,0
BRDA:46,1,0,0
BRDA:46,2,0,0
BRDA:46,2,1,0
BRDA:46,2,2,0
BRDA:51,3,0,0
BRDA:60,4,0,0
BRDA:60,4,1,0
BRDA:116,5,0,0
BRF:9
BRH:0
end_of_record
TN:
SF:app/admin/components/dashboard/UniversalWidgetCard.tsx
FN:21,UniversalWidgetCard
FN:55,WidgetCard
FNF:2
FNH:0
FNDA:0,UniversalWidgetCard
FNDA:0,WidgetCard
DA:8,0
DA:9,0
DA:10,0
DA:21,0
DA:28,0
DA:55,0
LF:6
LH:0
BRDA:23,0,0,0
BRDA:24,1,0,0
BRDA:28,2,0,0
BRDA:28,2,1,0
BRDA:40,3,0,0
BRDA:40,3,1,0
BRF:6
BRH:0
end_of_record
TN:
SF:app/admin/components/dashboard/UploadLayout.tsx
FN:14,(anonymous_2)
FN:48,(anonymous_3)
FNF:2
FNH:0
FNDA:0,(anonymous_2)
FNDA:0,(anonymous_3)
DA:3,0
DA:6,0
DA:14,0
DA:20,0
DA:23,0
DA:30,0
DA:50,0
LF:7
LH:0
BRF:0
BRH:0
end_of_record
TN:
SF:app/admin/components/dashboard/UploadUpdateLayout.tsx
FN:13,(anonymous_2)
FNF:1
FNH:0
FNDA:0,(anonymous_2)
DA:3,0
DA:5,0
DA:13,0
DA:19,0
DA:22,0
DA:29,0
DA:42,0
LF:7
LH:0
BRDA:32,0,0,0
BRDA:32,0,1,0
BRDA:42,1,0,0
BRDA:42,1,1,0
BRF:4
BRH:0
end_of_record
TN:
SF:app/admin/components/dashboard/WidgetCard.tsx
FN:22,WidgetCard
FNF:1
FNH:0
FNDA:0,WidgetCard
DA:8,0
DA:9,0
DA:10,0
DA:22,0
DA:30,0
LF:5
LH:0
BRDA:24,0,0,0
BRDA:25,1,0,0
BRDA:30,2,0,0
BRDA:30,2,1,0
BRDA:45,3,0,0
BRDA:45,3,1,0
BRF:6
BRH:0
end_of_record
TN:
SF:app/admin/components/dashboard/WidgetTypography.tsx
FN:86,WidgetTitle
FN:111,WidgetText
FN:136,WidgetLabel
FN:161,WidgetValue
FN:179,getGlowColorForWidget
FN:206,getAutoFontSize
FNF:6
FNH:0
FNDA:0,WidgetTitle
FNDA:0,WidgetText
FNDA:0,WidgetLabel
FNDA:0,WidgetValue
FNDA:0,getGlowColorForWidget
FNDA:0,getAutoFontSize
DA:6,0
DA:7,0
DA:10,0
DA:46,0
DA:86,0
DA:111,0
DA:136,0
DA:161,0
DA:179,0
DA:180,0
DA:202,0
DA:206,0
DA:207,0
DA:209,0
DA:210,0
DA:211,0
DA:212,0
DA:214,0
LF:18
LH:0
BRDA:88,0,0,0
BRDA:89,1,0,0
BRDA:113,2,0,0
BRDA:114,3,0,0
BRDA:138,4,0,0
BRDA:139,5,0,0
BRDA:163,6,0,0
BRDA:164,7,0,0
BRDA:202,8,0,0
BRDA:202,8,1,0
BRDA:207,9,0,0
BRDA:207,9,1,0
BRDA:209,10,0,0
BRDA:209,10,1,0
BRDA:210,11,0,0
BRDA:210,11,1,0
BRDA:211,12,0,0
BRDA:211,12,1,0
BRDA:212,13,0,0
BRDA:212,13,1,0
BRDA:214,14,0,0
BRDA:214,14,1,0
BRF:22
BRH:0
end_of_record
TN:
SF:app/admin/components/dashboard/adminDashboardLayouts.ts
FNF:0
FNH:0
DA:31,0
DA:70,0
LF:2
LH:0
BRF:0
BRH:0
end_of_record
TN:
SF:app/admin/components/dashboard/charts/AcoOrderProgressCards.tsx
FN:40,AcoOrderProgressCards
FN:44,(anonymous_6)
FN:48,(anonymous_7)
FN:50,(anonymous_8)
FN:55,(anonymous_9)
FN:67,(anonymous_10)
FN:98,(anonymous_11)
FN:99,(anonymous_12)
FN:100,(anonymous_13)
FN:139,(anonymous_14)
FNF:10
FNH:0
FNDA:0,AcoOrderProgressCards
FNDA:0,(anonymous_6)
FNDA:0,(anonymous_7)
FNDA:0,(anonymous_8)
FNDA:0,(anonymous_9)
FNDA:0,(anonymous_10)
FNDA:0,(anonymous_11)
FNDA:0,(anonymous_12)
FNDA:0,(anonymous_13)
FNDA:0,(anonymous_14)
DA:3,0
DA:4,0
DA:5,0
DA:6,0
DA:7,0
DA:8,0
DA:10,0
DA:40,0
DA:41,0
DA:44,0
DA:45,0
DA:47,0
DA:48,0
DA:51,0
DA:52,0
DA:55,0
DA:56,0
DA:57,0
DA:59,0
DA:60,0
DA:64,0
DA:68,0
DA:74,0
DA:85,0
DA:87,0
DA:99,0
DA:100,0
DA:101,0
DA:102,0
DA:104,0
DA:140,0
DA:142,0
LF:32
LH:0
BRDA:45,0,0,0
BRDA:51,1,0,0
BRDA:51,1,1,0
BRDA:56,2,0,0
BRDA:64,3,0,0
BRDA:74,4,0,0
BRDA:87,5,0,0
BRDA:100,6,0,0
BRDA:100,6,1,0
BRF:9
BRH:0
end_of_record
TN:
SF:app/admin/components/dashboard/charts/AcoOrderProgressChart.tsx
FN:33,AcoOrderProgressChart
FN:36,(anonymous_5)
FN:39,(anonymous_6)
FN:77,(anonymous_7)
FN:115,(anonymous_8)
FN:151,(anonymous_10)
FNF:6
FNH:0
FNDA:0,AcoOrderProgressChart
FNDA:0,(anonymous_5)
FNDA:0,(anonymous_6)
FNDA:0,(anonymous_7)
FNDA:0,(anonymous_8)
FNDA:0,(anonymous_10)
DA:3,0
DA:4,0
DA:5,0
DA:6,0
DA:7,0
DA:8,0
DA:10,0
DA:33,0
DA:34,0
DA:36,0
DA:37,0
DA:39,0
DA:40,0
DA:41,0
DA:42,0
DA:46,0
DA:57,0
DA:66,0
DA:77,0
DA:78,0
DA:79,0
DA:80,0
DA:116,0
DA:117,0
DA:129,0
DA:152,0
LF:26
LH:0
BRDA:37,0,0,0
BRDA:40,1,0,0
BRDA:40,1,1,0
BRDA:42,2,0,0
BRDA:42,2,1,0
BRDA:57,3,0,0
BRDA:66,4,0,0
BRDA:78,5,0,0
BRDA:79,6,0,0
BRDA:116,7,0,0
BRDA:116,8,0,0
BRDA:116,8,1,0
BRDA:116,8,2,0
BRF:13
BRH:0
end_of_record
TN:
SF:app/admin/components/dashboard/charts/InventoryTurnoverAnalysis.tsx
FN:48,InventoryTurnoverAnalysis
FN:51,(anonymous_5)
FN:56,(anonymous_6)
FN:78,(anonymous_7)
FN:90,(anonymous_8)
FN:110,(anonymous_9)
FN:111,(anonymous_10)
FN:181,(anonymous_11)
FN:240,(anonymous_12)
FN:244,(anonymous_13)
FN:248,(anonymous_14)
FNF:11
FNH:0
FNDA:0,InventoryTurnoverAnalysis
FNDA:0,(anonymous_5)
FNDA:0,(anonymous_6)
FNDA:0,(anonymous_7)
FNDA:0,(anonymous_8)
FNDA:0,(anonymous_9)
FNDA:0,(anonymous_10)
FNDA:0,(anonymous_11)
FNDA:0,(anonymous_12)
FNDA:0,(anonymous_13)
FNDA:0,(anonymous_14)
DA:3,0
DA:4,0
DA:5,0
DA:6,0
DA:7,0
DA:8,0
DA:10,0
DA:48,0
DA:49,0
DA:51,0
DA:52,0
DA:55,0
DA:56,0
DA:57,0
DA:58,0
DA:62,0
DA:72,0
DA:73,0
DA:77,0
DA:78,0
DA:79,0
DA:81,0
DA:82,0
DA:83,0
DA:84,0
DA:85,0
DA:89,0
DA:90,0
DA:91,0
DA:92,0
DA:93,0
DA:95,0
DA:106,0
DA:109,0
DA:110,0
DA:113,0
DA:114,0
DA:119,0
DA:128,0
DA:182,0
DA:183,0
DA:201,0
DA:240,0
DA:244,0
DA:248,0
LF:45
LH:0
BRDA:52,0,0,0
BRDA:52,1,0,0
BRDA:52,1,1,0
BRDA:58,2,0,0
BRDA:62,3,0,0
BRDA:62,3,1,0
BRDA:62,4,0,0
BRDA:62,4,1,0
BRDA:63,5,0,0
BRDA:63,5,1,0
BRDA:63,6,0,0
BRDA:63,6,1,0
BRDA:64,7,0,0
BRDA:64,7,1,0
BRDA:64,8,0,0
BRDA:64,8,1,0
BRDA:65,9,0,0
BRDA:65,9,1,0
BRDA:65,10,0,0
BRDA:65,10,1,0
BRDA:66,11,0,0
BRDA:66,11,1,0
BRDA:66,12,0,0
BRDA:66,12,1,0
BRDA:67,13,0,0
BRDA:67,13,1,0
BRDA:67,14,0,0
BRDA:67,14,1,0
BRDA:68,15,0,0
BRDA:68,15,1,0
BRDA:68,16,0,0
BRDA:68,16,1,0
BRDA:69,17,0,0
BRDA:69,17,1,0
BRDA:69,18,0,0
BRDA:69,18,1,0
BRDA:72,19,0,0
BRDA:72,19,1,0
BRDA:79,20,0,0
BRDA:81,21,0,0
BRDA:81,21,1,0
BRDA:82,22,0,0
BRDA:82,22,1,0
BRDA:82,23,0,0
BRDA:82,23,1,0
BRDA:83,24,0,0
BRDA:83,24,1,0
BRDA:83,25,0,0
BRDA:83,25,1,0
BRDA:91,26,0,0
BRDA:91,26,1,0
BRDA:92,27,0,0
BRDA:92,27,1,0
BRDA:93,28,0,0
BRDA:93,28,1,0
BRDA:100,29,0,0
BRDA:100,29,1,0
BRDA:101,30,0,0
BRDA:101,30,1,0
BRDA:110,31,0,0
BRDA:110,31,1,0
BRDA:113,32,0,0
BRDA:119,33,0,0
BRDA:128,34,0,0
BRDA:182,35,0,0
BRDA:182,36,0,0
BRDA:182,36,1,0
BRDA:182,36,2,0
BRDA:193,37,0,0
BRDA:193,37,1,0
BRDA:194,38,0,0
BRDA:194,38,1,0
BRF:72
BRH:0
end_of_record
TN:
SF:app/admin/components/dashboard/charts/RealTimeInventoryMap.tsx
FN:53,RealTimeInventoryMap
FN:56,(anonymous_6)
FN:62,(anonymous_7)
FN:67,(anonymous_8)
FN:68,(anonymous_9)
FN:80,(anonymous_10)
FN:112,(anonymous_11)
FN:116,(anonymous_12)
FN:126,(anonymous_13)
FN:143,(anonymous_14)
FN:225,(anonymous_15)
FNF:11
FNH:0
FNDA:0,RealTimeInventoryMap
FNDA:0,(anonymous_6)
FNDA:0,(anonymous_7)
FNDA:0,(anonymous_8)
FNDA:0,(anonymous_9)
FNDA:0,(anonymous_10)
FNDA:0,(anonymous_11)
FNDA:0,(anonymous_12)
FNDA:0,(anonymous_13)
FNDA:0,(anonymous_14)
FNDA:0,(anonymous_15)
DA:3,0
DA:4,0
DA:5,0
DA:6,0
DA:7,0
DA:9,0
DA:38,0
DA:53,0
DA:54,0
DA:56,0
DA:57,0
DA:59,0
DA:62,0
DA:63,0
DA:67,0
DA:68,0
DA:69,0
DA:70,0
DA:71,0
DA:72,0
DA:73,0
DA:79,0
DA:80,0
DA:81,0
DA:87,0
DA:90,0
DA:99,0
DA:111,0
DA:112,0
DA:116,0
DA:117,0
DA:118,0
DA:119,0
DA:120,0
DA:121,0
DA:122,0
DA:123,0
DA:126,0
DA:127,0
DA:128,0
DA:144,0
DA:145,0
DA:147,0
DA:225,0
LF:44
LH:0
BRDA:57,0,0,0
BRDA:69,1,0,0
BRDA:69,1,1,0
BRDA:70,2,0,0
BRDA:90,3,0,0
BRDA:99,4,0,0
BRDA:118,5,0,0
BRDA:119,6,0,0
BRDA:120,7,0,0
BRDA:121,8,0,0
BRDA:122,9,0,0
BRDA:144,10,0,0
BRDA:144,10,1,0
BRDA:156,11,0,0
BRDA:156,11,1,0
BRDA:151,12,0,0
BRDA:151,12,1,0
BRDA:186,13,0,0
BRF:18
BRH:0
end_of_record
TN:
SF:app/admin/components/dashboard/charts/StocktakeAccuracyTrend.tsx
FN:35,StocktakeAccuracyTrend
FN:38,(anonymous_5)
FN:44,(anonymous_6)
FN:57,(anonymous_7)
FN:72,(anonymous_8)
FN:98,(anonymous_9)
FN:104,(anonymous_10)
FN:105,(anonymous_11)
FN:170,(anonymous_12)
FN:212,(anonymous_13)
FN:225,(anonymous_14)
FN:229,(anonymous_15)
FN:233,(anonymous_16)
FNF:13
FNH:0
FNDA:0,StocktakeAccuracyTrend
FNDA:0,(anonymous_5)
FNDA:0,(anonymous_6)
FNDA:0,(anonymous_7)
FNDA:0,(anonymous_8)
FNDA:0,(anonymous_9)
FNDA:0,(anonymous_10)
FNDA:0,(anonymous_11)
FNDA:0,(anonymous_12)
FNDA:0,(anonymous_13)
FNDA:0,(anonymous_14)
FNDA:0,(anonymous_15)
FNDA:0,(anonymous_16)
DA:3,0
DA:4,0
DA:5,0
DA:6,0
DA:7,0
DA:8,0
DA:9,0
DA:11,0
DA:35,0
DA:36,0
DA:38,0
DA:39,0
DA:42,0
DA:44,0
DA:45,0
DA:46,0
DA:48,0
DA:56,0
DA:58,0
DA:62,0
DA:72,0
DA:76,0
DA:85,0
DA:97,0
DA:98,0
DA:102,0
DA:103,0
DA:104,0
DA:105,0
DA:106,0
DA:171,0
DA:172,0
DA:186,0
DA:212,0
DA:225,0
DA:229,0
DA:233,0
LF:37
LH:0
BRDA:39,0,0,0
BRDA:46,1,0,0
BRDA:46,1,1,0
BRDA:49,2,0,0
BRDA:49,2,1,0
BRDA:50,3,0,0
BRDA:50,3,1,0
BRDA:58,4,0,0
BRDA:58,4,1,0
BRDA:76,5,0,0
BRDA:85,6,0,0
BRDA:97,7,0,0
BRDA:97,7,1,0
BRDA:105,8,0,0
BRDA:105,8,1,0
BRDA:121,9,0,0
BRDA:121,9,1,0
BRDA:121,10,0,0
BRDA:121,10,1,0
BRDA:122,11,0,0
BRDA:122,11,1,0
BRDA:122,12,0,0
BRDA:122,12,1,0
BRDA:171,13,0,0
BRDA:171,14,0,0
BRDA:171,14,1,0
BRDA:171,14,2,0
BRDA:229,15,0,0
BRDA:229,15,1,0
BRF:29
BRH:0
end_of_record
TN:
SF:app/admin/components/dashboard/charts/TopProductsInventoryChart.tsx
FN:38,TopProductsInventoryChart
FN:41,(anonymous_5)
FN:47,(anonymous_6)
FN:80,(anonymous_7)
FN:100,(anonymous_8)
FN:162,(anonymous_9)
FN:184,(anonymous_10)
FN:193,(anonymous_11)
FNF:8
FNH:0
FNDA:0,TopProductsInventoryChart
FNDA:0,(anonymous_5)
FNDA:0,(anonymous_6)
FNDA:0,(anonymous_7)
FNDA:0,(anonymous_8)
FNDA:0,(anonymous_9)
FNDA:0,(anonymous_10)
FNDA:0,(anonymous_11)
DA:3,0
DA:4,0
DA:5,0
DA:6,0
DA:7,0
DA:8,0
DA:10,0
DA:38,0
DA:39,0
DA:41,0
DA:42,0
DA:45,0
DA:47,0
DA:48,0
DA:50,0
DA:52,0
DA:53,0
DA:54,0
DA:55,0
DA:56,0
DA:57,0
DA:58,0
DA:59,0
DA:60,0
DA:63,0
DA:80,0
DA:81,0
DA:85,0
DA:99,0
DA:100,0
DA:104,0
DA:113,0
DA:125,0
DA:163,0
DA:164,0
DA:180,0
DA:185,0
DA:194,0
LF:38
LH:0
BRDA:42,0,0,0
BRDA:50,1,0,0
BRDA:50,1,1,0
BRDA:53,2,0,0
BRDA:53,2,1,0
BRDA:54,3,0,0
BRDA:54,3,1,0
BRDA:55,4,0,0
BRDA:55,4,1,0
BRDA:56,5,0,0
BRDA:56,5,1,0
BRDA:57,6,0,0
BRDA:57,6,1,0
BRDA:58,7,0,0
BRDA:58,7,1,0
BRDA:59,8,0,0
BRDA:59,8,1,0
BRDA:60,9,0,0
BRDA:60,9,1,0
BRDA:65,10,0,0
BRDA:65,10,1,0
BRDA:66,11,0,0
BRDA:66,11,1,0
BRDA:67,12,0,0
BRDA:67,12,1,0
BRDA:68,13,0,0
BRDA:68,13,1,0
BRDA:69,14,0,0
BRDA:69,14,1,0
BRDA:70,15,0,0
BRDA:70,15,1,0
BRDA:71,16,0,0
BRDA:71,16,1,0
BRDA:72,17,0,0
BRDA:72,17,1,0
BRDA:73,18,0,0
BRDA:73,18,1,0
BRDA:74,19,0,0
BRDA:74,19,1,0
BRDA:104,20,0,0
BRDA:113,21,0,0
BRDA:163,22,0,0
BRDA:163,23,0,0
BRDA:163,23,1,0
BRDA:163,23,2,0
BRF:45
BRH:0
end_of_record
TN:
SF:app/admin/components/dashboard/charts/UserActivityHeatmap.tsx
FN:36,UserActivityHeatmap
FN:38,(anonymous_5)
FN:50,(anonymous_6)
FN:56,(anonymous_7)
FN:70,(anonymous_8)
FN:71,(anonymous_9)
FN:74,(anonymous_10)
FN:101,(anonymous_11)
FN:105,(anonymous_12)
FN:111,(anonymous_13)
FN:135,(anonymous_14)
FN:147,(anonymous_15)
FN:153,(anonymous_16)
FN:166,(anonymous_17)
FNF:14
FNH:0
FNDA:0,UserActivityHeatmap
FNDA:0,(anonymous_5)
FNDA:0,(anonymous_6)
FNDA:0,(anonymous_7)
FNDA:0,(anonymous_8)
FNDA:0,(anonymous_9)
FNDA:0,(anonymous_10)
FNDA:0,(anonymous_11)
FNDA:0,(anonymous_12)
FNDA:0,(anonymous_13)
FNDA:0,(anonymous_14)
FNDA:0,(anonymous_15)
FNDA:0,(anonymous_16)
FNDA:0,(anonymous_17)
DA:3,0
DA:4,0
DA:5,0
DA:6,0
DA:7,0
DA:9,0
DA:36,0
DA:38,0
DA:39,0
DA:40,0
DA:41,0
DA:42,0
DA:48,0
DA:50,0
DA:51,0
DA:54,0
DA:56,0
DA:57,0
DA:58,0
DA:60,0
DA:61,0
DA:64,0
DA:65,0
DA:69,0
DA:71,0
DA:72,0
DA:74,0
DA:77,0
DA:80,0
DA:89,0
DA:101,0
DA:104,0
DA:106,0
DA:111,0
DA:112,0
DA:113,0
DA:114,0
DA:115,0
DA:116,0
DA:117,0
[...]
FNDA:0,(anonymous_26)
FNDA:0,(anonymous_27)
FNDA:0,(anonymous_28)
FNDA:0,(anonymous_29)
FNDA:0,(anonymous_30)
DA:6,0
DA:8,0
DA:21,0
DA:28,0
DA:29,0
DA:32,0
DA:35,0
DA:36,0
DA:38,0
DA:39,0
DA:41,0
DA:47,0
DA:51,0
DA:57,0
DA:58,0
DA:78,0
DA:80,0
DA:81,0
DA:82,0
DA:85,0
DA:92,0
DA:96,0
DA:97,0
DA:104,0
DA:106,0
DA:112,0
DA:115,0
DA:117,0
DA:118,0
DA:121,0
DA:127,0
DA:129,0
DA:140,0
DA:141,0
DA:143,0
DA:147,0
DA:154,0
DA:155,0
DA:156,0
DA:157,0
DA:158,0
DA:163,0
DA:164,0
DA:165,0
DA:166,0
DA:167,0
DA:172,0
DA:176,0
DA:180,0
DA:181,0
DA:182,0
DA:183,0
DA:187,0
DA:188,0
DA:189,0
DA:190,0
DA:193,0
DA:197,0
DA:198,0
DA:200,0
DA:201,0
DA:202,0
DA:203,0
DA:204,0
DA:205,0
DA:207,0
DA:208,0
DA:209,0
DA:210,0
DA:212,0
DA:213,0
DA:214,0
DA:215,0
DA:218,0
DA:220,0
DA:223,0
DA:224,0
DA:225,0
DA:226,0
DA:228,0
DA:231,0
DA:235,0
LF:82
LH:0
BRDA:24,0,0,0
BRDA:36,1,0,0
BRDA:36,2,0,0
BRDA:36,2,1,0
BRDA:36,2,2,0
BRDA:36,2,3,0
BRDA:41,3,0,0
BRDA:42,4,0,0
BRDA:42,4,1,0
BRDA:42,4,2,0
BRDA:42,4,3,0
BRDA:57,5,0,0
BRDA:57,6,0,0
BRDA:57,6,1,0
BRDA:57,6,2,0
BRDA:78,7,0,0
BRDA:78,7,1,0
BRDA:80,8,0,0
BRDA:140,9,0,0
BRDA:155,10,0,0
BRDA:164,11,0,0
BRDA:182,12,0,0
BRDA:182,13,0,0
BRDA:182,13,1,0
BRDA:187,14,0,0
BRDA:212,15,0,0
BRDA:215,16,0,0
BRDA:215,16,1,0
BRDA:215,17,0,0
BRDA:215,17,1,0
BRDA:218,18,0,0
BRDA:218,18,1,0
BRDA:223,19,0,0
BRDA:226,20,0,0
BRDA:226,20,1,0
BRF:35
BRH:0
end_of_record
TN:
SF:lib/widgets/operations-widget-adapter.ts
FN:85,registerOperationsWidgets
FN:128,preloadHighPriorityOperationsWidgets
FN:130,(anonymous_8)
FN:131,(anonymous_9)
FN:142,requiresAuth
FN:150,requiresConfirmation
FNF:6
FNH:0
FNDA:0,registerOperationsWidgets
FNDA:0,preloadHighPriorityOperationsWidgets
FNDA:0,(anonymous_8)
FNDA:0,(anonymous_9)
FNDA:0,requiresAuth
FNDA:0,requiresConfirmation
DA:6,2
DA:8,2
DA:9,2
DA:14,2
DA:85,0
DA:86,0
DA:87,0
DA:89,0
DA:91,0
DA:92,0
DA:94,0
DA:96,0
DA:97,0
DA:98,0
DA:102,0
DA:111,0
DA:113,0
DA:114,0
DA:117,0
DA:121,0
DA:122,0
DA:128,0
DA:129,0
DA:130,0
DA:131,0
DA:133,0
DA:134,0
DA:135,0
DA:142,0
DA:143,0
DA:144,0
DA:150,0
DA:151,0
DA:152,0
LF:34
LH:4
BRDA:96,0,0,0
BRDA:104,1,0,0
BRDA:104,1,1,0
BRDA:130,2,0,0
BRDA:130,2,1,0
BRDA:133,3,0,0
BRF:6
BRH:0
end_of_record
TN:
SF:lib/widgets/performance-integration.ts
FN:14,withPerformanceMonitoring
FN:18,(anonymous_12)
FN:22,(anonymous_13)
FN:26,(anonymous_14)
FN:38,(anonymous_15)
FN:51,(anonymous_16)
FN:54,(anonymous_17)
FN:82,usePerformanceMonitoring
FN:90,(anonymous_19)
FN:100,(anonymous_20)
FN:109,(anonymous_21)
FN:113,(anonymous_22)
FN:117,(anonymous_23)
FN:120,(anonymous_24)
FN:124,(anonymous_25)
FN:140,loadWidgetWithMonitoring
FN:169,useBatchPerformanceReport
FN:173,(anonymous_28)
FN:174,(anonymous_29)
FN:191,(anonymous_30)
FN:200,useRealtimePerformance
FN:203,(anonymous_32)
FN:204,(anonymous_33)
FN:210,(anonymous_34)
FN:217,getSessionId
FN:222,(anonymous_36)
FN:235,getUserId
FN:246,autoIntegratePerformanceMonitoring
FN:251,(anonymous_39)
FN:251,(anonymous_40)
FN:254,(anonymous_41)
FNF:31
FNH:0
FNDA:0,withPerformanceMonitoring
FNDA:0,(anonymous_12)
FNDA:0,(anonymous_13)
FNDA:0,(anonymous_14)
FNDA:0,(anonymous_15)
FNDA:0,(anonymous_16)
FNDA:0,(anonymous_17)
FNDA:0,usePerformanceMonitoring
FNDA:0,(anonymous_19)
FNDA:0,(anonymous_20)
FNDA:0,(anonymous_21)
FNDA:0,(anonymous_22)
FNDA:0,(anonymous_23)
FNDA:0,(anonymous_24)
FNDA:0,(anonymous_25)
FNDA:0,loadWidgetWithMonitoring
FNDA:0,useBatchPerformanceReport
FNDA:0,(anonymous_28)
FNDA:0,(anonymous_29)
FNDA:0,(anonymous_30)
FNDA:0,useRealtimePerformance
FNDA:0,(anonymous_32)
FNDA:0,(anonymous_33)
FNDA:0,(anonymous_34)
FNDA:0,getSessionId
FNDA:0,(anonymous_36)
FNDA:0,getUserId
FNDA:0,autoIntegratePerformanceMonitoring
FNDA:0,(anonymous_39)
FNDA:0,(anonymous_40)
FNDA:0,(anonymous_41)
DA:6,0
DA:8,0
DA:9,0
DA:14,0
DA:18,0
DA:19,0
DA:20,0
DA:22,0
DA:23,0
DA:26,0
DA:27,0
DA:30,0
DA:31,0
DA:34,0
DA:35,0
DA:38,0
DA:39,0
DA:40,0
DA:50,0
DA:51,0
DA:52,0
DA:54,0
DA:56,0
DA:57,0
DA:60,0
DA:63,0
DA:64,0
DA:67,0
DA:71,0
DA:74,0
DA:76,0
DA:82,0
DA:83,0
DA:84,0
DA:90,0
DA:92,0
DA:93,0
DA:96,0
DA:97,0
DA:100,0
DA:101,0
DA:109,0
DA:110,0
DA:113,0
DA:114,0
DA:117,0
DA:118,0
DA:119,0
DA:120,0
DA:124,0
DA:125,0
DA:128,0
DA:140,0
DA:144,0
DA:145,0
DA:148,0
DA:150,0
DA:152,0
DA:155,0
DA:158,0
DA:169,0
DA:170,0
DA:171,0
DA:173,0
DA:174,0
DA:175,0
DA:176,0
DA:178,0
DA:179,0
DA:180,0
DA:183,0
DA:184,0
DA:187,0
DA:190,0
DA:191,0
DA:194,0
DA:200,0
DA:201,0
DA:203,0
DA:204,0
DA:205,0
DA:209,0
DA:210,0
DA:213,0
DA:219,0
DA:220,0
DA:222,0
DA:225,0
DA:226,0
DA:227,0
DA:230,0
DA:232,0
DA:237,0
DA:238,0
DA:240,0
DA:246,0
DA:248,0
DA:251,0
DA:252,0
DA:254,0
DA:255,0
DA:256,0
DA:258,0
DA:260,0
DA:263,0
LF:105
LH:0
BRDA:27,0,0,0
BRDA:31,1,0,0
BRDA:31,1,1,0
BRDA:39,2,0,0
BRDA:56,3,0,0
BRDA:56,4,0,0
BRDA:56,4,1,0
BRDA:56,4,2,0
BRDA:63,5,0,0
BRDA:74,6,0,0
BRDA:74,6,1,0
BRDA:93,7,0,0
BRDA:93,7,1,0
BRDA:118,8,0,0
BRDA:145,9,0,0
BRDA:145,9,1,0
BRDA:219,10,0,0
BRDA:225,11,0,0
BRDA:237,12,0,0
BRDA:238,13,0,0
BRDA:238,13,1,0
BRDA:256,14,0,0
BRF:22
BRH:0
end_of_record
TN:
SF:lib/widgets/performance-monitor.ts
FN:99,(anonymous_4)
FN:104,(anonymous_5)
FN:114,(anonymous_6)
FN:121,(anonymous_7)
FN:123,(anonymous_8)
FN:131,(anonymous_9)
FN:133,(anonymous_10)
FN:141,(anonymous_11)
FN:144,(anonymous_12)
FN:162,(anonymous_13)
FN:176,(anonymous_14)
FN:183,(anonymous_15)
FN:208,(anonymous_16)
FN:218,(anonymous_17)
FN:253,(anonymous_18)
FN:291,(anonymous_19)
FN:300,(anonymous_20)
FN:301,(anonymous_21)
FN:305,(anonymous_22)
FN:325,(anonymous_23)
FN:333,(anonymous_24)
FN:334,(anonymous_25)
FN:344,(anonymous_26)
FN:345,(anonymous_27)
FN:350,(anonymous_28)
FN:351,(anonymous_29)
FN:363,(anonymous_30)
FN:366,(anonymous_31)
FN:367,(anonymous_32)
FN:381,(anonymous_33)
FN:384,(anonymous_34)
FN:391,(anonymous_35)
FN:394,(anonymous_36)
FN:406,(anonymous_37)
FN:411,(anonymous_38)
FN:412,(anonymous_39)
FN:423,(anonymous_40)
FN:428,(anonymous_41)
FN:429,(anonymous_42)
FN:443,(anonymous_43)
FN:455,(anonymous_44)
FN:457,(anonymous_45)
FN:459,(anonymous_46)
FN:460,(anonymous_47)
FN:466,(anonymous_48)
FN:472,(anonymous_49)
FN:482,(anonymous_50)
FN:484,(anonymous_51)
FN:498,(anonymous_52)
FN:509,(anonymous_53)
FN:516,(anonymous_54)
FN:523,(anonymous_55)
FN:530,(anonymous_56)
FN:538,(anonymous_57)
FNF:54
FNH:4
FNDA:2,(anonymous_4)
FNDA:2,(anonymous_5)
FNDA:2,(anonymous_6)
FNDA:0,(anonymous_7)
FNDA:0,(anonymous_8)
FNDA:0,(anonymous_9)
FNDA:0,(anonymous_10)
FNDA:0,(anonymous_11)
FNDA:0,(anonymous_12)
FNDA:2,(anonymous_13)
FNDA:0,(anonymous_14)
FNDA:0,(anonymous_15)
FNDA:0,(anonymous_16)
FNDA:0,(anonymous_17)
FNDA:0,(anonymous_18)
FNDA:0,(anonymous_19)
FNDA:0,(anonymous_20)
FNDA:0,(anonymous_21)
FNDA:0,(anonymous_22)
FNDA:0,(anonymous_23)
FNDA:0,(anonymous_24)
FNDA:0,(anonymous_25)
FNDA:0,(anonymous_26)
FNDA:0,(anonymous_27)
FNDA:0,(anonymous_28)
FNDA:0,(anonymous_29)
FNDA:0,(anonymous_30)
FNDA:0,(anonymous_31)
FNDA:0,(anonymous_32)
FNDA:0,(anonymous_33)
FNDA:0,(anonymous_34)
FNDA:0,(anonymous_35)
FNDA:0,(anonymous_36)
FNDA:0,(anonymous_37)
FNDA:0,(anonymous_38)
FNDA:0,(anonymous_39)
FNDA:0,(anonymous_40)
FNDA:0,(anonymous_41)
FNDA:0,(anonymous_42)
FNDA:0,(anonymous_43)
FNDA:0,(anonymous_44)
FNDA:0,(anonymous_45)
FNDA:0,(anonymous_46)
FNDA:0,(anonymous_47)
FNDA:0,(anonymous_48)
FNDA:0,(anonymous_49)
FNDA:0,(anonymous_50)
FNDA:0,(anonymous_51)
FNDA:0,(anonymous_52)
FNDA:0,(anonymous_53)
FNDA:0,(anonymous_54)
FNDA:0,(anonymous_55)
FNDA:0,(anonymous_56)
FNDA:0,(anonymous_57)
DA:92,0
DA:94,2
DA:95,2
DA:96,2
DA:97,2
DA:100,2
DA:101,2
DA:105,2
DA:106,2
DA:108,2
DA:115,2
DA:118,2
DA:119,0
DA:121,0
DA:122,0
DA:123,0
DA:124,0
DA:127,0
DA:128,0
DA:131,0
DA:132,0
DA:133,0
DA:134,0
DA:137,0
DA:138,0
DA:141,0
DA:142,0
DA:143,0
DA:144,0
DA:145,0
DA:146,0
DA:149,0
DA:151,0
DA:152,0
DA:154,0
DA:164,2
DA:165,2
DA:166,2
DA:168,2
DA:169,2
DA:170,2
DA:177,0
DA:185,0
DA:188,0
DA:189,0
DA:193,0
DA:196,0
DA:198,0
DA:209,0
DA:210,0
DA:211,0
DA:219,0
DA:222,0
DA:223,0
DA:224,0
DA:234,0
DA:235,0
DA:236,0
DA:245,0
DA:246,0
DA:254,0
DA:255,0
DA:257,0
DA:259,0
DA:260,0
DA:283,0
DA:284,0
DA:292,0
DA:293,0
DA:300,0
DA:301,0
DA:302,0
DA:305,0
DA:306,0
DA:308,0
DA:326,0
DA:327,0
DA:334,0
DA:335,0
DA:336,0
DA:337,0
DA:338,0
DA:340,0
DA:344,0
DA:345,0
DA:347,0
DA:350,0
DA:351,0
DA:364,0
DA:366,0
DA:367,0
DA:369,0
DA:382,0
DA:384,0
DA:385,0
DA:386,0
DA:387,0
DA:390,0
DA:391,0
DA:392,0
DA:394,0
DA:400,0
DA:407,0
DA:408,0
DA:411,0
DA:412,0
DA:414,0
DA:424,0
DA:426,0
DA:428,0
DA:429,0
DA:432,0
DA:433,0
DA:434,0
DA:437,0
DA:438,0
DA:439,0
DA:443,0
DA:444,0
DA:445,0
DA:446,0
DA:449,0
DA:456,0
DA:457,0
DA:459,0
DA:460,0
DA:462,0
DA:466,0
DA:472,0
DA:483,0
DA:484,0
DA:485,0
DA:492,0
DA:494,0
DA:499,0
DA:500,0
DA:501,0
DA:503,0
DA:510,0
DA:517,0
DA:524,0
DA:531,0
DA:532,0
DA:539,0
DA:540,0
DA:541,0
DA:542,0
DA:544,0
DA:556,0
DA:590,2
LF:150
LH:18
BRDA:105,0,0,2
BRDA:115,1,0,0
BRDA:118,2,0,0
BRDA:145,3,0,0
BRDA:176,4,0,0
BRDA:188,5,0,0
BRDA:210,6,0,0
BRDA:210,7,0,0
BRDA:210,7,1,0
BRDA:223,8,0,0
BRDA:226,9,0,0
BRDA:226,9,1,0
BRDA:235,10,0,0
BRDA:238,11,0,0
BRDA:238,11,1,0
BRDA:245,12,0,0
BRDA:257,13,0,0
BRDA:257,13,1,0
BRDA:270,14,0,0
BRDA:270,14,1,0
BRDA:292,15,0,0
BRDA:335,16,0,0
BRDA:336,17,0,0
BRDA:338,18,0,0
BRDA:338,18,1,0
BRDA:349,19,0,0
BRDA:349,19,1,0
BRDA:364,20,0,0
BRDA:385,21,0,0
BRDA:385,21,1,0
BRDA:407,22,0,0
BRDA:407,23,0,0
BRDA:407,23,1,0
BRDA:426,24,0,0
BRDA:432,25,0,0
BRDA:437,26,0,0
BRDA:445,27,0,0
BRDA:465,28,0,0
BRDA:465,28,1,0
BRDA:471,29,0,0
BRDA:471,29,1,0
BRDA:531,30,0,0
BRDA:541,31,0,0
BRDA:541,31,1,0
BRDA:542,32,0,0
BRDA:542,32,1,0
BRF:46
BRH:1
end_of_record
TN:
SF:lib/widgets/reports-widget-adapter.ts
FN:126,registerReportsWidgets
FN:169,preloadHighPriorityReportsWidgets
FN:171,(anonymous_8)
FN:172,(anonymous_9)
FN:183,getExportFormats
FN:191,supportsDateRange
FNF:6
FNH:0
FNDA:0,registerReportsWidgets
FNDA:0,preloadHighPriorityReportsWidgets
FNDA:0,(anonymous_8)
FNDA:0,(anonymous_9)
FNDA:0,getExportFormats
FNDA:0,supportsDateRange
DA:6,2
DA:8,2
DA:9,2
DA:14,2
DA:126,0
DA:127,0
DA:128,0
DA:130,0
DA:132,0
DA:133,0
DA:135,0
DA:137,0
DA:138,0
DA:139,0
DA:143,0
DA:152,0
DA:154,0
DA:155,0
DA:158,0
DA:162,0
DA:163,0
DA:169,0
DA:170,0
DA:171,0
DA:172,0
DA:174,0
DA:175,0
DA:176,0
DA:183,0
DA:184,0
DA:185,0
DA:191,0
DA:192,0
DA:193,0
LF:34
LH:4
BRDA:137,0,0,0
BRDA:145,1,0,0
BRDA:145,1,1,0
BRDA:171,2,0,0
BRDA:171,2,1,0
BRDA:174,3,0,0
BRDA:185,4,0,0
BRDA:185,4,1,0
BRF:8
BRH:0
end_of_record
TN:
SF:lib/widgets/stats-widget-adapter.ts
FN:84,registerStatsWidgets
FN:127,preloadHighPriorityStatsWidgets
FN:129,(anonymous_8)
FN:130,(anonymous_9)
FN:141,getStatsWidgetRefreshConfig
FN:149,supportsTimeFrame
FNF:6
FNH:0
FNDA:0,registerStatsWidgets
FNDA:0,preloadHighPriorityStatsWidgets
FNDA:0,(anonymous_8)
FNDA:0,(anonymous_9)
FNDA:0,getStatsWidgetRefreshConfig
FNDA:0,supportsTimeFrame
DA:6,2
DA:8,2
DA:9,2
DA:14,2
DA:84,0
DA:85,0
DA:86,0
DA:88,0
DA:90,0
DA:91,0
DA:93,0
DA:95,0
DA:96,0
DA:97,0
DA:101,0
DA:110,0
DA:112,0
DA:113,0
DA:116,0
DA:120,0
DA:121,0
DA:127,0
DA:128,0
DA:129,0
DA:130,0
DA:132,0
DA:133,0
DA:134,0
DA:141,0
DA:142,0
DA:143,0
DA:149,0
DA:150,0
DA:151,0
LF:34
LH:4
BRDA:95,0,0,0
BRDA:103,1,0,0
BRDA:103,1,1,0
BRDA:129,2,0,0
BRDA:129,2,1,0
BRDA:132,3,0,0
BRF:6
BRH:0
end_of_record
TN:
SF:lib/widgets/widget-loader.ts
FN:88,createLazyWidget
FN:98,(anonymous_8)
FN:98,(anonymous_9)
FN:100,(anonymous_10)
FN:103,(anonymous_11)
FN:113,createLazyWidgets
FN:116,(anonymous_13)
FN:127,preloadWidget
FN:150,preloadWidgets
FN:151,(anonymous_16)
FN:156,isWidgetPreloaded
FNF:11
FNH:9
FNDA:7,createLazyWidget
FNDA:4,(anonymous_8)
FNDA:4,(anonymous_9)
FNDA:1,(anonymous_10)
FNDA:1,(anonymous_11)
FNDA:0,createLazyWidgets
FNDA:0,(anonymous_13)
FNDA:15,preloadWidget
FNDA:3,preloadWidgets
FNDA:9,(anonymous_16)
FNDA:8,isWidgetPreloaded
DA:6,3
DA:7,3
DA:9,3
DA:12,3
DA:88,7
DA:89,7
DA:91,7
DA:92,1
DA:93,1
DA:97,6
DA:98,4
DA:100,1
DA:103,1
DA:110,3
DA:113,0
DA:114,0
DA:116,0
DA:117,0
DA:118,0
DA:119,0
DA:123,0
DA:127,6
DA:129,15
DA:130,9
DA:133,6
DA:135,6
DA:136,1
DA:139,5
DA:140,5
DA:141,4
DA:142,4
DA:144,1
DA:145,1
DA:150,3
DA:151,9
DA:152,3
DA:156,8
DA:157,8
LF:38
LH:31
BRDA:91,0,0,1
BRDA:100,1,0,4
BRDA:100,1,1,2
BRDA:100,1,2,1
BRDA:118,2,0,0
BRDA:129,3,0,9
BRDA:135,4,0,1
BRF:7
BRH:6
end_of_record
TN:
SF:lib/widgets/widget-mappings.ts
FN:181,getWidgetCategory
FN:186,getGraphQLVersion
FN:191,getPreloadPriority
FN:196,getRoutePreloadWidgets
FNF:4
FNH:0
FNDA:0,getWidgetCategory
FNDA:0,getGraphQLVersion
FNDA:0,getPreloadPriority
FNDA:0,getRoutePreloadWidgets
DA:9,2
DA:81,2
DA:89,2
DA:127,2
DA:174,2
DA:181,0
DA:182,0
DA:186,0
DA:187,0
DA:191,0
DA:192,0
DA:196,0
DA:197,0
LF:13
LH:5
BRDA:182,0,0,0
BRDA:182,0,1,0
BRDA:192,1,0,0
BRDA:192,1,1,0
BRDA:197,2,0,0
BRDA:197,2,1,0
BRF:6
BRH:0
end_of_record
TN:
SF:lib/widgets/components/VirtualContainer.tsx
FN:18,(anonymous_6)
FN:26,(anonymous_7)
FN:36,(anonymous_8)
FN:43,(anonymous_9)
FN:66,(anonymous_10)
FN:89,(anonymous_11)
FN:95,(anonymous_12)
FN:98,(anonymous_13)
FN:103,(anonymous_14)
FNF:9
FNH:4
FNDA:32,(anonymous_6)
FNDA:32,(anonymous_7)
FNDA:0,(anonymous_8)
FNDA:0,(anonymous_9)
FNDA:0,(anonymous_10)
FNDA:16,(anonymous_11)
FNDA:16,(anonymous_12)
FNDA:0,(anonymous_13)
FNDA:0,(anonymous_14)
DA:6,1
DA:7,1
DA:18,9
DA:25,32
DA:26,32
DA:27,32
DA:34,32
DA:36,32
DA:37,0
DA:38,0
DA:39,0
DA:43,32
DA:45,0
DA:48,32
DA:49,32
DA:67,0
DA:89,16
DA:95,16
DA:96,0
DA:98,0
DA:99,0
DA:100,0
DA:103,0
DA:104,0
DA:107,0
LF:25
LH:13
BRDA:22,0,0,28
BRDA:37,1,0,0
BRDA:63,2,0,0
BRDA:63,2,1,0
BRDA:77,3,0,0
BRDA:77,3,1,0
BRF:6
BRH:1
end_of_record
TN:
SF:lib/widgets/optimized/lazy-widgets.ts
FN:12,createLazyWidget
FN:16,(anonymous_19)
FN:20,(anonymous_20)
FN:21,(anonymous_21)
FN:28,(anonymous_22)
FN:29,(anonymous_23)
FN:36,(anonymous_24)
FN:37,(anonymous_25)
FN:44,(anonymous_26)
FN:45,(anonymous_27)
FN:52,(anonymous_28)
FN:53,(anonymous_29)
FN:60,(anonymous_30)
FN:61,(anonymous_31)
FN:69,(anonymous_32)
FN:70,(anonymous_33)
FN:77,(anonymous_34)
FN:78,(anonymous_35)
FN:86,(anonymous_36)
FN:87,(anonymous_37)
FN:93,(anonymous_38)
FN:94,(anonymous_39)
FN:101,(anonymous_40)
FN:102,(anonymous_41)
FN:108,(anonymous_42)
FN:109,(anonymous_43)
FN:140,shouldUseLazyLoading
FN:159,getOptimizedWidget
FN:169,(anonymous_46)
FNF:29
FNH:0
FNDA:0,createLazyWidget
FNDA:0,(anonymous_19)
FNDA:0,(anonymous_20)
FNDA:0,(anonymous_21)
FNDA:0,(anonymous_22)
FNDA:0,(anonymous_23)
FNDA:0,(anonymous_24)
FNDA:0,(anonymous_25)
FNDA:0,(anonymous_26)
FNDA:0,(anonymous_27)
FNDA:0,(anonymous_28)
FNDA:0,(anonymous_29)
FNDA:0,(anonymous_30)
FNDA:0,(anonymous_31)
FNDA:0,(anonymous_32)
FNDA:0,(anonymous_33)
FNDA:0,(anonymous_34)
FNDA:0,(anonymous_35)
FNDA:0,(anonymous_36)
FNDA:0,(anonymous_37)
FNDA:0,(anonymous_38)
FNDA:0,(anonymous_39)
FNDA:0,(anonymous_40)
FNDA:0,(anonymous_41)
FNDA:0,(anonymous_42)
FNDA:0,(anonymous_43)
FNDA:0,shouldUseLazyLoading
FNDA:0,getOptimizedWidget
FNDA:0,(anonymous_46)
DA:6,0
DA:16,0
DA:17,0
DA:20,0
DA:21,0
DA:28,0
DA:29,0
DA:36,0
DA:37,0
DA:44,0
DA:45,0
DA:52,0
DA:53,0
DA:60,0
DA:61,0
DA:69,0
DA:70,0
DA:77,0
DA:78,0
DA:86,0
DA:87,0
DA:93,0
DA:94,0
DA:101,0
DA:102,0
DA:108,0
DA:109,0
DA:119,0
DA:140,0
DA:142,0
DA:153,0
DA:159,0
DA:163,0
DA:165,0
DA:166,0
DA:169,0
LF:36
LH:0
BRDA:22,0,0,0
BRDA:22,0,1,0
BRDA:165,1,0,0
BRDA:165,2,0,0
BRDA:165,2,1,0
BRDA:169,3,0,0
BRDA:169,3,1,0
BRF:7
BRH:0
end_of_record
TN:
SF:lib/widgets/optimized/memoized-widgets.tsx
FN:13,(anonymous_11)
FN:28,(anonymous_12)
FN:44,createMemoizedWidget
FN:58,defaultPropsComparison
FN:91,withStatsOptimization
FN:94,(anonymous_16)
FN:96,(anonymous_17)
FN:103,(anonymous_18)
FN:119,withListOptimization
FN:122,(anonymous_20)
FN:124,(anonymous_21)
FN:131,(anonymous_22)
FN:139,(anonymous_23)
FN:146,(anonymous_24)
FN:163,(anonymous_25)
FN:185,withChartOptimization
FN:188,(anonymous_27)
FN:190,(anonymous_28)
FN:194,(anonymous_29)
FN:203,(anonymous_30)
FN:226,(anonymous_31)
FN:267,getOptimizedComponent
FNF:22
FNH:0
FNDA:0,(anonymous_11)
FNDA:0,(anonymous_12)
FNDA:0,createMemoizedWidget
FNDA:0,defaultPropsComparison
FNDA:0,withStatsOptimization
FNDA:0,(anonymous_16)
FNDA:0,(anonymous_17)
FNDA:0,(anonymous_18)
FNDA:0,withListOptimization
FNDA:0,(anonymous_20)
FNDA:0,(anonymous_21)
FNDA:0,(anonymous_22)
FNDA:0,(anonymous_23)
FNDA:0,(anonymous_24)
FNDA:0,(anonymous_25)
FNDA:0,withChartOptimization
FNDA:0,(anonymous_27)
FNDA:0,(anonymous_28)
FNDA:0,(anonymous_29)
FNDA:0,(anonymous_30)
FNDA:0,(anonymous_31)
FNDA:0,getOptimizedComponent
DA:6,0
DA:13,0
DA:15,0
DA:17,0
DA:24,0
DA:26,0
DA:31,0
DA:44,0
DA:48,0
DA:50,0
DA:52,0
DA:63,0
DA:64,0
DA:67,0
DA:68,0
DA:69,0
DA:71,0
DA:72,0
DA:76,0
DA:77,0
DA:81,0
DA:85,0
DA:91,0
DA:94,0
DA:96,0
DA:97,0
DA:99,0
DA:103,0
DA:104,0
DA:110,0
DA:112,0
DA:119,0
DA:122,0
DA:124,0
DA:131,0
DA:132,0
DA:133,0
DA:134,0
DA:137,0
DA:138,0
DA:139,0
DA:140,0
DA:145,0
DA:146,0
DA:147,0
DA:148,0
DA:149,0
DA:153,0
DA:165,0
DA:166,0
DA:168,0
DA:170,0
DA:171,0
DA:173,0
DA:177,0
DA:179,0
DA:185,0
DA:188,0
DA:190,0
DA:191,0
DA:194,0
DA:203,0
DA:228,0
DA:229,0
DA:231,0
DA:238,0
DA:240,0
DA:246,0
DA:267,0
DA:271,0
DA:273,0
DA:274,0
DA:278,0
LF:73
LH:0
BRDA:32,0,0,0
BRDA:32,0,1,0
BRDA:32,0,2,0
BRDA:32,0,3,0
BRDA:32,0,4,0
BRDA:48,1,0,0
BRDA:48,1,1,0
BRDA:50,2,0,0
BRDA:50,2,1,0
BRDA:63,3,0,0
BRDA:64,4,0,0
BRDA:67,5,0,0
BRDA:67,5,1,0
BRDA:68,6,0,0
BRDA:68,6,1,0
BRDA:72,7,0,0
BRDA:76,8,0,0
BRDA:76,9,0,0
BRDA:76,9,1,0
BRDA:77,10,0,0
BRDA:78,11,0,0
BRDA:78,11,1,0
BRDA:97,12,0,0
BRDA:110,13,0,0
BRDA:110,13,1,0
BRDA:110,13,2,0
BRDA:132,14,0,0
BRDA:132,14,1,0
BRDA:133,15,0,0
BRDA:133,15,1,0
BRDA:138,16,0,0
BRDA:145,17,0,0
BRDA:147,18,0,0
BRDA:148,19,0,0
BRDA:165,20,0,0
BRDA:165,20,1,0
BRDA:166,21,0,0
BRDA:166,21,1,0
BRDA:168,22,0,0
BRDA:170,23,0,0
BRDA:170,23,1,0
BRDA:171,24,0,0
BRDA:171,24,1,0
BRDA:173,25,0,0
BRDA:173,25,1,0
BRDA:177,26,0,0
BRDA:177,26,1,0
BRDA:177,26,2,0
BRDA:191,27,0,0
BRDA:191,27,1,0
BRDA:197,28,0,0
BRDA:197,28,1,0
BRDA:198,29,0,0
BRDA:198,29,1,0
BRDA:228,30,0,0
BRDA:228,30,1,0
BRDA:229,31,0,0
BRDA:229,31,1,0
BRDA:232,32,0,0
BRDA:232,32,1,0
BRDA:232,32,2,0
BRDA:238,33,0,0
BRDA:238,33,1,0
BRDA:238,33,2,0
BRDA:273,34,0,0
BRF:65
BRH:0
end_of_record
TN:
SF:lib/widgets/optimized/optimization-adapter.tsx
FN:16,(anonymous_8)
FN:38,(anonymous_9)
FN:43,(anonymous_10)
FN:47,(anonymous_11)
FN:59,(anonymous_12)
FN:87,(anonymous_13)
FN:89,(anonymous_14)
FN:99,(anonymous_15)
FN:121,(anonymous_16)
FN:125,(anonymous_17)
FN:144,(anonymous_18)
FN:161,(anonymous_19)
FN:184,(anonymous_20)
FN:191,(anonymous_21)
FN:195,(anonymous_22)
FN:212,(anonymous_23)
FN:241,initializeOptimizations
FN:255,(anonymous_25)
FN:276,useOptimizedWidget
FN:280,(anonymous_27)
FN:281,(anonymous_28)
FN:289,(anonymous_29)
FNF:22
FNH:0
FNDA:0,(anonymous_8)
FNDA:0,(anonymous_9)
FNDA:0,(anonymous_10)
FNDA:0,(anonymous_11)
FNDA:0,(anonymous_12)
FNDA:0,(anonymous_13)
FNDA:0,(anonymous_14)
FNDA:0,(anonymous_15)
FNDA:0,(anonymous_16)
FNDA:0,(anonymous_17)
FNDA:0,(anonymous_18)
FNDA:0,(anonymous_19)
FNDA:0,(anonymous_20)
FNDA:0,(anonymous_21)
FNDA:0,(anonymous_22)
FNDA:0,(anonymous_23)
FNDA:0,initializeOptimizations
FNDA:0,(anonymous_25)
FNDA:0,useOptimizedWidget
FNDA:0,(anonymous_27)
FNDA:0,(anonymous_28)
FNDA:0,(anonymous_29)
DA:6,0
DA:8,0
DA:9,0
DA:10,0
DA:11,0
DA:16,0
DA:39,0
DA:40,0
DA:44,0
DA:48,0
DA:51,0
DA:52,0
DA:60,0
DA:77,0
DA:84,0
DA:90,0
DA:91,0
DA:93,0
DA:101,0
DA:102,0
DA:104,0
DA:108,0
DA:109,0
DA:110,0
DA:111,0
DA:115,0
DA:125,0
DA:135,0
DA:138,0
DA:145,0
DA:147,0
DA:148,0
DA:150,0
DA:153,0
DA:162,0
DA:180,0
DA:183,0
DA:184,0
DA:193,0
DA:195,0
DA:197,0
DA:198,0
DA:199,0
DA:203,0
DA:206,0
DA:218,0
DA:219,0
DA:222,0
DA:223,0
DA:224,0
DA:226,0
DA:236,0
DA:241,0
DA:242,0
DA:245,0
DA:248,0
DA:249,0
DA:252,0
DA:255,0
DA:256,0
DA:257,0
DA:258,0
DA:262,0
DA:269,0
DA:270,0
DA:276,0
DA:277,0
DA:278,0
DA:280,0
DA:281,0
DA:282,0
DA:285,0
DA:288,0
DA:289,0
DA:291,0
DA:294,0
DA:297,0
LF:77
LH:0
BRDA:60,0,0,0
BRDA:90,1,0,0
BRDA:102,2,0,0
BRDA:102,3,0,0
BRDA:102,3,1,0
BRDA:109,4,0,0
BRDA:147,5,0,0
BRDA:147,6,0,0
BRDA:147,6,1,0
BRDA:180,7,0,0
BRDA:180,7,1,0
BRDA:198,8,0,0
BRDA:248,9,0,0
BRDA:256,10,0,0
BRF:14
BRH:0
end_of_record
